Files already downloaded and verified
Files already downloaded and verified
split_boundaries: [0, 10, 20, 30, 40, 50, 60, 70, 80, 90, 100]
{'1': [0, 1, 2, 3, 4, 5, 6, 7, 8, 9], '2': [10, 11, 12, 13, 14, 15, 16, 17, 18, 19], '3': [20, 21, 22, 23, 24, 25, 26, 27, 28, 29], '4': [30, 31, 32, 33, 34, 35, 36, 37, 38, 39], '5': [40, 41, 42, 43, 44, 45, 46, 47, 48, 49], '6': [50, 51, 52, 53, 54, 55, 56, 57, 58, 59], '7': [60, 61, 62, 63, 64, 65, 66, 67, 68, 69], '8': [70, 71, 72, 73, 74, 75, 76, 77, 78, 79], '9': [80, 81, 82, 83, 84, 85, 86, 87, 88, 89], '10': [90, 91, 92, 93, 94, 95, 96, 97, 98, 99]}
{'model_lr': 0.0001, 'momentum': 0, 'model_weight_decay': 5e-05, 'schedule': [5, 10, 15], 'model_type': 'resnet', 'model_name': 'resnet18', 'model_weights': None, 'out_dim': {'1': 10, '2': 10, '3': 10, '4': 10, '5': 10, '6': 10, '7': 10, '8': 10, '9': 10, '10': 10}, 'model_optimizer': 'Adam', 'print_freq': 100.0, 'gpu': True, 'with_head': False, 'reset_model_opt': True, 'reg_coef': 100.0, 'head_lr': 0.001, 'svd_lr': 5e-05, 'bn_lr': 0.0005, 'svd_thres': 10.0, 'gamma': 0.5, 'dataset_name': 'CIFAR100_10_10', 'use_cflat': True, 'cflat_rho': 0.02, 'cflat_lambda': 0.02, 'cflat_eps': 1e-12, 'cflat_adaptive': False, 'cflat_bn_mode': 'disable_running_stats', 'cflat_on_total_loss': False, 'cflat_debug': True, 'max_train_batches': 0, 'max_eval_batches': 0}
#param of model:11218340
Task order: ['1', '2', '3']
====================== 1 =======================
Epoch:0
LR: 0.0001
LR: 0.001
LR: 0.0005
Itr		Time		  Data		  Loss		Acc
/home/moshiling/miniconda3/envs/torch118/lib/python3.10/site-packages/torch/optim/lr_scheduler.py:143: UserWarning: Detected call of `lr_scheduler.step()` before `optimizer.step()`. In PyTorch 1.1.0 and later, you should call them in the opposite order: `optimizer.step()` before `lr_scheduler.step()`.  Failure to do this will result in PyTorch skipping the first value of the learning rate schedule. See more details at https://pytorch.org/docs/stable/optim.html#how-to-adjust-learning-rate
  warnings.warn("Detected call of `lr_scheduler.step()` before `optimizer.step()`. "
/home/moshiling/miniconda3/envs/torch118/lib/python3.10/site-packages/torch/optim/lr_scheduler.py:156: UserWarning: The epoch parameter in `scheduler.step()` was not necessary and is being deprecated where possible. Please use `scheduler.step()` to step the scheduler. During the deprecation, if epoch is different from None, the closed form is used instead of the new chainable form, where available. Please open an issue if you are unable to replicate your use case: https://github.com/pytorch/pytorch/issues/new/choose.
  warnings.warn(EPOCH_DEPRECATION_WARNING, UserWarning)
[0/157]	3.8536 (3.8536)	0.0134 (0.0134)	2.446 (2.446)	3.12 (3.12)
C-Flat stats | raw_grad: 5.392705 | g_0: 5.392705 | g_1: 5.366751 | g_2: 5.577079 | final: 5.370629 | e_w_0: 0.020000 | e_w_1_2: 0.026992
[100/157]	0.1164 (0.1246)	0.0091 (0.0098)	1.927 (1.875)	34.38 (34.34)
C-Flat stats | raw_grad: 5.150021 | g_0: 5.150021 | g_1: 5.256204 | g_2: 5.595438 | final: 5.259901 | e_w_0: 0.020000 | e_w_1_2: 0.029462
[156/157]	0.3071 (0.1125)	0.0030 (0.0101)	1.946 (1.774)	25.00 (38.06)
C-Flat stats | raw_grad: 9.622877 | g_0: 9.622877 | g_1: 11.065992 | g_2: 12.705937 | final: 11.065989 | e_w_0: 0.020000 | e_w_1_2: 0.035962
 * Train Acc 38.060
 * Val Acc 47.900, Total time 0.44
 * Val loss 1.594, Total time 0.00
Epoch:1
LR: 0.0001
LR: 0.001
LR: 0.0005
Itr		Time		  Data		  Loss		Acc
[0/157]	0.0687 (0.0687)	0.0106 (0.0106)	1.645 (1.645)	40.62 (40.62)
C-Flat stats | raw_grad: 5.122035 | g_0: 5.122035 | g_1: 4.958473 | g_2: 5.697627 | final: 4.964145 | e_w_0: 0.020000 | e_w_1_2: 0.023947
[100/157]	0.0595 (0.0829)	0.0088 (0.0094)	1.247 (1.447)	53.12 (51.05)
C-Flat stats | raw_grad: 4.740998 | g_0: 4.740998 | g_1: 4.952500 | g_2: 5.388047 | final: 4.951505 | e_w_0: 0.020000 | e_w_1_2: 0.032001
[156/157]	0.0905 (0.0822)	0.0031 (0.0092)	0.990 (1.397)	62.50 (52.56)
C-Flat stats | raw_grad: 8.965467 | g_0: 8.965467 | g_1: 9.330696 | g_2: 10.047609 | final: 9.335542 | e_w_0: 0.020000 | e_w_1_2: 0.030874
 * Train Acc 52.560
 * Val Acc 62.500, Total time 0.44
 * Val loss 1.140, Total time 0.00
Epoch:2
LR: 0.0001
LR: 0.001
LR: 0.0005
Itr		Time		  Data		  Loss		Acc
[0/157]	0.0763 (0.0763)	0.0090 (0.0090)	1.039 (1.039)	65.62 (65.62)
C-Flat stats | raw_grad: 5.327706 | g_0: 5.327706 | g_1: 5.678784 | g_2: 6.074928 | final: 5.684546 | e_w_0: 0.020000 | e_w_1_2: 0.033667
[100/157]	0.0770 (0.0826)	0.0092 (0.0094)	1.059 (1.193)	65.62 (61.36)
C-Flat stats | raw_grad: 5.252193 | g_0: 5.252193 | g_1: 5.859478 | g_2: 6.196972 | final: 5.860098 | e_w_0: 0.020000 | e_w_1_2: 0.036128
[156/157]	0.0995 (0.0853)	0.0029 (0.0097)	1.130 (1.198)	62.50 (60.42)
C-Flat stats | raw_grad: 6.199377 | g_0: 6.199377 | g_1: 6.483812 | g_2: 7.064508 | final: 6.489459 | e_w_0: 0.020000 | e_w_1_2: 0.031174
 * Train Acc 60.420
 * Val Acc 65.600, Total time 0.48
 * Val loss 1.010, Total time 0.00
Epoch:3
LR: 0.0001
LR: 0.001
LR: 0.0005
Itr		Time		  Data		  Loss		Acc
[0/157]	0.0759 (0.0759)	0.0090 (0.0090)	1.373 (1.373)	46.88 (46.88)
C-Flat stats | raw_grad: 4.612061 | g_0: 4.612061 | g_1: 4.793107 | g_2: 5.082697 | final: 4.797828 | e_w_0: 0.020000 | e_w_1_2: 0.032230
[100/157]	0.0945 (0.0843)	0.0087 (0.0095)	1.116 (1.038)	56.25 (64.94)
C-Flat stats | raw_grad: 5.673725 | g_0: 5.673725 | g_1: 6.087377 | g_2: 6.498654 | final: 6.090936 | e_w_0: 0.020000 | e_w_1_2: 0.034524
[156/157]	0.0772 (0.0846)	0.0030 (0.0094)	1.107 (1.026)	75.00 (65.48)
C-Flat stats | raw_grad: 11.864327 | g_0: 11.864327 | g_1: 13.416811 | g_2: 15.048804 | final: 13.453926 | e_w_0: 0.020000 | e_w_1_2: 0.034607
 * Train Acc 65.480
 * Val Acc 66.500, Total time 0.44
 * Val loss 0.951, Total time 0.00
Epoch:4
LR: 0.0001
LR: 0.001
LR: 0.0005
Itr		Time		  Data		  Loss		Acc
[0/157]	0.0797 (0.0797)	0.0088 (0.0088)	0.933 (0.933)	65.62 (65.62)
C-Flat stats | raw_grad: 4.356425 | g_0: 4.356425 | g_1: 4.728439 | g_2: 5.088852 | final: 4.735198 | e_w_0: 0.020000 | e_w_1_2: 0.034924
[100/157]	0.0602 (0.0827)	0.0086 (0.0092)	1.007 (0.929)	59.38 (67.91)
C-Flat stats | raw_grad: 6.104866 | g_0: 6.104866 | g_1: 6.508038 | g_2: 7.167109 | final: 6.507839 | e_w_0: 0.020000 | e_w_1_2: 0.033622
[156/157]	0.0843 (0.0820)	0.0026 (0.0091)	1.170 (0.909)	62.50 (68.48)
C-Flat stats | raw_grad: 11.717609 | g_0: 11.717609 | g_1: 12.580389 | g_2: 13.931445 | final: 12.580785 | e_w_0: 0.020000 | e_w_1_2: 0.033225
 * Train Acc 68.480
 * Val Acc 74.500, Total time 0.43
 * Val loss 0.768, Total time 0.00
Epoch:5
LR: 0.0001
LR: 0.001
LR: 0.0005
Itr		Time		  Data		  Loss		Acc
[0/157]	0.0836 (0.0836)	0.0092 (0.0092)	0.628 (0.628)	75.00 (75.00)
C-Flat stats | raw_grad: 4.846385 | g_0: 4.846385 | g_1: 5.930469 | g_2: 6.763718 | final: 5.955184 | e_w_0: 0.020000 | e_w_1_2: 0.037884
[100/157]	0.0667 (0.0831)	0.0087 (0.0094)	0.816 (0.753)	65.62 (75.19)
C-Flat stats | raw_grad: 5.333493 | g_0: 5.333493 | g_1: 5.849408 | g_2: 6.253830 | final: 5.858056 | e_w_0: 0.020000 | e_w_1_2: 0.035077
[156/157]	0.0568 (0.0820)	0.0026 (0.0093)	0.786 (0.740)	75.00 (75.50)
C-Flat stats | raw_grad: 10.178991 | g_0: 10.178991 | g_1: 11.402445 | g_2: 12.856492 | final: 11.420208 | e_w_0: 0.020000 | e_w_1_2: 0.035281
 * Train Acc 75.500
 * Val Acc 76.900, Total time 0.47
 * Val loss 0.686, Total time 0.00
Epoch:6
LR: 5e-05
LR: 0.0005
LR: 0.00025
Itr		Time		  Data		  Loss		Acc
[0/157]	0.0793 (0.0793)	0.0088 (0.0088)	0.575 (0.575)	87.50 (87.50)
C-Flat stats | raw_grad: 4.073233 | g_0: 4.073233 | g_1: 4.365317 | g_2: 4.704544 | final: 4.370304 | e_w_0: 0.020000 | e_w_1_2: 0.033611
[100/157]	0.0770 (0.0827)	0.0115 (0.0093)	0.603 (0.657)	81.25 (78.59)
C-Flat stats | raw_grad: 5.785433 | g_0: 5.785433 | g_1: 7.228376 | g_2: 8.201904 | final: 7.216290 | e_w_0: 0.020000 | e_w_1_2: 0.037356
[156/157]	0.0864 (0.0830)	0.0031 (0.0093)	0.649 (0.669)	87.50 (77.82)
C-Flat stats | raw_grad: 10.105711 | g_0: 10.105711 | g_1: 11.842652 | g_2: 12.865073 | final: 11.862721 | e_w_0: 0.020000 | e_w_1_2: 0.036756
 * Train Acc 77.820
 * Val Acc 77.300, Total time 0.40
 * Val loss 0.669, Total time 0.00
Epoch:7
LR: 5e-05
LR: 0.0005
LR: 0.00025
Itr		Time		  Data		  Loss		Acc
[0/157]	0.1066 (0.1066)	0.0091 (0.0091)	0.526 (0.526)	81.25 (81.25)
C-Flat stats | raw_grad: 4.834375 | g_0: 4.834375 | g_1: 5.479747 | g_2: 5.879272 | final: 5.487758 | e_w_0: 0.020000 | e_w_1_2: 0.036505
[100/157]	0.0738 (0.0790)	0.0100 (0.0092)	0.535 (0.590)	84.38 (80.51)
C-Flat stats | raw_grad: 5.467871 | g_0: 5.467871 | g_1: 6.664432 | g_2: 7.483969 | final: 6.682958 | e_w_0: 0.020000 | e_w_1_2: 0.038159
[156/157]	0.0618 (0.0788)	0.0027 (0.0092)	1.015 (0.614)	75.00 (79.66)
C-Flat stats | raw_grad: 13.637046 | g_0: 13.637046 | g_1: 15.310049 | g_2: 16.636868 | final: 15.325899 | e_w_0: 0.020000 | e_w_1_2: 0.035114
 * Train Acc 79.660
 * Val Acc 77.600, Total time 0.45
 * Val loss 0.619, Total time 0.00
Epoch:8
LR: 5e-05
LR: 0.0005
LR: 0.00025
Itr		Time		  Data		  Loss		Acc
[0/157]	0.0705 (0.0705)	0.0088 (0.0088)	0.760 (0.760)	87.50 (87.50)
C-Flat stats | raw_grad: 5.265872 | g_0: 5.265872 | g_1: 5.524783 | g_2: 6.093410 | final: 5.532158 | e_w_0: 0.020000 | e_w_1_2: 0.031633
[100/157]	0.0796 (0.0821)	0.0088 (0.0093)	0.363 (0.583)	93.75 (80.32)
C-Flat stats | raw_grad: 4.605448 | g_0: 4.605448 | g_1: 5.784700 | g_2: 6.195131 | final: 5.804637 | e_w_0: 0.020000 | e_w_1_2: 0.038165
[156/157]	0.0823 (0.0824)	0.0030 (0.0092)	1.345 (0.583)	62.50 (80.52)
C-Flat stats | raw_grad: 13.617598 | g_0: 13.617598 | g_1: 14.149726 | g_2: 15.430302 | final: 14.166327 | e_w_0: 0.020000 | e_w_1_2: 0.030895
 * Train Acc 80.520
 * Val Acc 78.700, Total time 0.53
 * Val loss 0.602, Total time 0.00
Epoch:9
LR: 5e-05
LR: 0.0005
LR: 0.00025
Itr		Time		  Data		  Loss		Acc
[0/157]	0.0991 (0.0991)	0.0101 (0.0101)	0.616 (0.616)	81.25 (81.25)
C-Flat stats | raw_grad: 6.673277 | g_0: 6.673277 | g_1: 7.069593 | g_2: 7.590693 | final: 7.079701 | e_w_0: 0.020000 | e_w_1_2: 0.031839
[100/157]	0.0612 (0.0732)	0.0087 (0.0094)	0.555 (0.546)	75.00 (82.15)
C-Flat stats | raw_grad: 4.815271 | g_0: 4.815271 | g_1: 5.393222 | g_2: 5.766414 | final: 5.400935 | e_w_0: 0.020000 | e_w_1_2: 0.036001
[156/157]	0.0560 (0.0705)	0.0028 (0.0094)	0.987 (0.549)	62.50 (82.02)
C-Flat stats | raw_grad: 16.252085 | g_0: 16.252085 | g_1: 18.828447 | g_2: 20.720211 | final: 18.802595 | e_w_0: 0.020000 | e_w_1_2: 0.035331
 * Train Acc 82.020
 * Val Acc 80.400, Total time 0.27
 * Val loss 0.566, Total time 0.00
Epoch:10
LR: 5e-05
LR: 0.0005
LR: 0.00025
Itr		Time		  Data		  Loss		Acc
[0/157]	0.0650 (0.0650)	0.0088 (0.0088)	0.401 (0.401)	90.62 (90.62)
C-Flat stats | raw_grad: 5.664241 | g_0: 5.664241 | g_1: 6.566837 | g_2: 7.285792 | final: 6.575089 | e_w_0: 0.020000 | e_w_1_2: 0.036105
[100/157]	0.0795 (0.0640)	0.0097 (0.0090)	0.665 (0.466)	78.12 (84.84)
C-Flat stats | raw_grad: 7.196451 | g_0: 7.196451 | g_1: 7.793751 | g_2: 8.542172 | final: 7.797954 | e_w_0: 0.020000 | e_w_1_2: 0.033641
[156/157]	0.0552 (0.0638)	0.0026 (0.0090)	0.587 (0.475)	87.50 (84.22)
C-Flat stats | raw_grad: 14.050594 | g_0: 14.050594 | g_1: 18.222994 | g_2: 19.391930 | final: 18.235609 | e_w_0: 0.020000 | e_w_1_2: 0.038425
 * Train Acc 84.220
 * Val Acc 83.900, Total time 0.28
 * Val loss 0.517, Total time 0.00
Epoch:11
LR: 2.5e-05
LR: 0.00025
LR: 0.000125
Itr		Time		  Data		  Loss		Acc
[0/157]	0.0618 (0.0618)	0.0087 (0.0087)	0.494 (0.494)	90.62 (90.62)
C-Flat stats | raw_grad: 4.404258 | g_0: 4.404258 | g_1: 4.626657 | g_2: 5.060014 | final: 4.634042 | e_w_0: 0.020000 | e_w_1_2: 0.031849
[100/157]	0.0616 (0.0633)	0.0086 (0.0089)	0.508 (0.432)	84.38 (85.74)
C-Flat stats | raw_grad: 5.035941 | g_0: 5.035941 | g_1: 6.013614 | g_2: 6.622219 | final: 6.022240 | e_w_0: 0.020000 | e_w_1_2: 0.037142
[156/157]	0.0621 (0.0633)	0.0026 (0.0088)	0.467 (0.433)	87.50 (85.94)
C-Flat stats | raw_grad: 11.867869 | g_0: 11.867869 | g_1: 13.824273 | g_2: 15.485671 | final: 13.845386 | e_w_0: 0.020000 | e_w_1_2: 0.035998
 * Train Acc 85.940
 * Val Acc 82.600, Total time 0.28
 * Val loss 0.523, Total time 0.00
Epoch:12
LR: 2.5e-05
LR: 0.00025
LR: 0.000125
Itr		Time		  Data		  Loss		Acc
[0/157]	0.0714 (0.0714)	0.0087 (0.0087)	0.358 (0.358)	87.50 (87.50)
C-Flat stats | raw_grad: 4.312060 | g_0: 4.312060 | g_1: 5.216310 | g_2: 6.090163 | final: 5.235441 | e_w_0: 0.020000 | e_w_1_2: 0.037519
[100/157]	0.0629 (0.0625)	0.0089 (0.0091)	0.332 (0.423)	90.62 (86.79)
C-Flat stats | raw_grad: 5.309104 | g_0: 5.309104 | g_1: 6.342550 | g_2: 6.749212 | final: 6.345758 | e_w_0: 0.020000 | e_w_1_2: 0.037346
[156/157]	0.0525 (0.0638)	0.0028 (0.0091)	0.890 (0.416)	75.00 (86.70)
C-Flat stats | raw_grad: 14.525481 | g_0: 14.525481 | g_1: 17.837122 | g_2: 19.910954 | final: 17.874865 | e_w_0: 0.020000 | e_w_1_2: 0.037314
 * Train Acc 86.700
 * Val Acc 82.900, Total time 0.27
 * Val loss 0.506, Total time 0.00
Epoch:13
LR: 2.5e-05
LR: 0.00025
LR: 0.000125
Itr		Time		  Data		  Loss		Acc
[0/157]	0.0600 (0.0600)	0.0088 (0.0088)	0.433 (0.433)	84.38 (84.38)
C-Flat stats | raw_grad: 6.352408 | g_0: 6.352408 | g_1: 7.401670 | g_2: 8.125930 | final: 7.404056 | e_w_0: 0.020000 | e_w_1_2: 0.036543
[100/157]	0.0596 (0.0648)	0.0088 (0.0092)	0.515 (0.397)	81.25 (86.91)
C-Flat stats | raw_grad: 5.969650 | g_0: 5.969650 | g_1: 7.023347 | g_2: 7.668276 | final: 7.037418 | e_w_0: 0.020000 | e_w_1_2: 0.036697
[156/157]	0.0648 (0.0651)	0.0029 (0.0092)	0.773 (0.400)	62.50 (86.88)
C-Flat stats | raw_grad: 15.406434 | g_0: 15.406434 | g_1: 18.766428 | g_2: 20.408365 | final: 18.797775 | e_w_0: 0.020000 | e_w_1_2: 0.037266
 * Train Acc 86.880
 * Val Acc 82.200, Total time 0.27
 * Val loss 0.542, Total time 0.00
Epoch:14
LR: 2.5e-05
LR: 0.00025
LR: 0.000125
Itr		Time		  Data		  Loss		Acc
[0/157]	0.0664 (0.0664)	0.0089 (0.0089)	0.343 (0.343)	87.50 (87.50)
C-Flat stats | raw_grad: 4.337362 | g_0: 4.337362 | g_1: 5.031985 | g_2: 5.549584 | final: 5.042387 | e_w_0: 0.020000 | e_w_1_2: 0.036503
[100/157]	0.0599 (0.0641)	0.0085 (0.0092)	0.134 (0.379)	96.88 (87.90)
C-Flat stats | raw_grad: 2.364263 | g_0: 2.364263 | g_1: 3.246192 | g_2: 3.593546 | final: 3.266540 | e_w_0: 0.020000 | e_w_1_2: 0.038563
[156/157]	0.0556 (0.0648)	0.0025 (0.0091)	0.471 (0.379)	87.50 (87.62)
C-Flat stats | raw_grad: 14.263830 | g_0: 14.263830 | g_1: 16.640860 | g_2: 18.900179 | final: 16.660315 | e_w_0: 0.020000 | e_w_1_2: 0.035624
 * Train Acc 87.620
 * Val Acc 84.000, Total time 0.27
 * Val loss 0.492, Total time 0.00
Classifier Optimizer is reset!
reserving basis 6/27; cond: 344754.5, radio:6.336693331832066e-05
reserving basis 95/576; cond: 10811160.0, radio:4.12392255384475e-05
reserving basis 266/576; cond: 659223.0625, radio:0.0015382455894723535
reserving basis 242/576; cond: 1286752.5, radio:0.0007548289140686393
reserving basis 323/576; cond: 292100.5625, radio:0.003977010026574135
reserving basis 321/576; cond: 560229.25, radio:0.0020205629989504814
reserving basis 840/1152; cond: 319873.78125, radio:0.00796002522110939
reserving basis 45/64; cond: 9304.8427734375, radio:0.013178598135709763
reserving basis 832/1152; cond: 331452.75, radio:0.008019080385565758
reserving basis 881/1152; cond: 243239.234375, radio:0.01112869568169117
reserving basis 839/1152; cond: 368073.0625, radio:0.007063360419124365
reserving basis 1591/2304; cond: 750019.6875, radio:0.006577938329428434
reserving basis 101/128; cond: 14319.48046875, radio:0.017250770702958107
reserving basis 1618/2304; cond: 684957.875, radio:0.007076121401041746
reserving basis 1607/2304; cond: 672171.9375, radio:0.0070486213080585
reserving basis 129/2304; cond: 113977312.0, radio:4.16850161855109e-06
reserving basis 3/4608; cond: 2785533231104.0, radio:1.9604404905004813e-12
reserving basis 202/256; cond: 45215.375, radio:0.012271557003259659
reserving basis 5/4608; cond: 2954917314560.0, radio:5.876291640782849e-12
reserving basis 17/4608; cond: 479200509952.0, radio:9.285286428628581e-11
computing EWC
validation split name: 1
 * Val Acc 84.000, Total time 0.48
 * Val loss 0.492, Total time 0.00
**************************************************
training split name: 1
 * Val Acc 91.160, Total time 2.70
 * Val loss 0.293, Total time 0.00
**************************************************
====================== 2 =======================
Epoch:0
LR: 5e-05
LR: 0.001
LR: 0.0005
Itr		Time		  Data		  Loss		Acc
[0/157]	0.2390 (0.2390)	0.0092 (0.0092)	2.389 (2.389)	3.12 (3.12)
C-Flat stats | raw_grad: 2.933663 | g_0: 2.933663 | g_1: 3.002562 | g_2: 3.042502 | final: 3.003986 | e_w_0: 0.020000 | e_w_1_2: 0.033091
[100/157]	0.0910 (0.0954)	0.0089 (0.0091)	1.471 (1.783)	56.25 (37.16)
C-Flat stats | raw_grad: 4.786940 | g_0: 4.786940 | g_1: 4.948825 | g_2: 5.381446 | final: 4.947752 | e_w_0: 0.020000 | e_w_1_2: 0.031490
[156/157]	0.1023 (0.0917)	0.0026 (0.0090)	1.730 (1.705)	62.50 (39.50)
C-Flat stats | raw_grad: 8.478965 | g_0: 8.478965 | g_1: 8.640007 | g_2: 9.222722 | final: 8.646688 | e_w_0: 0.020000 | e_w_1_2: 0.029552
 * Train Acc 39.500
 * Val Acc 50.600, Total time 0.26
 * Val loss 1.431, Total time 0.00
Epoch:1
LR: 5e-05
LR: 0.001
LR: 0.0005
Itr		Time		  Data		  Loss		Acc
[0/157]	0.0812 (0.0812)	0.0086 (0.0086)	1.475 (1.475)	56.25 (56.25)
C-Flat stats | raw_grad: 5.445701 | g_0: 5.445701 | g_1: 5.780756 | g_2: 6.112607 | final: 5.785556 | e_w_0: 0.020000 | e_w_1_2: 0.033764
[100/157]	0.0904 (0.0879)	0.0092 (0.0089)	1.404 (1.520)	50.00 (47.59)
C-Flat stats | raw_grad: 5.739613 | g_0: 5.739613 | g_1: 5.971324 | g_2: 6.317864 | final: 5.973900 | e_w_0: 0.020000 | e_w_1_2: 0.031755
[156/157]	0.0886 (0.0895)	0.0027 (0.0088)	1.488 (1.498)	37.50 (48.54)
C-Flat stats | raw_grad: 9.596972 | g_0: 9.596972 | g_1: 10.627427 | g_2: 11.371572 | final: 10.635557 | e_w_0: 0.020000 | e_w_1_2: 0.035339
 * Train Acc 48.540
 * Val Acc 50.400, Total time 0.44
 * Val loss 1.370, Total time 0.00
Epoch:2
LR: 5e-05
LR: 0.001
LR: 0.0005
Itr		Time		  Data		  Loss		Acc
[0/157]	0.0800 (0.0800)	0.0085 (0.0085)	1.311 (1.311)	50.00 (50.00)
C-Flat stats | raw_grad: 5.399371 | g_0: 5.399371 | g_1: 5.819188 | g_2: 6.180734 | final: 5.824327 | e_w_0: 0.020000 | e_w_1_2: 0.034254
[100/157]	0.0883 (0.0853)	0.0088 (0.0089)	1.334 (1.453)	56.25 (49.20)
C-Flat stats | raw_grad: 5.222386 | g_0: 5.222386 | g_1: 5.614668 | g_2: 5.942568 | final: 5.618557 | e_w_0: 0.020000 | e_w_1_2: 0.034554
[156/157]	0.0823 (0.0877)	0.0027 (0.0088)	1.277 (1.444)	62.50 (50.00)
C-Flat stats | raw_grad: 11.172122 | g_0: 11.172122 | g_1: 12.477982 | g_2: 13.605819 | final: 12.500315 | e_w_0: 0.020000 | e_w_1_2: 0.034516
 * Train Acc 50.000
 * Val Acc 53.700, Total time 0.45
 * Val loss 1.304, Total time 0.00
Epoch:3
LR: 5e-05
LR: 0.001
LR: 0.0005
Itr		Time		  Data		  Loss		Acc
[0/157]	0.0881 (0.0881)	0.0085 (0.0085)	1.473 (1.473)	50.00 (50.00)
C-Flat stats | raw_grad: 6.371745 | g_0: 6.371745 | g_1: 6.661674 | g_2: 6.984655 | final: 6.665899 | e_w_0: 0.020000 | e_w_1_2: 0.032248
[100/157]	0.1042 (0.0864)	0.0086 (0.0088)	1.469 (1.431)	46.88 (50.62)
C-Flat stats | raw_grad: 6.060627 | g_0: 6.060627 | g_1: 6.389920 | g_2: 6.787928 | final: 6.391045 | e_w_0: 0.020000 | e_w_1_2: 0.033162
[156/157]	0.0636 (0.0857)	0.0025 (0.0087)	1.341 (1.416)	25.00 (51.26)
C-Flat stats | raw_grad: 10.314803 | g_0: 10.314803 | g_1: 11.677444 | g_2: 12.627713 | final: 11.684793 | e_w_0: 0.020000 | e_w_1_2: 0.035674
 * Train Acc 51.260
 * Val Acc 55.600, Total time 0.44
 * Val loss 1.279, Total time 0.00
Epoch:4
LR: 5e-05
LR: 0.001
LR: 0.0005
Itr		Time		  Data		  Loss		Acc
[0/157]	0.0853 (0.0853)	0.0086 (0.0086)	1.056 (1.056)	68.75 (68.75)
C-Flat stats | raw_grad: 4.989287 | g_0: 4.989287 | g_1: 5.298286 | g_2: 5.662883 | final: 5.301005 | e_w_0: 0.020000 | e_w_1_2: 0.032943
[100/157]	0.0722 (0.0918)	0.0084 (0.0088)	1.522 (1.374)	50.00 (52.26)
C-Flat stats | raw_grad: 5.938654 | g_0: 5.938654 | g_1: 6.216389 | g_2: 6.658027 | final: 6.219960 | e_w_0: 0.020000 | e_w_1_2: 0.032270
[156/157]	0.1314 (0.0920)	0.0025 (0.0086)	1.277 (1.384)	50.00 (52.46)
C-Flat stats | raw_grad: 11.139183 | g_0: 11.139183 | g_1: 12.217731 | g_2: 13.173698 | final: 12.225396 | e_w_0: 0.020000 | e_w_1_2: 0.033766
 * Train Acc 52.460
 * Val Acc 56.100, Total time 0.43
 * Val loss 1.260, Total time 0.00
Epoch:5
LR: 5e-05
LR: 0.001
LR: 0.0005
Itr		Time		  Data		  Loss		Acc
[0/157]	0.0971 (0.0971)	0.0085 (0.0085)	1.247 (1.247)	53.12 (53.12)
C-Flat stats | raw_grad: 6.319466 | g_0: 6.319466 | g_1: 6.742931 | g_2: 7.105565 | final: 6.746263 | e_w_0: 0.020000 | e_w_1_2: 0.034082
[100/157]	0.0768 (0.0938)	0.0085 (0.0090)	1.430 (1.325)	50.00 (54.80)
C-Flat stats | raw_grad: 5.822106 | g_0: 5.822106 | g_1: 6.111713 | g_2: 6.435145 | final: 6.114564 | e_w_0: 0.020000 | e_w_1_2: 0.032554
[156/157]	0.1093 (0.0938)	0.0026 (0.0089)	1.111 (1.343)	62.50 (53.78)
C-Flat stats | raw_grad: 9.107264 | g_0: 9.107264 | g_1: 10.207191 | g_2: 11.020261 | final: 10.215142 | e_w_0: 0.020000 | e_w_1_2: 0.035062
 * Train Acc 53.780
 * Val Acc 58.200, Total time 0.45
 * Val loss 1.235, Total time 0.00
Epoch:6
LR: 2.5e-05
LR: 0.0005
LR: 0.00025
Itr		Time		  Data		  Loss		Acc
[0/157]	0.0968 (0.0968)	0.0086 (0.0086)	1.294 (1.294)	56.25 (56.25)
C-Flat stats | raw_grad: 5.633726 | g_0: 5.633726 | g_1: 5.900342 | g_2: 6.270280 | final: 5.903510 | e_w_0: 0.020000 | e_w_1_2: 0.031888
[100/157]	0.0974 (0.0927)	0.0086 (0.0086)	1.506 (1.326)	56.25 (55.88)
C-Flat stats | raw_grad: 5.776813 | g_0: 5.776813 | g_1: 6.076122 | g_2: 6.421614 | final: 6.077335 | e_w_0: 0.020000 | e_w_1_2: 0.032923
[156/157]	0.0854 (0.0901)	0.0028 (0.0087)	1.451 (1.334)	50.00 (54.80)
C-Flat stats | raw_grad: 11.577662 | g_0: 11.577662 | g_1: 12.733393 | g_2: 13.777991 | final: 12.747761 | e_w_0: 0.020000 | e_w_1_2: 0.034291
 * Train Acc 54.800
 * Val Acc 57.900, Total time 0.49
 * Val loss 1.219, Total time 0.00
Epoch:7
LR: 2.5e-05
LR: 0.0005
LR: 0.00025
Itr		Time		  Data		  Loss		Acc
[0/157]	0.1028 (0.1028)	0.0111 (0.0111)	1.080 (1.080)	75.00 (75.00)
C-Flat stats | raw_grad: 6.137850 | g_0: 6.137850 | g_1: 6.533048 | g_2: 7.062141 | final: 6.539047 | e_w_0: 0.020000 | e_w_1_2: 0.032854
[100/157]	0.0781 (0.0883)	0.0084 (0.0094)	1.287 (1.331)	46.88 (55.38)
C-Flat stats | raw_grad: 5.448729 | g_0: 5.448729 | g_1: 5.749967 | g_2: 6.105807 | final: 5.751569 | e_w_0: 0.020000 | e_w_1_2: 0.033382
[156/157]	0.0759 (0.0878)	0.0026 (0.0091)	1.333 (1.333)	62.50 (54.66)
C-Flat stats | raw_grad: 10.418306 | g_0: 10.418306 | g_1: 11.625506 | g_2: 12.536331 | final: 11.639690 | e_w_0: 0.020000 | e_w_1_2: 0.034989
 * Train Acc 54.660
 * Val Acc 57.300, Total time 0.42
 * Val loss 1.223, Total time 0.00
Epoch:8
LR: 2.5e-05
LR: 0.0005
LR: 0.00025
Itr		Time		  Data		  Loss		Acc
[0/157]	0.0851 (0.0851)	0.0087 (0.0087)	1.326 (1.326)	50.00 (50.00)
C-Flat stats | raw_grad: 5.142056 | g_0: 5.142056 | g_1: 5.336504 | g_2: 5.536707 | final: 5.340739 | e_w_0: 0.020000 | e_w_1_2: 0.031779
[100/157]	0.0721 (0.0878)	0.0113 (0.0091)	1.129 (1.329)	68.75 (54.49)
C-Flat stats | raw_grad: 5.554001 | g_0: 5.554001 | g_1: 6.040941 | g_2: 6.462200 | final: 6.046116 | e_w_0: 0.020000 | e_w_1_2: 0.034692
[156/157]	0.0638 (0.0848)	0.0025 (0.0092)	1.383 (1.322)	62.50 (54.94)
C-Flat stats | raw_grad: 11.025029 | g_0: 11.025029 | g_1: 11.546656 | g_2: 12.381790 | final: 11.555238 | e_w_0: 0.020000 | e_w_1_2: 0.031368
 * Train Acc 54.940
 * Val Acc 58.300, Total time 0.27
 * Val loss 1.207, Total time 0.00
Epoch:9
LR: 2.5e-05
LR: 0.0005
LR: 0.00025
Itr		Time		  Data		  Loss		Acc
[0/157]	0.0724 (0.0724)	0.0088 (0.0088)	1.167 (1.167)	71.88 (71.88)
C-Flat stats | raw_grad: 5.461696 | g_0: 5.461696 | g_1: 5.827754 | g_2: 6.134864 | final: 5.830976 | e_w_0: 0.020000 | e_w_1_2: 0.033972
[100/157]	0.0746 (0.0729)	0.0090 (0.0089)	1.091 (1.320)	62.50 (55.45)
C-Flat stats | raw_grad: 5.156085 | g_0: 5.156085 | g_1: 5.461226 | g_2: 5.662262 | final: 5.468755 | e_w_0: 0.020000 | e_w_1_2: 0.032550
[156/157]	0.0624 (0.0740)	0.0029 (0.0090)	1.274 (1.318)	50.00 (55.08)
C-Flat stats | raw_grad: 11.599812 | g_0: 11.599812 | g_1: 12.734349 | g_2: 13.775573 | final: 12.745450 | e_w_0: 0.020000 | e_w_1_2: 0.033861
 * Train Acc 55.080
 * Val Acc 59.600, Total time 0.26
 * Val loss 1.189, Total time 0.00
Epoch:10
LR: 2.5e-05
LR: 0.0005
LR: 0.00025
Itr		Time		  Data		  Loss		Acc
[0/157]	0.0714 (0.0714)	0.0089 (0.0089)	1.125 (1.125)	65.62 (65.62)
C-Flat stats | raw_grad: 5.558700 | g_0: 5.558700 | g_1: 5.952631 | g_2: 6.352214 | final: 5.959174 | e_w_0: 0.020000 | e_w_1_2: 0.033630
[100/157]	0.0668 (0.0741)	0.0088 (0.0091)	1.465 (1.293)	43.75 (55.72)
C-Flat stats | raw_grad: 6.183095 | g_0: 6.183095 | g_1: 6.479345 | g_2: 6.897762 | final: 6.482183 | e_w_0: 0.020000 | e_w_1_2: 0.032356
[156/157]	0.0654 (0.0736)	0.0028 (0.0091)	1.518 (1.294)	25.00 (56.16)
C-Flat stats | raw_grad: 16.368917 | g_0: 16.368917 | g_1: 18.331030 | g_2: 21.426149 | final: 18.308359 | e_w_0: 0.020000 | e_w_1_2: 0.033334
 * Train Acc 56.160
 * Val Acc 58.200, Total time 0.31
 * Val loss 1.190, Total time 0.00
Epoch:11
LR: 1.25e-05
LR: 0.00025
LR: 0.000125
Itr		Time		  Data		  Loss		Acc
[0/157]	0.0701 (0.0701)	0.0097 (0.0097)	1.219 (1.219)	62.50 (62.50)
C-Flat stats | raw_grad: 5.823270 | g_0: 5.823270 | g_1: 6.165915 | g_2: 6.494686 | final: 6.169995 | e_w_0: 0.020000 | e_w_1_2: 0.033533
[100/157]	0.0699 (0.0727)	0.0087 (0.0089)	1.192 (1.288)	62.50 (57.15)
C-Flat stats | raw_grad: 5.781217 | g_0: 5.781217 | g_1: 6.355429 | g_2: 6.736792 | final: 6.361761 | e_w_0: 0.020000 | e_w_1_2: 0.035476
[156/157]	0.0724 (0.0734)	0.0025 (0.0089)	1.363 (1.288)	50.00 (56.94)
C-Flat stats | raw_grad: 11.428926 | g_0: 11.428926 | g_1: 12.382754 | g_2: 13.536120 | final: 12.394346 | e_w_0: 0.020000 | e_w_1_2: 0.033426
 * Train Acc 56.940
 * Val Acc 59.900, Total time 0.30
 * Val loss 1.177, Total time 0.00
Epoch:12
LR: 1.25e-05
LR: 0.00025
LR: 0.000125
Itr		Time		  Data		  Loss		Acc
[0/157]	0.0785 (0.0785)	0.0093 (0.0093)	1.369 (1.369)	56.25 (56.25)
C-Flat stats | raw_grad: 5.900907 | g_0: 5.900907 | g_1: 6.212563 | g_2: 6.511054 | final: 6.217951 | e_w_0: 0.020000 | e_w_1_2: 0.032644
[100/157]	0.0712 (0.0751)	0.0086 (0.0090)	1.618 (1.304)	34.38 (56.00)
C-Flat stats | raw_grad: 6.236352 | g_0: 6.236352 | g_1: 6.484986 | g_2: 6.822855 | final: 6.486092 | e_w_0: 0.020000 | e_w_1_2: 0.032189
[156/157]	0.0656 (0.0738)	0.0030 (0.0089)	2.128 (1.300)	25.00 (55.86)
C-Flat stats | raw_grad: 11.236395 | g_0: 11.236395 | g_1: 12.000419 | g_2: 12.864080 | final: 12.005863 | e_w_0: 0.020000 | e_w_1_2: 0.033509
 * Train Acc 55.860
 * Val Acc 59.300, Total time 0.27
 * Val loss 1.183, Total time 0.00
Epoch:13
LR: 1.25e-05
LR: 0.00025
LR: 0.000125
Itr		Time		  Data		  Loss		Acc
[0/157]	0.0725 (0.0725)	0.0084 (0.0084)	1.504 (1.504)	50.00 (50.00)
C-Flat stats | raw_grad: 6.266645 | g_0: 6.266645 | g_1: 6.741544 | g_2: 7.315651 | final: 6.745690 | e_w_0: 0.020000 | e_w_1_2: 0.033710
[100/157]	0.1054 (0.0822)	0.0087 (0.0089)	1.338 (1.272)	50.00 (57.55)
C-Flat stats | raw_grad: 5.830631 | g_0: 5.830631 | g_1: 6.137725 | g_2: 6.424591 | final: 6.140798 | e_w_0: 0.020000 | e_w_1_2: 0.033161
[156/157]	0.0674 (0.0854)	0.0028 (0.0088)	1.246 (1.277)	62.50 (57.20)
C-Flat stats | raw_grad: 12.325069 | g_0: 12.325069 | g_1: 14.115775 | g_2: 15.221920 | final: 14.135468 | e_w_0: 0.020000 | e_w_1_2: 0.035940
 * Train Acc 57.200
 * Val Acc 59.500, Total time 0.41
 * Val loss 1.174, Total time 0.00
Epoch:14
LR: 1.25e-05
LR: 0.00025
LR: 0.000125
Itr		Time		  Data		  Loss		Acc
[0/157]	0.1041 (0.1041)	0.0087 (0.0087)	1.265 (1.265)	59.38 (59.38)
C-Flat stats | raw_grad: 6.530433 | g_0: 6.530433 | g_1: 6.956131 | g_2: 7.441885 | final: 6.957928 | e_w_0: 0.020000 | e_w_1_2: 0.033745
[100/157]	0.1107 (0.0963)	0.0086 (0.0093)	1.465 (1.275)	40.62 (57.02)
C-Flat stats | raw_grad: 6.016407 | g_0: 6.016407 | g_1: 6.344725 | g_2: 6.715772 | final: 6.348970 | e_w_0: 0.020000 | e_w_1_2: 0.033057
[156/157]	0.1033 (0.0957)	0.0028 (0.0092)	0.958 (1.276)	75.00 (57.00)
C-Flat stats | raw_grad: 9.855811 | g_0: 9.855811 | g_1: 10.675344 | g_2: 11.302254 | final: 10.687130 | e_w_0: 0.020000 | e_w_1_2: 0.033182
 * Train Acc 57.000
 * Val Acc 59.600, Total time 0.44
 * Val loss 1.185, Total time 0.00
Classifier Optimizer is reset!
reserving basis 6/27; cond: 363733.59375, radio:6.114322604844347e-05
reserving basis 95/576; cond: 10314588.0, radio:4.313130921218544e-05
reserving basis 260/576; cond: 658825.375, radio:0.001524099032394588
reserving basis 244/576; cond: 1227380.375, radio:0.0007946208352223039
reserving basis 319/576; cond: 294114.5625, radio:0.0039607626385986805
reserving basis 323/576; cond: 536747.9375, radio:0.0021208603866398335
reserving basis 848/1152; cond: 304226.15625, radio:0.008412039838731289
reserving basis 45/64; cond: 9160.5712890625, radio:0.013482807204127312
reserving basis 841/1152; cond: 314821.8125, radio:0.00847509317100048
reserving basis 887/1152; cond: 232176.390625, radio:0.011640687473118305
reserving basis 876/1152; cond: 317462.0, radio:0.008247274905443192
reserving basis 1753/2304; cond: 566305.625, radio:0.009023149497807026
reserving basis 101/128; cond: 14066.5751953125, radio:0.017623405903577805
reserving basis 1819/2304; cond: 471252.4375, radio:0.010311303660273552
reserving basis 1802/2304; cond: 471897.25, radio:0.010211776942014694
reserving basis 983/2304; cond: 2141214.75, radio:0.001609992585144937
reserving basis 34/4608; cond: 1055854272.0, radio:1.3491759887074295e-07
reserving basis 210/256; cond: 37583.30078125, radio:0.014332110062241554
reserving basis 12/4608; cond: 1600447488.0, radio:2.7965361582005244e-08
reserving basis 1/4608; cond: 98299813888.0, radio:5.3854516332552116e-12
computing EWC
validation split name: 1
 * Val Acc 82.800, Total time 0.45
 * Val loss 0.548, Total time 0.00
**************************************************
training split name: 1
 * Val Acc 89.840, Total time 2.66
 * Val loss 0.297, Total time 0.00
**************************************************
validation split name: 2
 * Val Acc 59.600, Total time 0.40
 * Val loss 1.185, Total time 0.00
**************************************************
training split name: 2
 * Val Acc 58.380, Total time 2.71
 * Val loss 1.236, Total time 0.00
**************************************************
====================== 3 =======================
Epoch:0
LR: 5e-05
LR: 0.001
LR: 0.0005
Itr		Time		  Data		  Loss		Acc
[0/157]	1.0423 (1.0423)	0.0088 (0.0088)	2.384 (2.384)	0.00 (0.00)
C-Flat stats | raw_grad: 3.155658 | g_0: 3.155658 | g_1: 3.233359 | g_2: 3.278825 | final: 3.235283 | e_w_0: 0.020000 | e_w_1_2: 0.032712
[100/157]	0.0953 (0.0970)	0.0086 (0.0087)	1.549 (1.676)	43.75 (44.06)
C-Flat stats | raw_grad: 5.139152 | g_0: 5.139152 | g_1: 5.469467 | g_2: 5.889757 | final: 5.471711 | e_w_0: 0.020000 | e_w_1_2: 0.033520
[156/157]	0.0855 (0.0932)	0.0029 (0.0087)	1.786 (1.579)	25.00 (47.28)
C-Flat stats | raw_grad: 10.520568 | g_0: 10.520568 | g_1: 11.181623 | g_2: 12.067181 | final: 11.187005 | e_w_0: 0.020000 | e_w_1_2: 0.032976
 * Train Acc 47.280
 * Val Acc 57.300, Total time 0.43
 * Val loss 1.291, Total time 0.00
Epoch:1
LR: 5e-05
LR: 0.001
LR: 0.0005
Itr		Time		  Data		  Loss		Acc
[0/157]	0.0913 (0.0913)	0.0087 (0.0087)	1.241 (1.241)	62.50 (62.50)
C-Flat stats | raw_grad: 4.569024 | g_0: 4.569024 | g_1: 4.851906 | g_2: 5.185410 | final: 4.855391 | e_w_0: 0.020000 | e_w_1_2: 0.033133
[100/157]	0.0826 (0.0870)	0.0084 (0.0087)	1.245 (1.373)	56.25 (54.52)
C-Flat stats | raw_grad: 5.929279 | g_0: 5.929279 | g_1: 6.741490 | g_2: 7.304796 | final: 6.749214 | e_w_0: 0.020000 | e_w_1_2: 0.036453
[156/157]	0.0648 (0.0834)	0.0028 (0.0087)	1.055 (1.349)	75.00 (55.16)
C-Flat stats | raw_grad: 8.923588 | g_0: 8.923588 | g_1: 9.605197 | g_2: 10.506556 | final: 9.620173 | e_w_0: 0.020000 | e_w_1_2: 0.032855
 * Train Acc 55.160
 * Val Acc 57.600, Total time 0.26
 * Val loss 1.261, Total time 0.00
Epoch:2
LR: 5e-05
LR: 0.001
LR: 0.0005
Itr		Time		  Data		  Loss		Acc
[0/157]	0.0698 (0.0698)	0.0088 (0.0088)	1.083 (1.083)	59.38 (59.38)
C-Flat stats | raw_grad: 5.171079 | g_0: 5.171079 | g_1: 5.642785 | g_2: 6.010659 | final: 5.650080 | e_w_0: 0.020000 | e_w_1_2: 0.034786
[100/157]	0.0696 (0.0738)	0.0085 (0.0087)	1.116 (1.302)	68.75 (56.22)
C-Flat stats | raw_grad: 5.056703 | g_0: 5.056703 | g_1: 5.240806 | g_2: 5.504112 | final: 5.247466 | e_w_0: 0.020000 | e_w_1_2: 0.030400
[156/157]	0.0620 (0.0738)	0.0025 (0.0087)	1.121 (1.292)	62.50 (56.56)
C-Flat stats | raw_grad: 10.557279 | g_0: 10.557279 | g_1: 11.916844 | g_2: 12.981264 | final: 11.896493 | e_w_0: 0.020000 | e_w_1_2: 0.035174
 * Train Acc 56.560
 * Val Acc 60.600, Total time 0.26
 * Val loss 1.181, Total time 0.00
Epoch:3
LR: 5e-05
LR: 0.001
LR: 0.0005
Itr		Time		  Data		  Loss		Acc
[0/157]	0.0706 (0.0706)	0.0087 (0.0087)	1.212 (1.212)	46.88 (46.88)
C-Flat stats | raw_grad: 5.609141 | g_0: 5.609141 | g_1: 6.019408 | g_2: 6.481895 | final: 6.020566 | e_w_0: 0.020000 | e_w_1_2: 0.033703
[100/157]	0.0709 (0.0725)	0.0085 (0.0086)	1.400 (1.260)	62.50 (57.86)
C-Flat stats | raw_grad: 6.963037 | g_0: 6.963037 | g_1: 7.315154 | g_2: 8.103838 | final: 7.312835 | e_w_0: 0.020000 | e_w_1_2: 0.031985
[156/157]	0.0691 (0.0728)	0.0028 (0.0087)	1.441 (1.261)	37.50 (57.58)
C-Flat stats | raw_grad: 12.304849 | g_0: 12.304849 | g_1: 12.976271 | g_2: 14.381303 | final: 12.975091 | e_w_0: 0.020000 | e_w_1_2: 0.031765
 * Train Acc 57.580
 * Val Acc 59.600, Total time 0.31
 * Val loss 1.166, Total time 0.00
Epoch:4
LR: 5e-05
LR: 0.001
LR: 0.0005
Itr		Time		  Data		  Loss		Acc
[0/157]	0.0759 (0.0759)	0.0086 (0.0086)	0.975 (0.975)	71.88 (71.88)
C-Flat stats | raw_grad: 4.248137 | g_0: 4.248137 | g_1: 4.630408 | g_2: 4.902784 | final: 4.637569 | e_w_0: 0.020000 | e_w_1_2: 0.034954
[100/157]	0.0650 (0.0738)	0.0085 (0.0091)	1.145 (1.244)	50.00 (57.95)
C-Flat stats | raw_grad: 6.129519 | g_0: 6.129519 | g_1: 6.601419 | g_2: 7.012578 | final: 6.605836 | e_w_0: 0.020000 | e_w_1_2: 0.034554
[156/157]	0.0625 (0.0725)	0.0027 (0.0089)	1.191 (1.239)	62.50 (58.56)
C-Flat stats | raw_grad: 10.064979 | g_0: 10.064979 | g_1: 11.972792 | g_2: 13.310793 | final: 12.006075 | e_w_0: 0.020000 | e_w_1_2: 0.037128
 * Train Acc 58.560
 * Val Acc 61.900, Total time 0.27
 * Val loss 1.145, Total time 0.00
Epoch:5
LR: 5e-05
LR: 0.001
LR: 0.0005
Itr		Time		  Data		  Loss		Acc
[0/157]	0.0681 (0.0681)	0.0086 (0.0086)	1.206 (1.206)	59.38 (59.38)
C-Flat stats | raw_grad: 5.785499 | g_0: 5.785499 | g_1: 6.241383 | g_2: 6.739906 | final: 6.246650 | e_w_0: 0.020000 | e_w_1_2: 0.034392
[100/157]	0.0715 (0.0724)	0.0087 (0.0087)	1.622 (1.226)	56.25 (60.02)
C-Flat stats | raw_grad: 5.912045 | g_0: 5.912045 | g_1: 6.196544 | g_2: 6.610025 | final: 6.198667 | e_w_0: 0.020000 | e_w_1_2: 0.032460
[156/157]	0.0741 (0.0724)	0.0030 (0.0087)	1.712 (1.211)	12.50 (60.14)
C-Flat stats | raw_grad: 13.455273 | g_0: 13.455273 | g_1: 14.409365 | g_2: 15.649311 | final: 14.407786 | e_w_0: 0.020000 | e_w_1_2: 0.032855
 * Train Acc 60.140
 * Val Acc 61.600, Total time 0.28
 * Val loss 1.127, Total time 0.00
Epoch:6
LR: 2.5e-05
LR: 0.0005
LR: 0.00025
Itr		Time		  Data		  Loss		Acc
[0/157]	0.0757 (0.0757)	0.0090 (0.0090)	1.111 (1.111)	65.62 (65.62)
C-Flat stats | raw_grad: 5.827646 | g_0: 5.827646 | g_1: 6.340694 | g_2: 6.769070 | final: 6.348744 | e_w_0: 0.020000 | e_w_1_2: 0.034726
[100/157]	0.0710 (0.0713)	0.0087 (0.0087)	1.322 (1.201)	56.25 (60.37)
C-Flat stats | raw_grad: 6.961102 | g_0: 6.961102 | g_1: 7.477824 | g_2: 8.034643 | final: 7.481986 | e_w_0: 0.020000 | e_w_1_2: 0.034072
[156/157]	0.0637 (0.0714)	0.0026 (0.0087)	1.121 (1.197)	62.50 (60.38)
C-Flat stats | raw_grad: 11.438230 | g_0: 11.438230 | g_1: 13.932175 | g_2: 15.637454 | final: 13.972750 | e_w_0: 0.020000 | e_w_1_2: 0.036618
 * Train Acc 60.380
 * Val Acc 61.300, Total time 0.26
 * Val loss 1.132, Total time 0.00
Epoch:7
LR: 2.5e-05
LR: 0.0005
LR: 0.00025
Itr		Time		  Data		  Loss		Acc
[0/157]	0.0721 (0.0721)	0.0085 (0.0085)	0.910 (0.910)	71.88 (71.88)
C-Flat stats | raw_grad: 5.430307 | g_0: 5.430307 | g_1: 6.059623 | g_2: 6.532552 | final: 6.066325 | e_w_0: 0.020000 | e_w_1_2: 0.035497
[100/157]	0.0745 (0.0727)	0.0093 (0.0087)	0.854 (1.195)	71.88 (60.64)
C-Flat stats | raw_grad: 5.058884 | g_0: 5.058884 | g_1: 5.616216 | g_2: 5.964107 | final: 5.626525 | e_w_0: 0.020000 | e_w_1_2: 0.035757
[156/157]	0.0983 (0.0769)	0.0031 (0.0087)	0.822 (1.183)	87.50 (60.98)
C-Flat stats | raw_grad: 8.778376 | g_0: 8.778376 | g_1: 10.278380 | g_2: 11.413945 | final: 10.309179 | e_w_0: 0.020000 | e_w_1_2: 0.036275
 * Train Acc 60.980
 * Val Acc 62.300, Total time 0.38
 * Val loss 1.101, Total time 0.00
Epoch:8
LR: 2.5e-05
LR: 0.0005
LR: 0.00025
Itr		Time		  Data		  Loss		Acc
[0/157]	0.1055 (0.1055)	0.0092 (0.0092)	1.059 (1.059)	65.62 (65.62)
C-Flat stats | raw_grad: 5.551647 | g_0: 5.551647 | g_1: 5.880417 | g_2: 6.206269 | final: 5.885278 | e_w_0: 0.020000 | e_w_1_2: 0.033039
[100/157]	0.0900 (0.0917)	0.0089 (0.0087)	1.177 (1.195)	65.62 (61.29)
C-Flat stats | raw_grad: 6.483750 | g_0: 6.483750 | g_1: 7.069901 | g_2: 7.515871 | final: 7.077157 | e_w_0: 0.020000 | e_w_1_2: 0.035221
[156/157]	0.0963 (0.0923)	0.0032 (0.0088)	1.354 (1.185)	62.50 (61.60)
C-Flat stats | raw_grad: 12.460649 | g_0: 12.460649 | g_1: 12.695930 | g_2: 14.235193 | final: 12.698397 | e_w_0: 0.020000 | e_w_1_2: 0.028423
 * Train Acc 61.600
 * Val Acc 62.700, Total time 0.38
 * Val loss 1.114, Total time 0.00
Epoch:9
LR: 2.5e-05
LR: 0.0005
LR: 0.00025
Itr		Time		  Data		  Loss		Acc
[0/157]	0.1150 (0.1150)	0.0123 (0.0123)	1.450 (1.450)	43.75 (43.75)
C-Flat stats | raw_grad: 6.498082 | g_0: 6.498082 | g_1: 6.868596 | g_2: 7.481812 | final: 6.872615 | e_w_0: 0.020000 | e_w_1_2: 0.032863
[100/157]	0.1048 (0.0925)	0.0090 (0.0088)	1.301 (1.165)	50.00 (61.57)
C-Flat stats | raw_grad: 6.620922 | g_0: 6.620922 | g_1: 7.066580 | g_2: 7.722653 | final: 7.071870 | e_w_0: 0.020000 | e_w_1_2: 0.033500
[156/157]	0.0967 (0.0927)	0.0026 (0.0089)	1.209 (1.170)	62.50 (61.36)
C-Flat stats | raw_grad: 13.640976 | g_0: 13.640976 | g_1: 14.898276 | g_2: 16.213444 | final: 14.920193 | e_w_0: 0.020000 | e_w_1_2: 0.033277
 * Train Acc 61.360
 * Val Acc 62.700, Total time 0.42
 * Val loss 1.107, Total time 0.00
Epoch:10
LR: 2.5e-05
LR: 0.0005
LR: 0.00025
Itr		Time		  Data		  Loss		Acc
[0/157]	0.0715 (0.0715)	0.0087 (0.0087)	1.141 (1.141)	62.50 (62.50)
C-Flat stats | raw_grad: 5.626399 | g_0: 5.626399 | g_1: 5.963012 | g_2: 6.401481 | final: 5.964738 | e_w_0: 0.020000 | e_w_1_2: 0.032851
[100/157]	0.0748 (0.0927)	0.0086 (0.0088)	1.362 (1.160)	50.00 (61.76)
C-Flat stats | raw_grad: 6.657501 | g_0: 6.657501 | g_1: 6.980285 | g_2: 7.609012 | final: 6.982584 | e_w_0: 0.020000 | e_w_1_2: 0.031704
[156/157]	0.0833 (0.0935)	0.0031 (0.0088)	0.839 (1.154)	87.50 (62.20)
C-Flat stats | raw_grad: 7.532818 | g_0: 7.532818 | g_1: 8.956469 | g_2: 9.701186 | final: 8.982090 | e_w_0: 0.020000 | e_w_1_2: 0.037154
 * Train Acc 62.200
 * Val Acc 63.700, Total time 0.47
 * Val loss 1.087, Total time 0.00
Epoch:11
LR: 1.25e-05
LR: 0.00025
LR: 0.000125
Itr		Time		  Data		  Loss		Acc
[0/157]	0.0994 (0.0994)	0.0094 (0.0094)	1.338 (1.338)	53.12 (53.12)
C-Flat stats | raw_grad: 6.519559 | g_0: 6.519559 | g_1: 6.829454 | g_2: 7.528932 | final: 6.833426 | e_w_0: 0.020000 | e_w_1_2: 0.031791
[100/157]	0.0997 (0.0912)	0.0085 (0.0087)	1.213 (1.138)	56.25 (63.15)
C-Flat stats | raw_grad: 5.870039 | g_0: 5.870039 | g_1: 6.613636 | g_2: 7.439970 | final: 6.624953 | e_w_0: 0.020000 | e_w_1_2: 0.036213
[156/157]	0.0733 (0.0912)	0.0026 (0.0086)	1.463 (1.149)	50.00 (62.46)
C-Flat stats | raw_grad: 13.347226 | g_0: 13.347226 | g_1: 15.786325 | g_2: 18.201328 | final: 15.810927 | e_w_0: 0.020000 | e_w_1_2: 0.036776
 * Train Acc 62.460
 * Val Acc 62.600, Total time 0.46
 * Val loss 1.096, Total time 0.00
Epoch:12
LR: 1.25e-05
LR: 0.00025
LR: 0.000125
Itr		Time		  Data		  Loss		Acc
[0/157]	0.0793 (0.0793)	0.0089 (0.0089)	0.958 (0.958)	71.88 (71.88)
C-Flat stats | raw_grad: 5.857624 | g_0: 5.857624 | g_1: 6.427947 | g_2: 6.946537 | final: 6.435898 | e_w_0: 0.020000 | e_w_1_2: 0.034950
[100/157]	0.0695 (0.0907)	0.0085 (0.0088)	1.046 (1.136)	62.50 (63.03)
C-Flat stats | raw_grad: 5.456638 | g_0: 5.456638 | g_1: 6.083938 | g_2: 6.510186 | final: 6.091949 | e_w_0: 0.020000 | e_w_1_2: 0.035607
[156/157]	0.0858 (0.0907)	0.0027 (0.0087)	1.162 (1.141)	75.00 (62.58)
C-Flat stats | raw_grad: 9.896094 | g_0: 9.896094 | g_1: 10.697797 | g_2: 11.673429 | final: 10.705236 | e_w_0: 0.020000 | e_w_1_2: 0.033278
 * Train Acc 62.580
 * Val Acc 63.700, Total time 0.46
 * Val loss 1.077, Total time 0.00
Epoch:13
LR: 1.25e-05
LR: 0.00025
LR: 0.000125
Itr		Time		  Data		  Loss		Acc
[0/157]	0.0946 (0.0946)	0.0087 (0.0087)	1.179 (1.179)	65.62 (65.62)
C-Flat stats | raw_grad: 5.454068 | g_0: 5.454068 | g_1: 6.015961 | g_2: 6.507953 | final: 6.030675 | e_w_0: 0.020000 | e_w_1_2: 0.035354
[100/157]	0.0708 (0.0917)	0.0087 (0.0086)	0.982 (1.143)	68.75 (62.56)
C-Flat stats | raw_grad: 5.732090 | g_0: 5.732090 | g_1: 6.433499 | g_2: 7.004916 | final: 6.442514 | e_w_0: 0.020000 | e_w_1_2: 0.035820
[156/157]	0.1069 (0.0927)	0.0026 (0.0087)	1.687 (1.145)	37.50 (62.22)
C-Flat stats | raw_grad: 12.785075 | g_0: 12.785075 | g_1: 13.857887 | g_2: 15.294841 | final: 13.873063 | e_w_0: 0.020000 | e_w_1_2: 0.033628
 * Train Acc 62.220
 * Val Acc 64.100, Total time 0.46
 * Val loss 1.072, Total time 0.00
Epoch:14
LR: 1.25e-05
LR: 0.00025
LR: 0.000125
Itr		Time		  Data		  Loss		Acc
[0/157]	0.0809 (0.0809)	0.0088 (0.0088)	1.245 (1.245)	65.62 (65.62)
C-Flat stats | raw_grad: 5.572386 | g_0: 5.572386 | g_1: 5.869427 | g_2: 6.215264 | final: 5.872522 | e_w_0: 0.020000 | e_w_1_2: 0.032963
[100/157]	0.0900 (0.0928)	0.0087 (0.0087)	1.027 (1.150)	65.62 (61.88)
C-Flat stats | raw_grad: 5.185807 | g_0: 5.185807 | g_1: 5.561936 | g_2: 6.072989 | final: 5.564485 | e_w_0: 0.020000 | e_w_1_2: 0.032773
[156/157]	0.0750 (0.0933)	0.0030 (0.0087)	1.341 (1.142)	37.50 (62.76)
C-Flat stats | raw_grad: 14.128141 | g_0: 14.128141 | g_1: 16.299944 | g_2: 17.642757 | final: 16.321714 | e_w_0: 0.020000 | e_w_1_2: 0.036223
 * Train Acc 62.760
 * Val Acc 63.300, Total time 0.44
 * Val loss 1.077, Total time 0.00
Classifier Optimizer is reset!
reserving basis 5/27; cond: 396635.0625, radio:3.821456266450696e-05
reserving basis 91/576; cond: 11244980.0, radio:3.7759473343612626e-05
reserving basis 256/576; cond: 691030.75, radio:0.0014358287444338202
reserving basis 242/576; cond: 1260448.5, radio:0.0007626262377016246
reserving basis 318/576; cond: 297798.1875, radio:0.0038781818002462387
reserving basis 321/576; cond: 551455.875, radio:0.0020599928684532642
reserving basis 838/1152; cond: 315898.0625, radio:0.008094130083918571
reserving basis 45/64; cond: 9379.53125, radio:0.013467739336192608
reserving basis 840/1152; cond: 314487.59375, radio:0.008413434959948063
reserving basis 884/1152; cond: 234754.28125, radio:0.011497028172016144
reserving basis 879/1152; cond: 312540.09375, radio:0.008329100906848907
reserving basis 1788/2304; cond: 531405.1875, radio:0.009586811996996403
reserving basis 101/128; cond: 14043.998046875, radio:0.017767833545804024
reserving basis 1862/2304; cond: 429342.71875, radio:0.011092079803347588
reserving basis 1835/2304; cond: 441028.0, radio:0.010879493318498135
reserving basis 1337/2304; cond: 1218301.25, radio:0.003677514847368002
reserving basis 981/4608; cond: 10987826.0, radio:0.0002922563871834427
reserving basis 212/256; cond: 35818.7265625, radio:0.014863706193864346
reserving basis 822/4608; cond: 14404461.0, radio:0.0001947317796293646
reserving basis 903/4608; cond: 22655752.0, radio:0.00011709042883012444
computing EWC
validation split name: 1
 * Val Acc 82.900, Total time 0.28
 * Val loss 0.551, Total time 0.00
**************************************************
training split name: 1
 * Val Acc 89.420, Total time 1.75
 * Val loss 0.306, Total time 0.00
**************************************************
validation split name: 2
 * Val Acc 58.000, Total time 0.26
 * Val loss 1.213, Total time 0.00
**************************************************
training split name: 2
 * Val Acc 56.160, Total time 1.77
 * Val loss 1.257, Total time 0.00
**************************************************
validation split name: 3
 * Val Acc 63.300, Total time 0.26
 * Val loss 1.077, Total time 0.00
**************************************************
training split name: 3
 * Val Acc 64.540, Total time 1.78
 * Val loss 1.079, Total time 0.00
**************************************************
OrderedDict([('1', OrderedDict([('1', 84.0), ('2', 82.8), ('3', 82.9)])), ('2', OrderedDict([('2', 59.6), ('3', 58.0)])), ('3', OrderedDict([('3', 63.3)]))])
Task 1 average acc: 84.0
Task 1 backward transfer: 0
Task 2 average acc: 71.2
Task 2 backward transfer: -1.2000000000000028
Task 3 average acc: 68.06666666666666
Task 3 backward transfer: -1.3499999999999979
===Summary of experiment repeats: 1 / 1 ===
The last avg acc of all repeats: [68.06666667]
The last bwt of all repeats: [-1.35]
acc mean: 68.06666666666666 acc std: 0.0
bwt mean: -1.3499999999999979 bwt std: 0.0
