2026-03-23T16:03:40+08:00 queue_started gpu=2
2026-03-23T16:03:40+08:00 START v2_projected_all_seed0
2026-03-23T18:01:58+08:00 queue_started gpu=2
2026-03-23T18:01:58+08:00 RESTART v2_projected_all_seed0 incomplete_previous_run
2026-03-23T20:14:04+08:00 queue_started gpu=3
2026-03-23T20:14:04+08:00 RESTART v2_projected_all_seed0 incomplete_previous_run
2026-03-24T01:40:28+08:00 DONE v2_projected_all_seed0
2026-03-24T01:40:29+08:00 START classifier_only_seed0
2026-03-24T04:21:35+08:00 DONE classifier_only_seed0
2026-03-24T04:21:36+08:00 START last_block_plus_classifier_seed0
2026-03-24T07:02:35+08:00 DONE last_block_plus_classifier_seed0
2026-03-24T07:02:35+08:00 START deep_last_stage_seed0
2026-03-24T07:53:14+08:00 START deep_last_block_seed0 gpu=6 manual_launch
2026-03-24T07:53:47+08:00 RESTART deep_last_block_seed0 add_run_log
2026-03-24T10:49:21+08:00 DONE deep_last_stage_seed0
2026-03-24T10:49:24+08:00 queue_finished gpu=3
2026-03-24T11:10:13+08:00 RESTART deep_last_block_seed0 interrupted_no_final
2026-03-24T16:15:20+08:00 RESTART deep_last_block_seed0 user_requested_restart
2026-03-24T16:19:55+08:00 MIGRATE deep_last_block_seed0 gpu6_to_gpu3 user_requested
2026-03-24T16:21:24+08:00 RESTART deep_last_block_seed0 fix_project_workdir_gpu3
