Files already downloaded and verified
Files already downloaded and verified
split_boundaries: [0, 10, 20, 30, 40, 50, 60, 70, 80, 90, 100]
{'1': [0, 1, 2, 3, 4, 5, 6, 7, 8, 9], '2': [10, 11, 12, 13, 14, 15, 16, 17, 18, 19], '3': [20, 21, 22, 23, 24, 25, 26, 27, 28, 29], '4': [30, 31, 32, 33, 34, 35, 36, 37, 38, 39], '5': [40, 41, 42, 43, 44, 45, 46, 47, 48, 49], '6': [50, 51, 52, 53, 54, 55, 56, 57, 58, 59], '7': [60, 61, 62, 63, 64, 65, 66, 67, 68, 69], '8': [70, 71, 72, 73, 74, 75, 76, 77, 78, 79], '9': [80, 81, 82, 83, 84, 85, 86, 87, 88, 89], '10': [90, 91, 92, 93, 94, 95, 96, 97, 98, 99]}
{'model_lr': 0.0001, 'momentum': 0, 'model_weight_decay': 5e-05, 'schedule': [5, 10, 15], 'model_type': 'resnet', 'model_name': 'resnet18', 'model_weights': None, 'out_dim': {'1': 10, '2': 10, '3': 10, '4': 10, '5': 10, '6': 10, '7': 10, '8': 10, '9': 10, '10': 10}, 'model_optimizer': 'Adam', 'print_freq': 100.0, 'gpu': True, 'with_head': False, 'reset_model_opt': True, 'reg_coef': 100.0, 'head_lr': 0.001, 'svd_lr': 5e-05, 'bn_lr': 0.0005, 'svd_thres': 10.0, 'gamma': 0.5, 'dataset_name': 'CIFAR100_10_10', 'use_cflat': True, 'cflat_rho': 0.05, 'cflat_lambda': 0.0, 'cflat_eps': 1e-12, 'cflat_adaptive': False, 'cflat_bn_mode': 'disable_running_stats', 'cflat_on_total_loss': False, 'cflat_debug': True, 'max_train_batches': 0, 'max_eval_batches': 0}
#param of model:11218340
Task order: ['1', '2', '3']
====================== 1 =======================
Epoch:0
LR: 0.0001
LR: 0.001
LR: 0.0005
Itr		Time		  Data		  Loss		Acc
/home/moshiling/miniconda3/envs/torch118/lib/python3.10/site-packages/torch/optim/lr_scheduler.py:143: UserWarning: Detected call of `lr_scheduler.step()` before `optimizer.step()`. In PyTorch 1.1.0 and later, you should call them in the opposite order: `optimizer.step()` before `lr_scheduler.step()`.  Failure to do this will result in PyTorch skipping the first value of the learning rate schedule. See more details at https://pytorch.org/docs/stable/optim.html#how-to-adjust-learning-rate
  warnings.warn("Detected call of `lr_scheduler.step()` before `optimizer.step()`. "
/home/moshiling/miniconda3/envs/torch118/lib/python3.10/site-packages/torch/optim/lr_scheduler.py:156: UserWarning: The epoch parameter in `scheduler.step()` was not necessary and is being deprecated where possible. Please use `scheduler.step()` to step the scheduler. During the deprecation, if epoch is different from None, the closed form is used instead of the new chainable form, where available. Please open an issue if you are unable to replicate your use case: https://github.com/pytorch/pytorch/issues/new/choose.
  warnings.warn(EPOCH_DEPRECATION_WARNING, UserWarning)
[0/157]	5.2350 (5.2350)	0.0148 (0.0148)	2.446 (2.446)	3.12 (3.12)
C-Flat stats | raw_grad: 5.392705 | g_0: 5.392705 | g_1: 5.373481 | g_2: 5.614957 | final: 5.373481 | e_w_0: 0.050000 | e_w_1_2: 0.066449
[100/157]	0.1100 (0.2176)	0.0094 (0.0106)	1.982 (1.898)	28.12 (33.04)
C-Flat stats | raw_grad: 3.783215 | g_0: 3.783215 | g_1: 3.988421 | g_2: 4.511154 | final: 3.988421 | e_w_0: 0.050000 | e_w_1_2: 0.077194
[156/157]	0.3213 (0.1889)	0.0029 (0.0108)	2.066 (1.807)	25.00 (37.12)
C-Flat stats | raw_grad: 7.610564 | g_0: 7.610564 | g_1: 8.737700 | g_2: 11.532558 | final: 8.737700 | e_w_0: 0.050000 | e_w_1_2: 0.084844
 * Train Acc 37.120
 * Val Acc 46.400, Total time 0.80
 * Val loss 1.571, Total time 0.00
Epoch:1
LR: 0.0001
LR: 0.001
LR: 0.0005
Itr		Time		  Data		  Loss		Acc
[0/157]	0.1573 (0.1573)	0.0121 (0.0121)	1.683 (1.683)	53.12 (53.12)
C-Flat stats | raw_grad: 3.496759 | g_0: 3.496759 | g_1: 3.688113 | g_2: 4.446733 | final: 3.688113 | e_w_0: 0.050000 | e_w_1_2: 0.076738
[100/157]	0.1411 (0.1331)	0.0100 (0.0103)	1.327 (1.503)	56.25 (49.26)
C-Flat stats | raw_grad: 3.369453 | g_0: 3.369453 | g_1: 3.570316 | g_2: 3.906884 | final: 3.570316 | e_w_0: 0.050000 | e_w_1_2: 0.074248
[156/157]	0.1209 (0.1318)	0.0029 (0.0102)	0.883 (1.463)	62.50 (50.46)
C-Flat stats | raw_grad: 6.241468 | g_0: 6.241468 | g_1: 6.716907 | g_2: 7.656159 | final: 6.716907 | e_w_0: 0.050000 | e_w_1_2: 0.073919
 * Train Acc 50.460
 * Val Acc 58.500, Total time 0.84
 * Val loss 1.205, Total time 0.00
Epoch:2
LR: 0.0001
LR: 0.001
LR: 0.0005
Itr		Time		  Data		  Loss		Acc
[0/157]	0.1386 (0.1386)	0.0094 (0.0094)	1.197 (1.197)	62.50 (62.50)
C-Flat stats | raw_grad: 4.334885 | g_0: 4.334885 | g_1: 4.982476 | g_2: 5.641685 | final: 4.982476 | e_w_0: 0.050000 | e_w_1_2: 0.088468
[100/157]	0.0800 (0.0865)	0.0095 (0.0095)	1.277 (1.274)	46.88 (58.97)
C-Flat stats | raw_grad: 4.239082 | g_0: 4.239082 | g_1: 4.556258 | g_2: 5.064837 | final: 4.556258 | e_w_0: 0.050000 | e_w_1_2: 0.079778
[156/157]	0.0685 (0.0820)	0.0034 (0.0094)	1.054 (1.275)	75.00 (58.46)
C-Flat stats | raw_grad: 4.456394 | g_0: 4.456394 | g_1: 4.771390 | g_2: 5.341122 | final: 4.771390 | e_w_0: 0.050000 | e_w_1_2: 0.077353
 * Train Acc 58.460
 * Val Acc 62.200, Total time 0.34
 * Val loss 1.080, Total time 0.00
Epoch:3
LR: 0.0001
LR: 0.001
LR: 0.0005
Itr		Time		  Data		  Loss		Acc
[0/157]	0.1271 (0.1271)	0.0174 (0.0174)	1.402 (1.402)	50.00 (50.00)
C-Flat stats | raw_grad: 3.732877 | g_0: 3.732877 | g_1: 4.118438 | g_2: 4.634953 | final: 4.118438 | e_w_0: 0.050000 | e_w_1_2: 0.085939
[100/157]	0.0996 (0.0789)	0.0154 (0.0105)	1.264 (1.111)	53.12 (62.56)
C-Flat stats | raw_grad: 4.313787 | g_0: 4.313787 | g_1: 5.043588 | g_2: 5.992157 | final: 5.043588 | e_w_0: 0.050000 | e_w_1_2: 0.090533
[156/157]	0.0807 (0.0811)	0.0036 (0.0105)	1.260 (1.099)	62.50 (63.34)
C-Flat stats | raw_grad: 8.389701 | g_0: 8.389701 | g_1: 9.980613 | g_2: 12.342167 | final: 9.980613 | e_w_0: 0.050000 | e_w_1_2: 0.086815
 * Train Acc 63.340
 * Val Acc 68.200, Total time 0.30
 * Val loss 0.954, Total time 0.00
Epoch:4
LR: 0.0001
LR: 0.001
LR: 0.0005
Itr		Time		  Data		  Loss		Acc
[0/157]	0.0642 (0.0642)	0.0092 (0.0092)	1.036 (1.036)	68.75 (68.75)
C-Flat stats | raw_grad: 3.485639 | g_0: 3.485639 | g_1: 3.913927 | g_2: 4.733821 | final: 3.913927 | e_w_0: 0.050000 | e_w_1_2: 0.086382
[100/157]	0.0862 (0.0810)	0.0094 (0.0101)	1.064 (0.995)	56.25 (66.80)
C-Flat stats | raw_grad: 4.588817 | g_0: 4.588817 | g_1: 4.848184 | g_2: 5.519402 | final: 4.848184 | e_w_0: 0.050000 | e_w_1_2: 0.076594
[156/157]	0.0869 (0.0800)	0.0028 (0.0101)	0.987 (0.975)	75.00 (67.54)
C-Flat stats | raw_grad: 6.758987 | g_0: 6.758987 | g_1: 7.499128 | g_2: 8.993406 | final: 7.499128 | e_w_0: 0.050000 | e_w_1_2: 0.080960
 * Train Acc 67.540
 * Val Acc 72.000, Total time 0.46
 * Val loss 0.835, Total time 0.00
Epoch:5
LR: 0.0001
LR: 0.001
LR: 0.0005
Itr		Time		  Data		  Loss		Acc
[0/157]	0.0744 (0.0744)	0.0099 (0.0099)	0.785 (0.785)	68.75 (68.75)
C-Flat stats | raw_grad: 3.553504 | g_0: 3.553504 | g_1: 4.349553 | g_2: 5.797285 | final: 4.349553 | e_w_0: 0.050000 | e_w_1_2: 0.093565
[100/157]	0.0772 (0.0793)	0.0092 (0.0102)	0.886 (0.833)	65.62 (72.65)
C-Flat stats | raw_grad: 4.169282 | g_0: 4.169282 | g_1: 4.727359 | g_2: 5.398389 | final: 4.727359 | e_w_0: 0.050000 | e_w_1_2: 0.087592
[156/157]	0.0858 (0.0785)	0.0029 (0.0100)	0.793 (0.815)	62.50 (73.46)
C-Flat stats | raw_grad: 7.357917 | g_0: 7.357917 | g_1: 9.958143 | g_2: 11.808462 | final: 9.958143 | e_w_0: 0.050000 | e_w_1_2: 0.095268
 * Train Acc 73.460
 * Val Acc 74.400, Total time 0.43
 * Val loss 0.734, Total time 0.00
Epoch:6
LR: 5e-05
LR: 0.0005
LR: 0.00025
Itr		Time		  Data		  Loss		Acc
[0/157]	0.0629 (0.0629)	0.0090 (0.0090)	0.694 (0.694)	81.25 (81.25)
C-Flat stats | raw_grad: 3.264195 | g_0: 3.264195 | g_1: 3.618801 | g_2: 4.004511 | final: 3.618801 | e_w_0: 0.050000 | e_w_1_2: 0.083052
[100/157]	0.0913 (0.0772)	0.0092 (0.0098)	0.665 (0.740)	78.12 (76.33)
C-Flat stats | raw_grad: 4.031693 | g_0: 4.031693 | g_1: 4.492645 | g_2: 6.141633 | final: 4.492645 | e_w_0: 0.050000 | e_w_1_2: 0.082370
[156/157]	0.0562 (0.0760)	0.0028 (0.0096)	0.681 (0.745)	75.00 (75.66)
C-Flat stats | raw_grad: 7.063576 | g_0: 7.063576 | g_1: 9.528327 | g_2: 11.064867 | final: 9.528327 | e_w_0: 0.050000 | e_w_1_2: 0.094191
 * Train Acc 75.660
 * Val Acc 76.200, Total time 0.27
 * Val loss 0.712, Total time 0.00
Epoch:7
LR: 5e-05
LR: 0.0005
LR: 0.00025
Itr		Time		  Data		  Loss		Acc
[0/157]	0.0650 (0.0650)	0.0102 (0.0102)	0.602 (0.602)	81.25 (81.25)
C-Flat stats | raw_grad: 3.468152 | g_0: 3.468152 | g_1: 4.283681 | g_2: 4.734759 | final: 4.283681 | e_w_0: 0.050000 | e_w_1_2: 0.091811
[100/157]	0.1014 (0.0786)	0.0112 (0.0099)	0.607 (0.666)	78.12 (77.94)
C-Flat stats | raw_grad: 3.881797 | g_0: 3.881797 | g_1: 5.073085 | g_2: 6.118336 | final: 5.073085 | e_w_0: 0.050000 | e_w_1_2: 0.095257
[156/157]	0.0913 (0.0788)	0.0030 (0.0099)	0.964 (0.689)	87.50 (77.58)
C-Flat stats | raw_grad: 8.813685 | g_0: 8.813685 | g_1: 10.878080 | g_2: 12.533260 | final: 10.878080 | e_w_0: 0.050000 | e_w_1_2: 0.091463
 * Train Acc 77.580
 * Val Acc 76.600, Total time 0.44
 * Val loss 0.645, Total time 0.00
Epoch:8
LR: 5e-05
LR: 0.0005
LR: 0.00025
Itr		Time		  Data		  Loss		Acc
[0/157]	0.0818 (0.0818)	0.0115 (0.0115)	0.755 (0.755)	75.00 (75.00)
C-Flat stats | raw_grad: 3.613531 | g_0: 3.613531 | g_1: 3.871689 | g_2: 4.473500 | final: 3.871689 | e_w_0: 0.050000 | e_w_1_2: 0.079281
[100/157]	0.0978 (0.0835)	0.0095 (0.0101)	0.444 (0.653)	93.75 (78.16)
C-Flat stats | raw_grad: 3.184761 | g_0: 3.184761 | g_1: 4.285126 | g_2: 4.933207 | final: 4.285126 | e_w_0: 0.050000 | e_w_1_2: 0.094502
[156/157]	0.0954 (0.0862)	0.0033 (0.0105)	1.179 (0.648)	62.50 (78.68)
C-Flat stats | raw_grad: 8.481566 | g_0: 8.481566 | g_1: 10.075708 | g_2: 11.774909 | final: 10.075708 | e_w_0: 0.050000 | e_w_1_2: 0.088531
 * Train Acc 78.680
 * Val Acc 78.900, Total time 0.35
 * Val loss 0.618, Total time 0.00
Epoch:9
LR: 5e-05
LR: 0.0005
LR: 0.00025
Itr		Time		  Data		  Loss		Acc
[0/157]	0.0719 (0.0719)	0.0099 (0.0099)	0.664 (0.664)	75.00 (75.00)
C-Flat stats | raw_grad: 4.897266 | g_0: 4.897266 | g_1: 5.820822 | g_2: 6.868930 | final: 5.820822 | e_w_0: 0.050000 | e_w_1_2: 0.088125
[100/157]	0.0654 (0.0898)	0.0101 (0.0107)	0.561 (0.609)	75.00 (80.26)
C-Flat stats | raw_grad: 3.574576 | g_0: 3.574576 | g_1: 4.017119 | g_2: 4.663964 | final: 4.017119 | e_w_0: 0.050000 | e_w_1_2: 0.084385
[156/157]	0.0644 (0.0878)	0.0032 (0.0107)	1.040 (0.613)	62.50 (80.14)
C-Flat stats | raw_grad: 11.249571 | g_0: 11.249571 | g_1: 11.060729 | g_2: 9.723279 | final: 11.060729 | e_w_0: 0.050000 | e_w_1_2: 0.070766
 * Train Acc 80.140
 * Val Acc 79.700, Total time 0.29
 * Val loss 0.585, Total time 0.00
Epoch:10
LR: 5e-05
LR: 0.0005
LR: 0.00025
Itr		Time		  Data		  Loss		Acc
[0/157]	0.0703 (0.0703)	0.0090 (0.0090)	0.545 (0.545)	81.25 (81.25)
C-Flat stats | raw_grad: 4.063730 | g_0: 4.063730 | g_1: 4.610062 | g_2: 5.511001 | final: 4.610062 | e_w_0: 0.050000 | e_w_1_2: 0.081794
[100/157]	0.0991 (0.0935)	0.0117 (0.0107)	0.757 (0.543)	68.75 (82.46)
C-Flat stats | raw_grad: 4.917320 | g_0: 4.917320 | g_1: 5.610151 | g_2: 6.783869 | final: 5.610151 | e_w_0: 0.050000 | e_w_1_2: 0.087846
[156/157]	0.1278 (0.1004)	0.0033 (0.0107)	0.583 (0.549)	75.00 (82.20)
C-Flat stats | raw_grad: 7.505439 | g_0: 7.505439 | g_1: 11.194037 | g_2: 12.276056 | final: 11.194037 | e_w_0: 0.050000 | e_w_1_2: 0.096004
 * Train Acc 82.200
 * Val Acc 80.300, Total time 0.51
 * Val loss 0.556, Total time 0.00
Epoch:11
LR: 2.5e-05
LR: 0.00025
LR: 0.000125
Itr		Time		  Data		  Loss		Acc
[0/157]	0.1296 (0.1296)	0.0098 (0.0098)	0.540 (0.540)	87.50 (87.50)
C-Flat stats | raw_grad: 3.138432 | g_0: 3.138432 | g_1: 3.630485 | g_2: 4.068249 | final: 3.630485 | e_w_0: 0.050000 | e_w_1_2: 0.088645
[100/157]	0.1072 (0.1184)	0.0120 (0.0108)	0.558 (0.506)	81.25 (83.69)
C-Flat stats | raw_grad: 3.512372 | g_0: 3.512372 | g_1: 4.278371 | g_2: 4.917203 | final: 4.278371 | e_w_0: 0.050000 | e_w_1_2: 0.091974
[156/157]	0.1015 (0.1172)	0.0034 (0.0107)	0.570 (0.507)	87.50 (83.68)
C-Flat stats | raw_grad: 8.083770 | g_0: 8.083770 | g_1: 9.510422 | g_2: 11.869741 | final: 9.510422 | e_w_0: 0.050000 | e_w_1_2: 0.084125
 * Train Acc 83.680
 * Val Acc 80.500, Total time 0.65
 * Val loss 0.547, Total time 0.00
Epoch:12
LR: 2.5e-05
LR: 0.00025
LR: 0.000125
Itr		Time		  Data		  Loss		Acc
[0/157]	0.1289 (0.1289)	0.0095 (0.0095)	0.451 (0.451)	87.50 (87.50)
C-Flat stats | raw_grad: 3.470396 | g_0: 3.470396 | g_1: 4.674062 | g_2: 5.355927 | final: 4.674062 | e_w_0: 0.050000 | e_w_1_2: 0.095598
[100/157]	0.0766 (0.1045)	0.0097 (0.0103)	0.394 (0.499)	93.75 (84.28)
C-Flat stats | raw_grad: 3.601134 | g_0: 3.601134 | g_1: 4.888883 | g_2: 5.222114 | final: 4.888883 | e_w_0: 0.050000 | e_w_1_2: 0.095257
[156/157]	0.1063 (0.0985)	0.0028 (0.0099)	1.127 (0.490)	62.50 (84.70)
C-Flat stats | raw_grad: 11.230875 | g_0: 11.230875 | g_1: 12.678391 | g_2: 16.598593 | final: 12.678391 | e_w_0: 0.050000 | e_w_1_2: 0.083037
 * Train Acc 84.700
 * Val Acc 82.500, Total time 0.45
 * Val loss 0.523, Total time 0.00
Epoch:13
LR: 2.5e-05
LR: 0.00025
LR: 0.000125
Itr		Time		  Data		  Loss		Acc
[0/157]	0.0707 (0.0707)	0.0090 (0.0090)	0.565 (0.565)	81.25 (81.25)
C-Flat stats | raw_grad: 5.007415 | g_0: 5.007415 | g_1: 5.808758 | g_2: 7.156703 | final: 5.808758 | e_w_0: 0.050000 | e_w_1_2: 0.084451
[100/157]	0.0679 (0.0850)	0.0091 (0.0093)	0.578 (0.478)	81.25 (84.72)
C-Flat stats | raw_grad: 3.842824 | g_0: 3.842824 | g_1: 4.646672 | g_2: 5.361136 | final: 4.646672 | e_w_0: 0.050000 | e_w_1_2: 0.090314
[156/157]	0.0781 (0.0840)	0.0026 (0.0091)	0.719 (0.479)	62.50 (84.84)
C-Flat stats | raw_grad: 8.739038 | g_0: 8.739038 | g_1: 11.101009 | g_2: 13.555237 | final: 11.101009 | e_w_0: 0.050000 | e_w_1_2: 0.092682
 * Train Acc 84.840
 * Val Acc 80.100, Total time 0.44
 * Val loss 0.555, Total time 0.00
Epoch:14
LR: 2.5e-05
LR: 0.00025
LR: 0.000125
Itr		Time		  Data		  Loss		Acc
[0/157]	0.1037 (0.1037)	0.0095 (0.0095)	0.404 (0.404)	87.50 (87.50)
C-Flat stats | raw_grad: 2.978036 | g_0: 2.978036 | g_1: 3.794615 | g_2: 4.289279 | final: 3.794615 | e_w_0: 0.050000 | e_w_1_2: 0.093197
[100/157]	0.0844 (0.0850)	0.0085 (0.0093)	0.165 (0.459)	96.88 (85.77)
C-Flat stats | raw_grad: 1.542671 | g_0: 1.542671 | g_1: 2.501579 | g_2: 3.001371 | final: 2.501579 | e_w_0: 0.050000 | e_w_1_2: 0.098122
[156/157]	0.0583 (0.0840)	0.0029 (0.0092)	0.615 (0.459)	87.50 (85.64)
C-Flat stats | raw_grad: 8.909184 | g_0: 8.909184 | g_1: 12.145424 | g_2: 14.717896 | final: 12.145424 | e_w_0: 0.050000 | e_w_1_2: 0.093039
 * Train Acc 85.640
 * Val Acc 82.500, Total time 0.43
 * Val loss 0.512, Total time 0.00
Classifier Optimizer is reset!
reserving basis 6/27; cond: 344754.5, radio:6.336693331832066e-05
reserving basis 96/576; cond: 10716192.0, radio:4.2442785343155265e-05
reserving basis 223/576; cond: 853417.0625, radio:0.001085192314349115
reserving basis 244/576; cond: 1267420.375, radio:0.0007698708213865757
reserving basis 303/576; cond: 333812.75, radio:0.003437113482505083
reserving basis 313/576; cond: 618062.6875, radio:0.0018371784826740623
reserving basis 779/1152; cond: 447567.59375, radio:0.0058199078775942326
reserving basis 44/64; cond: 9961.87109375, radio:0.012134509161114693
reserving basis 848/1152; cond: 358242.875, radio:0.0071011739782989025
reserving basis 800/1152; cond: 370691.0, radio:0.007511129602789879
reserving basis 813/1152; cond: 471373.28125, radio:0.005507259629666805
reserving basis 1552/2304; cond: 951880.5625, radio:0.00511901406571269
reserving basis 98/128; cond: 18809.158203125, radio:0.01382849458605051
reserving basis 1576/2304; cond: 895432.4375, radio:0.005418436601758003
reserving basis 1504/2304; cond: 887595.875, radio:0.005208495073020458
reserving basis 51/2304; cond: 356347936.0, radio:6.626426625189197e-07
reserving basis 20/4608; cond: 423634075648.0, radio:1.6852257089805533e-10
reserving basis 197/256; cond: 53032.50390625, radio:0.01027058158069849
reserving basis 5/4608; cond: 1865048784896.0, radio:7.860487434563357e-12
reserving basis 4/4608; cond: 1593221054464.0, radio:6.625531286802433e-12
computing EWC
validation split name: 1
 * Val Acc 82.500, Total time 0.28
 * Val loss 0.512, Total time 0.00
**************************************************
training split name: 1
 * Val Acc 88.460, Total time 1.94
 * Val loss 0.374, Total time 0.00
**************************************************
====================== 2 =======================
Epoch:0
LR: 5e-05
LR: 0.001
LR: 0.0005
Itr		Time		  Data		  Loss		Acc
[0/157]	1.8545 (1.8545)	0.0101 (0.0101)	2.377 (2.377)	6.25 (6.25)
C-Flat stats | raw_grad: 2.657949 | g_0: 2.657949 | g_1: 2.833619 | g_2: 2.913519 | final: 2.833619 | e_w_0: 0.050000 | e_w_1_2: 0.089674
[100/157]	0.0692 (0.0934)	0.0089 (0.0092)	1.537 (1.829)	62.50 (36.36)
C-Flat stats | raw_grad: 3.297893 | g_0: 3.297893 | g_1: 3.495116 | g_2: 3.886527 | final: 3.495116 | e_w_0: 0.050000 | e_w_1_2: 0.080863
[156/157]	0.0634 (0.0885)	0.0033 (0.0092)	1.757 (1.746)	62.50 (39.04)
C-Flat stats | raw_grad: 6.343219 | g_0: 6.343219 | g_1: 6.552503 | g_2: 7.400757 | final: 6.552503 | e_w_0: 0.050000 | e_w_1_2: 0.074447
 * Train Acc 39.040
 * Val Acc 49.300, Total time 0.27
 * Val loss 1.478, Total time 0.00
Epoch:1
LR: 5e-05
LR: 0.001
LR: 0.0005
Itr		Time		  Data		  Loss		Acc
[0/157]	0.0698 (0.0698)	0.0087 (0.0087)	1.504 (1.504)	62.50 (62.50)
C-Flat stats | raw_grad: 3.891840 | g_0: 3.891840 | g_1: 4.287169 | g_2: 4.746569 | final: 4.287169 | e_w_0: 0.050000 | e_w_1_2: 0.086050
[100/157]	0.0972 (0.0785)	0.0090 (0.0095)	1.470 (1.549)	40.62 (46.63)
C-Flat stats | raw_grad: 3.794851 | g_0: 3.794851 | g_1: 4.065131 | g_2: 4.392404 | final: 4.065131 | e_w_0: 0.050000 | e_w_1_2: 0.081484
[156/157]	0.1165 (0.0862)	0.0033 (0.0095)	1.583 (1.531)	50.00 (47.62)
C-Flat stats | raw_grad: 6.861153 | g_0: 6.861153 | g_1: 7.770279 | g_2: 8.792669 | final: 7.770279 | e_w_0: 0.050000 | e_w_1_2: 0.087683
 * Train Acc 47.620
 * Val Acc 51.900, Total time 0.45
 * Val loss 1.406, Total time 0.00
Epoch:2
LR: 5e-05
LR: 0.001
LR: 0.0005
Itr		Time		  Data		  Loss		Acc
[0/157]	0.0878 (0.0878)	0.0090 (0.0090)	1.371 (1.371)	50.00 (50.00)
C-Flat stats | raw_grad: 3.508211 | g_0: 3.508211 | g_1: 3.868076 | g_2: 4.267702 | final: 3.868076 | e_w_0: 0.050000 | e_w_1_2: 0.085966
[100/157]	0.1143 (0.0976)	0.0111 (0.0099)	1.339 (1.481)	56.25 (49.04)
C-Flat stats | raw_grad: 3.643681 | g_0: 3.643681 | g_1: 4.083779 | g_2: 4.462565 | final: 4.083779 | e_w_0: 0.050000 | e_w_1_2: 0.088322
[156/157]	0.2624 (0.0981)	0.0026 (0.0095)	1.445 (1.476)	62.50 (49.50)
C-Flat stats | raw_grad: 8.168478 | g_0: 8.168478 | g_1: 9.896902 | g_2: 11.510059 | final: 9.896902 | e_w_0: 0.050000 | e_w_1_2: 0.088869
 * Train Acc 49.500
 * Val Acc 53.400, Total time 0.42
 * Val loss 1.345, Total time 0.00
Epoch:3
LR: 5e-05
LR: 0.001
LR: 0.0005
Itr		Time		  Data		  Loss		Acc
[0/157]	0.1027 (0.1027)	0.0086 (0.0086)	1.488 (1.488)	50.00 (50.00)
C-Flat stats | raw_grad: 4.297967 | g_0: 4.297967 | g_1: 4.636119 | g_2: 5.053098 | final: 4.636119 | e_w_0: 0.050000 | e_w_1_2: 0.083174
[100/157]	0.0744 (0.0947)	0.0087 (0.0091)	1.473 (1.464)	50.00 (49.78)
C-Flat stats | raw_grad: 4.296366 | g_0: 4.296366 | g_1: 4.626153 | g_2: 5.045494 | final: 4.626153 | e_w_0: 0.050000 | e_w_1_2: 0.083526
[156/157]	0.1034 (0.0961)	0.0026 (0.0091)	1.384 (1.451)	37.50 (50.28)
C-Flat stats | raw_grad: 7.224140 | g_0: 7.224140 | g_1: 8.396229 | g_2: 9.845002 | final: 8.396229 | e_w_0: 0.050000 | e_w_1_2: 0.087958
 * Train Acc 50.280
 * Val Acc 54.900, Total time 0.46
 * Val loss 1.319, Total time 0.00
Epoch:4
LR: 5e-05
LR: 0.001
LR: 0.0005
Itr		Time		  Data		  Loss		Acc
[0/157]	0.1075 (0.1075)	0.0091 (0.0091)	1.144 (1.144)	65.62 (65.62)
C-Flat stats | raw_grad: 3.567930 | g_0: 3.567930 | g_1: 3.899598 | g_2: 4.305426 | final: 3.899598 | e_w_0: 0.050000 | e_w_1_2: 0.084039
[100/157]	0.0987 (0.1033)	0.0103 (0.0094)	1.600 (1.411)	46.88 (51.67)
C-Flat stats | raw_grad: 4.180701 | g_0: 4.180701 | g_1: 4.494590 | g_2: 4.870172 | final: 4.494590 | e_w_0: 0.050000 | e_w_1_2: 0.081665
[156/157]	0.1068 (0.1016)	0.0037 (0.0094)	1.266 (1.419)	62.50 (51.48)
C-Flat stats | raw_grad: 7.542410 | g_0: 7.542410 | g_1: 8.503014 | g_2: 9.783478 | final: 8.503014 | e_w_0: 0.050000 | e_w_1_2: 0.082919
 * Train Acc 51.480
 * Val Acc 55.700, Total time 0.47
 * Val loss 1.302, Total time 0.00
Epoch:5
LR: 5e-05
LR: 0.001
LR: 0.0005
Itr		Time		  Data		  Loss		Acc
[0/157]	0.0969 (0.0969)	0.0100 (0.0100)	1.312 (1.312)	53.12 (53.12)
C-Flat stats | raw_grad: 4.504292 | g_0: 4.504292 | g_1: 4.952748 | g_2: 5.364961 | final: 4.952748 | e_w_0: 0.050000 | e_w_1_2: 0.085735
[100/157]	0.0925 (0.1006)	0.0095 (0.0101)	1.482 (1.365)	43.75 (53.68)
C-Flat stats | raw_grad: 4.205209 | g_0: 4.205209 | g_1: 4.569070 | g_2: 5.031938 | final: 4.569070 | e_w_0: 0.050000 | e_w_1_2: 0.084585
[156/157]	0.1085 (0.0996)	0.0025 (0.0097)	1.136 (1.380)	75.00 (52.74)
C-Flat stats | raw_grad: 6.450748 | g_0: 6.450748 | g_1: 7.318625 | g_2: 8.357469 | final: 7.318625 | e_w_0: 0.050000 | e_w_1_2: 0.083780
 * Train Acc 52.740
 * Val Acc 56.600, Total time 0.38
 * Val loss 1.275, Total time 0.00
Epoch:6
LR: 2.5e-05
LR: 0.0005
LR: 0.00025
Itr		Time		  Data		  Loss		Acc
[0/157]	0.1296 (0.1296)	0.0089 (0.0089)	1.287 (1.287)	59.38 (59.38)
C-Flat stats | raw_grad: 3.934232 | g_0: 3.934232 | g_1: 4.207606 | g_2: 4.557387 | final: 4.207606 | e_w_0: 0.050000 | e_w_1_2: 0.079097
[100/157]	0.0932 (0.0982)	0.0084 (0.0090)	1.553 (1.361)	50.00 (54.92)
C-Flat stats | raw_grad: 4.129976 | g_0: 4.129976 | g_1: 4.389455 | g_2: 4.709980 | final: 4.389455 | e_w_0: 0.050000 | e_w_1_2: 0.079621
[156/157]	0.0687 (0.0955)	0.0026 (0.0089)	1.379 (1.368)	50.00 (53.86)
C-Flat stats | raw_grad: 8.020217 | g_0: 8.020217 | g_1: 9.543057 | g_2: 10.854826 | final: 9.543057 | e_w_0: 0.050000 | e_w_1_2: 0.088910
 * Train Acc 53.860
 * Val Acc 56.400, Total time 0.39
 * Val loss 1.266, Total time 0.00
Epoch:7
LR: 2.5e-05
LR: 0.0005
LR: 0.00025
Itr		Time		  Data		  Loss		Acc
[0/157]	0.0669 (0.0669)	0.0086 (0.0086)	1.182 (1.182)	71.88 (71.88)
C-Flat stats | raw_grad: 4.464094 | g_0: 4.464094 | g_1: 4.852526 | g_2: 5.328717 | final: 4.852526 | e_w_0: 0.050000 | e_w_1_2: 0.079268
[100/157]	0.0971 (0.0936)	0.0137 (0.0091)	1.375 (1.370)	43.75 (54.39)
C-Flat stats | raw_grad: 4.105154 | g_0: 4.105154 | g_1: 4.510470 | g_2: 4.988145 | final: 4.510470 | e_w_0: 0.050000 | e_w_1_2: 0.085412
[156/157]	0.0757 (0.0948)	0.0028 (0.0091)	1.495 (1.368)	62.50 (53.58)
C-Flat stats | raw_grad: 7.853686 | g_0: 7.853686 | g_1: 9.004857 | g_2: 10.223326 | final: 9.004857 | e_w_0: 0.050000 | e_w_1_2: 0.085847
 * Train Acc 53.580
 * Val Acc 55.300, Total time 0.46
 * Val loss 1.268, Total time 0.00
Epoch:8
LR: 2.5e-05
LR: 0.0005
LR: 0.00025
Itr		Time		  Data		  Loss		Acc
[0/157]	0.1017 (0.1017)	0.0085 (0.0085)	1.344 (1.344)	50.00 (50.00)
C-Flat stats | raw_grad: 3.739784 | g_0: 3.739784 | g_1: 4.021035 | g_2: 4.272018 | final: 4.021035 | e_w_0: 0.050000 | e_w_1_2: 0.082453
[100/157]	0.1086 (0.0951)	0.0088 (0.0090)	1.154 (1.364)	68.75 (53.43)
C-Flat stats | raw_grad: 3.899240 | g_0: 3.899240 | g_1: 4.510491 | g_2: 5.041471 | final: 4.510491 | e_w_0: 0.050000 | e_w_1_2: 0.089640
[156/157]	0.0983 (0.0933)	0.0028 (0.0088)	1.490 (1.359)	62.50 (53.96)
C-Flat stats | raw_grad: 7.774434 | g_0: 7.774434 | g_1: 8.374077 | g_2: 9.337440 | final: 8.374077 | e_w_0: 0.050000 | e_w_1_2: 0.078470
 * Train Acc 53.960
 * Val Acc 56.500, Total time 0.36
 * Val loss 1.257, Total time 0.00
Epoch:9
LR: 2.5e-05
LR: 0.0005
LR: 0.00025
Itr		Time		  Data		  Loss		Acc
[0/157]	0.1026 (0.1026)	0.0086 (0.0086)	1.226 (1.226)	71.88 (71.88)
C-Flat stats | raw_grad: 3.807639 | g_0: 3.807639 | g_1: 4.222322 | g_2: 4.571795 | final: 4.222322 | e_w_0: 0.050000 | e_w_1_2: 0.086724
[100/157]	0.0730 (0.0942)	0.0087 (0.0090)	1.069 (1.358)	59.38 (55.17)
C-Flat stats | raw_grad: 3.716863 | g_0: 3.716863 | g_1: 4.212807 | g_2: 4.556937 | final: 4.212807 | e_w_0: 0.050000 | e_w_1_2: 0.088325
[156/157]	0.0932 (0.0939)	0.0028 (0.0089)	1.271 (1.355)	50.00 (54.88)
C-Flat stats | raw_grad: 7.962162 | g_0: 7.962162 | g_1: 9.410478 | g_2: 10.635182 | final: 9.410478 | e_w_0: 0.050000 | e_w_1_2: 0.089236
 * Train Acc 54.880
 * Val Acc 58.400, Total time 0.41
 * Val loss 1.238, Total time 0.00
Epoch:10
LR: 2.5e-05
LR: 0.0005
LR: 0.00025
Itr		Time		  Data		  Loss		Acc
[0/157]	0.1039 (0.1039)	0.0086 (0.0086)	1.220 (1.220)	68.75 (68.75)
C-Flat stats | raw_grad: 4.250723 | g_0: 4.250723 | g_1: 4.757629 | g_2: 5.248862 | final: 4.757629 | e_w_0: 0.050000 | e_w_1_2: 0.087543
[100/157]	0.0726 (0.0922)	0.0087 (0.0088)	1.509 (1.343)	46.88 (55.35)
C-Flat stats | raw_grad: 4.488509 | g_0: 4.488509 | g_1: 4.865165 | g_2: 5.468429 | final: 4.865165 | e_w_0: 0.050000 | e_w_1_2: 0.084334
[156/157]	0.1008 (0.0930)	0.0029 (0.0088)	1.474 (1.342)	37.50 (55.54)
C-Flat stats | raw_grad: 11.621997 | g_0: 11.621997 | g_1: 12.054406 | g_2: 11.629792 | final: 12.054406 | e_w_0: 0.050000 | e_w_1_2: 0.065049
 * Train Acc 55.540
 * Val Acc 58.200, Total time 0.46
 * Val loss 1.238, Total time 0.00
Epoch:11
LR: 1.25e-05
LR: 0.00025
LR: 0.000125
Itr		Time		  Data		  Loss		Acc
[0/157]	0.0695 (0.0695)	0.0086 (0.0086)	1.305 (1.305)	50.00 (50.00)
C-Flat stats | raw_grad: 4.249848 | g_0: 4.249848 | g_1: 4.665264 | g_2: 4.956188 | final: 4.665264 | e_w_0: 0.050000 | e_w_1_2: 0.086212
[100/157]	0.0658 (0.0922)	0.0084 (0.0088)	1.280 (1.334)	59.38 (55.72)
C-Flat stats | raw_grad: 4.358283 | g_0: 4.358283 | g_1: 4.927350 | g_2: 5.496274 | final: 4.927350 | e_w_0: 0.050000 | e_w_1_2: 0.087482
[156/157]	0.0929 (0.0906)	0.0030 (0.0089)	1.382 (1.330)	50.00 (56.06)
C-Flat stats | raw_grad: 7.898588 | g_0: 7.898588 | g_1: 8.887127 | g_2: 10.193684 | final: 8.887127 | e_w_0: 0.050000 | e_w_1_2: 0.082707
 * Train Acc 56.060
 * Val Acc 58.000, Total time 0.39
 * Val loss 1.225, Total time 0.00
Epoch:12
LR: 1.25e-05
LR: 0.00025
LR: 0.000125
Itr		Time		  Data		  Loss		Acc
[0/157]	0.0924 (0.0924)	0.0094 (0.0094)	1.368 (1.368)	56.25 (56.25)
C-Flat stats | raw_grad: 4.076733 | g_0: 4.076733 | g_1: 4.499290 | g_2: 4.940866 | final: 4.499290 | e_w_0: 0.050000 | e_w_1_2: 0.085923
[100/157]	0.0965 (0.0906)	0.0118 (0.0091)	1.637 (1.341)	31.25 (55.82)
C-Flat stats | raw_grad: 4.501833 | g_0: 4.501833 | g_1: 4.913882 | g_2: 5.373582 | final: 4.913882 | e_w_0: 0.050000 | e_w_1_2: 0.084647
[156/157]	0.0888 (0.0898)	0.0027 (0.0091)	2.040 (1.339)	12.50 (55.42)
C-Flat stats | raw_grad: 8.528065 | g_0: 8.528065 | g_1: 9.266306 | g_2: 10.423139 | final: 9.266306 | e_w_0: 0.050000 | e_w_1_2: 0.081200
 * Train Acc 55.420
 * Val Acc 58.300, Total time 0.38
 * Val loss 1.230, Total time 0.00
Epoch:13
LR: 1.25e-05
LR: 0.00025
LR: 0.000125
Itr		Time		  Data		  Loss		Acc
[0/157]	0.0847 (0.0847)	0.0088 (0.0088)	1.535 (1.535)	43.75 (43.75)
C-Flat stats | raw_grad: 4.259571 | g_0: 4.259571 | g_1: 4.746858 | g_2: 5.372352 | final: 4.746858 | e_w_0: 0.050000 | e_w_1_2: 0.086924
[100/157]	0.0699 (0.0767)	0.0089 (0.0092)	1.320 (1.319)	56.25 (55.63)
C-Flat stats | raw_grad: 4.153361 | g_0: 4.153361 | g_1: 4.602437 | g_2: 4.960889 | final: 4.602437 | e_w_0: 0.050000 | e_w_1_2: 0.087091
[156/157]	0.0627 (0.0754)	0.0025 (0.0090)	1.302 (1.322)	87.50 (56.42)
C-Flat stats | raw_grad: 8.792771 | g_0: 8.792771 | g_1: 10.712479 | g_2: 12.296851 | final: 10.712479 | e_w_0: 0.050000 | e_w_1_2: 0.090611
 * Train Acc 56.420
 * Val Acc 58.900, Total time 0.27
 * Val loss 1.223, Total time 0.00
Epoch:14
LR: 1.25e-05
LR: 0.00025
LR: 0.000125
Itr		Time		  Data		  Loss		Acc
[0/157]	0.0778 (0.0778)	0.0103 (0.0103)	1.328 (1.328)	59.38 (59.38)
C-Flat stats | raw_grad: 4.554511 | g_0: 4.554511 | g_1: 4.968997 | g_2: 5.522924 | final: 4.968997 | e_w_0: 0.050000 | e_w_1_2: 0.084310
[100/157]	0.0733 (0.0712)	0.0083 (0.0086)	1.460 (1.317)	40.62 (56.59)
C-Flat stats | raw_grad: 4.392390 | g_0: 4.392390 | g_1: 4.718512 | g_2: 4.989727 | final: 4.718512 | e_w_0: 0.050000 | e_w_1_2: 0.081751
[156/157]	0.0759 (0.0713)	0.0027 (0.0086)	1.142 (1.318)	50.00 (56.42)
C-Flat stats | raw_grad: 7.179813 | g_0: 7.179813 | g_1: 8.243791 | g_2: 9.038906 | final: 8.243791 | e_w_0: 0.050000 | e_w_1_2: 0.088261
 * Train Acc 56.420
 * Val Acc 59.000, Total time 0.28
 * Val loss 1.227, Total time 0.00
Classifier Optimizer is reset!
reserving basis 6/27; cond: 363733.59375, radio:6.114322604844347e-05
reserving basis 95/576; cond: 10298201.0, radio:4.359819649835117e-05
reserving basis 219/576; cond: 849156.875, radio:0.0010829820530489087
reserving basis 247/576; cond: 1201061.0, radio:0.0008154769893735647
reserving basis 295/576; cond: 343038.875, radio:0.003319431794807315
reserving basis 312/576; cond: 601659.875, radio:0.0018907379126176238
reserving basis 797/1152; cond: 411412.0625, radio:0.006364626344293356
reserving basis 43/64; cond: 9701.697265625, radio:0.011585519649088383
reserving basis 853/1152; cond: 345131.15625, radio:0.007460369262844324
reserving basis 798/1152; cond: 363496.1875, radio:0.007729488890618086
reserving basis 846/1152; cond: 408409.8125, radio:0.006397045683115721
reserving basis 1721/2304; cond: 697158.375, radio:0.00718110054731369
reserving basis 98/128; cond: 18469.125, radio:0.014136066660284996
reserving basis 1754/2304; cond: 631169.875, radio:0.007751815486699343
reserving basis 1680/2304; cond: 641675.6875, radio:0.007540499791502953
reserving basis 933/2304; cond: 2815718.0, radio:0.0011974642984569073
reserving basis 10/4608; cond: 2394897920.0, radio:1.605863531040086e-08
reserving basis 204/256; cond: 43633.58984375, radio:0.011960320174694061
reserving basis 3/4608; cond: 3233059072.0, radio:2.366837836831337e-09
reserving basis 2/4608; cond: 130737422336.0, radio:2.9906899873255455e-11
computing EWC
validation split name: 1
 * Val Acc 81.000, Total time 0.31
 * Val loss 0.566, Total time 0.00
**************************************************
training split name: 1
 * Val Acc 87.660, Total time 1.92
 * Val loss 0.379, Total time 0.00
**************************************************
validation split name: 2
 * Val Acc 59.000, Total time 0.28
 * Val loss 1.227, Total time 0.00
**************************************************
training split name: 2
 * Val Acc 57.500, Total time 1.99
 * Val loss 1.278, Total time 0.00
**************************************************
====================== 3 =======================
Epoch:0
LR: 5e-05
LR: 0.001
LR: 0.0005
Itr		Time		  Data		  Loss		Acc
[0/157]	0.5405 (0.5405)	0.0092 (0.0092)	2.373 (2.373)	3.12 (3.12)
C-Flat stats | raw_grad: 2.805072 | g_0: 2.805072 | g_1: 2.998162 | g_2: 3.089185 | final: 2.998162 | e_w_0: 0.050000 | e_w_1_2: 0.089376
[100/157]	0.0823 (0.0827)	0.0085 (0.0096)	1.479 (1.692)	50.00 (43.94)
C-Flat stats | raw_grad: 3.505898 | g_0: 3.505898 | g_1: 3.833052 | g_2: 4.170070 | final: 3.833052 | e_w_0: 0.050000 | e_w_1_2: 0.086033
[156/157]	0.1240 (0.0810)	0.0026 (0.0095)	1.870 (1.594)	25.00 (47.22)
C-Flat stats | raw_grad: 7.559838 | g_0: 7.559838 | g_1: 8.099179 | g_2: 9.146774 | final: 8.099179 | e_w_0: 0.050000 | e_w_1_2: 0.079431
 * Train Acc 47.220
 * Val Acc 57.900, Total time 0.26
 * Val loss 1.283, Total time 0.00
Epoch:1
LR: 5e-05
LR: 0.001
LR: 0.0005
Itr		Time		  Data		  Loss		Acc
[0/157]	0.0684 (0.0684)	0.0087 (0.0087)	1.228 (1.228)	62.50 (62.50)
C-Flat stats | raw_grad: 3.217241 | g_0: 3.217241 | g_1: 3.600996 | g_2: 4.025008 | final: 3.600996 | e_w_0: 0.050000 | e_w_1_2: 0.087346
[100/157]	0.1069 (0.0814)	0.0113 (0.0092)	1.261 (1.374)	59.38 (55.11)
C-Flat stats | raw_grad: 3.848747 | g_0: 3.848747 | g_1: 4.497446 | g_2: 5.130861 | final: 4.497446 | e_w_0: 0.050000 | e_w_1_2: 0.091804
[156/157]	0.0669 (0.0856)	0.0028 (0.0092)	1.044 (1.352)	75.00 (55.36)
C-Flat stats | raw_grad: 6.365406 | g_0: 6.365406 | g_1: 7.600611 | g_2: 8.759526 | final: 7.600611 | e_w_0: 0.050000 | e_w_1_2: 0.089978
 * Train Acc 55.360
 * Val Acc 58.300, Total time 0.44
 * Val loss 1.246, Total time 0.00
Epoch:2
LR: 5e-05
LR: 0.001
LR: 0.0005
Itr		Time		  Data		  Loss		Acc
[0/157]	0.0796 (0.0796)	0.0086 (0.0086)	1.115 (1.115)	62.50 (62.50)
C-Flat stats | raw_grad: 3.501327 | g_0: 3.501327 | g_1: 3.939973 | g_2: 4.427297 | final: 3.939973 | e_w_0: 0.050000 | e_w_1_2: 0.088351
[100/157]	0.1086 (0.0982)	0.0089 (0.0098)	1.139 (1.301)	62.50 (56.44)
C-Flat stats | raw_grad: 3.615916 | g_0: 3.615916 | g_1: 3.919286 | g_2: 4.281350 | final: 3.919286 | e_w_0: 0.050000 | e_w_1_2: 0.080471
[156/157]	0.0872 (0.0965)	0.0026 (0.0095)	1.161 (1.293)	75.00 (56.84)
C-Flat stats | raw_grad: 7.265242 | g_0: 7.265242 | g_1: 8.391327 | g_2: 10.505935 | final: 8.391327 | e_w_0: 0.050000 | e_w_1_2: 0.083119
 * Train Acc 56.840
 * Val Acc 61.800, Total time 0.43
 * Val loss 1.172, Total time 0.00
Epoch:3
LR: 5e-05
LR: 0.001
LR: 0.0005
Itr		Time		  Data		  Loss		Acc
[0/157]	0.0911 (0.0911)	0.0086 (0.0086)	1.267 (1.267)	46.88 (46.88)
C-Flat stats | raw_grad: 3.908843 | g_0: 3.908843 | g_1: 4.348887 | g_2: 4.705825 | final: 4.348887 | e_w_0: 0.050000 | e_w_1_2: 0.085707
[100/157]	0.1179 (0.0956)	0.0091 (0.0097)	1.358 (1.267)	56.25 (58.14)
C-Flat stats | raw_grad: 4.753226 | g_0: 4.753226 | g_1: 5.218632 | g_2: 6.043649 | final: 5.218632 | e_w_0: 0.050000 | e_w_1_2: 0.082594
[156/157]	0.1007 (0.0961)	0.0028 (0.0098)	1.332 (1.266)	50.00 (57.74)
C-Flat stats | raw_grad: 8.558599 | g_0: 8.558599 | g_1: 9.056059 | g_2: 10.482145 | final: 9.056059 | e_w_0: 0.050000 | e_w_1_2: 0.074513
 * Train Acc 57.740
 * Val Acc 61.100, Total time 0.38
 * Val loss 1.150, Total time 0.00
Epoch:4
LR: 5e-05
LR: 0.001
LR: 0.0005
Itr		Time		  Data		  Loss		Acc
[0/157]	0.0942 (0.0942)	0.0087 (0.0087)	1.077 (1.077)	68.75 (68.75)
C-Flat stats | raw_grad: 3.276497 | g_0: 3.276497 | g_1: 3.804821 | g_2: 4.218825 | final: 3.804821 | e_w_0: 0.050000 | e_w_1_2: 0.090410
[100/157]	0.0824 (0.0937)	0.0094 (0.0092)	1.124 (1.251)	59.38 (58.85)
C-Flat stats | raw_grad: 4.332833 | g_0: 4.332833 | g_1: 4.866238 | g_2: 5.338095 | final: 4.866238 | e_w_0: 0.050000 | e_w_1_2: 0.088037
[156/157]	0.0992 (0.0940)	0.0033 (0.0093)	1.255 (1.247)	50.00 (59.08)
C-Flat stats | raw_grad: 7.525920 | g_0: 7.525920 | g_1: 8.959826 | g_2: 10.161867 | final: 8.959826 | e_w_0: 0.050000 | e_w_1_2: 0.089726
 * Train Acc 59.080
 * Val Acc 61.200, Total time 0.42
 * Val loss 1.139, Total time 0.00
Epoch:5
LR: 5e-05
LR: 0.001
LR: 0.0005
Itr		Time		  Data		  Loss		Acc
[0/157]	0.0776 (0.0776)	0.0089 (0.0089)	1.236 (1.236)	56.25 (56.25)
C-Flat stats | raw_grad: 4.270926 | g_0: 4.270926 | g_1: 4.684174 | g_2: 5.223913 | final: 4.684174 | e_w_0: 0.050000 | e_w_1_2: 0.083986
[100/157]	0.1027 (0.0955)	0.0089 (0.0093)	1.583 (1.235)	53.12 (59.53)
C-Flat stats | raw_grad: 4.084375 | g_0: 4.084375 | g_1: 4.308963 | g_2: 4.837863 | final: 4.308963 | e_w_0: 0.050000 | e_w_1_2: 0.077968
[156/157]	0.0824 (0.0961)	0.0029 (0.0091)	1.616 (1.222)	25.00 (60.02)
C-Flat stats | raw_grad: 8.683644 | g_0: 8.683644 | g_1: 9.731503 | g_2: 11.537767 | final: 9.731503 | e_w_0: 0.050000 | e_w_1_2: 0.085733
 * Train Acc 60.020
 * Val Acc 62.400, Total time 0.47
 * Val loss 1.120, Total time 0.00
Epoch:6
LR: 2.5e-05
LR: 0.0005
LR: 0.00025
Itr		Time		  Data		  Loss		Acc
[0/157]	0.1010 (0.1010)	0.0089 (0.0089)	1.116 (1.116)	56.25 (56.25)
C-Flat stats | raw_grad: 4.349044 | g_0: 4.349044 | g_1: 4.957128 | g_2: 5.536966 | final: 4.957128 | e_w_0: 0.050000 | e_w_1_2: 0.086553
[100/157]	0.0900 (0.1005)	0.0085 (0.0091)	1.276 (1.215)	53.12 (60.46)
C-Flat stats | raw_grad: 4.606248 | g_0: 4.606248 | g_1: 5.125930 | g_2: 5.758760 | final: 5.125930 | e_w_0: 0.050000 | e_w_1_2: 0.086207
[156/157]	0.0653 (0.0977)	0.0028 (0.0091)	1.124 (1.211)	62.50 (60.48)
C-Flat stats | raw_grad: 7.600624 | g_0: 7.600624 | g_1: 10.720389 | g_2: 12.745408 | final: 10.720389 | e_w_0: 0.050000 | e_w_1_2: 0.093896
 * Train Acc 60.480
 * Val Acc 62.100, Total time 0.50
 * Val loss 1.119, Total time 0.00
Epoch:7
LR: 2.5e-05
LR: 0.0005
LR: 0.00025
Itr		Time		  Data		  Loss		Acc
[0/157]	0.0848 (0.0848)	0.0091 (0.0091)	0.923 (0.923)	71.88 (71.88)
C-Flat stats | raw_grad: 3.778425 | g_0: 3.778425 | g_1: 4.341733 | g_2: 4.871230 | final: 4.341733 | e_w_0: 0.050000 | e_w_1_2: 0.087647
[100/157]	0.1055 (0.0897)	0.0087 (0.0091)	0.912 (1.207)	75.00 (60.67)
C-Flat stats | raw_grad: 3.596939 | g_0: 3.596939 | g_1: 4.321176 | g_2: 4.849470 | final: 4.321176 | e_w_0: 0.050000 | e_w_1_2: 0.092145
[156/157]	0.0978 (0.0905)	0.0029 (0.0090)	0.858 (1.198)	87.50 (61.28)
C-Flat stats | raw_grad: 6.342319 | g_0: 6.342319 | g_1: 8.392507 | g_2: 9.998513 | final: 8.392507 | e_w_0: 0.050000 | e_w_1_2: 0.093447
 * Train Acc 61.280
 * Val Acc 63.000, Total time 0.41
 * Val loss 1.096, Total time 0.00
Epoch:8
LR: 2.5e-05
LR: 0.0005
LR: 0.00025
Itr		Time		  Data		  Loss		Acc
[0/157]	0.0937 (0.0937)	0.0087 (0.0087)	1.087 (1.087)	65.62 (65.62)
C-Flat stats | raw_grad: 3.974781 | g_0: 3.974781 | g_1: 4.459595 | g_2: 4.928819 | final: 4.459595 | e_w_0: 0.050000 | e_w_1_2: 0.085045
[100/157]	0.0989 (0.0919)	0.0087 (0.0089)	1.220 (1.208)	68.75 (60.30)
C-Flat stats | raw_grad: 4.684359 | g_0: 4.684359 | g_1: 5.368618 | g_2: 5.895468 | final: 5.368618 | e_w_0: 0.050000 | e_w_1_2: 0.090295
[156/157]	0.0999 (0.0897)	0.0028 (0.0089)	1.349 (1.198)	62.50 (60.58)
C-Flat stats | raw_grad: 9.655347 | g_0: 9.655347 | g_1: 10.036616 | g_2: 11.387639 | final: 10.036616 | e_w_0: 0.050000 | e_w_1_2: 0.066178
 * Train Acc 60.580
 * Val Acc 63.600, Total time 0.41
 * Val loss 1.104, Total time 0.00
Epoch:9
LR: 2.5e-05
LR: 0.0005
LR: 0.00025
Itr		Time		  Data		  Loss		Acc
[0/157]	0.0740 (0.0740)	0.0087 (0.0087)	1.447 (1.447)	50.00 (50.00)
C-Flat stats | raw_grad: 4.681851 | g_0: 4.681851 | g_1: 5.163013 | g_2: 5.960481 | final: 5.163013 | e_w_0: 0.050000 | e_w_1_2: 0.082440
[100/157]	0.0906 (0.0872)	0.0090 (0.0089)	1.281 (1.179)	50.00 (61.79)
C-Flat stats | raw_grad: 4.494224 | g_0: 4.494224 | g_1: 5.130024 | g_2: 5.865101 | final: 5.130024 | e_w_0: 0.050000 | e_w_1_2: 0.089236
[156/157]	0.0690 (0.0875)	0.0028 (0.0092)	1.242 (1.184)	62.50 (61.62)
C-Flat stats | raw_grad: 9.194278 | g_0: 9.194278 | g_1: 10.367424 | g_2: 11.903323 | final: 10.367424 | e_w_0: 0.050000 | e_w_1_2: 0.082775
 * Train Acc 61.620
 * Val Acc 62.900, Total time 0.44
 * Val loss 1.098, Total time 0.00
Epoch:10
LR: 2.5e-05
LR: 0.0005
LR: 0.00025
Itr		Time		  Data		  Loss		Acc
[0/157]	0.0829 (0.0829)	0.0089 (0.0089)	1.108 (1.108)	71.88 (71.88)
C-Flat stats | raw_grad: 3.826932 | g_0: 3.826932 | g_1: 4.310702 | g_2: 4.687839 | final: 4.310702 | e_w_0: 0.050000 | e_w_1_2: 0.086366
[100/157]	0.0842 (0.0876)	0.0091 (0.0091)	1.388 (1.174)	46.88 (61.45)
C-Flat stats | raw_grad: 4.685995 | g_0: 4.685995 | g_1: 5.118617 | g_2: 5.717752 | final: 5.118617 | e_w_0: 0.050000 | e_w_1_2: 0.082534
[156/157]	0.1061 (0.0894)	0.0034 (0.0091)	0.875 (1.168)	87.50 (62.08)
C-Flat stats | raw_grad: 5.500345 | g_0: 5.500345 | g_1: 7.075267 | g_2: 8.093759 | final: 7.075267 | e_w_0: 0.050000 | e_w_1_2: 0.094209
 * Train Acc 62.080
 * Val Acc 63.800, Total time 0.42
 * Val loss 1.083, Total time 0.00
Epoch:11
LR: 1.25e-05
LR: 0.00025
LR: 0.000125
Itr		Time		  Data		  Loss		Acc
[0/157]	0.0770 (0.0770)	0.0090 (0.0090)	1.342 (1.342)	56.25 (56.25)
C-Flat stats | raw_grad: 4.451603 | g_0: 4.451603 | g_1: 4.769304 | g_2: 5.495214 | final: 4.769304 | e_w_0: 0.050000 | e_w_1_2: 0.079703
[100/157]	0.0932 (0.0925)	0.0100 (0.0095)	1.297 (1.155)	46.88 (62.50)
C-Flat stats | raw_grad: 4.380161 | g_0: 4.380161 | g_1: 4.926331 | g_2: 5.560198 | final: 4.926331 | e_w_0: 0.050000 | e_w_1_2: 0.086620
[156/157]	0.0918 (0.0938)	0.0033 (0.0094)	1.561 (1.164)	50.00 (61.76)
C-Flat stats | raw_grad: 9.339254 | g_0: 9.339254 | g_1: 11.511555 | g_2: 13.729221 | final: 11.511555 | e_w_0: 0.050000 | e_w_1_2: 0.091129
 * Train Acc 61.760
 * Val Acc 63.700, Total time 0.46
 * Val loss 1.088, Total time 0.00
Epoch:12
LR: 1.25e-05
LR: 0.00025
LR: 0.000125
Itr		Time		  Data		  Loss		Acc
[0/157]	0.0785 (0.0785)	0.0086 (0.0086)	0.997 (0.997)	71.88 (71.88)
C-Flat stats | raw_grad: 4.112818 | g_0: 4.112818 | g_1: 4.814954 | g_2: 5.336976 | final: 4.814954 | e_w_0: 0.050000 | e_w_1_2: 0.088771
[100/157]	0.1205 (0.0868)	0.0138 (0.0095)	1.036 (1.158)	65.62 (62.25)
C-Flat stats | raw_grad: 3.809818 | g_0: 3.809818 | g_1: 4.542557 | g_2: 5.205776 | final: 4.542557 | e_w_0: 0.050000 | e_w_1_2: 0.091618
[156/157]	0.1167 (0.0893)	0.0029 (0.0095)	1.236 (1.163)	62.50 (61.78)
C-Flat stats | raw_grad: 7.134131 | g_0: 7.134131 | g_1: 8.098050 | g_2: 9.366933 | final: 8.098050 | e_w_0: 0.050000 | e_w_1_2: 0.085001
 * Train Acc 61.780
 * Val Acc 63.600, Total time 0.40
 * Val loss 1.075, Total time 0.00
Epoch:13
LR: 1.25e-05
LR: 0.00025
LR: 0.000125
Itr		Time		  Data		  Loss		Acc
[0/157]	0.0892 (0.0892)	0.0091 (0.0091)	1.132 (1.132)	59.38 (59.38)
C-Flat stats | raw_grad: 3.789475 | g_0: 3.789475 | g_1: 4.417242 | g_2: 5.135011 | final: 4.417242 | e_w_0: 0.050000 | e_w_1_2: 0.090774
[100/157]	0.0890 (0.0941)	0.0098 (0.0099)	1.050 (1.161)	65.62 (61.91)
C-Flat stats | raw_grad: 4.020702 | g_0: 4.020702 | g_1: 4.495651 | g_2: 5.229645 | final: 4.495651 | e_w_0: 0.050000 | e_w_1_2: 0.085276
[156/157]	0.0756 (0.0922)	0.0028 (0.0096)	1.771 (1.163)	25.00 (61.62)
C-Flat stats | raw_grad: 9.873045 | g_0: 9.873045 | g_1: 10.644594 | g_2: 12.121489 | final: 10.644594 | e_w_0: 0.050000 | e_w_1_2: 0.078576
 * Train Acc 61.620
 * Val Acc 64.200, Total time 0.27
 * Val loss 1.065, Total time 0.00
Epoch:14
LR: 1.25e-05
LR: 0.00025
LR: 0.000125
Itr		Time		  Data		  Loss		Acc
[0/157]	0.0770 (0.0770)	0.0086 (0.0086)	1.215 (1.215)	68.75 (68.75)
C-Flat stats | raw_grad: 3.806525 | g_0: 3.806525 | g_1: 4.137346 | g_2: 4.443317 | final: 4.137346 | e_w_0: 0.050000 | e_w_1_2: 0.082906
[100/157]	0.0688 (0.0777)	0.0097 (0.0092)	1.050 (1.164)	68.75 (61.70)
C-Flat stats | raw_grad: 3.656641 | g_0: 3.656641 | g_1: 4.124723 | g_2: 4.729947 | final: 4.124723 | e_w_0: 0.050000 | e_w_1_2: 0.085391
[156/157]	0.0622 (0.0760)	0.0028 (0.0091)	1.220 (1.158)	62.50 (61.96)
C-Flat stats | raw_grad: 8.720852 | g_0: 8.720852 | g_1: 10.638063 | g_2: 12.038057 | final: 10.638063 | e_w_0: 0.050000 | e_w_1_2: 0.091939
 * Train Acc 61.960
 * Val Acc 64.000, Total time 0.27
 * Val loss 1.072, Total time 0.00
Classifier Optimizer is reset!
reserving basis 5/27; cond: 396635.0625, radio:3.821456266450696e-05
reserving basis 91/576; cond: 11178653.0, radio:3.818138429778628e-05
reserving basis 210/576; cond: 916137.125, radio:0.0009745626011863351
reserving basis 245/576; cond: 1240432.125, radio:0.0007823036867193878
reserving basis 296/576; cond: 346066.09375, radio:0.0032806938979774714
reserving basis 312/576; cond: 614866.6875, radio:0.0018621317576617002
reserving basis 786/1152; cond: 430557.84375, radio:0.006104209925979376
reserving basis 44/64; cond: 9876.1806640625, radio:0.012424060143530369
reserving basis 848/1152; cond: 349154.25, radio:0.007324152160435915
reserving basis 785/1152; cond: 377405.53125, radio:0.007459275424480438
reserving basis 844/1152; cond: 409430.90625, radio:0.0063719539903104305
reserving basis 1758/2304; cond: 649607.4375, radio:0.007693045772612095
reserving basis 98/128; cond: 17951.189453125, radio:0.014234806410968304
reserving basis 1798/2304; cond: 572617.9375, radio:0.008401557803153992
reserving basis 1726/2304; cond: 589466.3125, radio:0.00822664238512516
reserving basis 1323/2304; cond: 1486592.75, radio:0.003001383738592267
reserving basis 1031/4608; cond: 12751769.0, radio:0.0002627342473715544
reserving basis 206/256; cond: 41216.62890625, radio:0.012406768277287483
reserving basis 562/4608; cond: 22811276.0, radio:9.276509808842093e-05
reserving basis 459/4608; cond: 40187124.0, radio:3.9264821680262685e-05
computing EWC
validation split name: 1
 * Val Acc 80.900, Total time 0.34
 * Val loss 0.577, Total time 0.00
**************************************************
training split name: 1
 * Val Acc 86.800, Total time 1.85
 * Val loss 0.397, Total time 0.00
**************************************************
validation split name: 2
 * Val Acc 57.100, Total time 0.27
 * Val loss 1.248, Total time 0.00
**************************************************
training split name: 2
 * Val Acc 55.020, Total time 2.00
 * Val loss 1.292, Total time 0.00
**************************************************
validation split name: 3
 * Val Acc 64.000, Total time 0.28
 * Val loss 1.072, Total time 0.00
**************************************************
training split name: 3
 * Val Acc 64.300, Total time 2.57
 * Val loss 1.097, Total time 0.00
**************************************************
OrderedDict([('1', OrderedDict([('1', 82.5), ('2', 81.0), ('3', 80.9)])), ('2', OrderedDict([('2', 59.0), ('3', 57.1)])), ('3', OrderedDict([('3', 64.0)]))])
Task 1 average acc: 82.5
Task 1 backward transfer: 0
Task 2 average acc: 70.0
Task 2 backward transfer: -1.5
Task 3 average acc: 67.33333333333333
Task 3 backward transfer: -1.7499999999999964
===Summary of experiment repeats: 1 / 1 ===
The last avg acc of all repeats: [67.33333333]
The last bwt of all repeats: [-1.75]
acc mean: 67.33333333333333 acc std: 0.0
bwt mean: -1.7499999999999964 bwt std: 0.0
