Files already downloaded and verified
Files already downloaded and verified
split_boundaries: [0, 10, 20, 30, 40, 50, 60, 70, 80, 90, 100]
{'1': [0, 1, 2, 3, 4, 5, 6, 7, 8, 9], '2': [10, 11, 12, 13, 14, 15, 16, 17, 18, 19], '3': [20, 21, 22, 23, 24, 25, 26, 27, 28, 29], '4': [30, 31, 32, 33, 34, 35, 36, 37, 38, 39], '5': [40, 41, 42, 43, 44, 45, 46, 47, 48, 49], '6': [50, 51, 52, 53, 54, 55, 56, 57, 58, 59], '7': [60, 61, 62, 63, 64, 65, 66, 67, 68, 69], '8': [70, 71, 72, 73, 74, 75, 76, 77, 78, 79], '9': [80, 81, 82, 83, 84, 85, 86, 87, 88, 89], '10': [90, 91, 92, 93, 94, 95, 96, 97, 98, 99]}
{'model_lr': 0.0001, 'momentum': 0, 'model_weight_decay': 5e-05, 'schedule': [5, 10, 15], 'model_type': 'resnet', 'model_name': 'resnet18', 'model_weights': None, 'out_dim': {'1': 10, '2': 10, '3': 10, '4': 10, '5': 10, '6': 10, '7': 10, '8': 10, '9': 10, '10': 10}, 'model_optimizer': 'Adam', 'print_freq': 100.0, 'gpu': True, 'with_head': False, 'reset_model_opt': True, 'reg_coef': 100.0, 'head_lr': 0.001, 'svd_lr': 5e-05, 'bn_lr': 0.0005, 'svd_thres': 10.0, 'gamma': 0.5, 'dataset_name': 'CIFAR100_10_10', 'use_cflat': True, 'cflat_rho': 0.05, 'cflat_lambda': 0.05, 'cflat_eps': 1e-12, 'cflat_adaptive': False, 'cflat_bn_mode': 'disable_running_stats', 'cflat_on_total_loss': False, 'cflat_debug': False, 'max_train_batches': 0, 'max_eval_batches': 0}
#param of model:11218340
Task order: ['1', '2', '3']
====================== 1 =======================
Epoch:0
LR: 0.0001
LR: 0.001
LR: 0.0005
Itr		Time		  Data		  Loss		Acc
[0/157]	0.6945 (0.6945)	0.0677 (0.0677)	2.446 (2.446)	3.12 (3.12)
[100/157]	0.0674 (0.0748)	0.0092 (0.0100)	1.985 (1.900)	31.25 (33.23)
[156/157]	0.1923 (0.0745)	0.0055 (0.0099)	2.052 (1.810)	25.00 (37.06)
 * Train Acc 37.060
 * Val Acc 46.300, Total time 0.31
 * Val loss 1.559, Total time 0.00
Epoch:1
LR: 0.0001
LR: 0.001
LR: 0.0005
Itr		Time		  Data		  Loss		Acc
[0/157]	0.0681 (0.0681)	0.0091 (0.0091)	1.689 (1.689)	50.00 (50.00)
[100/157]	0.0601 (0.0680)	0.0085 (0.0091)	1.317 (1.510)	53.12 (48.98)
[156/157]	0.0614 (0.0683)	0.0033 (0.0091)	0.912 (1.470)	62.50 (50.12)
 * Train Acc 50.120
 * Val Acc 58.900, Total time 0.30
 * Val loss 1.217, Total time 0.00
Epoch:2
LR: 0.0001
LR: 0.001
LR: 0.0005
Itr		Time		  Data		  Loss		Acc
[0/157]	0.0767 (0.0767)	0.0093 (0.0093)	1.210 (1.210)	59.38 (59.38)
[100/157]	0.0769 (0.0726)	0.0087 (0.0096)	1.279 (1.281)	46.88 (58.88)
[156/157]	0.0729 (0.0726)	0.0026 (0.0093)	1.076 (1.282)	75.00 (58.22)
 * Train Acc 58.220
 * Val Acc 61.500, Total time 0.29
 * Val loss 1.081, Total time 0.00
Epoch:3
LR: 0.0001
LR: 0.001
LR: 0.0005
Itr		Time		  Data		  Loss		Acc
[0/157]	0.0710 (0.0710)	0.0089 (0.0089)	1.389 (1.389)	50.00 (50.00)
[100/157]	0.0675 (0.0704)	0.0093 (0.0092)	1.257 (1.119)	56.25 (61.97)
[156/157]	0.0717 (0.0700)	0.0028 (0.0091)	1.214 (1.108)	75.00 (62.92)
 * Train Acc 62.920
 * Val Acc 67.400, Total time 0.30
 * Val loss 0.951, Total time 0.00
Epoch:4
LR: 0.0001
LR: 0.001
LR: 0.0005
Itr		Time		  Data		  Loss		Acc
[0/157]	0.0682 (0.0682)	0.0088 (0.0088)	1.064 (1.064)	62.50 (62.50)
[100/157]	0.0791 (0.0720)	0.0090 (0.0093)	1.049 (1.004)	59.38 (66.18)
[156/157]	0.0665 (0.0732)	0.0028 (0.0092)	0.951 (0.982)	75.00 (66.80)
 * Train Acc 66.800
 * Val Acc 72.300, Total time 0.30
 * Val loss 0.842, Total time 0.00
Epoch:5
LR: 0.0001
LR: 0.001
LR: 0.0005
Itr		Time		  Data		  Loss		Acc
[0/157]	0.0674 (0.0674)	0.0092 (0.0092)	0.797 (0.797)	71.88 (71.88)
[100/157]	0.0864 (0.0697)	0.0119 (0.0090)	0.861 (0.844)	68.75 (72.52)
[156/157]	0.0639 (0.0721)	0.0027 (0.0093)	0.804 (0.825)	62.50 (73.12)
 * Train Acc 73.120
 * Val Acc 73.800, Total time 0.30
 * Val loss 0.741, Total time 0.00
Epoch:6
LR: 5e-05
LR: 0.0005
LR: 0.00025
Itr		Time		  Data		  Loss		Acc
[0/157]	0.0678 (0.0678)	0.0089 (0.0089)	0.707 (0.707)	81.25 (81.25)
[100/157]	0.0829 (0.0733)	0.0091 (0.0093)	0.687 (0.748)	78.12 (75.71)
[156/157]	0.0657 (0.0725)	0.0027 (0.0092)	0.676 (0.752)	75.00 (75.28)
 * Train Acc 75.280
 * Val Acc 75.600, Total time 0.29
 * Val loss 0.722, Total time 0.00
Epoch:7
LR: 5e-05
LR: 0.0005
LR: 0.00025
Itr		Time		  Data		  Loss		Acc
[0/157]	0.0741 (0.0741)	0.0092 (0.0092)	0.623 (0.623)	81.25 (81.25)
[100/157]	0.0683 (0.0716)	0.0087 (0.0091)	0.640 (0.673)	78.12 (78.09)
[156/157]	0.0598 (0.0712)	0.0027 (0.0090)	0.972 (0.695)	87.50 (77.64)
 * Train Acc 77.640
 * Val Acc 76.300, Total time 0.30
 * Val loss 0.656, Total time 0.00
Epoch:8
LR: 5e-05
LR: 0.0005
LR: 0.00025
Itr		Time		  Data		  Loss		Acc
[0/157]	0.0670 (0.0670)	0.0089 (0.0089)	0.770 (0.770)	71.88 (71.88)
[100/157]	0.0901 (0.0722)	0.0088 (0.0091)	0.441 (0.661)	96.88 (77.72)
[156/157]	0.0672 (0.0718)	0.0026 (0.0090)	1.147 (0.655)	75.00 (78.46)
 * Train Acc 78.460
 * Val Acc 78.000, Total time 0.29
 * Val loss 0.626, Total time 0.00
Epoch:9
LR: 5e-05
LR: 0.0005
LR: 0.00025
Itr		Time		  Data		  Loss		Acc
[0/157]	0.0710 (0.0710)	0.0089 (0.0089)	0.666 (0.666)	75.00 (75.00)
[100/157]	0.0698 (0.0733)	0.0089 (0.0093)	0.570 (0.615)	75.00 (79.83)
[156/157]	0.0701 (0.0717)	0.0030 (0.0092)	1.095 (0.620)	62.50 (79.78)
 * Train Acc 79.780
 * Val Acc 78.900, Total time 0.32
 * Val loss 0.599, Total time 0.00
Epoch:10
LR: 5e-05
LR: 0.0005
LR: 0.00025
Itr		Time		  Data		  Loss		Acc
[0/157]	0.0965 (0.0965)	0.0089 (0.0089)	0.526 (0.526)	87.50 (87.50)
[100/157]	0.0608 (0.0705)	0.0088 (0.0093)	0.758 (0.552)	68.75 (82.21)
[156/157]	0.0668 (0.0692)	0.0027 (0.0092)	0.622 (0.559)	75.00 (81.78)
 * Train Acc 81.780
 * Val Acc 80.400, Total time 0.27
 * Val loss 0.568, Total time 0.00
Epoch:11
LR: 2.5e-05
LR: 0.00025
LR: 0.000125
Itr		Time		  Data		  Loss		Acc
[0/157]	0.0666 (0.0666)	0.0088 (0.0088)	0.547 (0.547)	87.50 (87.50)
[100/157]	0.0656 (0.0648)	0.0094 (0.0088)	0.562 (0.516)	78.12 (83.42)
[156/157]	0.0636 (0.0662)	0.0027 (0.0089)	0.564 (0.518)	87.50 (83.42)
 * Train Acc 83.420
 * Val Acc 80.400, Total time 0.28
 * Val loss 0.554, Total time 0.00
Epoch:12
LR: 2.5e-05
LR: 0.00025
LR: 0.000125
Itr		Time		  Data		  Loss		Acc
[0/157]	0.0695 (0.0695)	0.0096 (0.0096)	0.444 (0.444)	84.38 (84.38)
[100/157]	0.0636 (0.0678)	0.0090 (0.0091)	0.413 (0.508)	90.62 (83.97)
[156/157]	0.0594 (0.0674)	0.0027 (0.0091)	1.173 (0.499)	62.50 (84.28)
 * Train Acc 84.280
 * Val Acc 82.200, Total time 0.27
 * Val loss 0.534, Total time 0.00
Epoch:13
LR: 2.5e-05
LR: 0.00025
LR: 0.000125
Itr		Time		  Data		  Loss		Acc
[0/157]	0.0666 (0.0666)	0.0088 (0.0088)	0.544 (0.544)	84.38 (84.38)
[100/157]	0.0670 (0.0671)	0.0087 (0.0088)	0.593 (0.485)	78.12 (84.38)
[156/157]	0.0596 (0.0668)	0.0026 (0.0088)	0.736 (0.485)	62.50 (84.48)
 * Train Acc 84.480
 * Val Acc 80.400, Total time 0.27
 * Val loss 0.557, Total time 0.00
Epoch:14
LR: 2.5e-05
LR: 0.00025
LR: 0.000125
Itr		Time		  Data		  Loss		Acc
[0/157]	0.0640 (0.0640)	0.0088 (0.0088)	0.413 (0.413)	87.50 (87.50)
[100/157]	0.0703 (0.0668)	0.0090 (0.0089)	0.164 (0.465)	100.00 (86.11)
[156/157]	0.0676 (0.0664)	0.0025 (0.0088)	0.626 (0.466)	87.50 (85.76)
 * Train Acc 85.760
 * Val Acc 82.100, Total time 0.27
 * Val loss 0.525, Total time 0.00
Classifier Optimizer is reset!
reserving basis 6/27; cond: 344754.5, radio:6.336693331832066e-05
reserving basis 99/576; cond: 10322343.0, radio:4.461011121748015e-05
reserving basis 245/576; cond: 751000.25, radio:0.0013068451080471277
reserving basis 255/576; cond: 1184352.625, radio:0.0008390561561100185
reserving basis 294/576; cond: 355191.6875, radio:0.003153360914438963
reserving basis 314/576; cond: 624446.4375, radio:0.001826035906560719
reserving basis 768/1152; cond: 469296.0625, radio:0.0055556511506438255
reserving basis 43/64; cond: 10825.55078125, radio:0.011200698092579842
reserving basis 835/1152; cond: 389791.15625, radio:0.006608678959310055
reserving basis 834/1152; cond: 334021.71875, radio:0.008136427029967308
reserving basis 811/1152; cond: 485234.59375, radio:0.005333151668310165
reserving basis 1559/2304; cond: 971545.4375, radio:0.005013611167669296
reserving basis 99/128; cond: 18592.9609375, radio:0.01415946613997221
reserving basis 1567/2304; cond: 923796.5, radio:0.0052457042038440704
reserving basis 1555/2304; cond: 828261.375, radio:0.005509817507117987
reserving basis 1/2304; cond: 2526534400.0, radio:2.955561351214442e-10
reserving basis 1/4608; cond: 5561237110784.0, radio:1.1025854301837182e-13
reserving basis 197/256; cond: 53772.47265625, radio:0.01017062272876501
reserving basis 6/4608; cond: 1582068793344.0, radio:1.4378376961277084e-11
reserving basis 7/4608; cond: 1959791296512.0, radio:9.408324813664493e-12
computing EWC
validation split name: 1
 * Val Acc 82.100, Total time 0.30
 * Val loss 0.525, Total time 0.00
**************************************************
training split name: 1
 * Val Acc 88.120, Total time 1.94
 * Val loss 0.381, Total time 0.00
**************************************************
====================== 2 =======================
Epoch:0
LR: 5e-05
LR: 0.001
LR: 0.0005
Itr		Time		  Data		  Loss		Acc
[0/157]	0.1001 (0.1001)	0.0091 (0.0091)	2.407 (2.407)	3.12 (3.12)
[100/157]	0.0834 (0.0852)	0.0088 (0.0092)	1.565 (1.838)	59.38 (35.49)
[156/157]	0.0813 (0.0838)	0.0027 (0.0091)	1.734 (1.754)	62.50 (38.16)
 * Train Acc 38.160
 * Val Acc 49.100, Total time 0.31
 * Val loss 1.484, Total time 0.00
Epoch:1
LR: 5e-05
LR: 0.001
LR: 0.0005
Itr		Time		  Data		  Loss		Acc
[0/157]	0.0770 (0.0770)	0.0087 (0.0087)	1.533 (1.533)	62.50 (62.50)
[100/157]	0.0801 (0.0825)	0.0086 (0.0088)	1.476 (1.554)	37.50 (46.23)
[156/157]	0.0718 (0.0834)	0.0026 (0.0088)	1.551 (1.535)	50.00 (47.28)
 * Train Acc 47.280
 * Val Acc 51.500, Total time 0.29
 * Val loss 1.409, Total time 0.00
Epoch:2
LR: 5e-05
LR: 0.001
LR: 0.0005
Itr		Time		  Data		  Loss		Acc
[0/157]	0.0848 (0.0848)	0.0086 (0.0086)	1.394 (1.394)	56.25 (56.25)
[100/157]	0.0742 (0.0822)	0.0086 (0.0089)	1.356 (1.485)	53.12 (48.45)
[156/157]	0.0712 (0.0827)	0.0025 (0.0089)	1.421 (1.479)	62.50 (49.10)
 * Train Acc 49.100
 * Val Acc 53.200, Total time 0.29
 * Val loss 1.346, Total time 0.00
Epoch:3
LR: 5e-05
LR: 0.001
LR: 0.0005
Itr		Time		  Data		  Loss		Acc
[0/157]	0.0737 (0.0737)	0.0087 (0.0087)	1.518 (1.518)	46.88 (46.88)
[100/157]	0.1091 (0.0862)	0.0089 (0.0094)	1.471 (1.467)	46.88 (49.91)
[156/157]	0.0720 (0.0868)	0.0029 (0.0093)	1.356 (1.452)	50.00 (50.68)
 * Train Acc 50.680
 * Val Acc 54.800, Total time 0.30
 * Val loss 1.319, Total time 0.00
Epoch:4
LR: 5e-05
LR: 0.001
LR: 0.0005
Itr		Time		  Data		  Loss		Acc
[0/157]	0.0706 (0.0706)	0.0089 (0.0089)	1.163 (1.163)	62.50 (62.50)
[100/157]	0.1032 (0.0814)	0.0109 (0.0091)	1.640 (1.411)	46.88 (51.64)
[156/157]	0.0693 (0.0840)	0.0026 (0.0093)	1.208 (1.419)	62.50 (51.40)
 * Train Acc 51.400
 * Val Acc 55.700, Total time 0.27
 * Val loss 1.301, Total time 0.00
Epoch:5
LR: 5e-05
LR: 0.001
LR: 0.0005
Itr		Time		  Data		  Loss		Acc
[0/157]	0.0840 (0.0840)	0.0096 (0.0096)	1.324 (1.324)	53.12 (53.12)
[100/157]	0.0735 (0.0803)	0.0089 (0.0093)	1.479 (1.362)	50.00 (54.12)
[156/157]	0.0739 (0.0798)	0.0026 (0.0091)	1.150 (1.379)	75.00 (53.12)
 * Train Acc 53.120
 * Val Acc 56.700, Total time 0.27
 * Val loss 1.276, Total time 0.00
Epoch:6
LR: 2.5e-05
LR: 0.0005
LR: 0.00025
Itr		Time		  Data		  Loss		Acc
[0/157]	0.0750 (0.0750)	0.0088 (0.0088)	1.286 (1.286)	65.62 (65.62)
[100/157]	0.0692 (0.0756)	0.0087 (0.0089)	1.527 (1.362)	46.88 (54.76)
[156/157]	0.0782 (0.0770)	0.0026 (0.0089)	1.353 (1.368)	50.00 (54.04)
 * Train Acc 54.040
 * Val Acc 56.200, Total time 0.27
 * Val loss 1.266, Total time 0.00
Epoch:7
LR: 2.5e-05
LR: 0.0005
LR: 0.00025
Itr		Time		  Data		  Loss		Acc
[0/157]	0.0896 (0.0896)	0.0095 (0.0095)	1.191 (1.191)	68.75 (68.75)
[100/157]	0.0757 (0.0827)	0.0103 (0.0095)	1.374 (1.368)	43.75 (54.42)
[156/157]	0.0709 (0.0810)	0.0027 (0.0092)	1.464 (1.368)	62.50 (53.48)
 * Train Acc 53.480
 * Val Acc 55.900, Total time 0.26
 * Val loss 1.266, Total time 0.00
Epoch:8
LR: 2.5e-05
LR: 0.0005
LR: 0.00025
Itr		Time		  Data		  Loss		Acc
[0/157]	0.0786 (0.0786)	0.0087 (0.0087)	1.339 (1.339)	46.88 (46.88)
[100/157]	0.0788 (0.0825)	0.0099 (0.0094)	1.155 (1.364)	71.88 (53.77)
[156/157]	0.0686 (0.0814)	0.0025 (0.0092)	1.507 (1.359)	62.50 (54.22)
 * Train Acc 54.220
 * Val Acc 57.000, Total time 0.27
 * Val loss 1.254, Total time 0.00
Epoch:9
LR: 2.5e-05
LR: 0.0005
LR: 0.00025
Itr		Time		  Data		  Loss		Acc
[0/157]	0.0726 (0.0726)	0.0088 (0.0088)	1.217 (1.217)	71.88 (71.88)
[100/157]	0.0838 (0.0861)	0.0093 (0.0101)	1.058 (1.353)	62.50 (55.26)
[156/157]	0.0809 (0.0863)	0.0036 (0.0101)	1.304 (1.354)	50.00 (54.88)
 * Train Acc 54.880
 * Val Acc 58.500, Total time 0.32
 * Val loss 1.239, Total time 0.00
Epoch:10
LR: 2.5e-05
LR: 0.0005
LR: 0.00025
Itr		Time		  Data		  Loss		Acc
[0/157]	0.0946 (0.0946)	0.0090 (0.0090)	1.224 (1.224)	65.62 (65.62)
[100/157]	0.0952 (0.0836)	0.0090 (0.0091)	1.513 (1.342)	46.88 (55.63)
[156/157]	0.0777 (0.0852)	0.0039 (0.0093)	1.492 (1.340)	25.00 (55.74)
 * Train Acc 55.740
 * Val Acc 58.800, Total time 0.29
 * Val loss 1.238, Total time 0.00
Epoch:11
LR: 1.25e-05
LR: 0.00025
LR: 0.000125
Itr		Time		  Data		  Loss		Acc
[0/157]	0.0910 (0.0910)	0.0087 (0.0087)	1.334 (1.334)	50.00 (50.00)
[100/157]	0.0882 (0.0865)	0.0093 (0.0096)	1.259 (1.331)	62.50 (55.41)
[156/157]	0.0682 (0.0851)	0.0029 (0.0096)	1.386 (1.329)	37.50 (55.80)
 * Train Acc 55.800
 * Val Acc 58.000, Total time 0.29
 * Val loss 1.226, Total time 0.00
Epoch:12
LR: 1.25e-05
LR: 0.00025
LR: 0.000125
Itr		Time		  Data		  Loss		Acc
[0/157]	0.0820 (0.0820)	0.0092 (0.0092)	1.380 (1.380)	50.00 (50.00)
[100/157]	0.0781 (0.0826)	0.0087 (0.0091)	1.619 (1.345)	37.50 (55.41)
[156/157]	0.0789 (0.0827)	0.0028 (0.0091)	2.089 (1.339)	25.00 (55.34)
 * Train Acc 55.340
 * Val Acc 58.700, Total time 0.30
 * Val loss 1.230, Total time 0.00
Epoch:13
LR: 1.25e-05
LR: 0.00025
LR: 0.000125
Itr		Time		  Data		  Loss		Acc
[0/157]	0.1019 (0.1019)	0.0093 (0.0093)	1.516 (1.516)	50.00 (50.00)
[100/157]	0.0989 (0.0802)	0.0089 (0.0089)	1.315 (1.317)	50.00 (56.37)
[156/157]	0.0681 (0.0802)	0.0029 (0.0089)	1.379 (1.322)	50.00 (56.42)
 * Train Acc 56.420
 * Val Acc 58.200, Total time 0.29
 * Val loss 1.223, Total time 0.00
Epoch:14
LR: 1.25e-05
LR: 0.00025
LR: 0.000125
Itr		Time		  Data		  Loss		Acc
[0/157]	0.0740 (0.0740)	0.0090 (0.0090)	1.312 (1.312)	53.12 (53.12)
[100/157]	0.0851 (0.0812)	0.0098 (0.0093)	1.429 (1.317)	43.75 (56.00)
[156/157]	0.0741 (0.0811)	0.0028 (0.0092)	1.116 (1.318)	62.50 (56.24)
 * Train Acc 56.240
 * Val Acc 59.200, Total time 0.31
 * Val loss 1.228, Total time 0.00
Classifier Optimizer is reset!
reserving basis 6/27; cond: 363733.59375, radio:6.114322604844347e-05
reserving basis 96/576; cond: 10160865.0, radio:4.42583768744953e-05
reserving basis 241/576; cond: 746390.5, radio:0.0013047043466940522
reserving basis 255/576; cond: 1140256.5, radio:0.0008674267446622252
reserving basis 287/576; cond: 366003.46875, radio:0.0030639127362519503
reserving basis 315/576; cond: 603329.375, radio:0.0019041794585064054
reserving basis 788/1152; cond: 430645.40625, radio:0.0060981325805187225
reserving basis 44/64; cond: 10453.51953125, radio:0.012226426042616367
reserving basis 845/1152; cond: 366052.09375, radio:0.007056456059217453
reserving basis 844/1152; cond: 315184.0, radio:0.008647490292787552
reserving basis 845/1152; cond: 417644.78125, radio:0.006223253905773163
reserving basis 1720/2304; cond: 714865.125, radio:0.006949960719794035
reserving basis 99/128; cond: 17979.173828125, radio:0.014439882710576057
reserving basis 1750/2304; cond: 644327.6875, radio:0.007572419010102749
reserving basis 1728/2304; cond: 591690.6875, radio:0.007923992350697517
reserving basis 967/2304; cond: 2730334.75, radio:0.0012649591080844402
reserving basis 17/4608; cond: 1954078336.0, radio:3.507301826743969e-08
reserving basis 203/256; cond: 45360.890625, radio:0.011651665903627872
reserving basis 2/4608; cond: 7667661824.0, radio:8.402636364479577e-10
reserving basis 3/4608; cond: 15711280128.0, radio:6.259579521383785e-10
computing EWC
validation split name: 1
 * Val Acc 80.100, Total time 0.33
 * Val loss 0.575, Total time 0.00
**************************************************
training split name: 1
 * Val Acc 87.320, Total time 1.86
 * Val loss 0.390, Total time 0.00
**************************************************
validation split name: 2
 * Val Acc 59.200, Total time 0.26
 * Val loss 1.228, Total time 0.00
**************************************************
training split name: 2
 * Val Acc 57.580, Total time 1.84
 * Val loss 1.280, Total time 0.00
**************************************************
====================== 3 =======================
Epoch:0
LR: 5e-05
LR: 0.001
LR: 0.0005
Itr		Time		  Data		  Loss		Acc
[0/157]	0.3861 (0.3861)	0.0087 (0.0087)	2.374 (2.374)	0.00 (0.00)
[100/157]	0.0768 (0.0807)	0.0103 (0.0093)	1.495 (1.700)	43.75 (43.47)
[156/157]	0.1129 (0.0785)	0.0099 (0.0092)	1.829 (1.601)	25.00 (46.98)
 * Train Acc 46.980
 * Val Acc 57.100, Total time 0.32
 * Val loss 1.287, Total time 0.00
Epoch:1
LR: 5e-05
LR: 0.001
LR: 0.0005
Itr		Time		  Data		  Loss		Acc
[0/157]	0.0944 (0.0944)	0.0118 (0.0118)	1.243 (1.243)	59.38 (59.38)
[100/157]	0.0790 (0.0784)	0.0092 (0.0093)	1.277 (1.379)	59.38 (55.11)
[156/157]	0.0827 (0.0776)	0.0029 (0.0092)	1.041 (1.356)	75.00 (55.32)
 * Train Acc 55.320
 * Val Acc 58.300, Total time 0.37
 * Val loss 1.249, Total time 0.00
Epoch:2
LR: 5e-05
LR: 0.001
LR: 0.0005
Itr		Time		  Data		  Loss		Acc
[0/157]	0.1000 (0.1000)	0.0174 (0.0174)	1.113 (1.113)	56.25 (56.25)
[100/157]	0.0731 (0.0834)	0.0098 (0.0099)	1.097 (1.307)	65.62 (55.88)
[156/157]	0.0725 (0.0815)	0.0027 (0.0097)	1.177 (1.299)	62.50 (56.56)
 * Train Acc 56.560
 * Val Acc 60.700, Total time 0.28
 * Val loss 1.179, Total time 0.00
Epoch:3
LR: 5e-05
LR: 0.001
LR: 0.0005
Itr		Time		  Data		  Loss		Acc
[0/157]	0.0854 (0.0854)	0.0089 (0.0089)	1.295 (1.295)	46.88 (46.88)
[100/157]	0.1513 (0.0984)	0.0091 (0.0093)	1.352 (1.272)	62.50 (57.89)
[156/157]	0.1167 (0.1090)	0.0029 (0.0093)	1.426 (1.271)	50.00 (57.74)
 * Train Acc 57.740
 * Val Acc 61.200, Total time 0.79
 * Val loss 1.154, Total time 0.00
Epoch:4
LR: 5e-05
LR: 0.001
LR: 0.0005
Itr		Time		  Data		  Loss		Acc
[0/157]	0.1441 (0.1441)	0.0093 (0.0093)	1.092 (1.092)	62.50 (62.50)
[100/157]	0.1458 (0.1310)	0.0094 (0.0096)	1.145 (1.256)	62.50 (58.38)
[156/157]	0.1151 (0.1307)	0.0031 (0.0094)	1.206 (1.251)	62.50 (58.92)
 * Train Acc 58.920
 * Val Acc 61.800, Total time 0.84
 * Val loss 1.147, Total time 0.00
Epoch:5
LR: 5e-05
LR: 0.001
LR: 0.0005
Itr		Time		  Data		  Loss		Acc
[0/157]	0.1206 (0.1206)	0.0111 (0.0111)	1.230 (1.230)	56.25 (56.25)
[100/157]	0.1375 (0.1292)	0.0088 (0.0094)	1.601 (1.242)	53.12 (59.68)
[156/157]	0.1203 (0.1239)	0.0046 (0.0093)	1.591 (1.228)	25.00 (60.02)
 * Train Acc 60.020
 * Val Acc 61.900, Total time 0.82
 * Val loss 1.127, Total time 0.00
Epoch:6
LR: 2.5e-05
LR: 0.0005
LR: 0.00025
Itr		Time		  Data		  Loss		Acc
[0/157]	0.1276 (0.1276)	0.0093 (0.0093)	1.167 (1.167)	56.25 (56.25)
[100/157]	0.1355 (0.1282)	0.0085 (0.0092)	1.304 (1.220)	56.25 (60.46)
[156/157]	0.1144 (0.1280)	0.0028 (0.0092)	1.159 (1.217)	75.00 (60.38)
 * Train Acc 60.380
 * Val Acc 61.900, Total time 0.78
 * Val loss 1.128, Total time 0.00
Epoch:7
LR: 2.5e-05
LR: 0.0005
LR: 0.00025
Itr		Time		  Data		  Loss		Acc
[0/157]	0.1215 (0.1215)	0.0087 (0.0087)	0.940 (0.940)	71.88 (71.88)
[100/157]	0.1317 (0.1276)	0.0092 (0.0092)	0.927 (1.213)	71.88 (60.37)
[156/157]	0.1168 (0.1277)	0.0031 (0.0091)	0.910 (1.202)	87.50 (61.24)
 * Train Acc 61.240
 * Val Acc 62.400, Total time 0.79
 * Val loss 1.104, Total time 0.00
Epoch:8
LR: 2.5e-05
LR: 0.0005
LR: 0.00025
Itr		Time		  Data		  Loss		Acc
[0/157]	0.1228 (0.1228)	0.0091 (0.0091)	1.091 (1.091)	65.62 (65.62)
[100/157]	0.1396 (0.1273)	0.0086 (0.0092)	1.213 (1.214)	68.75 (60.06)
[156/157]	0.1170 (0.1295)	0.0029 (0.0092)	1.435 (1.206)	50.00 (60.22)
 * Train Acc 60.220
 * Val Acc 62.800, Total time 0.83
 * Val loss 1.110, Total time 0.00
Epoch:9
LR: 2.5e-05
LR: 0.0005
LR: 0.00025
Itr		Time		  Data		  Loss		Acc
[0/157]	0.1267 (0.1267)	0.0095 (0.0095)	1.444 (1.444)	46.88 (46.88)
[100/157]	0.1379 (0.1298)	0.0089 (0.0091)	1.275 (1.184)	53.12 (62.07)
[156/157]	0.1239 (0.1293)	0.0030 (0.0091)	1.345 (1.189)	50.00 (61.70)
 * Train Acc 61.700
 * Val Acc 63.100, Total time 0.82
 * Val loss 1.105, Total time 0.00
Epoch:10
LR: 2.5e-05
LR: 0.0005
LR: 0.00025
Itr		Time		  Data		  Loss		Acc
[0/157]	0.1440 (0.1440)	0.0095 (0.0095)	1.136 (1.136)	62.50 (62.50)
[100/157]	0.1474 (0.1327)	0.0092 (0.0093)	1.415 (1.181)	50.00 (60.89)
[156/157]	0.1268 (0.1323)	0.0031 (0.0093)	0.941 (1.175)	75.00 (61.76)
 * Train Acc 61.760
 * Val Acc 63.000, Total time 0.72
 * Val loss 1.093, Total time 0.00
Epoch:11
LR: 1.25e-05
LR: 0.00025
LR: 0.000125
Itr		Time		  Data		  Loss		Acc
[0/157]	0.0792 (0.0792)	0.0089 (0.0089)	1.335 (1.335)	56.25 (56.25)
[100/157]	0.1464 (0.1267)	0.0091 (0.0096)	1.270 (1.162)	46.88 (62.22)
[156/157]	0.1112 (0.1271)	0.0032 (0.0096)	1.591 (1.170)	50.00 (61.50)
 * Train Acc 61.500
 * Val Acc 62.700, Total time 0.78
 * Val loss 1.097, Total time 0.00
Epoch:12
LR: 1.25e-05
LR: 0.00025
LR: 0.000125
Itr		Time		  Data		  Loss		Acc
[0/157]	0.1188 (0.1188)	0.0091 (0.0091)	1.003 (1.003)	62.50 (62.50)
[100/157]	0.1450 (0.1279)	0.0094 (0.0091)	1.052 (1.164)	62.50 (62.00)
[156/157]	0.1009 (0.1278)	0.0030 (0.0091)	1.212 (1.168)	75.00 (61.80)
 * Train Acc 61.800
 * Val Acc 62.800, Total time 0.77
 * Val loss 1.085, Total time 0.00
Epoch:13
LR: 1.25e-05
LR: 0.00025
LR: 0.000125
Itr		Time		  Data		  Loss		Acc
[0/157]	0.1210 (0.1210)	0.0089 (0.0089)	1.167 (1.167)	62.50 (62.50)
[100/157]	0.1282 (0.1236)	0.0087 (0.0097)	1.048 (1.169)	65.62 (62.22)
[156/157]	0.1272 (0.1242)	0.0029 (0.0095)	1.713 (1.171)	25.00 (61.86)
 * Train Acc 61.860
 * Val Acc 63.400, Total time 0.70
 * Val loss 1.075, Total time 0.00
Epoch:14
LR: 1.25e-05
LR: 0.00025
LR: 0.000125
Itr		Time		  Data		  Loss		Acc
[0/157]	0.1319 (0.1319)	0.0088 (0.0088)	1.188 (1.188)	65.62 (65.62)
[100/157]	0.1217 (0.1235)	0.0086 (0.0093)	1.034 (1.168)	75.00 (61.51)
[156/157]	0.1207 (0.1237)	0.0029 (0.0092)	1.174 (1.163)	62.50 (61.98)
 * Train Acc 61.980
 * Val Acc 63.600, Total time 0.71
 * Val loss 1.082, Total time 0.00
Classifier Optimizer is reset!
reserving basis 5/27; cond: 396635.0625, radio:3.821456266450696e-05
reserving basis 93/576; cond: 10983476.0, radio:3.947709410567768e-05
reserving basis 231/576; cond: 804629.1875, radio:0.0011689611710608006
reserving basis 253/576; cond: 1179165.25, radio:0.000832925143186003
reserving basis 289/576; cond: 367671.0, radio:0.003044428303837776
reserving basis 311/576; cond: 619545.5625, radio:0.0018217075848951936
reserving basis 774/1152; cond: 451955.5625, radio:0.005783709231764078
reserving basis 44/64; cond: 10709.0302734375, radio:0.01220269687473774
reserving basis 833/1152; cond: 380540.46875, radio:0.0067775072529911995
reserving basis 837/1152; cond: 319772.3125, radio:0.008488439954817295
reserving basis 844/1152; cond: 417359.65625, radio:0.006221124902367592
reserving basis 1757/2304; cond: 666843.875, radio:0.007439501583576202
reserving basis 99/128; cond: 17347.5, radio:0.014532486908137798
reserving basis 1792/2304; cond: 589296.6875, radio:0.008181077428162098
reserving basis 1762/2304; cond: 553206.875, radio:0.008489574305713177
reserving basis 1320/2304; cond: 1527121.25, radio:0.0029273026157170534
reserving basis 447/4608; cond: 29041306.0, radio:6.118252349551767e-05
reserving basis 205/256; cond: 43613.21875, radio:0.012072221376001835
reserving basis 572/4608; cond: 22778510.0, radio:9.448861237615347e-05
reserving basis 1/4608; cond: 362089568.0, radio:1.4580109342077208e-09
computing EWC
validation split name: 1
 * Val Acc 80.200, Total time 0.83
 * Val loss 0.585, Total time 0.00
**************************************************
training split name: 1
 * Val Acc 86.740, Total time 4.56
 * Val loss 0.403, Total time 0.00
**************************************************
validation split name: 2
 * Val Acc 56.900, Total time 0.78
 * Val loss 1.252, Total time 0.00
**************************************************
training split name: 2
 * Val Acc 55.360, Total time 4.40
 * Val loss 1.289, Total time 0.00
**************************************************
validation split name: 3
 * Val Acc 63.600, Total time 0.79
 * Val loss 1.082, Total time 0.00
**************************************************
training split name: 3
 * Val Acc 63.920, Total time 4.51
 * Val loss 1.104, Total time 0.00
**************************************************
OrderedDict([('1', OrderedDict([('1', 82.1), ('2', 80.1), ('3', 80.2)])), ('2', OrderedDict([('2', 59.2), ('3', 56.9)])), ('3', OrderedDict([('3', 63.6)]))])
Task 1 average acc: 82.1
Task 1 backward transfer: 0
Task 2 average acc: 69.65
Task 2 backward transfer: -2.0
Task 3 average acc: 66.89999999999999
Task 3 backward transfer: -2.099999999999998
===Summary of experiment repeats: 1 / 1 ===
The last avg acc of all repeats: [66.9]
The last bwt of all repeats: [-2.1]
acc mean: 66.89999999999999 acc std: 0.0
bwt mean: -2.099999999999998 bwt std: 0.0
