Files already downloaded and verified
Files already downloaded and verified
split_boundaries: [0, 10, 20, 30, 40, 50, 60, 70, 80, 90, 100]
{'1': [0, 1, 2, 3, 4, 5, 6, 7, 8, 9], '2': [10, 11, 12, 13, 14, 15, 16, 17, 18, 19], '3': [20, 21, 22, 23, 24, 25, 26, 27, 28, 29], '4': [30, 31, 32, 33, 34, 35, 36, 37, 38, 39], '5': [40, 41, 42, 43, 44, 45, 46, 47, 48, 49], '6': [50, 51, 52, 53, 54, 55, 56, 57, 58, 59], '7': [60, 61, 62, 63, 64, 65, 66, 67, 68, 69], '8': [70, 71, 72, 73, 74, 75, 76, 77, 78, 79], '9': [80, 81, 82, 83, 84, 85, 86, 87, 88, 89], '10': [90, 91, 92, 93, 94, 95, 96, 97, 98, 99]}
{'model_lr': 0.0001, 'momentum': 0, 'model_weight_decay': 5e-05, 'schedule': [1], 'model_type': 'resnet', 'model_name': 'resnet18', 'model_weights': None, 'out_dim': {'1': 10, '2': 10, '3': 10, '4': 10, '5': 10, '6': 10, '7': 10, '8': 10, '9': 10, '10': 10}, 'model_optimizer': 'Adam', 'print_freq': 1.0, 'gpu': True, 'with_head': False, 'reset_model_opt': True, 'reg_coef': 100.0, 'head_lr': 0.001, 'svd_lr': 5e-05, 'bn_lr': 0.0005, 'svd_thres': 10.0, 'gamma': 0.5, 'dataset_name': 'CIFAR100_10_10', 'use_cflat': False, 'cflat_rho': 0.02, 'cflat_lambda': 0.02, 'cflat_eps': 1e-12, 'cflat_adaptive': False, 'cflat_bn_mode': 'disable_running_stats', 'cflat_on_total_loss': False, 'cflat_debug': False, 'use_pls_cflat': True, 'pls_cflat_mode': 'projected_layer_selective', 'cflat_target_scope': 'deep_plus_classifier', 'project_before_perturb': True, 'project_after_aggregate': True, 'deep_layer_rule': 'last_stage', 'pls_cflat_debug': True, 'max_train_batches': 1, 'max_eval_batches': 1}
#param of model:11218340
Task order: ['1']
====================== 1 =======================
Epoch:0
LR: 0.0001
LR: 0.001
LR: 0.0005
Itr		Time		  Data		  Loss		Acc
/home/moshiling/miniconda3/envs/torch118/lib/python3.10/site-packages/torch/optim/lr_scheduler.py:143: UserWarning: Detected call of `lr_scheduler.step()` before `optimizer.step()`. In PyTorch 1.1.0 and later, you should call them in the opposite order: `optimizer.step()` before `lr_scheduler.step()`.  Failure to do this will result in PyTorch skipping the first value of the learning rate schedule. See more details at https://pytorch.org/docs/stable/optim.html#how-to-adjust-learning-rate
  warnings.warn("Detected call of `lr_scheduler.step()` before `optimizer.step()`. "
/home/moshiling/miniconda3/envs/torch118/lib/python3.10/site-packages/torch/optim/lr_scheduler.py:156: UserWarning: The epoch parameter in `scheduler.step()` was not necessary and is being deprecated where possible. Please use `scheduler.step()` to step the scheduler. During the deprecation, if epoch is different from None, the closed form is used instead of the new chainable form, where available. Please open an issue if you are unable to replicate your use case: https://github.com/pytorch/pytorch/issues/new/choose.
  warnings.warn(EPOCH_DEPRECATION_WARNING, UserWarning)
PLS-CFlat scope | mode: projected_layer_selective | scope: deep_plus_classifier | deep_rule: last_stage | target_numel: 8398346 | total_numel: 11172170 | ratio: 0.7517 | project_before: True | project_after: True | transform_count: 0
[0/40]	13.8978 (13.8978)	0.1412 (0.1412)	2.342 (2.342)	12.50 (12.50)
C-Flat stats | raw_grad: 2.806322 | projected_target: 1.902870 | g_0: 1.902870 | g_1: 1.958147 | g_2: 1.988720 | final: 2.844856 | e_w_0: 0.020000 | e_w_1_2: 0.033192 | target_ratio: 0.7517
 * Train Acc 12.500
 * Val Acc 78.125, Total time 0.06
 * Val loss 2.262, Total time 0.00
Classifier Optimizer is reset!
Traceback (most recent call last):
  File "/home/moshiling/Adam-NSCL-C-Flat/Adam-NSCL-main/main.py", line 317, in <module>
    acc_table, task_names = run(args)
  File "/home/moshiling/Adam-NSCL-C-Flat/Adam-NSCL-main/main.py", line 130, in run
    agent.train_task(train_loader, val_loader)
  File "/home/moshiling/Adam-NSCL-C-Flat/Adam-NSCL-main/svd_agent/svd_agent.py", line 73, in train_task
    self.update_optim_transforms(train_loader)
  File "/home/moshiling/Adam-NSCL-C-Flat/Adam-NSCL-main/svd_agent/svd_agent.py", line 99, in update_optim_transforms
    self.model.forward(inputs)
  File "/home/moshiling/Adam-NSCL-C-Flat/Adam-NSCL-main/models/resnet.py", line 108, in forward
    x = self.features(x)
  File "/home/moshiling/Adam-NSCL-C-Flat/Adam-NSCL-main/models/resnet.py", line 100, in features
    out = self.stage4(out)
  File "/home/moshiling/miniconda3/envs/torch118/lib/python3.10/site-packages/torch/nn/modules/module.py", line 1511, in _wrapped_call_impl
    return self._call_impl(*args, **kwargs)
  File "/home/moshiling/miniconda3/envs/torch118/lib/python3.10/site-packages/torch/nn/modules/module.py", line 1520, in _call_impl
    return forward_call(*args, **kwargs)
  File "/home/moshiling/miniconda3/envs/torch118/lib/python3.10/site-packages/torch/nn/modules/container.py", line 217, in forward
    input = module(input)
  File "/home/moshiling/miniconda3/envs/torch118/lib/python3.10/site-packages/torch/nn/modules/module.py", line 1511, in _wrapped_call_impl
    return self._call_impl(*args, **kwargs)
  File "/home/moshiling/miniconda3/envs/torch118/lib/python3.10/site-packages/torch/nn/modules/module.py", line 1520, in _call_impl
    return forward_call(*args, **kwargs)
  File "/home/moshiling/Adam-NSCL-C-Flat/Adam-NSCL-main/models/resnet.py", line 37, in forward
    out = self.conv2(F.relu(out))
  File "/home/moshiling/miniconda3/envs/torch118/lib/python3.10/site-packages/torch/nn/modules/module.py", line 1511, in _wrapped_call_impl
    return self._call_impl(*args, **kwargs)
  File "/home/moshiling/miniconda3/envs/torch118/lib/python3.10/site-packages/torch/nn/modules/module.py", line 1574, in _call_impl
    hook_result = hook(self, args, result)
  File "/home/moshiling/Adam-NSCL-C-Flat/Adam-NSCL-main/svd_agent/svd_based.py", line 26, in compute_cov
    self.update_cov(fea_in_, module.weight)
  File "/home/moshiling/Adam-NSCL-C-Flat/Adam-NSCL-main/svd_agent/svd_based.py", line 36, in update_cov
    self.fea_in[k] = self.fea_in[k] + cov
torch.cuda.OutOfMemoryError: CUDA out of memory. Tried to allocate 82.00 MiB. GPU 0 has a total capacity of 47.37 GiB of which 38.38 MiB is free. Process 3984133 has 1.40 GiB memory in use. Process 98079 has 4.55 GiB memory in use. Process 905302 has 14.53 GiB memory in use. Process 906060 has 1.15 GiB memory in use. Process 1295032 has 21.76 GiB memory in use. Including non-PyTorch memory, this process has 1.12 GiB memory in use. Process 1558862 has 1.11 GiB memory in use. Process 1570528 has 1.66 GiB memory in use. Of the allocated memory 532.77 MiB is allocated by PyTorch, and 71.23 MiB is reserved by PyTorch but unallocated. If reserved but unallocated memory is large try setting PYTORCH_CUDA_ALLOC_CONF=expandable_segments:True to avoid fragmentation.  See documentation for Memory Management  (https://pytorch.org/docs/stable/notes/cuda.html#environment-variables)
