Files already downloaded and verified
Files already downloaded and verified
split_boundaries: [0, 10, 20, 30, 40, 50, 60, 70, 80, 90, 100]
{'1': [0, 1, 2, 3, 4, 5, 6, 7, 8, 9], '2': [10, 11, 12, 13, 14, 15, 16, 17, 18, 19], '3': [20, 21, 22, 23, 24, 25, 26, 27, 28, 29], '4': [30, 31, 32, 33, 34, 35, 36, 37, 38, 39], '5': [40, 41, 42, 43, 44, 45, 46, 47, 48, 49], '6': [50, 51, 52, 53, 54, 55, 56, 57, 58, 59], '7': [60, 61, 62, 63, 64, 65, 66, 67, 68, 69], '8': [70, 71, 72, 73, 74, 75, 76, 77, 78, 79], '9': [80, 81, 82, 83, 84, 85, 86, 87, 88, 89], '10': [90, 91, 92, 93, 94, 95, 96, 97, 98, 99]}
{'model_lr': 0.0001, 'momentum': 0, 'model_weight_decay': 5e-05, 'schedule': [1], 'model_type': 'resnet', 'model_name': 'resnet18', 'model_weights': None, 'out_dim': {'1': 10, '2': 10, '3': 10, '4': 10, '5': 10, '6': 10, '7': 10, '8': 10, '9': 10, '10': 10}, 'model_optimizer': 'Adam', 'print_freq': 20.0, 'gpu': True, 'with_head': False, 'reset_model_opt': True, 'reg_coef': 100.0, 'head_lr': 0.001, 'svd_lr': 5e-05, 'bn_lr': 0.0005, 'svd_thres': 10.0, 'gamma': 0.5, 'dataset_name': 'CIFAR100_10_10', 'use_cflat': False, 'cflat_rho': 0.2, 'cflat_lambda': 0.2, 'cflat_eps': 1e-12, 'cflat_adaptive': False, 'cflat_bn_mode': 'disable_running_stats', 'cflat_debug': False, 'max_train_batches': 0, 'max_eval_batches': 0}
#param of model:11218340
Task order: ['1', '2']
====================== 1 =======================
Epoch:0
LR: 0.0001
LR: 0.001
LR: 0.0005
Itr		Time		  Data		  Loss		Acc
[0/40]	1.7777 (1.7777)	0.2467 (0.2467)	2.342 (2.342)	12.50 (12.50)
[20/40]	0.0733 (0.1493)	0.0472 (0.0487)	1.797 (1.960)	36.72 (30.43)
[39/40]	0.1750 (0.1137)	0.0031 (0.0428)	2.037 (1.819)	25.00 (36.14)
 * Train Acc 36.140
 * Val Acc 41.900, Total time 0.31
 * Val loss 1.757, Total time 0.00
Classifier Optimizer is reset!
reserving basis 6/27; cond: 607495.5625, radio:2.9578275643871166e-05
reserving basis 126/576; cond: 33104708.0, radio:1.8018139599007554e-05
reserving basis 209/576; cond: 3111753.25, radio:0.0003037721326109022
reserving basis 220/576; cond: 6711370.0, radio:0.00014188319619279355
reserving basis 292/576; cond: 1384399.625, radio:0.0008127829059958458
reserving basis 287/576; cond: 3761684.75, radio:0.0002879826643038541
reserving basis 664/1152; cond: 2602598.0, radio:0.0009281655657105148
reserving basis 42/64; cond: 47102.4453125, radio:0.0028268126770853996
reserving basis 661/1152; cond: 2047138.875, radio:0.001198423677124083
reserving basis 742/1152; cond: 1175805.625, radio:0.002205493627116084
reserving basis 493/1152; cond: 4751628.0, radio:0.0003951883700210601
reserving basis 3/2304; cond: 1973149952.0, radio:3.951097227172795e-09
reserving basis 90/128; cond: 67815.9921875, radio:0.004130378365516663
reserving basis 34/2304; cond: 733881152.0, radio:2.2754474571229366e-07
reserving basis 25/2304; cond: 702397504.0, radio:1.7814927844028716e-07
reserving basis 5/2304; cond: 1774983315456.0, radio:1.0432342489874458e-11
reserving basis 14/4608; cond: 3693688913920.0, radio:1.266379709430332e-11
reserving basis 135/256; cond: 403700.75, radio:0.0012454278767108917
reserving basis 9/4608; cond: 4546172551168.0, radio:6.552526316677687e-12
reserving basis 3/4608; cond: 22717189324800.0, radio:2.1224400004443006e-13
computing EWC
validation split name: 1
 * Val Acc 41.900, Total time 0.26
 * Val loss 1.757, Total time 0.00
**************************************************
training split name: 1
 * Val Acc 41.100, Total time 1.74
 * Val loss 1.721, Total time 0.00
**************************************************
====================== 2 =======================
Epoch:0
LR: 5e-05
LR: 0.001
LR: 0.0005
Itr		Time		  Data		  Loss		Acc
[0/40]	0.2075 (0.2075)	0.0351 (0.0351)	2.314 (2.314)	7.03 (7.03)
[20/40]	0.0727 (0.0745)	0.0392 (0.0351)	2.084 (2.176)	24.22 (20.20)
[39/40]	0.0827 (0.0721)	0.0028 (0.0342)	1.729 (2.103)	75.00 (23.68)
 * Train Acc 23.680
 * Val Acc 30.600, Total time 0.24
 * Val loss 1.958, Total time 0.00
Classifier Optimizer is reset!
reserving basis 6/27; cond: 779757.875, radio:2.53653615800431e-05
reserving basis 120/576; cond: 31832972.0, radio:1.7734280845616013e-05
reserving basis 201/576; cond: 2987576.0, radio:0.0003053770342376083
reserving basis 220/576; cond: 5896052.5, radio:0.0001613014319445938
reserving basis 290/576; cond: 1258623.875, radio:0.000884858425706625
reserving basis 296/576; cond: 3008230.5, radio:0.00037089339457452297
reserving basis 681/1152; cond: 2085023.25, radio:0.0012019930873066187
reserving basis 42/64; cond: 37537.10546875, radio:0.00332178664393723
reserving basis 695/1152; cond: 1553626.125, radio:0.001657226704992354
reserving basis 783/1152; cond: 880851.4375, radio:0.0030780138913542032
reserving basis 687/1152; cond: 2042618.875, radio:0.0011907612206414342
reserving basis 1050/2304; cond: 5174705.5, radio:0.0007433343562297523
reserving basis 94/128; cond: 48747.92578125, radio:0.005453289486467838
reserving basis 1077/2304; cond: 4591590.0, radio:0.0008384756511077285
reserving basis 1104/2304; cond: 3681627.5, radio:0.0010402575135231018
reserving basis 10/2304; cond: 381396647936.0, radio:7.098761856116909e-11
reserving basis 24/4608; cond: 609215840256.0, radio:1.256066917143528e-10
reserving basis 183/256; cond: 158575.359375, radio:0.0035025097895413637
reserving basis 4/4608; cond: 5207131947008.0, radio:2.191246966862237e-12
reserving basis 5/4608; cond: 3646088019968.0, radio:3.7626282298197644e-12
computing EWC
validation split name: 1
 * Val Acc 48.900, Total time 0.25
 * Val loss 1.499, Total time 0.00
**************************************************
training split name: 1
 * Val Acc 49.580, Total time 1.93
 * Val loss 1.502, Total time 0.00
**************************************************
validation split name: 2
 * Val Acc 30.600, Total time 0.27
 * Val loss 1.958, Total time 0.00
**************************************************
training split name: 2
 * Val Acc 29.380, Total time 1.79
 * Val loss 1.969, Total time 0.00
**************************************************
OrderedDict([('1', OrderedDict([('1', 41.9), ('2', 48.9)])), ('2', OrderedDict([('2', 30.6)]))])
Task 1 average acc: 41.9
Task 1 backward transfer: 0
Task 2 average acc: 39.75
Task 2 backward transfer: 7.0
===Summary of experiment repeats: 1 / 1 ===
The last avg acc of all repeats: [39.75]
The last bwt of all repeats: [7.]
acc mean: 39.75 acc std: 0.0
bwt mean: 7.0 bwt std: 0.0
