Files already downloaded and verified
Files already downloaded and verified
split_boundaries: [0, 10, 20, 30, 40, 50, 60, 70, 80, 90, 100]
{'1': [0, 1, 2, 3, 4, 5, 6, 7, 8, 9], '2': [10, 11, 12, 13, 14, 15, 16, 17, 18, 19], '3': [20, 21, 22, 23, 24, 25, 26, 27, 28, 29], '4': [30, 31, 32, 33, 34, 35, 36, 37, 38, 39], '5': [40, 41, 42, 43, 44, 45, 46, 47, 48, 49], '6': [50, 51, 52, 53, 54, 55, 56, 57, 58, 59], '7': [60, 61, 62, 63, 64, 65, 66, 67, 68, 69], '8': [70, 71, 72, 73, 74, 75, 76, 77, 78, 79], '9': [80, 81, 82, 83, 84, 85, 86, 87, 88, 89], '10': [90, 91, 92, 93, 94, 95, 96, 97, 98, 99]}
{'model_lr': 0.0001, 'momentum': 0, 'model_weight_decay': 5e-05, 'schedule': [5, 10, 15], 'model_type': 'resnet', 'model_name': 'resnet18', 'model_weights': None, 'out_dim': {'1': 10, '2': 10, '3': 10, '4': 10, '5': 10, '6': 10, '7': 10, '8': 10, '9': 10, '10': 10}, 'model_optimizer': 'Adam', 'print_freq': 100.0, 'gpu': True, 'with_head': False, 'reset_model_opt': True, 'reg_coef': 100.0, 'head_lr': 0.001, 'svd_lr': 5e-05, 'bn_lr': 0.0005, 'svd_thres': 10.0, 'gamma': 0.5, 'dataset_name': 'CIFAR100_10_10', 'use_cflat': False, 'cflat_rho': 0.02, 'cflat_lambda': 0.02, 'cflat_eps': 1e-12, 'cflat_adaptive': False, 'cflat_bn_mode': 'disable_running_stats', 'cflat_on_total_loss': False, 'cflat_debug': False, 'use_pls_cflat': True, 'pls_cflat_mode': 'layer_selective', 'cflat_target_scope': 'deep_plus_classifier', 'project_before_perturb': False, 'project_after_aggregate': False, 'deep_layer_rule': 'last_stage', 'pls_cflat_debug': True, 'max_train_batches': 0, 'max_eval_batches': 0}
#param of model:11218340
Task order: ['1', '2', '3']
====================== 1 =======================
Epoch:0
LR: 0.0001
LR: 0.001
LR: 0.0005
Itr		Time		  Data		  Loss		Acc
/home/moshiling/miniconda3/envs/torch118/lib/python3.10/site-packages/torch/optim/lr_scheduler.py:143: UserWarning: Detected call of `lr_scheduler.step()` before `optimizer.step()`. In PyTorch 1.1.0 and later, you should call them in the opposite order: `optimizer.step()` before `lr_scheduler.step()`.  Failure to do this will result in PyTorch skipping the first value of the learning rate schedule. See more details at https://pytorch.org/docs/stable/optim.html#how-to-adjust-learning-rate
  warnings.warn("Detected call of `lr_scheduler.step()` before `optimizer.step()`. "
/home/moshiling/miniconda3/envs/torch118/lib/python3.10/site-packages/torch/optim/lr_scheduler.py:156: UserWarning: The epoch parameter in `scheduler.step()` was not necessary and is being deprecated where possible. Please use `scheduler.step()` to step the scheduler. During the deprecation, if epoch is different from None, the closed form is used instead of the new chainable form, where available. Please open an issue if you are unable to replicate your use case: https://github.com/pytorch/pytorch/issues/new/choose.
  warnings.warn(EPOCH_DEPRECATION_WARNING, UserWarning)
PLS-CFlat scope | mode: layer_selective | scope: deep_plus_classifier | deep_rule: last_stage | target_numel: 8398346 | total_numel: 11172170 | ratio: 0.7517 | project_before: False | project_after: False | transform_count: 0
[0/157]	13.2300 (13.2300)	0.0247 (0.0247)	2.446 (2.446)	3.12 (3.12)
C-Flat stats | raw_grad: 5.392705 | projected_target: 3.886275 | g_0: 3.886275 | g_1: 3.973429 | g_2: 3.983136 | final: 5.457116 | e_w_0: 0.020000 | e_w_1_2: 0.032527 | target_ratio: 0.7517
[100/157]	0.1193 (0.2154)	0.0172 (0.0124)	1.891 (1.861)	40.62 (35.15)
C-Flat stats | raw_grad: 6.925202 | projected_target: 2.849948 | g_0: 2.849948 | g_1: 2.913551 | g_2: 2.934762 | final: 6.952186 | e_w_0: 0.020000 | e_w_1_2: 0.032740 | target_ratio: 0.7517
[156/157]	0.3095 (0.1661)	0.0035 (0.0123)	1.887 (1.753)	25.00 (38.88)
C-Flat stats | raw_grad: 10.560986 | projected_target: 5.412429 | g_0: 5.412429 | g_1: 5.571076 | g_2: 5.558715 | final: 10.644894 | e_w_0: 0.020000 | e_w_1_2: 0.033946 | target_ratio: 0.7517
 * Train Acc 38.880
 * Val Acc 45.500, Total time 0.37
 * Val loss 1.822, Total time 0.00
Epoch:1
LR: 0.0001
LR: 0.001
LR: 0.0005
Itr		Time		  Data		  Loss		Acc
PLS-CFlat scope | mode: layer_selective | scope: deep_plus_classifier | deep_rule: last_stage | target_numel: 8398346 | total_numel: 11172170 | ratio: 0.7517 | project_before: False | project_after: False | transform_count: 0
[0/157]	0.0707 (0.0707)	0.0118 (0.0118)	1.620 (1.620)	50.00 (50.00)
C-Flat stats | raw_grad: 7.475415 | projected_target: 2.726994 | g_0: 2.726994 | g_1: 2.827947 | g_2: 2.848300 | final: 7.513577 | e_w_0: 0.020000 | e_w_1_2: 0.034952 | target_ratio: 0.7517
[100/157]	0.0719 (0.0722)	0.0137 (0.0123)	1.257 (1.416)	56.25 (52.01)
C-Flat stats | raw_grad: 6.690394 | projected_target: 2.307556 | g_0: 2.307556 | g_1: 2.372623 | g_2: 2.380518 | final: 6.713611 | e_w_0: 0.020000 | e_w_1_2: 0.034281 | target_ratio: 0.7517
[156/157]	0.0625 (0.0726)	0.0031 (0.0122)	1.186 (1.358)	50.00 (53.94)
C-Flat stats | raw_grad: 13.314973 | projected_target: 4.807246 | g_0: 4.807246 | g_1: 4.964694 | g_2: 4.953745 | final: 13.373643 | e_w_0: 0.020000 | e_w_1_2: 0.034256 | target_ratio: 0.7517
 * Train Acc 53.940
 * Val Acc 58.800, Total time 0.40
 * Val loss 1.286, Total time 0.00
Epoch:2
LR: 0.0001
LR: 0.001
LR: 0.0005
Itr		Time		  Data		  Loss		Acc
PLS-CFlat scope | mode: layer_selective | scope: deep_plus_classifier | deep_rule: last_stage | target_numel: 8398346 | total_numel: 11172170 | ratio: 0.7517 | project_before: False | project_after: False | transform_count: 0
[0/157]	0.0678 (0.0678)	0.0109 (0.0109)	1.113 (1.113)	62.50 (62.50)
C-Flat stats | raw_grad: 7.019372 | projected_target: 2.816208 | g_0: 2.816208 | g_1: 2.949044 | g_2: 2.964284 | final: 7.074850 | e_w_0: 0.020000 | e_w_1_2: 0.037048 | target_ratio: 0.7517
[100/157]	0.0674 (0.0716)	0.0139 (0.0118)	1.007 (1.149)	71.88 (62.35)
C-Flat stats | raw_grad: 7.385371 | projected_target: 2.341125 | g_0: 2.341125 | g_1: 2.461110 | g_2: 2.482699 | final: 7.425089 | e_w_0: 0.020000 | e_w_1_2: 0.037059 | target_ratio: 0.7517
[156/157]	0.0593 (0.0708)	0.0040 (0.0119)	1.172 (1.155)	62.50 (61.62)
C-Flat stats | raw_grad: 8.578333 | projected_target: 3.384573 | g_0: 3.384573 | g_1: 3.492468 | g_2: 3.494616 | final: 8.622416 | e_w_0: 0.020000 | e_w_1_2: 0.034164 | target_ratio: 0.7517
 * Train Acc 61.620
 * Val Acc 65.400, Total time 0.36
 * Val loss 1.017, Total time 0.00
Epoch:3
LR: 0.0001
LR: 0.001
LR: 0.0005
Itr		Time		  Data		  Loss		Acc
PLS-CFlat scope | mode: layer_selective | scope: deep_plus_classifier | deep_rule: last_stage | target_numel: 8398346 | total_numel: 11172170 | ratio: 0.7517 | project_before: False | project_after: False | transform_count: 0
[0/157]	0.0696 (0.0696)	0.0123 (0.0123)	1.415 (1.415)	43.75 (43.75)
C-Flat stats | raw_grad: 7.518119 | projected_target: 2.634287 | g_0: 2.634287 | g_1: 2.713887 | g_2: 2.717345 | final: 7.546946 | e_w_0: 0.020000 | e_w_1_2: 0.035299 | target_ratio: 0.7517
[100/157]	0.0715 (0.0716)	0.0113 (0.0122)	0.982 (1.006)	62.50 (65.87)
C-Flat stats | raw_grad: 8.135189 | projected_target: 2.169363 | g_0: 2.169363 | g_1: 2.249244 | g_2: 2.259519 | final: 8.157307 | e_w_0: 0.020000 | e_w_1_2: 0.034864 | target_ratio: 0.7517
[156/157]	0.0506 (0.0717)	0.0044 (0.0123)	0.835 (0.992)	75.00 (66.68)
C-Flat stats | raw_grad: 17.345037 | projected_target: 3.706354 | g_0: 3.706354 | g_1: 3.892510 | g_2: 3.904061 | final: 17.386641 | e_w_0: 0.020000 | e_w_1_2: 0.033877 | target_ratio: 0.7517
 * Train Acc 66.680
 * Val Acc 62.600, Total time 0.35
 * Val loss 1.082, Total time 0.00
Epoch:4
LR: 0.0001
LR: 0.001
LR: 0.0005
Itr		Time		  Data		  Loss		Acc
PLS-CFlat scope | mode: layer_selective | scope: deep_plus_classifier | deep_rule: last_stage | target_numel: 8398346 | total_numel: 11172170 | ratio: 0.7517 | project_before: False | project_after: False | transform_count: 0
[0/157]	0.0979 (0.0979)	0.0112 (0.0112)	0.824 (0.824)	68.75 (68.75)
C-Flat stats | raw_grad: 6.070214 | projected_target: 1.867528 | g_0: 1.867528 | g_1: 1.941114 | g_2: 1.952406 | final: 6.093737 | e_w_0: 0.020000 | e_w_1_2: 0.035099 | target_ratio: 0.7517
[100/157]	0.0834 (0.0745)	0.0129 (0.0123)	1.006 (0.901)	65.62 (69.71)
C-Flat stats | raw_grad: 9.223782 | projected_target: 2.381686 | g_0: 2.381686 | g_1: 2.488346 | g_2: 2.510556 | final: 9.252502 | e_w_0: 0.020000 | e_w_1_2: 0.036470 | target_ratio: 0.7517
[156/157]	0.0537 (0.0734)	0.0029 (0.0125)	1.080 (0.887)	62.50 (70.08)
C-Flat stats | raw_grad: 16.794821 | projected_target: 4.099677 | g_0: 4.099677 | g_1: 4.215968 | g_2: 4.247438 | final: 16.824223 | e_w_0: 0.020000 | e_w_1_2: 0.032500 | target_ratio: 0.7517
 * Train Acc 70.080
 * Val Acc 72.900, Total time 0.35
 * Val loss 0.838, Total time 0.00
Epoch:5
LR: 0.0001
LR: 0.001
LR: 0.0005
Itr		Time		  Data		  Loss		Acc
PLS-CFlat scope | mode: layer_selective | scope: deep_plus_classifier | deep_rule: last_stage | target_numel: 8398346 | total_numel: 11172170 | ratio: 0.7517 | project_before: False | project_after: False | transform_count: 0
[0/157]	0.0632 (0.0632)	0.0125 (0.0125)	0.602 (0.602)	78.12 (78.12)
C-Flat stats | raw_grad: 8.058011 | projected_target: 1.571265 | g_0: 1.571265 | g_1: 1.646066 | g_2: 1.650135 | final: 8.073236 | e_w_0: 0.020000 | e_w_1_2: 0.035761 | target_ratio: 0.7517
[100/157]	0.0619 (0.0696)	0.0089 (0.0119)	0.753 (0.721)	68.75 (76.27)
C-Flat stats | raw_grad: 7.807311 | projected_target: 2.110819 | g_0: 2.110819 | g_1: 2.216233 | g_2: 2.229589 | final: 7.837030 | e_w_0: 0.020000 | e_w_1_2: 0.036226 | target_ratio: 0.7517
[156/157]	0.0602 (0.0711)	0.0035 (0.0124)	0.890 (0.710)	75.00 (76.58)
C-Flat stats | raw_grad: 21.213072 | projected_target: 5.078942 | g_0: 5.078942 | g_1: 5.301992 | g_2: 5.298274 | final: 21.268778 | e_w_0: 0.020000 | e_w_1_2: 0.034950 | target_ratio: 0.7517
 * Train Acc 76.580
 * Val Acc 77.500, Total time 0.38
 * Val loss 0.692, Total time 0.00
Epoch:6
LR: 5e-05
LR: 0.0005
LR: 0.00025
Itr		Time		  Data		  Loss		Acc
PLS-CFlat scope | mode: layer_selective | scope: deep_plus_classifier | deep_rule: last_stage | target_numel: 8398346 | total_numel: 11172170 | ratio: 0.7517 | project_before: False | project_after: False | transform_count: 0
[0/157]	0.0612 (0.0612)	0.0097 (0.0097)	0.523 (0.523)	84.38 (84.38)
C-Flat stats | raw_grad: 6.393431 | projected_target: 1.783801 | g_0: 1.783801 | g_1: 1.885006 | g_2: 1.897939 | final: 6.423030 | e_w_0: 0.020000 | e_w_1_2: 0.036693 | target_ratio: 0.7517
[100/157]	0.0696 (0.0742)	0.0107 (0.0125)	0.588 (0.625)	81.25 (79.21)
C-Flat stats | raw_grad: 11.602773 | projected_target: 2.143888 | g_0: 2.143888 | g_1: 2.265705 | g_2: 2.285899 | final: 11.626369 | e_w_0: 0.020000 | e_w_1_2: 0.036632 | target_ratio: 0.7517
[156/157]	0.0526 (0.0746)	0.0027 (0.0126)	0.575 (0.639)	75.00 (78.20)
C-Flat stats | raw_grad: 14.613163 | projected_target: 3.819464 | g_0: 3.819464 | g_1: 4.094899 | g_2: 4.085471 | final: 14.688899 | e_w_0: 0.020000 | e_w_1_2: 0.037111 | target_ratio: 0.7517
 * Train Acc 78.200
 * Val Acc 77.700, Total time 0.37
 * Val loss 0.657, Total time 0.00
Epoch:7
LR: 5e-05
LR: 0.0005
LR: 0.00025
Itr		Time		  Data		  Loss		Acc
PLS-CFlat scope | mode: layer_selective | scope: deep_plus_classifier | deep_rule: last_stage | target_numel: 8398346 | total_numel: 11172170 | ratio: 0.7517 | project_before: False | project_after: False | transform_count: 0
[0/157]	0.0836 (0.0836)	0.0251 (0.0251)	0.434 (0.434)	87.50 (87.50)
C-Flat stats | raw_grad: 7.091422 | projected_target: 1.876891 | g_0: 1.876891 | g_1: 1.988232 | g_2: 1.999863 | final: 7.122264 | e_w_0: 0.020000 | e_w_1_2: 0.036820 | target_ratio: 0.7517
[100/157]	0.0748 (0.0741)	0.0098 (0.0129)	0.482 (0.558)	84.38 (80.94)
C-Flat stats | raw_grad: 8.446588 | projected_target: 2.094796 | g_0: 2.094796 | g_1: 2.233298 | g_2: 2.242949 | final: 8.482708 | e_w_0: 0.020000 | e_w_1_2: 0.037676 | target_ratio: 0.7517
[156/157]	0.0615 (0.0739)	0.0039 (0.0129)	0.996 (0.581)	62.50 (80.20)
C-Flat stats | raw_grad: 24.456423 | projected_target: 5.654781 | g_0: 5.654781 | g_1: 5.937550 | g_2: 5.932074 | final: 24.524721 | e_w_0: 0.020000 | e_w_1_2: 0.034360 | target_ratio: 0.7517
 * Train Acc 80.200
 * Val Acc 79.500, Total time 0.40
 * Val loss 0.610, Total time 0.00
Epoch:8
LR: 5e-05
LR: 0.0005
LR: 0.00025
Itr		Time		  Data		  Loss		Acc
PLS-CFlat scope | mode: layer_selective | scope: deep_plus_classifier | deep_rule: last_stage | target_numel: 8398346 | total_numel: 11172170 | ratio: 0.7517 | project_before: False | project_after: False | transform_count: 0
[0/157]	0.0708 (0.0708)	0.0119 (0.0119)	0.719 (0.719)	78.12 (78.12)
C-Flat stats | raw_grad: 9.504232 | projected_target: 2.113481 | g_0: 2.113481 | g_1: 2.179694 | g_2: 2.198957 | final: 9.519525 | e_w_0: 0.020000 | e_w_1_2: 0.033984 | target_ratio: 0.7517
[100/157]	0.0631 (0.0714)	0.0113 (0.0118)	0.286 (0.565)	93.75 (80.60)
C-Flat stats | raw_grad: 7.906218 | projected_target: 1.477473 | g_0: 1.477473 | g_1: 1.665776 | g_2: 1.700286 | final: 7.944397 | e_w_0: 0.020000 | e_w_1_2: 0.038389 | target_ratio: 0.7517
[156/157]	0.0564 (0.0712)	0.0035 (0.0122)	1.493 (0.568)	62.50 (80.60)
C-Flat stats | raw_grad: 24.561203 | projected_target: 6.648750 | g_0: 6.648750 | g_1: 6.916694 | g_2: 6.958720 | final: 24.636564 | e_w_0: 0.020000 | e_w_1_2: 0.034859 | target_ratio: 0.7517
 * Train Acc 80.600
 * Val Acc 78.800, Total time 0.36
 * Val loss 0.657, Total time 0.00
Epoch:9
LR: 5e-05
LR: 0.0005
LR: 0.00025
Itr		Time		  Data		  Loss		Acc
PLS-CFlat scope | mode: layer_selective | scope: deep_plus_classifier | deep_rule: last_stage | target_numel: 8398346 | total_numel: 11172170 | ratio: 0.7517 | project_before: False | project_after: False | transform_count: 0
[0/157]	0.0747 (0.0747)	0.0118 (0.0118)	0.513 (0.513)	81.25 (81.25)
C-Flat stats | raw_grad: 10.802186 | projected_target: 1.977257 | g_0: 1.977257 | g_1: 2.080877 | g_2: 2.082721 | final: 10.822006 | e_w_0: 0.020000 | e_w_1_2: 0.035636 | target_ratio: 0.7517
[100/157]	0.0584 (0.0718)	0.0095 (0.0122)	0.505 (0.534)	78.12 (82.09)
C-Flat stats | raw_grad: 7.700196 | projected_target: 1.947123 | g_0: 1.947123 | g_1: 2.078013 | g_2: 2.087319 | final: 7.735031 | e_w_0: 0.020000 | e_w_1_2: 0.037471 | target_ratio: 0.7517
[156/157]	0.0512 (0.0726)	0.0045 (0.0126)	0.851 (0.531)	75.00 (82.28)
C-Flat stats | raw_grad: 23.801476 | projected_target: 5.194838 | g_0: 5.194838 | g_1: 5.438786 | g_2: 5.455960 | final: 23.856915 | e_w_0: 0.020000 | e_w_1_2: 0.035404 | target_ratio: 0.7517
 * Train Acc 82.280
 * Val Acc 81.700, Total time 0.37
 * Val loss 0.588, Total time 0.00
Epoch:10
LR: 5e-05
LR: 0.0005
LR: 0.00025
Itr		Time		  Data		  Loss		Acc
PLS-CFlat scope | mode: layer_selective | scope: deep_plus_classifier | deep_rule: last_stage | target_numel: 8398346 | total_numel: 11172170 | ratio: 0.7517 | project_before: False | project_after: False | transform_count: 0
[0/157]	0.0816 (0.0816)	0.0116 (0.0116)	0.383 (0.383)	90.62 (90.62)
C-Flat stats | raw_grad: 11.077786 | projected_target: 1.722444 | g_0: 1.722444 | g_1: 1.812090 | g_2: 1.821739 | final: 11.092362 | e_w_0: 0.020000 | e_w_1_2: 0.035860 | target_ratio: 0.7517
[100/157]	0.0784 (0.0735)	0.0116 (0.0133)	0.644 (0.433)	75.00 (85.43)
C-Flat stats | raw_grad: 13.549169 | projected_target: 2.610615 | g_0: 2.610615 | g_1: 2.716727 | g_2: 2.720312 | final: 13.570405 | e_w_0: 0.020000 | e_w_1_2: 0.035477 | target_ratio: 0.7517
[156/157]	0.0616 (0.0726)	0.0044 (0.0127)	0.803 (0.443)	62.50 (85.28)
C-Flat stats | raw_grad: 29.715378 | projected_target: 6.389011 | g_0: 6.389011 | g_1: 6.734352 | g_2: 6.786644 | final: 29.792755 | e_w_0: 0.020000 | e_w_1_2: 0.034406 | target_ratio: 0.7517
 * Train Acc 85.280
 * Val Acc 83.000, Total time 0.35
 * Val loss 0.527, Total time 0.00
Epoch:11
LR: 2.5e-05
LR: 0.00025
LR: 0.000125
Itr		Time		  Data		  Loss		Acc
PLS-CFlat scope | mode: layer_selective | scope: deep_plus_classifier | deep_rule: last_stage | target_numel: 8398346 | total_numel: 11172170 | ratio: 0.7517 | project_before: False | project_after: False | transform_count: 0
[0/157]	0.0724 (0.0724)	0.0093 (0.0093)	0.374 (0.374)	93.75 (93.75)
C-Flat stats | raw_grad: 8.029364 | projected_target: 1.612785 | g_0: 1.612785 | g_1: 1.676460 | g_2: 1.687496 | final: 8.042687 | e_w_0: 0.020000 | e_w_1_2: 0.033960 | target_ratio: 0.7517
[100/157]	0.0658 (0.0745)	0.0118 (0.0124)	0.442 (0.395)	84.38 (86.73)
C-Flat stats | raw_grad: 6.722255 | projected_target: 1.744253 | g_0: 1.744253 | g_1: 1.825415 | g_2: 1.823176 | final: 6.744205 | e_w_0: 0.020000 | e_w_1_2: 0.035260 | target_ratio: 0.7517
[156/157]	0.0626 (0.0741)	0.0040 (0.0124)	0.374 (0.394)	87.50 (86.78)
C-Flat stats | raw_grad: 20.242397 | projected_target: 3.654857 | g_0: 3.654857 | g_1: 3.875457 | g_2: 3.915769 | final: 20.284250 | e_w_0: 0.020000 | e_w_1_2: 0.034667 | target_ratio: 0.7517
 * Train Acc 86.780
 * Val Acc 81.000, Total time 0.38
 * Val loss 0.556, Total time 0.00
Epoch:12
LR: 2.5e-05
LR: 0.00025
LR: 0.000125
Itr		Time		  Data		  Loss		Acc
PLS-CFlat scope | mode: layer_selective | scope: deep_plus_classifier | deep_rule: last_stage | target_numel: 8398346 | total_numel: 11172170 | ratio: 0.7517 | project_before: False | project_after: False | transform_count: 0
[0/157]	0.0672 (0.0672)	0.0115 (0.0115)	0.330 (0.330)	87.50 (87.50)
C-Flat stats | raw_grad: 7.191671 | projected_target: 1.650741 | g_0: 1.650741 | g_1: 1.780620 | g_2: 1.808356 | final: 7.223145 | e_w_0: 0.020000 | e_w_1_2: 0.036883 | target_ratio: 0.7517
[100/157]	0.0807 (0.0734)	0.0116 (0.0129)	0.254 (0.384)	96.88 (87.25)
C-Flat stats | raw_grad: 8.973457 | projected_target: 1.431465 | g_0: 1.431465 | g_1: 1.514958 | g_2: 1.523688 | final: 8.987449 | e_w_0: 0.020000 | e_w_1_2: 0.035522 | target_ratio: 0.7517
[156/157]	0.0630 (0.0727)	0.0039 (0.0125)	0.971 (0.378)	62.50 (87.38)
C-Flat stats | raw_grad: 30.705662 | projected_target: 5.920640 | g_0: 5.920640 | g_1: 6.301873 | g_2: 6.395720 | final: 30.783047 | e_w_0: 0.020000 | e_w_1_2: 0.035375 | target_ratio: 0.7517
 * Train Acc 87.380
 * Val Acc 82.100, Total time 0.32
 * Val loss 0.539, Total time 0.00
Epoch:13
LR: 2.5e-05
LR: 0.00025
LR: 0.000125
Itr		Time		  Data		  Loss		Acc
PLS-CFlat scope | mode: layer_selective | scope: deep_plus_classifier | deep_rule: last_stage | target_numel: 8398346 | total_numel: 11172170 | ratio: 0.7517 | project_before: False | project_after: False | transform_count: 0
[0/157]	0.0658 (0.0658)	0.0114 (0.0114)	0.489 (0.489)	78.12 (78.12)
C-Flat stats | raw_grad: 14.828894 | projected_target: 2.382752 | g_0: 2.382752 | g_1: 2.480899 | g_2: 2.491263 | final: 14.845304 | e_w_0: 0.020000 | e_w_1_2: 0.034572 | target_ratio: 0.7517
[100/157]	0.0708 (0.0712)	0.0128 (0.0123)	0.444 (0.364)	84.38 (87.78)
C-Flat stats | raw_grad: 10.246510 | projected_target: 2.170929 | g_0: 2.170929 | g_1: 2.311031 | g_2: 2.339809 | final: 10.277699 | e_w_0: 0.020000 | e_w_1_2: 0.036007 | target_ratio: 0.7517
[156/157]	0.0519 (0.0732)	0.0036 (0.0123)	0.782 (0.366)	62.50 (87.56)
C-Flat stats | raw_grad: 31.074533 | projected_target: 6.784215 | g_0: 6.784215 | g_1: 7.414310 | g_2: 7.452276 | final: 31.220654 | e_w_0: 0.020000 | e_w_1_2: 0.037552 | target_ratio: 0.7517
 * Train Acc 87.560
 * Val Acc 82.300, Total time 0.36
 * Val loss 0.548, Total time 0.00
Epoch:14
LR: 2.5e-05
LR: 0.00025
LR: 0.000125
Itr		Time		  Data		  Loss		Acc
PLS-CFlat scope | mode: layer_selective | scope: deep_plus_classifier | deep_rule: last_stage | target_numel: 8398346 | total_numel: 11172170 | ratio: 0.7517 | project_before: False | project_after: False | transform_count: 0
[0/157]	0.0842 (0.0842)	0.0124 (0.0124)	0.305 (0.305)	87.50 (87.50)
C-Flat stats | raw_grad: 7.989127 | projected_target: 1.611349 | g_0: 1.611349 | g_1: 1.705440 | g_2: 1.718452 | final: 8.009059 | e_w_0: 0.020000 | e_w_1_2: 0.036167 | target_ratio: 0.7517
[100/157]	0.0782 (0.0738)	0.0122 (0.0129)	0.119 (0.344)	100.00 (88.99)
C-Flat stats | raw_grad: 4.921636 | projected_target: 1.012607 | g_0: 1.012607 | g_1: 1.225752 | g_2: 1.252746 | final: 4.970837 | e_w_0: 0.020000 | e_w_1_2: 0.039046 | target_ratio: 0.7517
[156/157]	0.0711 (0.0739)	0.0030 (0.0130)	0.427 (0.345)	87.50 (88.76)
C-Flat stats | raw_grad: 22.051460 | projected_target: 5.229103 | g_0: 5.229103 | g_1: 5.662640 | g_2: 5.774186 | final: 22.159565 | e_w_0: 0.020000 | e_w_1_2: 0.035397 | target_ratio: 0.7517
 * Train Acc 88.760
 * Val Acc 83.300, Total time 0.38
 * Val loss 0.522, Total time 0.00
Classifier Optimizer is reset!
reserving basis 6/27; cond: 344754.5, radio:6.336693331832066e-05
reserving basis 100/576; cond: 10697565.0, radio:4.325224654166959e-05
reserving basis 245/576; cond: 779465.5625, radio:0.0012506517814472318
reserving basis 243/576; cond: 1280216.0, radio:0.0007599197560921311
reserving basis 318/576; cond: 297247.46875, radio:0.0038512537721544504
reserving basis 311/576; cond: 586808.5, radio:0.001919086673296988
reserving basis 835/1152; cond: 297703.90625, radio:0.008703500032424927
reserving basis 45/64; cond: 9666.4638671875, radio:0.01362581830471754
reserving basis 891/1152; cond: 229252.09375, radio:0.011324478313326836
reserving basis 913/1152; cond: 183110.515625, radio:0.014655908569693565
reserving basis 850/1152; cond: 301487.75, radio:0.008902769535779953
reserving basis 1675/2304; cond: 520869.25, radio:0.009818953461945057
reserving basis 104/128; cond: 11265.4609375, radio:0.021953657269477844
reserving basis 1673/2304; cond: 499746.09375, radio:0.009906431660056114
reserving basis 1667/2304; cond: 519823.9375, radio:0.009288194589316845
reserving basis 126/2304; cond: 92755048.0, radio:4.922343123325845e-06
reserving basis 9/4608; cond: 835784278016.0, radio:2.7505114505443906e-11
reserving basis 201/256; cond: 41703.08984375, radio:0.014461287297308445
reserving basis 3/4608; cond: 1598647959552.0, radio:4.553372869725569e-12
reserving basis 17/4608; cond: 577156874240.0, radio:5.49762839419099e-11
computing EWC
validation split name: 1
 * Val Acc 83.300, Total time 0.52
 * Val loss 0.522, Total time 0.00
**************************************************
training split name: 1
 * Val Acc 91.580, Total time 2.33
 * Val loss 0.248, Total time 0.00
**************************************************
====================== 2 =======================
Epoch:0
LR: 5e-05
LR: 0.001
LR: 0.0005
Itr		Time		  Data		  Loss		Acc
PLS-CFlat scope | mode: layer_selective | scope: deep_plus_classifier | deep_rule: last_stage | target_numel: 8398346 | total_numel: 11172170 | ratio: 0.7517 | project_before: False | project_after: False | transform_count: 0
[0/157]	2.6981 (2.6981)	0.0119 (0.0119)	2.432 (2.432)	0.00 (0.00)
C-Flat stats | raw_grad: 3.364575 | projected_target: 2.871785 | g_0: 2.871785 | g_1: 2.940123 | g_2: 2.962472 | final: 3.424251 | e_w_0: 0.020000 | e_w_1_2: 0.036727 | target_ratio: 0.7517
[100/157]	0.0998 (0.1172)	0.0185 (0.0126)	1.437 (1.786)	56.25 (37.07)
C-Flat stats | raw_grad: 8.700709 | projected_target: 2.292777 | g_0: 2.292777 | g_1: 2.351961 | g_2: 2.363878 | final: 8.716836 | e_w_0: 0.020000 | e_w_1_2: 0.034183 | target_ratio: 0.7517
[156/157]	0.0704 (0.1068)	0.0039 (0.0128)	1.839 (1.713)	62.50 (39.14)
C-Flat stats | raw_grad: 12.212601 | projected_target: 5.022586 | g_0: 5.022586 | g_1: 5.094817 | g_2: 5.098942 | final: 12.243155 | e_w_0: 0.020000 | e_w_1_2: 0.031582 | target_ratio: 0.7517
 * Train Acc 39.140
 * Val Acc 49.400, Total time 0.32
 * Val loss 1.446, Total time 0.00
Epoch:1
LR: 5e-05
LR: 0.001
LR: 0.0005
Itr		Time		  Data		  Loss		Acc
PLS-CFlat scope | mode: layer_selective | scope: deep_plus_classifier | deep_rule: last_stage | target_numel: 8398346 | total_numel: 11172170 | ratio: 0.7517 | project_before: False | project_after: False | transform_count: 0
[0/157]	0.0663 (0.0663)	0.0089 (0.0089)	1.622 (1.622)	40.62 (40.62)
C-Flat stats | raw_grad: 10.492455 | projected_target: 2.791495 | g_0: 2.791495 | g_1: 2.885321 | g_2: 2.895006 | final: 10.518324 | e_w_0: 0.020000 | e_w_1_2: 0.035672 | target_ratio: 0.7517
[100/157]	0.0810 (0.0859)	0.0190 (0.0118)	1.466 (1.541)	46.88 (45.36)
C-Flat stats | raw_grad: 9.493441 | projected_target: 2.576731 | g_0: 2.576731 | g_1: 2.654153 | g_2: 2.668139 | final: 9.515232 | e_w_0: 0.020000 | e_w_1_2: 0.034542 | target_ratio: 0.7517
[156/157]	0.0694 (0.0852)	0.0033 (0.0119)	1.407 (1.525)	37.50 (45.98)
C-Flat stats | raw_grad: 16.370502 | projected_target: 5.093455 | g_0: 5.093455 | g_1: 5.282053 | g_2: 5.268540 | final: 16.431318 | e_w_0: 0.020000 | e_w_1_2: 0.035016 | target_ratio: 0.7517
 * Train Acc 45.980
 * Val Acc 49.000, Total time 0.37
 * Val loss 1.406, Total time 0.00
Epoch:2
LR: 5e-05
LR: 0.001
LR: 0.0005
Itr		Time		  Data		  Loss		Acc
PLS-CFlat scope | mode: layer_selective | scope: deep_plus_classifier | deep_rule: last_stage | target_numel: 8398346 | total_numel: 11172170 | ratio: 0.7517 | project_before: False | project_after: False | transform_count: 0
[0/157]	0.0845 (0.0845)	0.0129 (0.0129)	1.280 (1.280)	50.00 (50.00)
C-Flat stats | raw_grad: 8.680537 | projected_target: 2.268670 | g_0: 2.268670 | g_1: 2.342909 | g_2: 2.355950 | final: 8.700633 | e_w_0: 0.020000 | e_w_1_2: 0.034826 | target_ratio: 0.7517
[100/157]	0.0724 (0.0900)	0.0107 (0.0131)	1.345 (1.482)	50.00 (47.28)
C-Flat stats | raw_grad: 8.825990 | projected_target: 2.767698 | g_0: 2.767698 | g_1: 2.875444 | g_2: 2.886542 | final: 8.861070 | e_w_0: 0.020000 | e_w_1_2: 0.036226 | target_ratio: 0.7517
[156/157]	0.0703 (0.0877)	0.0032 (0.0128)	1.583 (1.474)	50.00 (48.06)
C-Flat stats | raw_grad: 24.625563 | projected_target: 5.864124 | g_0: 5.864124 | g_1: 6.080112 | g_2: 6.068083 | final: 24.678865 | e_w_0: 0.020000 | e_w_1_2: 0.034586 | target_ratio: 0.7517
 * Train Acc 48.060
 * Val Acc 51.600, Total time 0.36
 * Val loss 1.346, Total time 0.00
Epoch:3
LR: 5e-05
LR: 0.001
LR: 0.0005
Itr		Time		  Data		  Loss		Acc
PLS-CFlat scope | mode: layer_selective | scope: deep_plus_classifier | deep_rule: last_stage | target_numel: 8398346 | total_numel: 11172170 | ratio: 0.7517 | project_before: False | project_after: False | transform_count: 0
[0/157]	0.0873 (0.0873)	0.0121 (0.0121)	1.594 (1.594)	53.12 (53.12)
C-Flat stats | raw_grad: 10.614044 | projected_target: 2.696134 | g_0: 2.696134 | g_1: 2.760570 | g_2: 2.766026 | final: 10.630930 | e_w_0: 0.020000 | e_w_1_2: 0.033175 | target_ratio: 0.7517
[100/157]	0.0746 (0.0824)	0.0101 (0.0118)	1.578 (1.462)	40.62 (48.64)
C-Flat stats | raw_grad: 11.209172 | projected_target: 3.163943 | g_0: 3.163943 | g_1: 3.252487 | g_2: 3.258658 | final: 11.234997 | e_w_0: 0.020000 | e_w_1_2: 0.034090 | target_ratio: 0.7517
[156/157]	0.0705 (0.0825)	0.0032 (0.0119)	1.338 (1.452)	37.50 (49.20)
C-Flat stats | raw_grad: 17.033609 | projected_target: 5.491947 | g_0: 5.491947 | g_1: 5.769723 | g_2: 5.757203 | final: 17.127005 | e_w_0: 0.020000 | e_w_1_2: 0.036178 | target_ratio: 0.7517
 * Train Acc 49.200
 * Val Acc 53.800, Total time 0.34
 * Val loss 1.313, Total time 0.00
Epoch:4
LR: 5e-05
LR: 0.001
LR: 0.0005
Itr		Time		  Data		  Loss		Acc
PLS-CFlat scope | mode: layer_selective | scope: deep_plus_classifier | deep_rule: last_stage | target_numel: 8398346 | total_numel: 11172170 | ratio: 0.7517 | project_before: False | project_after: False | transform_count: 0
[0/157]	0.0818 (0.0818)	0.0117 (0.0117)	1.075 (1.075)	59.38 (59.38)
C-Flat stats | raw_grad: 8.424550 | projected_target: 2.206726 | g_0: 2.206726 | g_1: 2.280875 | g_2: 2.286493 | final: 8.444670 | e_w_0: 0.020000 | e_w_1_2: 0.034745 | target_ratio: 0.7517
[100/157]	0.0953 (0.0865)	0.0160 (0.0124)	1.698 (1.412)	50.00 (50.15)
C-Flat stats | raw_grad: 10.876778 | projected_target: 3.223327 | g_0: 3.223327 | g_1: 3.346399 | g_2: 3.361439 | final: 10.914659 | e_w_0: 0.020000 | e_w_1_2: 0.036154 | target_ratio: 0.7517
[156/157]	0.0812 (0.0854)	0.0028 (0.0123)	1.271 (1.421)	62.50 (50.28)
C-Flat stats | raw_grad: 18.021441 | projected_target: 4.978236 | g_0: 4.978236 | g_1: 5.186449 | g_2: 5.174329 | final: 18.081200 | e_w_0: 0.020000 | e_w_1_2: 0.034449 | target_ratio: 0.7517
 * Train Acc 50.280
 * Val Acc 54.600, Total time 0.33
 * Val loss 1.290, Total time 0.00
Epoch:5
LR: 5e-05
LR: 0.001
LR: 0.0005
Itr		Time		  Data		  Loss		Acc
PLS-CFlat scope | mode: layer_selective | scope: deep_plus_classifier | deep_rule: last_stage | target_numel: 8398346 | total_numel: 11172170 | ratio: 0.7517 | project_before: False | project_after: False | transform_count: 0
[0/157]	0.0897 (0.0897)	0.0118 (0.0118)	1.290 (1.290)	50.00 (50.00)
C-Flat stats | raw_grad: 11.491858 | projected_target: 3.391986 | g_0: 3.391986 | g_1: 3.513392 | g_2: 3.516353 | final: 11.529016 | e_w_0: 0.020000 | e_w_1_2: 0.036137 | target_ratio: 0.7517
[100/157]	0.0907 (0.0849)	0.0171 (0.0124)	1.498 (1.360)	40.62 (52.69)
C-Flat stats | raw_grad: 9.413655 | projected_target: 2.878935 | g_0: 2.878935 | g_1: 2.962761 | g_2: 2.966212 | final: 9.440162 | e_w_0: 0.020000 | e_w_1_2: 0.034562 | target_ratio: 0.7517
[156/157]	0.0705 (0.0836)	0.0032 (0.0120)	1.253 (1.381)	50.00 (52.00)
C-Flat stats | raw_grad: 16.287050 | projected_target: 4.941803 | g_0: 4.941803 | g_1: 5.148048 | g_2: 5.118683 | final: 16.352095 | e_w_0: 0.020000 | e_w_1_2: 0.034551 | target_ratio: 0.7517
 * Train Acc 52.000
 * Val Acc 54.300, Total time 0.34
 * Val loss 1.266, Total time 0.00
Epoch:6
LR: 2.5e-05
LR: 0.0005
LR: 0.00025
Itr		Time		  Data		  Loss		Acc
PLS-CFlat scope | mode: layer_selective | scope: deep_plus_classifier | deep_rule: last_stage | target_numel: 8398346 | total_numel: 11172170 | ratio: 0.7517 | project_before: False | project_after: False | transform_count: 0
[0/157]	0.0785 (0.0785)	0.0094 (0.0094)	1.296 (1.296)	53.12 (53.12)
C-Flat stats | raw_grad: 9.674816 | projected_target: 2.682394 | g_0: 2.682394 | g_1: 2.757566 | g_2: 2.762916 | final: 9.696326 | e_w_0: 0.020000 | e_w_1_2: 0.034145 | target_ratio: 0.7517
[100/157]	0.0766 (0.0827)	0.0101 (0.0121)	1.539 (1.362)	40.62 (53.81)
C-Flat stats | raw_grad: 9.775918 | projected_target: 2.930154 | g_0: 2.930154 | g_1: 3.008857 | g_2: 3.013281 | final: 9.800282 | e_w_0: 0.020000 | e_w_1_2: 0.033911 | target_ratio: 0.7517
[156/157]	0.0692 (0.0849)	0.0035 (0.0126)	1.676 (1.368)	37.50 (53.08)
C-Flat stats | raw_grad: 21.404697 | projected_target: 5.942372 | g_0: 5.942372 | g_1: 6.163858 | g_2: 6.153762 | final: 21.468599 | e_w_0: 0.020000 | e_w_1_2: 0.033672 | target_ratio: 0.7517
 * Train Acc 53.080
 * Val Acc 55.400, Total time 0.34
 * Val loss 1.252, Total time 0.00
Epoch:7
LR: 2.5e-05
LR: 0.0005
LR: 0.00025
Itr		Time		  Data		  Loss		Acc
PLS-CFlat scope | mode: layer_selective | scope: deep_plus_classifier | deep_rule: last_stage | target_numel: 8398346 | total_numel: 11172170 | ratio: 0.7517 | project_before: False | project_after: False | transform_count: 0
[0/157]	0.0819 (0.0819)	0.0114 (0.0114)	1.114 (1.114)	65.62 (65.62)
C-Flat stats | raw_grad: 10.161716 | projected_target: 2.739410 | g_0: 2.739410 | g_1: 2.861206 | g_2: 2.871639 | final: 10.195898 | e_w_0: 0.020000 | e_w_1_2: 0.035604 | target_ratio: 0.7517
[100/157]	0.0946 (0.0852)	0.0137 (0.0123)	1.379 (1.366)	43.75 (53.68)
C-Flat stats | raw_grad: 9.994595 | projected_target: 2.916752 | g_0: 2.916752 | g_1: 3.017975 | g_2: 3.025023 | final: 10.025209 | e_w_0: 0.020000 | e_w_1_2: 0.035465 | target_ratio: 0.7517
[156/157]	0.0820 (0.0843)	0.0030 (0.0123)	1.431 (1.371)	62.50 (52.56)
C-Flat stats | raw_grad: 17.844147 | projected_target: 5.414243 | g_0: 5.414243 | g_1: 5.661678 | g_2: 5.637904 | final: 17.922272 | e_w_0: 0.020000 | e_w_1_2: 0.034656 | target_ratio: 0.7517
 * Train Acc 52.560
 * Val Acc 55.300, Total time 0.34
 * Val loss 1.255, Total time 0.00
Epoch:8
LR: 2.5e-05
LR: 0.0005
LR: 0.00025
Itr		Time		  Data		  Loss		Acc
PLS-CFlat scope | mode: layer_selective | scope: deep_plus_classifier | deep_rule: last_stage | target_numel: 8398346 | total_numel: 11172170 | ratio: 0.7517 | project_before: False | project_after: False | transform_count: 0
[0/157]	0.1029 (0.1029)	0.0118 (0.0118)	1.339 (1.339)	46.88 (46.88)
C-Flat stats | raw_grad: 8.287943 | projected_target: 2.702010 | g_0: 2.702010 | g_1: 2.793936 | g_2: 2.806396 | final: 8.319037 | e_w_0: 0.020000 | e_w_1_2: 0.034899 | target_ratio: 0.7517
[100/157]	0.0807 (0.0829)	0.0126 (0.0127)	1.250 (1.363)	56.25 (52.07)
C-Flat stats | raw_grad: 10.033988 | projected_target: 2.571617 | g_0: 2.571617 | g_1: 2.644340 | g_2: 2.648193 | final: 10.053281 | e_w_0: 0.020000 | e_w_1_2: 0.033639 | target_ratio: 0.7517
[156/157]	0.0689 (0.0850)	0.0035 (0.0126)	1.440 (1.355)	75.00 (52.46)
C-Flat stats | raw_grad: 17.720068 | projected_target: 5.173312 | g_0: 5.173312 | g_1: 5.312283 | g_2: 5.314826 | final: 17.762096 | e_w_0: 0.020000 | e_w_1_2: 0.032823 | target_ratio: 0.7517
 * Train Acc 52.460
 * Val Acc 55.400, Total time 0.34
 * Val loss 1.233, Total time 0.00
Epoch:9
LR: 2.5e-05
LR: 0.0005
LR: 0.00025
Itr		Time		  Data		  Loss		Acc
PLS-CFlat scope | mode: layer_selective | scope: deep_plus_classifier | deep_rule: last_stage | target_numel: 8398346 | total_numel: 11172170 | ratio: 0.7517 | project_before: False | project_after: False | transform_count: 0
[0/157]	0.0835 (0.0835)	0.0119 (0.0119)	1.131 (1.131)	65.62 (65.62)
C-Flat stats | raw_grad: 8.885746 | projected_target: 2.530185 | g_0: 2.530185 | g_1: 2.611159 | g_2: 2.611917 | final: 8.909615 | e_w_0: 0.020000 | e_w_1_2: 0.034382 | target_ratio: 0.7517
[100/157]	0.0730 (0.0850)	0.0097 (0.0124)	1.120 (1.364)	65.62 (53.53)
C-Flat stats | raw_grad: 8.412239 | projected_target: 2.609141 | g_0: 2.609141 | g_1: 2.712130 | g_2: 2.721132 | final: 8.445406 | e_w_0: 0.020000 | e_w_1_2: 0.035722 | target_ratio: 0.7517
[156/157]	0.0705 (0.0824)	0.0027 (0.0119)	1.310 (1.360)	62.50 (53.42)
C-Flat stats | raw_grad: 18.112000 | projected_target: 5.509052 | g_0: 5.509052 | g_1: 5.752090 | g_2: 5.738108 | final: 18.188820 | e_w_0: 0.020000 | e_w_1_2: 0.034559 | target_ratio: 0.7517
 * Train Acc 53.420
 * Val Acc 57.000, Total time 0.35
 * Val loss 1.218, Total time 0.00
Epoch:10
LR: 2.5e-05
LR: 0.0005
LR: 0.00025
Itr		Time		  Data		  Loss		Acc
PLS-CFlat scope | mode: layer_selective | scope: deep_plus_classifier | deep_rule: last_stage | target_numel: 8398346 | total_numel: 11172170 | ratio: 0.7517 | project_before: False | project_after: False | transform_count: 0
[0/157]	0.0836 (0.0836)	0.0121 (0.0121)	1.216 (1.216)	46.88 (46.88)
C-Flat stats | raw_grad: 9.506145 | projected_target: 2.960870 | g_0: 2.960870 | g_1: 3.060055 | g_2: 3.059054 | final: 9.538143 | e_w_0: 0.020000 | e_w_1_2: 0.035473 | target_ratio: 0.7517
[100/157]	0.0803 (0.0850)	0.0092 (0.0124)	1.434 (1.326)	50.00 (54.12)
C-Flat stats | raw_grad: 9.566154 | projected_target: 3.226418 | g_0: 3.226418 | g_1: 3.323092 | g_2: 3.319941 | final: 9.599862 | e_w_0: 0.020000 | e_w_1_2: 0.034654 | target_ratio: 0.7517
[156/157]	0.0752 (0.0857)	0.0029 (0.0123)	1.238 (1.332)	50.00 (53.86)
C-Flat stats | raw_grad: 24.395140 | projected_target: 5.659804 | g_0: 5.659804 | g_1: 5.998482 | g_2: 5.977485 | final: 24.477346 | e_w_0: 0.020000 | e_w_1_2: 0.035627 | target_ratio: 0.7517
 * Train Acc 53.860
 * Val Acc 56.800, Total time 0.36
 * Val loss 1.218, Total time 0.00
Epoch:11
LR: 1.25e-05
LR: 0.00025
LR: 0.000125
Itr		Time		  Data		  Loss		Acc
PLS-CFlat scope | mode: layer_selective | scope: deep_plus_classifier | deep_rule: last_stage | target_numel: 8398346 | total_numel: 11172170 | ratio: 0.7517 | project_before: False | project_after: False | transform_count: 0
[0/157]	0.0930 (0.0930)	0.0102 (0.0102)	1.325 (1.325)	50.00 (50.00)
C-Flat stats | raw_grad: 9.882960 | projected_target: 3.436198 | g_0: 3.436198 | g_1: 3.581254 | g_2: 3.589781 | final: 9.935365 | e_w_0: 0.020000 | e_w_1_2: 0.036534 | target_ratio: 0.7517
[100/157]	0.1056 (0.0851)	0.0384 (0.0129)	1.297 (1.330)	59.38 (54.12)
C-Flat stats | raw_grad: 10.117497 | projected_target: 2.920372 | g_0: 2.920372 | g_1: 3.041596 | g_2: 3.052996 | final: 10.153916 | e_w_0: 0.020000 | e_w_1_2: 0.036003 | target_ratio: 0.7517
[156/157]	0.0774 (0.0838)	0.0031 (0.0127)	1.394 (1.328)	37.50 (54.90)
C-Flat stats | raw_grad: 20.012617 | projected_target: 5.073714 | g_0: 5.073714 | g_1: 5.265220 | g_2: 5.236366 | final: 20.063019 | e_w_0: 0.020000 | e_w_1_2: 0.034120 | target_ratio: 0.7517
 * Train Acc 54.900
 * Val Acc 55.200, Total time 0.35
 * Val loss 1.208, Total time 0.00
Epoch:12
LR: 1.25e-05
LR: 0.00025
LR: 0.000125
Itr		Time		  Data		  Loss		Acc
PLS-CFlat scope | mode: layer_selective | scope: deep_plus_classifier | deep_rule: last_stage | target_numel: 8398346 | total_numel: 11172170 | ratio: 0.7517 | project_before: False | project_after: False | transform_count: 0
[0/157]	0.0882 (0.0882)	0.0123 (0.0123)	1.306 (1.306)	56.25 (56.25)
C-Flat stats | raw_grad: 9.449772 | projected_target: 3.190029 | g_0: 3.190029 | g_1: 3.334376 | g_2: 3.350154 | final: 9.500370 | e_w_0: 0.020000 | e_w_1_2: 0.036085 | target_ratio: 0.7517
[100/157]	0.1085 (0.0856)	0.0245 (0.0130)	1.593 (1.341)	37.50 (54.58)
C-Flat stats | raw_grad: 10.482392 | projected_target: 3.211889 | g_0: 3.211889 | g_1: 3.298676 | g_2: 3.297640 | final: 10.509872 | e_w_0: 0.020000 | e_w_1_2: 0.034103 | target_ratio: 0.7517
[156/157]	0.0707 (0.0840)	0.0035 (0.0126)	2.262 (1.339)	12.50 (54.24)
C-Flat stats | raw_grad: 17.950470 | projected_target: 6.744627 | g_0: 6.744627 | g_1: 6.945740 | g_2: 6.955329 | final: 18.028490 | e_w_0: 0.020000 | e_w_1_2: 0.033800 | target_ratio: 0.7517
 * Train Acc 54.240
 * Val Acc 57.100, Total time 0.34
 * Val loss 1.207, Total time 0.00
Epoch:13
LR: 1.25e-05
LR: 0.00025
LR: 0.000125
Itr		Time		  Data		  Loss		Acc
PLS-CFlat scope | mode: layer_selective | scope: deep_plus_classifier | deep_rule: last_stage | target_numel: 8398346 | total_numel: 11172170 | ratio: 0.7517 | project_before: False | project_after: False | transform_count: 0
[0/157]	0.0709 (0.0709)	0.0117 (0.0117)	1.502 (1.502)	43.75 (43.75)
C-Flat stats | raw_grad: 10.835950 | projected_target: 3.001485 | g_0: 3.001485 | g_1: 3.087263 | g_2: 3.082898 | final: 10.860514 | e_w_0: 0.020000 | e_w_1_2: 0.034414 | target_ratio: 0.7517
[100/157]	0.0705 (0.0801)	0.0118 (0.0118)	1.374 (1.301)	50.00 (55.45)
C-Flat stats | raw_grad: 8.608131 | projected_target: 3.191127 | g_0: 3.191127 | g_1: 3.332902 | g_2: 3.357863 | final: 8.662799 | e_w_0: 0.020000 | e_w_1_2: 0.036254 | target_ratio: 0.7517
[156/157]	0.0712 (0.0813)	0.0041 (0.0118)	1.305 (1.308)	62.50 (55.06)
C-Flat stats | raw_grad: 22.932707 | projected_target: 5.775378 | g_0: 5.775378 | g_1: 6.054173 | g_2: 6.041571 | final: 23.005917 | e_w_0: 0.020000 | e_w_1_2: 0.034855 | target_ratio: 0.7517
 * Train Acc 55.060
 * Val Acc 56.300, Total time 0.34
 * Val loss 1.201, Total time 0.00
Epoch:14
LR: 1.25e-05
LR: 0.00025
LR: 0.000125
Itr		Time		  Data		  Loss		Acc
PLS-CFlat scope | mode: layer_selective | scope: deep_plus_classifier | deep_rule: last_stage | target_numel: 8398346 | total_numel: 11172170 | ratio: 0.7517 | project_before: False | project_after: False | transform_count: 0
[0/157]	0.0839 (0.0839)	0.0114 (0.0114)	1.248 (1.248)	53.12 (53.12)
C-Flat stats | raw_grad: 10.562505 | projected_target: 2.988604 | g_0: 2.988604 | g_1: 3.082346 | g_2: 3.084023 | final: 10.589928 | e_w_0: 0.020000 | e_w_1_2: 0.034403 | target_ratio: 0.7517
[100/157]	0.0727 (0.0850)	0.0090 (0.0128)	1.468 (1.311)	43.75 (54.30)
C-Flat stats | raw_grad: 10.047818 | projected_target: 3.170616 | g_0: 3.170616 | g_1: 3.276694 | g_2: 3.285536 | final: 10.082507 | e_w_0: 0.020000 | e_w_1_2: 0.034816 | target_ratio: 0.7517
[156/157]	0.1181 (0.0866)	0.0036 (0.0127)	0.935 (1.311)	75.00 (54.08)
C-Flat stats | raw_grad: 16.388592 | projected_target: 5.390410 | g_0: 5.390410 | g_1: 5.701566 | g_2: 5.672315 | final: 16.495604 | e_w_0: 0.020000 | e_w_1_2: 0.035879 | target_ratio: 0.7517
 * Train Acc 54.080
 * Val Acc 56.900, Total time 0.34
 * Val loss 1.211, Total time 0.00
Classifier Optimizer is reset!
reserving basis 6/27; cond: 363733.59375, radio:6.114322604844347e-05
reserving basis 102/576; cond: 10062474.0, radio:4.6821274736430496e-05
reserving basis 236/576; cond: 784983.5, radio:0.001215071533806622
reserving basis 243/576; cond: 1233940.375, radio:0.0007882542558945715
reserving basis 320/576; cond: 288456.0, radio:0.004005481023341417
reserving basis 310/576; cond: 568030.0, radio:0.0019768120255321264
reserving basis 840/1152; cond: 286108.4375, radio:0.009139930829405785
reserving basis 45/64; cond: 9368.49609375, radio:0.01398519892245531
reserving basis 895/1152; cond: 220332.078125, radio:0.011769350618124008
reserving basis 918/1152; cond: 175807.8125, radio:0.015254542231559753
reserving basis 885/1152; cond: 263132.375, radio:0.010290846228599548
reserving basis 1871/2304; cond: 367866.625, radio:0.013881833292543888
reserving basis 104/128; cond: 10993.1337890625, radio:0.02243059128522873
reserving basis 1871/2304; cond: 353218.0, radio:0.014122620224952698
reserving basis 1858/2304; cond: 375632.21875, radio:0.013148924335837364
reserving basis 962/2304; cond: 1738677.375, radio:0.001939179957844317
reserving basis 80/4608; cond: 511192800.0, radio:5.960229145784979e-07
reserving basis 209/256; cond: 34623.68359375, radio:0.016804633662104607
reserving basis 3/4608; cond: 3551867136.0, radio:1.953870176762962e-09
reserving basis 6/4608; cond: 7792298496.0, radio:2.014702404906643e-09
computing EWC
validation split name: 1
 * Val Acc 82.000, Total time 0.54
 * Val loss 0.599, Total time 0.00
**************************************************
training split name: 1
 * Val Acc 90.540, Total time 2.23
 * Val loss 0.267, Total time 0.00
**************************************************
validation split name: 2
 * Val Acc 56.900, Total time 0.35
 * Val loss 1.211, Total time 0.00
**************************************************
training split name: 2
 * Val Acc 55.920, Total time 2.26
 * Val loss 1.272, Total time 0.00
**************************************************
====================== 3 =======================
Epoch:0
LR: 5e-05
LR: 0.001
LR: 0.0005
Itr		Time		  Data		  Loss		Acc
PLS-CFlat scope | mode: layer_selective | scope: deep_plus_classifier | deep_rule: last_stage | target_numel: 8398346 | total_numel: 11172170 | ratio: 0.7517 | project_before: False | project_after: False | transform_count: 0
[0/157]	1.0888 (1.0888)	0.0090 (0.0090)	2.361 (2.361)	3.12 (3.12)
C-Flat stats | raw_grad: 3.789116 | projected_target: 2.871110 | g_0: 2.871110 | g_1: 2.949823 | g_2: 2.977126 | final: 3.850352 | e_w_0: 0.020000 | e_w_1_2: 0.037020 | target_ratio: 0.7517
[100/157]	0.0898 (0.0932)	0.0111 (0.0119)	1.595 (1.679)	40.62 (42.85)
C-Flat stats | raw_grad: 10.003885 | projected_target: 2.676070 | g_0: 2.676070 | g_1: 2.767581 | g_2: 2.785394 | final: 10.029291 | e_w_0: 0.020000 | e_w_1_2: 0.036108 | target_ratio: 0.7517
[156/157]	0.0694 (0.0892)	0.0038 (0.0116)	1.814 (1.589)	25.00 (46.08)
C-Flat stats | raw_grad: 18.752428 | projected_target: 5.461032 | g_0: 5.461032 | g_1: 5.601480 | g_2: 5.593821 | final: 18.794689 | e_w_0: 0.020000 | e_w_1_2: 0.034078 | target_ratio: 0.7517
 * Train Acc 46.080
 * Val Acc 54.800, Total time 0.36
 * Val loss 1.341, Total time 0.00
Epoch:1
LR: 5e-05
LR: 0.001
LR: 0.0005
Itr		Time		  Data		  Loss		Acc
PLS-CFlat scope | mode: layer_selective | scope: deep_plus_classifier | deep_rule: last_stage | target_numel: 8398346 | total_numel: 11172170 | ratio: 0.7517 | project_before: False | project_after: False | transform_count: 0
[0/157]	0.0766 (0.0766)	0.0128 (0.0128)	1.312 (1.312)	53.12 (53.12)
C-Flat stats | raw_grad: 8.467441 | projected_target: 2.310467 | g_0: 2.310467 | g_1: 2.384844 | g_2: 2.392830 | final: 8.488464 | e_w_0: 0.020000 | e_w_1_2: 0.034643 | target_ratio: 0.7517
[100/157]	0.0769 (0.0845)	0.0093 (0.0127)	1.260 (1.412)	59.38 (52.29)
C-Flat stats | raw_grad: 10.495808 | projected_target: 2.554953 | g_0: 2.554953 | g_1: 2.655370 | g_2: 2.660658 | final: 10.521194 | e_w_0: 0.020000 | e_w_1_2: 0.035896 | target_ratio: 0.7517
[156/157]	0.0744 (0.0852)	0.0028 (0.0127)	1.043 (1.387)	62.50 (52.88)
C-Flat stats | raw_grad: 15.520605 | projected_target: 3.988165 | g_0: 3.988165 | g_1: 4.153000 | g_2: 4.166273 | final: 15.564741 | e_w_0: 0.020000 | e_w_1_2: 0.035302 | target_ratio: 0.7517
 * Train Acc 52.880
 * Val Acc 54.500, Total time 0.37
 * Val loss 1.332, Total time 0.00
Epoch:2
LR: 5e-05
LR: 0.001
LR: 0.0005
Itr		Time		  Data		  Loss		Acc
PLS-CFlat scope | mode: layer_selective | scope: deep_plus_classifier | deep_rule: last_stage | target_numel: 8398346 | total_numel: 11172170 | ratio: 0.7517 | project_before: False | project_after: False | transform_count: 0
[0/157]	0.0783 (0.0783)	0.0115 (0.0115)	0.998 (0.998)	68.75 (68.75)
C-Flat stats | raw_grad: 8.811119 | projected_target: 2.179540 | g_0: 2.179540 | g_1: 2.267001 | g_2: 2.277546 | final: 8.833616 | e_w_0: 0.020000 | e_w_1_2: 0.035648 | target_ratio: 0.7517
[100/157]	0.0726 (0.0823)	0.0114 (0.0117)	1.095 (1.343)	71.88 (54.52)
C-Flat stats | raw_grad: 9.247409 | projected_target: 2.304394 | g_0: 2.304394 | g_1: 2.401051 | g_2: 2.413245 | final: 9.272488 | e_w_0: 0.020000 | e_w_1_2: 0.036134 | target_ratio: 0.7517
[156/157]	0.0867 (0.0836)	0.0116 (0.0118)	1.085 (1.332)	62.50 (55.02)
C-Flat stats | raw_grad: 21.828360 | projected_target: 4.372287 | g_0: 4.372287 | g_1: 4.544926 | g_2: 4.542328 | final: 21.864283 | e_w_0: 0.020000 | e_w_1_2: 0.034619 | target_ratio: 0.7517
 * Train Acc 55.020
 * Val Acc 56.800, Total time 0.32
 * Val loss 1.255, Total time 0.00
Epoch:3
LR: 5e-05
LR: 0.001
LR: 0.0005
Itr		Time		  Data		  Loss		Acc
PLS-CFlat scope | mode: layer_selective | scope: deep_plus_classifier | deep_rule: last_stage | target_numel: 8398346 | total_numel: 11172170 | ratio: 0.7517 | project_before: False | project_after: False | transform_count: 0
[0/157]	0.0828 (0.0828)	0.0126 (0.0126)	1.321 (1.321)	53.12 (53.12)
C-Flat stats | raw_grad: 10.611125 | projected_target: 2.529710 | g_0: 2.529710 | g_1: 2.603201 | g_2: 2.607321 | final: 10.629255 | e_w_0: 0.020000 | e_w_1_2: 0.034150 | target_ratio: 0.7517
[100/157]	0.0824 (0.0845)	0.0113 (0.0119)	1.634 (1.316)	53.12 (56.00)
C-Flat stats | raw_grad: 15.148310 | projected_target: 3.050077 | g_0: 3.050077 | g_1: 3.113894 | g_2: 3.123840 | final: 15.161538 | e_w_0: 0.020000 | e_w_1_2: 0.032890 | target_ratio: 0.7517
[156/157]	0.0776 (0.0855)	0.0043 (0.0119)	1.415 (1.312)	50.00 (55.44)
C-Flat stats | raw_grad: 22.475229 | projected_target: 6.058669 | g_0: 6.058669 | g_1: 6.255409 | g_2: 6.261416 | final: 22.530140 | e_w_0: 0.020000 | e_w_1_2: 0.034515 | target_ratio: 0.7517
 * Train Acc 55.440
 * Val Acc 57.500, Total time 0.35
 * Val loss 1.238, Total time 0.00
Epoch:4
LR: 5e-05
LR: 0.001
LR: 0.0005
Itr		Time		  Data		  Loss		Acc
PLS-CFlat scope | mode: layer_selective | scope: deep_plus_classifier | deep_rule: last_stage | target_numel: 8398346 | total_numel: 11172170 | ratio: 0.7517 | project_before: False | project_after: False | transform_count: 0
[0/157]	0.0921 (0.0921)	0.0132 (0.0132)	1.004 (1.004)	71.88 (71.88)
C-Flat stats | raw_grad: 7.833442 | projected_target: 2.136608 | g_0: 2.136608 | g_1: 2.239387 | g_2: 2.255953 | final: 7.862717 | e_w_0: 0.020000 | e_w_1_2: 0.036022 | target_ratio: 0.7517
[100/157]	0.0762 (0.0838)	0.0125 (0.0124)	1.279 (1.288)	56.25 (55.51)
C-Flat stats | raw_grad: 11.812125 | projected_target: 3.049050 | g_0: 3.049050 | g_1: 3.165664 | g_2: 3.170096 | final: 11.843377 | e_w_0: 0.020000 | e_w_1_2: 0.036033 | target_ratio: 0.7517
[156/157]	0.0861 (0.0851)	0.0033 (0.0129)	1.171 (1.288)	62.50 (56.46)
C-Flat stats | raw_grad: 16.303968 | projected_target: 5.522717 | g_0: 5.522717 | g_1: 5.837087 | g_2: 5.838153 | final: 16.415281 | e_w_0: 0.020000 | e_w_1_2: 0.037145 | target_ratio: 0.7517
 * Train Acc 56.460
 * Val Acc 58.100, Total time 0.41
 * Val loss 1.215, Total time 0.00
Epoch:5
LR: 5e-05
LR: 0.001
LR: 0.0005
Itr		Time		  Data		  Loss		Acc
PLS-CFlat scope | mode: layer_selective | scope: deep_plus_classifier | deep_rule: last_stage | target_numel: 8398346 | total_numel: 11172170 | ratio: 0.7517 | project_before: False | project_after: False | transform_count: 0
[0/157]	0.0921 (0.0921)	0.0114 (0.0114)	1.413 (1.413)	46.88 (46.88)
C-Flat stats | raw_grad: 14.206738 | projected_target: 3.108608 | g_0: 3.108608 | g_1: 3.191077 | g_2: 3.191252 | final: 14.225381 | e_w_0: 0.020000 | e_w_1_2: 0.034149 | target_ratio: 0.7517
[100/157]	0.0745 (0.0881)	0.0087 (0.0133)	1.570 (1.271)	50.00 (58.01)
C-Flat stats | raw_grad: 10.716349 | projected_target: 2.806208 | g_0: 2.806208 | g_1: 2.887261 | g_2: 2.900937 | final: 10.738324 | e_w_0: 0.020000 | e_w_1_2: 0.034170 | target_ratio: 0.7517
[156/157]	0.0726 (0.0871)	0.0034 (0.0129)	1.930 (1.256)	0.00 (58.76)
C-Flat stats | raw_grad: 26.888800 | projected_target: 7.234256 | g_0: 7.234256 | g_1: 7.484785 | g_2: 7.493637 | final: 26.958591 | e_w_0: 0.020000 | e_w_1_2: 0.034443 | target_ratio: 0.7517
 * Train Acc 58.760
 * Val Acc 58.700, Total time 0.32
 * Val loss 1.201, Total time 0.00
Epoch:6
LR: 2.5e-05
LR: 0.0005
LR: 0.00025
Itr		Time		  Data		  Loss		Acc
PLS-CFlat scope | mode: layer_selective | scope: deep_plus_classifier | deep_rule: last_stage | target_numel: 8398346 | total_numel: 11172170 | ratio: 0.7517 | project_before: False | project_after: False | transform_count: 0
[0/157]	0.0731 (0.0731)	0.0115 (0.0115)	1.214 (1.214)	53.12 (53.12)
C-Flat stats | raw_grad: 11.575997 | projected_target: 3.079232 | g_0: 3.079232 | g_1: 3.204155 | g_2: 3.210339 | final: 11.610514 | e_w_0: 0.020000 | e_w_1_2: 0.035866 | target_ratio: 0.7517
[100/157]	0.0815 (0.0923)	0.0086 (0.0136)	1.367 (1.245)	50.00 (58.11)
C-Flat stats | raw_grad: 13.505396 | projected_target: 3.181962 | g_0: 3.181962 | g_1: 3.280029 | g_2: 3.280076 | final: 13.529302 | e_w_0: 0.020000 | e_w_1_2: 0.035250 | target_ratio: 0.7517
[156/157]	0.0742 (0.0888)	0.0042 (0.0129)	1.290 (1.242)	62.50 (57.90)
C-Flat stats | raw_grad: 25.639654 | projected_target: 5.118566 | g_0: 5.118566 | g_1: 5.364693 | g_2: 5.381145 | final: 25.690903 | e_w_0: 0.020000 | e_w_1_2: 0.034705 | target_ratio: 0.7517
 * Train Acc 57.900
 * Val Acc 58.700, Total time 0.42
 * Val loss 1.198, Total time 0.00
Epoch:7
LR: 2.5e-05
LR: 0.0005
LR: 0.00025
Itr		Time		  Data		  Loss		Acc
PLS-CFlat scope | mode: layer_selective | scope: deep_plus_classifier | deep_rule: last_stage | target_numel: 8398346 | total_numel: 11172170 | ratio: 0.7517 | project_before: False | project_after: False | transform_count: 0
[0/157]	0.0830 (0.0830)	0.0112 (0.0112)	0.947 (0.947)	65.62 (65.62)
C-Flat stats | raw_grad: 10.835841 | projected_target: 2.622553 | g_0: 2.622553 | g_1: 2.721754 | g_2: 2.726004 | final: 10.860749 | e_w_0: 0.020000 | e_w_1_2: 0.034982 | target_ratio: 0.7517
[100/157]	0.0873 (0.0862)	0.0101 (0.0122)	0.866 (1.251)	78.12 (57.89)
C-Flat stats | raw_grad: 8.568558 | projected_target: 2.326071 | g_0: 2.326071 | g_1: 2.441688 | g_2: 2.458970 | final: 8.601334 | e_w_0: 0.020000 | e_w_1_2: 0.036230 | target_ratio: 0.7517
[156/157]	0.0604 (0.0842)	0.0034 (0.0119)	0.700 (1.233)	87.50 (58.58)
C-Flat stats | raw_grad: 13.102220 | projected_target: 3.250697 | g_0: 3.250697 | g_1: 3.458231 | g_2: 3.476450 | final: 13.156408 | e_w_0: 0.020000 | e_w_1_2: 0.036208 | target_ratio: 0.7517
 * Train Acc 58.580
 * Val Acc 59.100, Total time 0.42
 * Val loss 1.172, Total time 0.00
Epoch:8
LR: 2.5e-05
LR: 0.0005
LR: 0.00025
Itr		Time		  Data		  Loss		Acc
PLS-CFlat scope | mode: layer_selective | scope: deep_plus_classifier | deep_rule: last_stage | target_numel: 8398346 | total_numel: 11172170 | ratio: 0.7517 | project_before: False | project_after: False | transform_count: 0
[0/157]	0.0853 (0.0853)	0.0121 (0.0121)	1.017 (1.017)	65.62 (65.62)
C-Flat stats | raw_grad: 8.845780 | projected_target: 2.450872 | g_0: 2.450872 | g_1: 2.525503 | g_2: 2.526728 | final: 8.867170 | e_w_0: 0.020000 | e_w_1_2: 0.034067 | target_ratio: 0.7517
[100/157]	0.0751 (0.0826)	0.0105 (0.0120)	1.219 (1.254)	62.50 (58.42)
C-Flat stats | raw_grad: 12.114374 | projected_target: 3.308202 | g_0: 3.308202 | g_1: 3.447085 | g_2: 3.446441 | final: 12.153787 | e_w_0: 0.020000 | e_w_1_2: 0.036590 | target_ratio: 0.7517
[156/157]	0.0691 (0.0828)	0.0031 (0.0118)	1.321 (1.235)	62.50 (58.96)
C-Flat stats | raw_grad: 21.317081 | projected_target: 5.820897 | g_0: 5.820897 | g_1: 6.039356 | g_2: 6.009413 | final: 21.379068 | e_w_0: 0.020000 | e_w_1_2: 0.033303 | target_ratio: 0.7517
 * Train Acc 58.960
 * Val Acc 59.800, Total time 0.35
 * Val loss 1.188, Total time 0.00
Epoch:9
LR: 2.5e-05
LR: 0.0005
LR: 0.00025
Itr		Time		  Data		  Loss		Acc
PLS-CFlat scope | mode: layer_selective | scope: deep_plus_classifier | deep_rule: last_stage | target_numel: 8398346 | total_numel: 11172170 | ratio: 0.7517 | project_before: False | project_after: False | transform_count: 0
[0/157]	0.0780 (0.0780)	0.0092 (0.0092)	1.486 (1.486)	50.00 (50.00)
C-Flat stats | raw_grad: 11.754353 | projected_target: 3.199584 | g_0: 3.199584 | g_1: 3.300329 | g_2: 3.306987 | final: 11.782739 | e_w_0: 0.020000 | e_w_1_2: 0.034839 | target_ratio: 0.7517
[100/157]	0.0783 (0.0816)	0.0120 (0.0120)	1.371 (1.210)	40.62 (59.53)
C-Flat stats | raw_grad: 13.045597 | projected_target: 3.054588 | g_0: 3.054588 | g_1: 3.139758 | g_2: 3.141878 | final: 13.066223 | e_w_0: 0.020000 | e_w_1_2: 0.034404 | target_ratio: 0.7517
[156/157]	0.0665 (0.0806)	0.0034 (0.0119)	1.361 (1.214)	62.50 (59.52)
C-Flat stats | raw_grad: 27.159895 | projected_target: 6.061509 | g_0: 6.061509 | g_1: 6.244592 | g_2: 6.231462 | final: 27.202097 | e_w_0: 0.020000 | e_w_1_2: 0.032664 | target_ratio: 0.7517
 * Train Acc 59.520
 * Val Acc 60.000, Total time 0.33
 * Val loss 1.179, Total time 0.00
Epoch:10
LR: 2.5e-05
LR: 0.0005
LR: 0.00025
Itr		Time		  Data		  Loss		Acc
PLS-CFlat scope | mode: layer_selective | scope: deep_plus_classifier | deep_rule: last_stage | target_numel: 8398346 | total_numel: 11172170 | ratio: 0.7517 | project_before: False | project_after: False | transform_count: 0
[0/157]	0.0774 (0.0774)	0.0098 (0.0098)	1.169 (1.169)	75.00 (75.00)
C-Flat stats | raw_grad: 9.980280 | projected_target: 2.750821 | g_0: 2.750821 | g_1: 2.840182 | g_2: 2.841605 | final: 10.005794 | e_w_0: 0.020000 | e_w_1_2: 0.034641 | target_ratio: 0.7517
[100/157]	0.0743 (0.0847)	0.0115 (0.0126)	1.378 (1.202)	50.00 (59.50)
C-Flat stats | raw_grad: 10.969375 | projected_target: 3.051979 | g_0: 3.051979 | g_1: 3.138447 | g_2: 3.131719 | final: 10.994234 | e_w_0: 0.020000 | e_w_1_2: 0.034051 | target_ratio: 0.7517
[156/157]	0.0695 (0.0856)	0.0039 (0.0126)	0.744 (1.199)	87.50 (59.94)
C-Flat stats | raw_grad: 11.509136 | projected_target: 3.674136 | g_0: 3.674136 | g_1: 3.984744 | g_2: 4.035954 | final: 11.614198 | e_w_0: 0.020000 | e_w_1_2: 0.037285 | target_ratio: 0.7517
 * Train Acc 59.940
 * Val Acc 60.700, Total time 0.44
 * Val loss 1.153, Total time 0.00
Epoch:11
LR: 1.25e-05
LR: 0.00025
LR: 0.000125
Itr		Time		  Data		  Loss		Acc
PLS-CFlat scope | mode: layer_selective | scope: deep_plus_classifier | deep_rule: last_stage | target_numel: 8398346 | total_numel: 11172170 | ratio: 0.7517 | project_before: False | project_after: False | transform_count: 0
[0/157]	0.0908 (0.0908)	0.0121 (0.0121)	1.317 (1.317)	59.38 (59.38)
C-Flat stats | raw_grad: 12.770295 | projected_target: 2.448320 | g_0: 2.448320 | g_1: 2.513300 | g_2: 2.517962 | final: 12.783186 | e_w_0: 0.020000 | e_w_1_2: 0.033655 | target_ratio: 0.7517
[100/157]	0.0794 (0.0883)	0.0117 (0.0125)	1.203 (1.179)	59.38 (61.39)
C-Flat stats | raw_grad: 11.286220 | projected_target: 2.957047 | g_0: 2.957047 | g_1: 3.067772 | g_2: 3.075119 | final: 11.316341 | e_w_0: 0.020000 | e_w_1_2: 0.034943 | target_ratio: 0.7517
[156/157]	0.0704 (0.0874)	0.0036 (0.0122)	1.347 (1.194)	37.50 (60.62)
C-Flat stats | raw_grad: 21.577145 | projected_target: 5.956770 | g_0: 5.956770 | g_1: 6.233172 | g_2: 6.232352 | final: 21.656563 | e_w_0: 0.020000 | e_w_1_2: 0.035384 | target_ratio: 0.7517
 * Train Acc 60.620
 * Val Acc 60.900, Total time 0.33
 * Val loss 1.156, Total time 0.00
Epoch:12
LR: 1.25e-05
LR: 0.00025
LR: 0.000125
Itr		Time		  Data		  Loss		Acc
PLS-CFlat scope | mode: layer_selective | scope: deep_plus_classifier | deep_rule: last_stage | target_numel: 8398346 | total_numel: 11172170 | ratio: 0.7517 | project_before: False | project_after: False | transform_count: 0
[0/157]	0.0828 (0.0828)	0.0118 (0.0118)	1.016 (1.016)	65.62 (65.62)
C-Flat stats | raw_grad: 10.497088 | projected_target: 2.705478 | g_0: 2.705478 | g_1: 2.819882 | g_2: 2.827847 | final: 10.527774 | e_w_0: 0.020000 | e_w_1_2: 0.035625 | target_ratio: 0.7517
[100/157]	0.0851 (0.0825)	0.0135 (0.0115)	1.090 (1.183)	65.62 (60.98)
C-Flat stats | raw_grad: 10.644650 | projected_target: 2.625336 | g_0: 2.625336 | g_1: 2.717527 | g_2: 2.717737 | final: 10.668240 | e_w_0: 0.020000 | e_w_1_2: 0.034662 | target_ratio: 0.7517
[156/157]	0.0754 (0.0823)	0.0044 (0.0116)	1.206 (1.188)	75.00 (60.66)
C-Flat stats | raw_grad: 19.434763 | projected_target: 4.818285 | g_0: 4.818285 | g_1: 5.061315 | g_2: 5.062864 | final: 19.497652 | e_w_0: 0.020000 | e_w_1_2: 0.035025 | target_ratio: 0.7517
 * Train Acc 60.660
 * Val Acc 61.700, Total time 0.39
 * Val loss 1.140, Total time 0.00
Epoch:13
LR: 1.25e-05
LR: 0.00025
LR: 0.000125
Itr		Time		  Data		  Loss		Acc
PLS-CFlat scope | mode: layer_selective | scope: deep_plus_classifier | deep_rule: last_stage | target_numel: 8398346 | total_numel: 11172170 | ratio: 0.7517 | project_before: False | project_after: False | transform_count: 0
[0/157]	0.0879 (0.0879)	0.0090 (0.0090)	1.208 (1.208)	59.38 (59.38)
C-Flat stats | raw_grad: 11.037671 | projected_target: 2.612271 | g_0: 2.612271 | g_1: 2.698356 | g_2: 2.698852 | final: 11.058793 | e_w_0: 0.020000 | e_w_1_2: 0.034460 | target_ratio: 0.7517
[100/157]	0.0809 (0.0862)	0.0129 (0.0123)	0.981 (1.183)	68.75 (60.09)
C-Flat stats | raw_grad: 10.112229 | projected_target: 2.665228 | g_0: 2.665228 | g_1: 2.771397 | g_2: 2.772005 | final: 10.141333 | e_w_0: 0.020000 | e_w_1_2: 0.035568 | target_ratio: 0.7517
[156/157]	0.0852 (0.0866)	0.0030 (0.0122)	1.533 (1.189)	50.00 (59.80)
C-Flat stats | raw_grad: 21.615126 | projected_target: 6.274611 | g_0: 6.274611 | g_1: 6.482442 | g_2: 6.462235 | final: 21.677515 | e_w_0: 0.020000 | e_w_1_2: 0.033713 | target_ratio: 0.7517
 * Train Acc 59.800
 * Val Acc 62.000, Total time 0.34
 * Val loss 1.132, Total time 0.00
Epoch:14
LR: 1.25e-05
LR: 0.00025
LR: 0.000125
Itr		Time		  Data		  Loss		Acc
PLS-CFlat scope | mode: layer_selective | scope: deep_plus_classifier | deep_rule: last_stage | target_numel: 8398346 | total_numel: 11172170 | ratio: 0.7517 | project_before: False | project_after: False | transform_count: 0
[0/157]	0.0950 (0.0950)	0.0122 (0.0122)	1.287 (1.287)	62.50 (62.50)
C-Flat stats | raw_grad: 10.869955 | projected_target: 2.812552 | g_0: 2.812552 | g_1: 2.897518 | g_2: 2.901313 | final: 10.892687 | e_w_0: 0.020000 | e_w_1_2: 0.034292 | target_ratio: 0.7517
[100/157]	0.0815 (0.0818)	0.0119 (0.0116)	1.062 (1.192)	62.50 (60.15)
C-Flat stats | raw_grad: 9.310238 | projected_target: 2.554396 | g_0: 2.554396 | g_1: 2.643347 | g_2: 2.645167 | final: 9.335553 | e_w_0: 0.020000 | e_w_1_2: 0.034755 | target_ratio: 0.7517
[156/157]	0.0625 (0.0819)	0.0027 (0.0115)	1.664 (1.183)	12.50 (60.60)
C-Flat stats | raw_grad: 29.590609 | projected_target: 6.781291 | g_0: 6.781291 | g_1: 7.014451 | g_2: 7.000469 | final: 29.646065 | e_w_0: 0.020000 | e_w_1_2: 0.033339 | target_ratio: 0.7517
 * Train Acc 60.600
 * Val Acc 61.600, Total time 0.30
 * Val loss 1.137, Total time 0.00
Classifier Optimizer is reset!
reserving basis 5/27; cond: 396635.0625, radio:3.821456266450696e-05
reserving basis 97/576; cond: 11077969.0, radio:4.04452184739057e-05
reserving basis 231/576; cond: 828000.6875, radio:0.0011350802378728986
reserving basis 238/576; cond: 1293263.25, radio:0.0007366335485130548
reserving basis 314/576; cond: 300592.96875, radio:0.0037912926636636257
reserving basis 307/576; cond: 587165.9375, radio:0.0019033165881410241
reserving basis 832/1152; cond: 294471.40625, radio:0.008852285332977772
reserving basis 45/64; cond: 9449.6337890625, radio:0.013981793075799942
reserving basis 891/1152; cond: 222450.359375, radio:0.011557640507817268
reserving basis 916/1152; cond: 177226.328125, radio:0.015108308754861355
reserving basis 891/1152; cond: 257952.25, radio:0.01044357381761074
reserving basis 1920/2304; cond: 329151.1875, radio:0.014989540912210941
reserving basis 104/128; cond: 10889.1435546875, radio:0.022599918767809868
reserving basis 1904/2304; cond: 330515.75, radio:0.01491997204720974
reserving basis 1901/2304; cond: 345399.78125, radio:0.014116842299699783
reserving basis 1315/2304; cond: 999123.625, radio:0.00445948913693428
reserving basis 1249/4608; cond: 7162172.0, radio:0.000527807220350951
reserving basis 210/256; cond: 33214.27734375, radio:0.01714763231575489
reserving basis 1/4608; cond: 1538630784.0, radio:3.9152348030313533e-10
reserving basis 1173/4608; cond: 22336892.0, radio:0.00013644079444929957
computing EWC
validation split name: 1
 * Val Acc 82.100, Total time 0.37
 * Val loss 0.614, Total time 0.00
**************************************************
training split name: 1
 * Val Acc 90.540, Total time 2.23
 * Val loss 0.273, Total time 0.00
**************************************************
validation split name: 2
 * Val Acc 56.600, Total time 0.33
 * Val loss 1.239, Total time 0.00
**************************************************
training split name: 2
 * Val Acc 54.100, Total time 2.29
 * Val loss 1.297, Total time 0.00
**************************************************
validation split name: 3
 * Val Acc 61.600, Total time 0.34
 * Val loss 1.137, Total time 0.00
**************************************************
training split name: 3
 * Val Acc 62.360, Total time 2.22
 * Val loss 1.121, Total time 0.00
**************************************************
OrderedDict([('1', OrderedDict([('1', 83.3), ('2', 82.0), ('3', 82.1)])), ('2', OrderedDict([('2', 56.9), ('3', 56.6)])), ('3', OrderedDict([('3', 61.6)]))])
Task 1 average acc: 83.3
Task 1 backward transfer: 0
Task 2 average acc: 69.45
Task 2 backward transfer: -1.2999999999999972
Task 3 average acc: 66.76666666666667
Task 3 backward transfer: -0.75
===Summary of experiment repeats: 1 / 1 ===
The last avg acc of all repeats: [66.76666667]
The last bwt of all repeats: [-0.75]
acc mean: 66.76666666666667 acc std: 0.0
bwt mean: -0.75 bwt std: 0.0
