Files already downloaded and verified
Files already downloaded and verified
split_boundaries: [0, 10, 20, 30, 40, 50, 60, 70, 80, 90, 100]
{'1': [0, 1, 2, 3, 4, 5, 6, 7, 8, 9], '2': [10, 11, 12, 13, 14, 15, 16, 17, 18, 19], '3': [20, 21, 22, 23, 24, 25, 26, 27, 28, 29], '4': [30, 31, 32, 33, 34, 35, 36, 37, 38, 39], '5': [40, 41, 42, 43, 44, 45, 46, 47, 48, 49], '6': [50, 51, 52, 53, 54, 55, 56, 57, 58, 59], '7': [60, 61, 62, 63, 64, 65, 66, 67, 68, 69], '8': [70, 71, 72, 73, 74, 75, 76, 77, 78, 79], '9': [80, 81, 82, 83, 84, 85, 86, 87, 88, 89], '10': [90, 91, 92, 93, 94, 95, 96, 97, 98, 99]}
{'model_lr': 0.0001, 'momentum': 0, 'model_weight_decay': 5e-05, 'schedule': [1], 'model_type': 'resnet', 'model_name': 'resnet18', 'model_weights': None, 'out_dim': {'1': 10, '2': 10, '3': 10, '4': 10, '5': 10, '6': 10, '7': 10, '8': 10, '9': 10, '10': 10}, 'model_optimizer': 'Adam', 'print_freq': 1.0, 'gpu': True, 'with_head': False, 'reset_model_opt': True, 'reg_coef': 100.0, 'head_lr': 0.001, 'svd_lr': 5e-05, 'bn_lr': 0.0005, 'svd_thres': 10.0, 'gamma': 0.5, 'dataset_name': 'CIFAR100_10_10', 'use_cflat': True, 'cflat_rho': 0.05, 'cflat_lambda': 0.0, 'cflat_eps': 1e-12, 'cflat_adaptive': False, 'cflat_bn_mode': 'disable_running_stats', 'cflat_on_total_loss': False, 'cflat_debug': True, 'max_train_batches': 1, 'max_eval_batches': 1}
#param of model:11218340
Task order: ['1']
====================== 1 =======================
Epoch:0
LR: 0.0001
LR: 0.001
LR: 0.0005
Itr		Time		  Data		  Loss		Acc
/home/moshiling/miniconda3/envs/torch118/lib/python3.10/site-packages/torch/optim/lr_scheduler.py:143: UserWarning: Detected call of `lr_scheduler.step()` before `optimizer.step()`. In PyTorch 1.1.0 and later, you should call them in the opposite order: `optimizer.step()` before `lr_scheduler.step()`.  Failure to do this will result in PyTorch skipping the first value of the learning rate schedule. See more details at https://pytorch.org/docs/stable/optim.html#how-to-adjust-learning-rate
  warnings.warn("Detected call of `lr_scheduler.step()` before `optimizer.step()`. "
/home/moshiling/miniconda3/envs/torch118/lib/python3.10/site-packages/torch/optim/lr_scheduler.py:156: UserWarning: The epoch parameter in `scheduler.step()` was not necessary and is being deprecated where possible. Please use `scheduler.step()` to step the scheduler. During the deprecation, if epoch is different from None, the closed form is used instead of the new chainable form, where available. Please open an issue if you are unable to replicate your use case: https://github.com/pytorch/pytorch/issues/new/choose.
  warnings.warn(EPOCH_DEPRECATION_WARNING, UserWarning)
[0/40]	5.6025 (5.6025)	0.1551 (0.1551)	2.342 (2.342)	12.50 (12.50)
C-Flat stats | raw_grad: 2.806322 | g_0: 2.806322 | g_1: 2.854342 | g_2: 3.062590 | final: 2.854342 | e_w_0: 0.050000 | e_w_1_2: 0.067420
 * Train Acc 12.500
 * Val Acc 78.125, Total time 0.03
 * Val loss 2.263, Total time 0.00
Classifier Optimizer is reset!
Traceback (most recent call last):
  File "/home/moshiling/Adam-NSCL-C-Flat/Adam-NSCL-main/main.py", line 293, in <module>
    acc_table, task_names = run(args)
  File "/home/moshiling/Adam-NSCL-C-Flat/Adam-NSCL-main/main.py", line 123, in run
    agent.train_task(train_loader, val_loader)
  File "/home/moshiling/Adam-NSCL-C-Flat/Adam-NSCL-main/svd_agent/svd_agent.py", line 72, in train_task
    self.update_optim_transforms(train_loader)
  File "/home/moshiling/Adam-NSCL-C-Flat/Adam-NSCL-main/svd_agent/svd_agent.py", line 98, in update_optim_transforms
    self.model.forward(inputs)
  File "/home/moshiling/Adam-NSCL-C-Flat/Adam-NSCL-main/models/resnet.py", line 108, in forward
    x = self.features(x)
  File "/home/moshiling/Adam-NSCL-C-Flat/Adam-NSCL-main/models/resnet.py", line 99, in features
    out = self.stage3(out)
  File "/home/moshiling/miniconda3/envs/torch118/lib/python3.10/site-packages/torch/nn/modules/module.py", line 1511, in _wrapped_call_impl
    return self._call_impl(*args, **kwargs)
  File "/home/moshiling/miniconda3/envs/torch118/lib/python3.10/site-packages/torch/nn/modules/module.py", line 1520, in _call_impl
    return forward_call(*args, **kwargs)
  File "/home/moshiling/miniconda3/envs/torch118/lib/python3.10/site-packages/torch/nn/modules/container.py", line 217, in forward
    input = module(input)
  File "/home/moshiling/miniconda3/envs/torch118/lib/python3.10/site-packages/torch/nn/modules/module.py", line 1511, in _wrapped_call_impl
    return self._call_impl(*args, **kwargs)
  File "/home/moshiling/miniconda3/envs/torch118/lib/python3.10/site-packages/torch/nn/modules/module.py", line 1520, in _call_impl
    return forward_call(*args, **kwargs)
  File "/home/moshiling/Adam-NSCL-C-Flat/Adam-NSCL-main/models/resnet.py", line 37, in forward
    out = self.conv2(F.relu(out))
  File "/home/moshiling/miniconda3/envs/torch118/lib/python3.10/site-packages/torch/nn/modules/module.py", line 1511, in _wrapped_call_impl
    return self._call_impl(*args, **kwargs)
  File "/home/moshiling/miniconda3/envs/torch118/lib/python3.10/site-packages/torch/nn/modules/module.py", line 1574, in _call_impl
    hook_result = hook(self, args, result)
  File "/home/moshiling/Adam-NSCL-C-Flat/Adam-NSCL-main/svd_agent/svd_based.py", line 26, in compute_cov
    self.update_cov(fea_in_, module.weight)
  File "/home/moshiling/Adam-NSCL-C-Flat/Adam-NSCL-main/svd_agent/svd_based.py", line 36, in update_cov
    self.fea_in[k] = self.fea_in[k] + cov
torch.cuda.OutOfMemoryError: CUDA out of memory. Tried to allocate 22.00 MiB. GPU 0 has a total capacity of 47.37 GiB of which 15.75 MiB is free. Process 3699510 has 31.00 GiB memory in use. Process 3806522 has 14.25 GiB memory in use. Including non-PyTorch memory, this process has 1.06 GiB memory in use. Process 3827211 has 1.00 GiB memory in use. Of the allocated memory 502.66 MiB is allocated by PyTorch, and 45.34 MiB is reserved by PyTorch but unallocated. If reserved but unallocated memory is large try setting PYTORCH_CUDA_ALLOC_CONF=expandable_segments:True to avoid fragmentation.  See documentation for Memory Management  (https://pytorch.org/docs/stable/notes/cuda.html#environment-variables)
