Files already downloaded and verified
Files already downloaded and verified
split_boundaries: [0, 10, 20, 30, 40, 50, 60, 70, 80, 90, 100]
{'1': [0, 1, 2, 3, 4, 5, 6, 7, 8, 9], '2': [10, 11, 12, 13, 14, 15, 16, 17, 18, 19], '3': [20, 21, 22, 23, 24, 25, 26, 27, 28, 29], '4': [30, 31, 32, 33, 34, 35, 36, 37, 38, 39], '5': [40, 41, 42, 43, 44, 45, 46, 47, 48, 49], '6': [50, 51, 52, 53, 54, 55, 56, 57, 58, 59], '7': [60, 61, 62, 63, 64, 65, 66, 67, 68, 69], '8': [70, 71, 72, 73, 74, 75, 76, 77, 78, 79], '9': [80, 81, 82, 83, 84, 85, 86, 87, 88, 89], '10': [90, 91, 92, 93, 94, 95, 96, 97, 98, 99]}
{'model_lr': 0.0001, 'momentum': 0, 'model_weight_decay': 5e-05, 'schedule': [5, 10, 15], 'model_type': 'resnet', 'model_name': 'resnet18', 'model_weights': None, 'out_dim': {'1': 10, '2': 10, '3': 10, '4': 10, '5': 10, '6': 10, '7': 10, '8': 10, '9': 10, '10': 10}, 'model_optimizer': 'Adam', 'print_freq': 100.0, 'gpu': True, 'with_head': False, 'reset_model_opt': True, 'reg_coef': 100.0, 'head_lr': 0.001, 'svd_lr': 5e-05, 'bn_lr': 0.0005, 'svd_thres': 10.0, 'gamma': 0.5, 'dataset_name': 'CIFAR100_10_10', 'use_cflat': True, 'cflat_rho': 0.2, 'cflat_lambda': 0.2, 'cflat_eps': 1e-12, 'cflat_adaptive': False, 'cflat_bn_mode': 'disable_running_stats', 'cflat_debug': False, 'max_train_batches': 0, 'max_eval_batches': 0}
#param of model:11218340
Task order: ['1', '2', '3']
====================== 1 =======================
Epoch:0
LR: 0.0001
LR: 0.001
LR: 0.0005
Itr		Time		  Data		  Loss		Acc
[0/157]	1.1611 (1.1611)	0.0591 (0.0591)	2.446 (2.446)	3.12 (3.12)
[100/157]	0.0722 (0.0914)	0.0104 (0.0103)	2.175 (2.092)	15.62 (26.55)
[156/157]	0.1394 (0.0851)	0.0028 (0.0099)	2.194 (2.058)	25.00 (28.10)
 * Train Acc 28.100
 * Val Acc 37.800, Total time 0.37
 * Val loss 1.874, Total time 0.00
Epoch:1
LR: 0.0001
LR: 0.001
LR: 0.0005
Itr		Time		  Data		  Loss		Acc
[0/157]	0.1001 (0.1001)	0.0093 (0.0093)	1.977 (1.977)	31.25 (31.25)
[100/157]	0.0733 (0.0752)	0.0089 (0.0095)	1.652 (1.923)	56.25 (35.58)
[156/157]	0.0608 (0.0750)	0.0028 (0.0094)	1.408 (1.891)	50.00 (36.46)
 * Train Acc 36.460
 * Val Acc 43.800, Total time 0.38
 * Val loss 1.658, Total time 0.00
Epoch:2
LR: 0.0001
LR: 0.001
LR: 0.0005
Itr		Time		  Data		  Loss		Acc
[0/157]	0.0692 (0.0692)	0.0091 (0.0091)	1.779 (1.779)	50.00 (50.00)
[100/157]	0.0775 (0.0768)	0.0095 (0.0098)	1.798 (1.736)	43.75 (42.11)
[156/157]	0.0563 (0.0767)	0.0027 (0.0098)	1.626 (1.731)	50.00 (42.14)
 * Train Acc 42.140
 * Val Acc 48.300, Total time 0.36
 * Val loss 1.535, Total time 0.00
Epoch:3
LR: 0.0001
LR: 0.001
LR: 0.0005
Itr		Time		  Data		  Loss		Acc
[0/157]	0.0650 (0.0650)	0.0089 (0.0089)	1.828 (1.828)	28.12 (28.12)
[100/157]	0.0675 (0.0783)	0.0088 (0.0095)	1.843 (1.629)	40.62 (46.38)
[156/157]	0.0592 (0.0778)	0.0027 (0.0095)	2.026 (1.614)	0.00 (46.90)
 * Train Acc 46.900
 * Val Acc 53.000, Total time 0.38
 * Val loss 1.431, Total time 0.00
Epoch:4
LR: 0.0001
LR: 0.001
LR: 0.0005
Itr		Time		  Data		  Loss		Acc
[0/157]	0.0820 (0.0820)	0.0088 (0.0088)	1.582 (1.582)	53.12 (53.12)
[100/157]	0.0736 (0.0751)	0.0091 (0.0094)	1.683 (1.537)	34.38 (50.09)
[156/157]	0.0653 (0.0735)	0.0027 (0.0092)	1.389 (1.517)	50.00 (50.66)
 * Train Acc 50.660
 * Val Acc 56.400, Total time 0.32
 * Val loss 1.321, Total time 0.00
Epoch:5
LR: 0.0001
LR: 0.001
LR: 0.0005
Itr		Time		  Data		  Loss		Acc
[0/157]	0.0709 (0.0709)	0.0089 (0.0089)	1.287 (1.287)	56.25 (56.25)
[100/157]	0.0742 (0.0685)	0.0088 (0.0092)	1.467 (1.411)	53.12 (54.15)
[156/157]	0.0698 (0.0697)	0.0029 (0.0092)	1.334 (1.399)	75.00 (55.00)
 * Train Acc 55.000
 * Val Acc 59.900, Total time 0.38
 * Val loss 1.215, Total time 0.00
Epoch:6
LR: 5e-05
LR: 0.0005
LR: 0.00025
Itr		Time		  Data		  Loss		Acc
[0/157]	0.1004 (0.1004)	0.0091 (0.0091)	1.380 (1.380)	56.25 (56.25)
[100/157]	0.0786 (0.0766)	0.0091 (0.0094)	1.240 (1.342)	68.75 (56.59)
[156/157]	0.0632 (0.0770)	0.0040 (0.0095)	1.103 (1.335)	75.00 (56.24)
 * Train Acc 56.240
 * Val Acc 61.500, Total time 0.40
 * Val loss 1.171, Total time 0.00
Epoch:7
LR: 5e-05
LR: 0.0005
LR: 0.00025
Itr		Time		  Data		  Loss		Acc
[0/157]	0.0747 (0.0747)	0.0093 (0.0093)	1.282 (1.282)	65.62 (65.62)
[100/157]	0.0826 (0.0756)	0.0094 (0.0096)	1.326 (1.245)	53.12 (59.62)
[156/157]	0.0624 (0.0750)	0.0029 (0.0094)	1.582 (1.267)	37.50 (58.90)
 * Train Acc 58.900
 * Val Acc 62.600, Total time 0.34
 * Val loss 1.119, Total time 0.00
Epoch:8
LR: 5e-05
LR: 0.0005
LR: 0.00025
Itr		Time		  Data		  Loss		Acc
[0/157]	0.0694 (0.0694)	0.0089 (0.0089)	1.266 (1.266)	56.25 (56.25)
[100/157]	0.0760 (0.0766)	0.0094 (0.0100)	1.324 (1.230)	46.88 (60.37)
[156/157]	0.0866 (0.0769)	0.0039 (0.0099)	1.548 (1.224)	37.50 (60.38)
 * Train Acc 60.380
 * Val Acc 65.700, Total time 0.44
 * Val loss 1.055, Total time 0.00
Epoch:9
LR: 5e-05
LR: 0.0005
LR: 0.00025
Itr		Time		  Data		  Loss		Acc
[0/157]	0.0844 (0.0844)	0.0110 (0.0110)	1.228 (1.228)	62.50 (62.50)
[100/157]	0.0656 (0.0740)	0.0088 (0.0098)	1.175 (1.168)	59.38 (64.02)
[156/157]	0.0567 (0.0725)	0.0027 (0.0096)	1.420 (1.174)	37.50 (63.24)
 * Train Acc 63.240
 * Val Acc 65.000, Total time 0.29
 * Val loss 1.054, Total time 0.00
Epoch:10
LR: 5e-05
LR: 0.0005
LR: 0.00025
Itr		Time		  Data		  Loss		Acc
[0/157]	0.0653 (0.0653)	0.0094 (0.0094)	1.124 (1.124)	65.62 (65.62)
[100/157]	0.0638 (0.0674)	0.0086 (0.0090)	1.242 (1.129)	62.50 (63.37)
[156/157]	0.0716 (0.0673)	0.0027 (0.0090)	1.434 (1.122)	75.00 (63.70)
 * Train Acc 63.700
 * Val Acc 65.800, Total time 0.31
 * Val loss 0.996, Total time 0.00
Epoch:11
LR: 2.5e-05
LR: 0.00025
LR: 0.000125
Itr		Time		  Data		  Loss		Acc
[0/157]	0.0664 (0.0664)	0.0089 (0.0089)	1.258 (1.258)	59.38 (59.38)
[100/157]	0.0660 (0.0713)	0.0090 (0.0094)	1.020 (1.091)	68.75 (65.38)
[156/157]	0.0590 (0.0715)	0.0034 (0.0093)	1.223 (1.086)	75.00 (65.80)
 * Train Acc 65.800
 * Val Acc 68.400, Total time 0.31
 * Val loss 0.966, Total time 0.00
Epoch:12
LR: 2.5e-05
LR: 0.00025
LR: 0.000125
Itr		Time		  Data		  Loss		Acc
[0/157]	0.0674 (0.0674)	0.0118 (0.0118)	1.091 (1.091)	56.25 (56.25)
[100/157]	0.0887 (0.0707)	0.0139 (0.0097)	1.306 (1.056)	56.25 (66.46)
[156/157]	0.0779 (0.0744)	0.0038 (0.0101)	1.451 (1.043)	50.00 (66.72)
 * Train Acc 66.720
 * Val Acc 68.700, Total time 0.42
 * Val loss 0.929, Total time 0.00
Epoch:13
LR: 2.5e-05
LR: 0.00025
LR: 0.000125
Itr		Time		  Data		  Loss		Acc
[0/157]	0.0914 (0.0914)	0.0133 (0.0133)	1.291 (1.291)	56.25 (56.25)
[100/157]	0.0613 (0.0698)	0.0093 (0.0098)	1.172 (1.024)	56.25 (67.64)
[156/157]	0.0706 (0.0674)	0.0031 (0.0096)	1.074 (1.024)	50.00 (67.42)
 * Train Acc 67.420
 * Val Acc 69.900, Total time 0.28
 * Val loss 0.929, Total time 0.00
Epoch:14
LR: 2.5e-05
LR: 0.00025
LR: 0.000125
Itr		Time		  Data		  Loss		Acc
[0/157]	0.0602 (0.0602)	0.0089 (0.0089)	0.937 (0.937)	65.62 (65.62)
[100/157]	0.1007 (0.0975)	0.0112 (0.0105)	0.585 (1.005)	90.62 (69.25)
[156/157]	0.0985 (0.1012)	0.0047 (0.0108)	1.562 (1.000)	50.00 (68.96)
 * Train Acc 68.960
 * Val Acc 70.400, Total time 0.75
 * Val loss 0.899, Total time 0.00
Classifier Optimizer is reset!
reserving basis 6/27; cond: 344754.5, radio:6.336693331832066e-05
reserving basis 119/576; cond: 9764152.0, radio:5.8356508816359565e-05
reserving basis 206/576; cond: 1334464.125, radio:0.00066750607220456
reserving basis 223/576; cond: 2133933.75, radio:0.0004389096866361797
reserving basis 243/576; cond: 705079.6875, radio:0.0014553407672792673
reserving basis 255/576; cond: 1514493.875, radio:0.0007092541200108826
reserving basis 705/1152; cond: 1144441.75, radio:0.002087479457259178
reserving basis 41/64; cond: 19739.158203125, radio:0.006201742682605982
reserving basis 752/1152; cond: 1076051.125, radio:0.0022271834313869476
reserving basis 713/1152; cond: 848687.9375, radio:0.0028103722725063562
reserving basis 732/1152; cond: 1270930.0, radio:0.0018768509617075324
reserving basis 1344/2304; cond: 3344717.0, radio:0.0013108063722029328
reserving basis 88/128; cond: 48794.54296875, radio:0.005049244500696659
reserving basis 1429/2304; cond: 2644634.0, radio:0.0016572274034842849
reserving basis 1268/2304; cond: 2545501.0, radio:0.0014866332057863474
reserving basis 11/2304; cond: 2488958464.0, radio:2.3087366685103916e-08
reserving basis 1/4608; cond: 29278464901120.0, radio:1.987478785063848e-14
reserving basis 175/256; cond: 146755.296875, radio:0.0032875072211027145
reserving basis 8/4608; cond: 847852994560.0, radio:1.6348351492001534e-11
reserving basis 2/4608; cond: 7412093812736.0, radio:4.889990322387572e-13
computing EWC
validation split name: 1
 * Val Acc 70.400, Total time 1.12
 * Val loss 0.899, Total time 0.00
**************************************************
training split name: 1
 * Val Acc 70.200, Total time 6.48
 * Val loss 0.912, Total time 0.00
**************************************************
====================== 2 =======================
Epoch:0
LR: 5e-05
LR: 0.001
LR: 0.0005
Itr		Time		  Data		  Loss		Acc
[0/157]	0.7305 (0.7305)	0.0088 (0.0088)	2.340 (2.340)	3.12 (3.12)
[100/157]	0.2074 (0.2073)	0.0224 (0.0177)	1.896 (2.076)	34.38 (27.75)
[156/157]	0.1181 (0.1909)	0.0029 (0.0166)	1.769 (2.018)	37.50 (30.00)
 * Train Acc 30.000
 * Val Acc 35.700, Total time 0.35
 * Val loss 1.817, Total time 0.00
Epoch:1
LR: 5e-05
LR: 0.001
LR: 0.0005
Itr		Time		  Data		  Loss		Acc
[0/157]	0.1074 (0.1074)	0.0096 (0.0096)	1.787 (1.787)	53.12 (53.12)
[100/157]	0.1078 (0.1055)	0.0097 (0.0100)	1.868 (1.865)	34.38 (35.21)
[156/157]	0.0955 (0.1077)	0.0038 (0.0101)	2.026 (1.853)	25.00 (35.78)
 * Train Acc 35.780
 * Val Acc 39.200, Total time 0.37
 * Val loss 1.737, Total time 0.00
Epoch:2
LR: 5e-05
LR: 0.001
LR: 0.0005
Itr		Time		  Data		  Loss		Acc
[0/157]	0.1094 (0.1094)	0.0098 (0.0098)	1.702 (1.702)	50.00 (50.00)
[100/157]	0.1067 (0.1118)	0.0132 (0.0103)	1.804 (1.822)	40.62 (37.10)
[156/157]	0.0945 (0.1087)	0.0029 (0.0100)	1.971 (1.823)	25.00 (36.90)
 * Train Acc 36.900
 * Val Acc 41.200, Total time 0.36
 * Val loss 1.711, Total time 0.00
Epoch:3
LR: 5e-05
LR: 0.001
LR: 0.0005
Itr		Time		  Data		  Loss		Acc
[0/157]	0.1024 (0.1024)	0.0085 (0.0085)	1.900 (1.900)	31.25 (31.25)
[100/157]	0.1021 (0.1098)	0.0116 (0.0102)	1.777 (1.831)	31.25 (36.82)
[156/157]	0.1706 (0.1232)	0.0066 (0.0111)	1.878 (1.821)	37.50 (37.42)
 * Train Acc 37.420
 * Val Acc 42.700, Total time 0.96
 * Val loss 1.701, Total time 0.00
Epoch:4
LR: 5e-05
LR: 0.001
LR: 0.0005
Itr		Time		  Data		  Loss		Acc
[0/157]	0.1478 (0.1478)	0.0088 (0.0088)	1.649 (1.649)	46.88 (46.88)
[100/157]	0.1058 (0.1430)	0.0102 (0.0127)	1.858 (1.788)	40.62 (38.18)
[156/157]	0.0910 (0.1276)	0.0026 (0.0116)	1.435 (1.797)	62.50 (37.28)
 * Train Acc 37.280
 * Val Acc 42.500, Total time 0.29
 * Val loss 1.701, Total time 0.00
Epoch:5
LR: 5e-05
LR: 0.001
LR: 0.0005
Itr		Time		  Data		  Loss		Acc
[0/157]	0.0946 (0.0946)	0.0087 (0.0087)	1.860 (1.860)	25.00 (25.00)
[100/157]	0.1023 (0.1022)	0.0092 (0.0097)	1.853 (1.775)	28.12 (39.82)
[156/157]	0.0902 (0.1021)	0.0036 (0.0098)	1.408 (1.781)	75.00 (39.54)
 * Train Acc 39.540
 * Val Acc 42.200, Total time 0.37
 * Val loss 1.678, Total time 0.00
Epoch:6
LR: 2.5e-05
LR: 0.0005
LR: 0.00025
Itr		Time		  Data		  Loss		Acc
[0/157]	0.1087 (0.1087)	0.0099 (0.0099)	1.640 (1.640)	59.38 (59.38)
[100/157]	0.1095 (0.1059)	0.0104 (0.0098)	1.874 (1.770)	18.75 (39.17)
[156/157]	0.0812 (0.1047)	0.0027 (0.0098)	1.387 (1.772)	50.00 (39.46)
 * Train Acc 39.460
 * Val Acc 43.600, Total time 0.31
 * Val loss 1.665, Total time 0.00
Epoch:7
LR: 2.5e-05
LR: 0.0005
LR: 0.00025
Itr		Time		  Data		  Loss		Acc
[0/157]	0.0966 (0.0966)	0.0087 (0.0087)	1.677 (1.677)	53.12 (53.12)
[100/157]	0.1645 (0.1366)	0.0123 (0.0122)	1.632 (1.778)	31.25 (40.16)
[156/157]	0.1282 (0.1431)	0.0106 (0.0126)	1.941 (1.778)	25.00 (39.44)
 * Train Acc 39.440
 * Val Acc 43.500, Total time 0.43
 * Val loss 1.667, Total time 0.00
Epoch:8
LR: 2.5e-05
LR: 0.0005
LR: 0.00025
Itr		Time		  Data		  Loss		Acc
[0/157]	0.1230 (0.1230)	0.0090 (0.0090)	1.789 (1.789)	43.75 (43.75)
[100/157]	0.0999 (0.1118)	0.0085 (0.0107)	1.654 (1.769)	56.25 (40.32)
[156/157]	0.0973 (0.1075)	0.0030 (0.0103)	1.985 (1.766)	50.00 (40.74)
 * Train Acc 40.740
 * Val Acc 44.600, Total time 0.32
 * Val loss 1.672, Total time 0.00
Epoch:9
LR: 2.5e-05
LR: 0.0005
LR: 0.00025
Itr		Time		  Data		  Loss		Acc
[0/157]	0.0964 (0.0964)	0.0087 (0.0087)	1.662 (1.662)	37.50 (37.50)
[100/157]	0.1162 (0.1143)	0.0086 (0.0104)	1.471 (1.767)	56.25 (40.35)
[156/157]	0.1069 (0.1159)	0.0040 (0.0104)	1.848 (1.766)	37.50 (40.24)
 * Train Acc 40.240
 * Val Acc 44.600, Total time 0.40
 * Val loss 1.663, Total time 0.00
Epoch:10
LR: 2.5e-05
LR: 0.0005
LR: 0.00025
Itr		Time		  Data		  Loss		Acc
[0/157]	0.1151 (0.1151)	0.0087 (0.0087)	1.643 (1.643)	43.75 (43.75)
[100/157]	0.1038 (0.1214)	0.0096 (0.0110)	1.822 (1.776)	43.75 (39.70)
[156/157]	0.1196 (0.1172)	0.0027 (0.0107)	1.874 (1.764)	25.00 (40.58)
 * Train Acc 40.580
 * Val Acc 46.400, Total time 0.39
 * Val loss 1.669, Total time 0.00
Epoch:11
LR: 1.25e-05
LR: 0.00025
LR: 0.000125
Itr		Time		  Data		  Loss		Acc
[0/157]	0.1124 (0.1124)	0.0107 (0.0107)	1.839 (1.839)	34.38 (34.38)
[100/157]	0.1937 (0.1624)	0.0126 (0.0141)	1.653 (1.756)	50.00 (40.25)
[156/157]	0.1163 (0.1607)	0.0035 (0.0139)	1.903 (1.755)	25.00 (40.68)
 * Train Acc 40.680
 * Val Acc 45.300, Total time 0.52
 * Val loss 1.663, Total time 0.00
Epoch:12
LR: 1.25e-05
LR: 0.00025
LR: 0.000125
Itr		Time		  Data		  Loss		Acc
[0/157]	0.1302 (0.1302)	0.0124 (0.0124)	1.825 (1.825)	46.88 (46.88)
[100/157]	0.1217 (0.1170)	0.0117 (0.0105)	1.964 (1.762)	21.88 (41.09)
[156/157]	0.1132 (0.1230)	0.0056 (0.0108)	2.239 (1.760)	0.00 (40.88)
 * Train Acc 40.880
 * Val Acc 45.300, Total time 0.44
 * Val loss 1.666, Total time 0.00
Epoch:13
LR: 1.25e-05
LR: 0.00025
LR: 0.000125
Itr		Time		  Data		  Loss		Acc
[0/157]	0.1249 (0.1249)	0.0102 (0.0102)	1.874 (1.874)	40.62 (40.62)
[100/157]	0.1313 (0.1182)	0.0101 (0.0109)	1.675 (1.759)	43.75 (40.81)
[156/157]	0.1179 (0.1158)	0.0051 (0.0106)	1.783 (1.752)	50.00 (40.74)
 * Train Acc 40.740
 * Val Acc 45.100, Total time 0.35
 * Val loss 1.650, Total time 0.00
Epoch:14
LR: 1.25e-05
LR: 0.00025
LR: 0.000125
Itr		Time		  Data		  Loss		Acc
[0/157]	0.1116 (0.1116)	0.0088 (0.0088)	1.733 (1.733)	40.62 (40.62)
[100/157]	0.1011 (0.1046)	0.0085 (0.0096)	1.815 (1.747)	34.38 (41.21)
[156/157]	0.1442 (0.1072)	0.0064 (0.0100)	1.463 (1.750)	50.00 (40.94)
 * Train Acc 40.940
 * Val Acc 44.600, Total time 0.90
 * Val loss 1.658, Total time 0.00
Classifier Optimizer is reset!
reserving basis 6/27; cond: 363733.59375, radio:6.114322604844347e-05
reserving basis 119/576; cond: 9207326.0, radio:6.131890404503793e-05
reserving basis 207/576; cond: 1292060.875, radio:0.0006937969010323286
reserving basis 224/576; cond: 2057772.125, radio:0.0004597465449478477
reserving basis 249/576; cond: 661724.5, radio:0.0015699018258601427
reserving basis 256/576; cond: 1453990.5, radio:0.0007403975469060242
reserving basis 717/1152; cond: 1052490.25, radio:0.0022891447879374027
reserving basis 41/64; cond: 19286.16015625, radio:0.006378031801432371
reserving basis 755/1152; cond: 1015656.625, radio:0.0023909632582217455
reserving basis 746/1152; cond: 720218.125, radio:0.0033043306320905685
reserving basis 764/1152; cond: 1091951.125, radio:0.0022369243670254946
reserving basis 1490/2304; cond: 2472431.75, radio:0.0018903914606198668
reserving basis 88/128; cond: 46599.18359375, radio:0.0052676210179924965
reserving basis 1582/2304; cond: 1888098.5, radio:0.0024131671525537968
reserving basis 1431/2304; cond: 1795954.125, radio:0.0022709283512085676
reserving basis 914/2304; cond: 6885498.5, radio:0.000458563823485747
reserving basis 5/4608; cond: 13964515328.0, radio:7.237521693070903e-10
reserving basis 182/256; cond: 121316.21875, radio:0.0039590285159647465
reserving basis 5/4608; cond: 21934835712.0, radio:5.431746719075647e-10
reserving basis 2/4608; cond: 364532793344.0, radio:1.1935910593230403e-11
computing EWC
validation split name: 1
 * Val Acc 68.300, Total time 0.33
 * Val loss 0.977, Total time 0.00
**************************************************
training split name: 1
 * Val Acc 68.840, Total time 2.23
 * Val loss 0.968, Total time 0.00
**************************************************
validation split name: 2
 * Val Acc 44.600, Total time 0.35
 * Val loss 1.658, Total time 0.00
**************************************************
training split name: 2
 * Val Acc 41.820, Total time 2.34
 * Val loss 1.719, Total time 0.00
**************************************************
====================== 3 =======================
Epoch:0
LR: 5e-05
LR: 0.001
LR: 0.0005
Itr		Time		  Data		  Loss		Acc
[0/157]	0.2064 (0.2064)	0.0091 (0.0091)	2.322 (2.322)	3.12 (3.12)
[100/157]	0.1255 (0.1115)	0.0096 (0.0103)	1.717 (1.968)	59.38 (36.91)
[156/157]	0.1289 (0.1147)	0.0035 (0.0104)	1.941 (1.886)	37.50 (40.30)
 * Train Acc 40.300
 * Val Acc 48.600, Total time 0.40
 * Val loss 1.579, Total time 0.00
Epoch:1
LR: 5e-05
LR: 0.001
LR: 0.0005
Itr		Time		  Data		  Loss		Acc
[0/157]	0.1312 (0.1312)	0.0087 (0.0087)	1.664 (1.664)	50.00 (50.00)
[100/157]	0.1580 (0.1577)	0.0221 (0.0139)	1.663 (1.657)	46.88 (47.15)
[156/157]	0.1028 (0.1580)	0.0045 (0.0138)	1.193 (1.640)	75.00 (47.48)
 * Train Acc 47.480
 * Val Acc 47.500, Total time 0.51
 * Val loss 1.509, Total time 0.00
Epoch:2
LR: 5e-05
LR: 0.001
LR: 0.0005
Itr		Time		  Data		  Loss		Acc
[0/157]	0.1242 (0.1242)	0.0090 (0.0090)	1.435 (1.435)	50.00 (50.00)
[100/157]	0.1012 (0.1098)	0.0088 (0.0102)	1.522 (1.586)	53.12 (48.08)
[156/157]	0.0910 (0.1092)	0.0029 (0.0102)	1.733 (1.585)	12.50 (48.40)
 * Train Acc 48.400
 * Val Acc 50.100, Total time 0.32
 * Val loss 1.471, Total time 0.00
Epoch:3
LR: 5e-05
LR: 0.001
LR: 0.0005
Itr		Time		  Data		  Loss		Acc
[0/157]	0.1205 (0.1205)	0.0087 (0.0087)	1.625 (1.625)	37.50 (37.50)
[100/157]	0.1342 (0.1166)	0.0100 (0.0107)	1.706 (1.576)	46.88 (48.76)
[156/157]	0.1158 (0.1172)	0.0035 (0.0107)	1.651 (1.572)	37.50 (48.54)
 * Train Acc 48.540
 * Val Acc 51.700, Total time 0.40
 * Val loss 1.442, Total time 0.00
Epoch:4
LR: 5e-05
LR: 0.001
LR: 0.0005
Itr		Time		  Data		  Loss		Acc
[0/157]	0.1137 (0.1137)	0.0087 (0.0087)	1.448 (1.448)	65.62 (65.62)
[100/157]	0.1168 (0.1118)	0.0091 (0.0104)	1.539 (1.564)	50.00 (48.95)
[156/157]	0.1312 (0.1125)	0.0032 (0.0105)	1.705 (1.555)	37.50 (49.26)
 * Train Acc 49.260
 * Val Acc 51.400, Total time 0.49
 * Val loss 1.421, Total time 0.00
Epoch:5
LR: 5e-05
LR: 0.001
LR: 0.0005
Itr		Time		  Data		  Loss		Acc
[0/157]	0.1373 (0.1373)	0.0106 (0.0106)	1.597 (1.597)	40.62 (40.62)
[100/157]	0.1619 (0.1490)	0.0129 (0.0130)	1.878 (1.548)	40.62 (49.75)
[156/157]	0.1625 (0.1555)	0.0082 (0.0138)	1.687 (1.542)	37.50 (49.64)
 * Train Acc 49.640
 * Val Acc 51.900, Total time 0.47
 * Val loss 1.431, Total time 0.00
Epoch:6
LR: 2.5e-05
LR: 0.0005
LR: 0.00025
Itr		Time		  Data		  Loss		Acc
[0/157]	0.1097 (0.1097)	0.0098 (0.0098)	1.586 (1.586)	53.12 (53.12)
[100/157]	0.1064 (0.1182)	0.0109 (0.0112)	1.637 (1.538)	40.62 (49.66)
[156/157]	0.0990 (0.1160)	0.0034 (0.0109)	1.231 (1.536)	62.50 (50.00)
 * Train Acc 50.000
 * Val Acc 52.500, Total time 0.39
 * Val loss 1.413, Total time 0.00
Epoch:7
LR: 2.5e-05
LR: 0.0005
LR: 0.00025
Itr		Time		  Data		  Loss		Acc
[0/157]	0.1129 (0.1129)	0.0086 (0.0086)	1.357 (1.357)	62.50 (62.50)
[100/157]	0.1218 (0.1155)	0.0102 (0.0105)	1.281 (1.544)	56.25 (49.23)
[156/157]	0.0854 (0.1170)	0.0029 (0.0106)	1.266 (1.530)	62.50 (49.68)
 * Train Acc 49.680
 * Val Acc 51.900, Total time 0.30
 * Val loss 1.407, Total time 0.00
Epoch:8
LR: 2.5e-05
LR: 0.0005
LR: 0.00025
Itr		Time		  Data		  Loss		Acc
[0/157]	0.0963 (0.0963)	0.0087 (0.0087)	1.618 (1.618)	53.12 (53.12)
[100/157]	0.0888 (0.1034)	0.0092 (0.0096)	1.503 (1.532)	59.38 (50.31)
[156/157]	0.0900 (0.0998)	0.0032 (0.0094)	1.810 (1.526)	37.50 (50.38)
 * Train Acc 50.380
 * Val Acc 51.300, Total time 0.29
 * Val loss 1.407, Total time 0.00
Epoch:9
LR: 2.5e-05
LR: 0.0005
LR: 0.00025
Itr		Time		  Data		  Loss		Acc
[0/157]	0.0988 (0.0988)	0.0088 (0.0088)	1.708 (1.708)	34.38 (34.38)
[100/157]	0.1603 (0.1527)	0.0130 (0.0135)	1.594 (1.522)	40.62 (51.58)
[156/157]	0.1008 (0.1449)	0.0031 (0.0129)	1.571 (1.521)	75.00 (51.30)
 * Train Acc 51.300
 * Val Acc 51.700, Total time 0.33
 * Val loss 1.411, Total time 0.00
Epoch:10
LR: 2.5e-05
LR: 0.0005
LR: 0.00025
Itr		Time		  Data		  Loss		Acc
[0/157]	0.0987 (0.0987)	0.0090 (0.0090)	1.592 (1.592)	46.88 (46.88)
[100/157]	0.0928 (0.1054)	0.0086 (0.0099)	1.680 (1.511)	43.75 (50.31)
[156/157]	0.1062 (0.1073)	0.0033 (0.0098)	1.225 (1.505)	50.00 (51.18)
 * Train Acc 51.180
 * Val Acc 52.400, Total time 0.34
 * Val loss 1.386, Total time 0.00
Epoch:11
LR: 1.25e-05
LR: 0.00025
LR: 0.000125
Itr		Time		  Data		  Loss		Acc
[0/157]	0.1217 (0.1217)	0.0090 (0.0090)	1.564 (1.564)	50.00 (50.00)
[100/157]	0.1191 (0.1170)	0.0094 (0.0104)	1.592 (1.502)	43.75 (51.86)
[156/157]	0.0935 (0.1156)	0.0030 (0.0104)	2.039 (1.508)	25.00 (51.18)
 * Train Acc 51.180
 * Val Acc 52.100, Total time 0.41
 * Val loss 1.390, Total time 0.00
Epoch:12
LR: 1.25e-05
LR: 0.00025
LR: 0.000125
Itr		Time		  Data		  Loss		Acc
[0/157]	0.1165 (0.1165)	0.0087 (0.0087)	1.331 (1.331)	53.12 (53.12)
[100/157]	0.1041 (0.1210)	0.0098 (0.0105)	1.468 (1.508)	53.12 (50.00)
[156/157]	0.1036 (0.1189)	0.0036 (0.0104)	1.447 (1.508)	62.50 (50.24)
 * Train Acc 50.240
 * Val Acc 51.900, Total time 0.35
 * Val loss 1.387, Total time 0.00
Epoch:13
LR: 1.25e-05
LR: 0.00025
LR: 0.000125
Itr		Time		  Data		  Loss		Acc
[0/157]	0.1055 (0.1055)	0.0089 (0.0089)	1.392 (1.392)	50.00 (50.00)
[100/157]	0.1336 (0.1163)	0.0129 (0.0104)	1.495 (1.498)	53.12 (51.21)
[156/157]	0.1236 (0.1193)	0.0031 (0.0105)	1.544 (1.508)	25.00 (50.22)
 * Train Acc 50.220
 * Val Acc 52.700, Total time 0.38
 * Val loss 1.381, Total time 0.00
Epoch:14
LR: 1.25e-05
LR: 0.00025
LR: 0.000125
Itr		Time		  Data		  Loss		Acc
[0/157]	0.0996 (0.0996)	0.0088 (0.0088)	1.597 (1.597)	59.38 (59.38)
[100/157]	0.1290 (0.1059)	0.0131 (0.0096)	1.395 (1.500)	56.25 (51.83)
[156/157]	0.1055 (0.1102)	0.0044 (0.0098)	1.436 (1.504)	37.50 (51.02)
 * Train Acc 51.020
 * Val Acc 52.300, Total time 0.35
 * Val loss 1.390, Total time 0.00
Classifier Optimizer is reset!
reserving basis 5/27; cond: 396635.0625, radio:3.821456266450696e-05
reserving basis 116/576; cond: 10010989.0, radio:5.531283386517316e-05
reserving basis 202/576; cond: 1362016.125, radio:0.0006438378477469087
reserving basis 219/576; cond: 2184470.0, radio:0.0004283540474716574
reserving basis 244/576; cond: 682026.5625, radio:0.0014847227139398456
reserving basis 254/576; cond: 1501666.125, radio:0.000714553170837462
reserving basis 703/1152; cond: 1107128.125, radio:0.002167548518627882
reserving basis 41/64; cond: 19757.47265625, radio:0.0064110299572348595
reserving basis 743/1152; cond: 1052656.5, radio:0.0022970987483859062
reserving basis 752/1152; cond: 695830.25, radio:0.00338467163965106
reserving basis 765/1152; cond: 1088636.125, radio:0.0022525798995047808
reserving basis 1506/2304; cond: 2400142.75, radio:0.001964057330042124
reserving basis 88/128; cond: 46238.828125, radio:0.0053295255638659
reserving basis 1601/2304; cond: 1818154.875, radio:0.0025215984787791967
reserving basis 1465/2304; cond: 1681274.375, radio:0.0024452675133943558
reserving basis 1191/2304; cond: 4135835.5, radio:0.0009599924087524414
reserving basis 1/4608; cond: 1219706496.0, radio:4.782318430152088e-10
reserving basis 182/256; cond: 119135.265625, radio:0.0039820424281060696
reserving basis 2/4608; cond: 817273728.0, radio:2.6048079249108014e-09
reserving basis 3/4608; cond: 4030936576.0, radio:1.3724847924834194e-09
computing EWC
validation split name: 1
 * Val Acc 66.400, Total time 0.40
 * Val loss 1.016, Total time 0.00
**************************************************
training split name: 1
 * Val Acc 66.620, Total time 2.34
 * Val loss 1.007, Total time 0.00
**************************************************
validation split name: 2
 * Val Acc 44.700, Total time 0.37
 * Val loss 1.660, Total time 0.00
**************************************************
training split name: 2
 * Val Acc 41.320, Total time 2.28
 * Val loss 1.715, Total time 0.00
**************************************************
validation split name: 3
 * Val Acc 52.300, Total time 0.34
 * Val loss 1.390, Total time 0.00
**************************************************
training split name: 3
 * Val Acc 52.740, Total time 2.06
 * Val loss 1.458, Total time 0.00
**************************************************
OrderedDict([('1', OrderedDict([('1', 70.4), ('2', 68.3), ('3', 66.4)])), ('2', OrderedDict([('2', 44.6), ('3', 44.7)])), ('3', OrderedDict([('3', 52.3)]))])
Task 1 average acc: 70.4
Task 1 backward transfer: 0
Task 2 average acc: 56.45
Task 2 backward transfer: -2.1000000000000085
Task 3 average acc: 54.46666666666667
Task 3 backward transfer: -1.9499999999999993
===Summary of experiment repeats: 1 / 1 ===
The last avg acc of all repeats: [54.46666667]
The last bwt of all repeats: [-1.95]
acc mean: 54.46666666666667 acc std: 0.0
bwt mean: -1.9499999999999993 bwt std: 0.0
