Files already downloaded and verified
Files already downloaded and verified
split_boundaries: [0, 10, 20, 30, 40, 50, 60, 70, 80, 90, 100]
{'1': [0, 1, 2, 3, 4, 5, 6, 7, 8, 9], '2': [10, 11, 12, 13, 14, 15, 16, 17, 18, 19], '3': [20, 21, 22, 23, 24, 25, 26, 27, 28, 29], '4': [30, 31, 32, 33, 34, 35, 36, 37, 38, 39], '5': [40, 41, 42, 43, 44, 45, 46, 47, 48, 49], '6': [50, 51, 52, 53, 54, 55, 56, 57, 58, 59], '7': [60, 61, 62, 63, 64, 65, 66, 67, 68, 69], '8': [70, 71, 72, 73, 74, 75, 76, 77, 78, 79], '9': [80, 81, 82, 83, 84, 85, 86, 87, 88, 89], '10': [90, 91, 92, 93, 94, 95, 96, 97, 98, 99]}
{'model_lr': 0.0001, 'momentum': 0, 'model_weight_decay': 5e-05, 'schedule': [5, 10, 15], 'model_type': 'resnet', 'model_name': 'resnet18', 'model_weights': None, 'out_dim': {'1': 10, '2': 10, '3': 10, '4': 10, '5': 10, '6': 10, '7': 10, '8': 10, '9': 10, '10': 10}, 'model_optimizer': 'Adam', 'print_freq': 100.0, 'gpu': True, 'with_head': False, 'reset_model_opt': True, 'reg_coef': 100.0, 'head_lr': 0.001, 'svd_lr': 5e-05, 'bn_lr': 0.0005, 'svd_thres': 10.0, 'gamma': 0.5, 'dataset_name': 'CIFAR100_10_10', 'use_cflat': True, 'cflat_rho': 0.05, 'cflat_lambda': 0.05, 'cflat_eps': 1e-12, 'cflat_adaptive': False, 'cflat_bn_mode': 'disable_running_stats', 'cflat_on_total_loss': False, 'cflat_debug': True, 'max_train_batches': 0, 'max_eval_batches': 0}
#param of model:11218340
Task order: ['1', '2', '3']
====================== 1 =======================
Epoch:0
LR: 0.0001
LR: 0.001
LR: 0.0005
Itr		Time		  Data		  Loss		Acc
/home/moshiling/miniconda3/envs/torch118/lib/python3.10/site-packages/torch/optim/lr_scheduler.py:143: UserWarning: Detected call of `lr_scheduler.step()` before `optimizer.step()`. In PyTorch 1.1.0 and later, you should call them in the opposite order: `optimizer.step()` before `lr_scheduler.step()`.  Failure to do this will result in PyTorch skipping the first value of the learning rate schedule. See more details at https://pytorch.org/docs/stable/optim.html#how-to-adjust-learning-rate
  warnings.warn("Detected call of `lr_scheduler.step()` before `optimizer.step()`. "
/home/moshiling/miniconda3/envs/torch118/lib/python3.10/site-packages/torch/optim/lr_scheduler.py:156: UserWarning: The epoch parameter in `scheduler.step()` was not necessary and is being deprecated where possible. Please use `scheduler.step()` to step the scheduler. During the deprecation, if epoch is different from None, the closed form is used instead of the new chainable form, where available. Please open an issue if you are unable to replicate your use case: https://github.com/pytorch/pytorch/issues/new/choose.
  warnings.warn(EPOCH_DEPRECATION_WARNING, UserWarning)
[0/157]	3.9729 (3.9729)	0.0154 (0.0154)	2.446 (2.446)	3.12 (3.12)
C-Flat stats | raw_grad: 5.392705 | g_0: 5.392705 | g_1: 5.373481 | g_2: 5.614957 | final: 5.389678 | e_w_0: 0.050000 | e_w_1_2: 0.066449
[100/157]	0.0734 (0.1502)	0.0095 (0.0122)	1.985 (1.900)	31.25 (33.23)
C-Flat stats | raw_grad: 3.683362 | g_0: 3.683362 | g_1: 3.900979 | g_2: 4.356221 | final: 3.909520 | e_w_0: 0.050000 | e_w_1_2: 0.078136
[156/157]	0.3160 (0.1322)	0.0032 (0.0122)	2.052 (1.810)	25.00 (37.06)
C-Flat stats | raw_grad: 7.813649 | g_0: 7.813649 | g_1: 8.769094 | g_2: 11.224158 | final: 8.727675 | e_w_0: 0.050000 | e_w_1_2: 0.080523
 * Train Acc 37.060
 * Val Acc 46.300, Total time 0.43
 * Val loss 1.559, Total time 0.00
Epoch:1
LR: 0.0001
LR: 0.001
LR: 0.0005
Itr		Time		  Data		  Loss		Acc
[0/157]	0.0679 (0.0679)	0.0095 (0.0095)	1.689 (1.689)	50.00 (50.00)
C-Flat stats | raw_grad: 3.410996 | g_0: 3.410996 | g_1: 3.600896 | g_2: 4.396526 | final: 3.605784 | e_w_0: 0.050000 | e_w_1_2: 0.077805
[100/157]	0.0818 (0.0855)	0.0126 (0.0113)	1.317 (1.510)	53.12 (48.98)
C-Flat stats | raw_grad: 3.199131 | g_0: 3.199131 | g_1: 3.397839 | g_2: 3.727229 | final: 3.413624 | e_w_0: 0.050000 | e_w_1_2: 0.076579
[156/157]	0.0682 (0.0847)	0.0028 (0.0115)	0.912 (1.470)	62.50 (50.12)
C-Flat stats | raw_grad: 6.172075 | g_0: 6.172075 | g_1: 6.530981 | g_2: 7.609536 | final: 6.561781 | e_w_0: 0.050000 | e_w_1_2: 0.071530
 * Train Acc 50.120
 * Val Acc 58.900, Total time 0.35
 * Val loss 1.217, Total time 0.00
Epoch:2
LR: 0.0001
LR: 0.001
LR: 0.0005
Itr		Time		  Data		  Loss		Acc
[0/157]	0.0910 (0.0910)	0.0118 (0.0118)	1.210 (1.210)	59.38 (59.38)
C-Flat stats | raw_grad: 4.143666 | g_0: 4.143666 | g_1: 4.763803 | g_2: 5.442401 | final: 4.764354 | e_w_0: 0.050000 | e_w_1_2: 0.089700
[100/157]	0.0608 (0.0838)	0.0091 (0.0118)	1.279 (1.281)	46.88 (58.88)
C-Flat stats | raw_grad: 4.126491 | g_0: 4.126491 | g_1: 4.453251 | g_2: 5.189370 | final: 4.439562 | e_w_0: 0.050000 | e_w_1_2: 0.082666
[156/157]	0.0920 (0.0804)	0.0051 (0.0112)	1.076 (1.282)	75.00 (58.22)
C-Flat stats | raw_grad: 4.347459 | g_0: 4.347459 | g_1: 4.781304 | g_2: 5.347495 | final: 4.800441 | e_w_0: 0.050000 | e_w_1_2: 0.082451
 * Train Acc 58.220
 * Val Acc 61.500, Total time 0.35
 * Val loss 1.081, Total time 0.00
Epoch:3
LR: 0.0001
LR: 0.001
LR: 0.0005
Itr		Time		  Data		  Loss		Acc
[0/157]	0.0824 (0.0824)	0.0118 (0.0118)	1.389 (1.389)	50.00 (50.00)
C-Flat stats | raw_grad: 3.568786 | g_0: 3.568786 | g_1: 3.903910 | g_2: 4.386303 | final: 3.907098 | e_w_0: 0.050000 | e_w_1_2: 0.084983
[100/157]	0.0728 (0.0777)	0.0091 (0.0113)	1.257 (1.119)	56.25 (61.97)
C-Flat stats | raw_grad: 4.010815 | g_0: 4.010815 | g_1: 4.500975 | g_2: 5.418172 | final: 4.512304 | e_w_0: 0.050000 | e_w_1_2: 0.087879
[156/157]	0.0712 (0.0782)	0.0028 (0.0111)	1.214 (1.108)	75.00 (62.92)
C-Flat stats | raw_grad: 7.778594 | g_0: 7.778594 | g_1: 9.270651 | g_2: 11.310728 | final: 9.285818 | e_w_0: 0.050000 | e_w_1_2: 0.086655
 * Train Acc 62.920
 * Val Acc 67.400, Total time 0.30
 * Val loss 0.951, Total time 0.00
Epoch:4
LR: 0.0001
LR: 0.001
LR: 0.0005
Itr		Time		  Data		  Loss		Acc
[0/157]	0.1008 (0.1008)	0.0116 (0.0116)	1.064 (1.064)	62.50 (62.50)
C-Flat stats | raw_grad: 3.420539 | g_0: 3.420539 | g_1: 3.824945 | g_2: 4.665070 | final: 3.825329 | e_w_0: 0.050000 | e_w_1_2: 0.084325
[100/157]	0.0778 (0.0778)	0.0123 (0.0112)	1.049 (1.004)	59.38 (66.18)
C-Flat stats | raw_grad: 4.291504 | g_0: 4.291504 | g_1: 4.648695 | g_2: 5.511204 | final: 4.657335 | e_w_0: 0.050000 | e_w_1_2: 0.081684
[156/157]	0.0601 (0.0759)	0.0030 (0.0109)	0.951 (0.982)	75.00 (66.80)
C-Flat stats | raw_grad: 6.489278 | g_0: 6.489278 | g_1: 7.243536 | g_2: 8.428039 | final: 7.289241 | e_w_0: 0.050000 | e_w_1_2: 0.081627
 * Train Acc 66.800
 * Val Acc 72.300, Total time 0.27
 * Val loss 0.842, Total time 0.00
Epoch:5
LR: 0.0001
LR: 0.001
LR: 0.0005
Itr		Time		  Data		  Loss		Acc
[0/157]	0.0776 (0.0776)	0.0093 (0.0093)	0.797 (0.797)	71.88 (71.88)
C-Flat stats | raw_grad: 3.621052 | g_0: 3.621052 | g_1: 4.475348 | g_2: 5.621275 | final: 4.502212 | e_w_0: 0.050000 | e_w_1_2: 0.093796
[100/157]	0.0847 (0.0807)	0.0096 (0.0115)	0.861 (0.844)	68.75 (72.52)
C-Flat stats | raw_grad: 3.948049 | g_0: 3.948049 | g_1: 4.472619 | g_2: 5.060284 | final: 4.487986 | e_w_0: 0.050000 | e_w_1_2: 0.087784
[156/157]	0.0773 (0.0809)	0.0040 (0.0115)	0.804 (0.825)	62.50 (73.12)
C-Flat stats | raw_grad: 7.448940 | g_0: 7.448940 | g_1: 10.090956 | g_2: 11.820975 | final: 10.122188 | e_w_0: 0.050000 | e_w_1_2: 0.095193
 * Train Acc 73.120
 * Val Acc 73.800, Total time 0.33
 * Val loss 0.741, Total time 0.00
Epoch:6
LR: 5e-05
LR: 0.0005
LR: 0.00025
Itr		Time		  Data		  Loss		Acc
[0/157]	0.0809 (0.0809)	0.0100 (0.0100)	0.707 (0.707)	81.25 (81.25)
C-Flat stats | raw_grad: 3.101593 | g_0: 3.101593 | g_1: 3.475748 | g_2: 3.850293 | final: 3.491966 | e_w_0: 0.050000 | e_w_1_2: 0.085204
[100/157]	0.0750 (0.0821)	0.0089 (0.0115)	0.687 (0.748)	78.12 (75.71)
C-Flat stats | raw_grad: 3.711079 | g_0: 3.711079 | g_1: 4.140685 | g_2: 4.900566 | final: 4.141993 | e_w_0: 0.050000 | e_w_1_2: 0.082732
[156/157]	0.0582 (0.0808)	0.0028 (0.0116)	0.676 (0.752)	75.00 (75.28)
C-Flat stats | raw_grad: 6.667203 | g_0: 6.667203 | g_1: 8.708396 | g_2: 9.893126 | final: 8.783193 | e_w_0: 0.050000 | e_w_1_2: 0.093752
 * Train Acc 75.280
 * Val Acc 75.600, Total time 0.32
 * Val loss 0.722, Total time 0.00
Epoch:7
LR: 5e-05
LR: 0.0005
LR: 0.00025
Itr		Time		  Data		  Loss		Acc
[0/157]	0.1007 (0.1007)	0.0135 (0.0135)	0.623 (0.623)	81.25 (81.25)
C-Flat stats | raw_grad: 3.466237 | g_0: 3.466237 | g_1: 4.138422 | g_2: 4.527644 | final: 4.159758 | e_w_0: 0.050000 | e_w_1_2: 0.089195
[100/157]	0.1130 (0.0845)	0.0204 (0.0123)	0.640 (0.673)	78.12 (78.09)
C-Flat stats | raw_grad: 3.796327 | g_0: 3.796327 | g_1: 4.831450 | g_2: 5.782606 | final: 4.846811 | e_w_0: 0.050000 | e_w_1_2: 0.094758
[156/157]	0.0576 (0.0865)	0.0028 (0.0122)	0.972 (0.695)	87.50 (77.64)
C-Flat stats | raw_grad: 8.369744 | g_0: 8.369744 | g_1: 10.105855 | g_2: 11.625181 | final: 10.097111 | e_w_0: 0.050000 | e_w_1_2: 0.090648
 * Train Acc 77.640
 * Val Acc 76.300, Total time 0.27
 * Val loss 0.656, Total time 0.00
Epoch:8
LR: 5e-05
LR: 0.0005
LR: 0.00025
Itr		Time		  Data		  Loss		Acc
[0/157]	0.0686 (0.0686)	0.0100 (0.0100)	0.770 (0.770)	71.88 (71.88)
C-Flat stats | raw_grad: 3.467381 | g_0: 3.467381 | g_1: 3.812330 | g_2: 4.386854 | final: 3.827416 | e_w_0: 0.050000 | e_w_1_2: 0.084478
[100/157]	0.1353 (0.0910)	0.0095 (0.0124)	0.441 (0.661)	96.88 (77.72)
C-Flat stats | raw_grad: 3.045566 | g_0: 3.045566 | g_1: 4.027997 | g_2: 4.523755 | final: 4.069003 | e_w_0: 0.050000 | e_w_1_2: 0.094097
[156/157]	0.0855 (0.0916)	0.0039 (0.0126)	1.147 (0.655)	75.00 (78.46)
C-Flat stats | raw_grad: 7.991104 | g_0: 7.991104 | g_1: 9.304905 | g_2: 10.787335 | final: 9.335394 | e_w_0: 0.050000 | e_w_1_2: 0.087269
 * Train Acc 78.460
 * Val Acc 78.000, Total time 0.38
 * Val loss 0.626, Total time 0.00
Epoch:9
LR: 5e-05
LR: 0.0005
LR: 0.00025
Itr		Time		  Data		  Loss		Acc
[0/157]	0.0802 (0.0802)	0.0127 (0.0127)	0.666 (0.666)	75.00 (75.00)
C-Flat stats | raw_grad: 4.587396 | g_0: 4.587396 | g_1: 5.499150 | g_2: 6.325962 | final: 5.503771 | e_w_0: 0.050000 | e_w_1_2: 0.089387
[100/157]	0.1001 (0.0771)	0.0092 (0.0110)	0.570 (0.615)	75.00 (79.83)
C-Flat stats | raw_grad: 3.629530 | g_0: 3.629530 | g_1: 4.095115 | g_2: 4.862956 | final: 4.087539 | e_w_0: 0.050000 | e_w_1_2: 0.085934
[156/157]	0.0681 (0.0801)	0.0048 (0.0110)	1.095 (0.620)	62.50 (79.78)
C-Flat stats | raw_grad: 11.026043 | g_0: 11.026043 | g_1: 10.784240 | g_2: 9.464609 | final: 10.979116 | e_w_0: 0.050000 | e_w_1_2: 0.069222
 * Train Acc 79.780
 * Val Acc 78.900, Total time 0.31
 * Val loss 0.599, Total time 0.00
Epoch:10
LR: 5e-05
LR: 0.0005
LR: 0.00025
Itr		Time		  Data		  Loss		Acc
[0/157]	0.0723 (0.0723)	0.0098 (0.0098)	0.526 (0.526)	87.50 (87.50)
C-Flat stats | raw_grad: 3.499366 | g_0: 3.499366 | g_1: 4.155089 | g_2: 5.027522 | final: 4.158315 | e_w_0: 0.050000 | e_w_1_2: 0.086206
[100/157]	0.0640 (0.0890)	0.0093 (0.0105)	0.758 (0.552)	68.75 (82.21)
C-Flat stats | raw_grad: 4.550918 | g_0: 4.550918 | g_1: 5.365467 | g_2: 6.430313 | final: 5.369462 | e_w_0: 0.050000 | e_w_1_2: 0.091565
[156/157]	0.0748 (0.0894)	0.0046 (0.0107)	0.622 (0.559)	75.00 (81.78)
C-Flat stats | raw_grad: 8.084774 | g_0: 8.084774 | g_1: 11.659261 | g_2: 12.718891 | final: 11.589854 | e_w_0: 0.050000 | e_w_1_2: 0.095888
 * Train Acc 81.780
 * Val Acc 80.400, Total time 0.48
 * Val loss 0.568, Total time 0.00
Epoch:11
LR: 2.5e-05
LR: 0.00025
LR: 0.000125
Itr		Time		  Data		  Loss		Acc
[0/157]	0.1065 (0.1065)	0.0136 (0.0136)	0.547 (0.547)	87.50 (87.50)
C-Flat stats | raw_grad: 3.004692 | g_0: 3.004692 | g_1: 3.491419 | g_2: 3.926199 | final: 3.514225 | e_w_0: 0.050000 | e_w_1_2: 0.089418
[100/157]	0.0775 (0.0762)	0.0117 (0.0105)	0.562 (0.516)	78.12 (83.42)
C-Flat stats | raw_grad: 3.609393 | g_0: 3.609393 | g_1: 4.422392 | g_2: 5.077377 | final: 4.448911 | e_w_0: 0.050000 | e_w_1_2: 0.092099
[156/157]	0.0701 (0.0743)	0.0038 (0.0103)	0.564 (0.518)	87.50 (83.42)
C-Flat stats | raw_grad: 7.521940 | g_0: 7.521940 | g_1: 9.167789 | g_2: 11.574816 | final: 9.197967 | e_w_0: 0.050000 | e_w_1_2: 0.086032
 * Train Acc 83.420
 * Val Acc 80.400, Total time 0.31
 * Val loss 0.554, Total time 0.00
Epoch:12
LR: 2.5e-05
LR: 0.00025
LR: 0.000125
Itr		Time		  Data		  Loss		Acc
[0/157]	0.0680 (0.0680)	0.0113 (0.0113)	0.444 (0.444)	84.38 (84.38)
C-Flat stats | raw_grad: 3.345860 | g_0: 3.345860 | g_1: 4.397079 | g_2: 4.937286 | final: 4.437716 | e_w_0: 0.050000 | e_w_1_2: 0.095060
[100/157]	0.0800 (0.0844)	0.0106 (0.0108)	0.413 (0.508)	90.62 (83.97)
C-Flat stats | raw_grad: 3.496197 | g_0: 3.496197 | g_1: 4.550826 | g_2: 5.002129 | final: 4.569177 | e_w_0: 0.050000 | e_w_1_2: 0.094345
[156/157]	0.0789 (0.0858)	0.0031 (0.0107)	1.173 (0.499)	62.50 (84.28)
C-Flat stats | raw_grad: 10.100447 | g_0: 10.100447 | g_1: 11.892235 | g_2: 14.997605 | final: 11.819313 | e_w_0: 0.050000 | e_w_1_2: 0.088334
 * Train Acc 84.280
 * Val Acc 82.200, Total time 0.43
 * Val loss 0.534, Total time 0.00
Epoch:13
LR: 2.5e-05
LR: 0.00025
LR: 0.000125
Itr		Time		  Data		  Loss		Acc
[0/157]	0.0808 (0.0808)	0.0094 (0.0094)	0.544 (0.544)	84.38 (84.38)
C-Flat stats | raw_grad: 4.596171 | g_0: 4.596171 | g_1: 5.404686 | g_2: 6.594944 | final: 5.405402 | e_w_0: 0.050000 | e_w_1_2: 0.085606
[100/157]	0.1084 (0.0905)	0.0098 (0.0107)	0.593 (0.485)	78.12 (84.38)
C-Flat stats | raw_grad: 3.641273 | g_0: 3.641273 | g_1: 4.440044 | g_2: 5.067254 | final: 4.470868 | e_w_0: 0.050000 | e_w_1_2: 0.091255
[156/157]	0.0669 (0.0951)	0.0039 (0.0115)	0.736 (0.485)	62.50 (84.48)
C-Flat stats | raw_grad: 8.810062 | g_0: 8.810062 | g_1: 11.500783 | g_2: 14.070231 | final: 11.500910 | e_w_0: 0.050000 | e_w_1_2: 0.094437
 * Train Acc 84.480
 * Val Acc 80.400, Total time 0.64
 * Val loss 0.557, Total time 0.00
Epoch:14
LR: 2.5e-05
LR: 0.00025
LR: 0.000125
Itr		Time		  Data		  Loss		Acc
[0/157]	0.0802 (0.0802)	0.0119 (0.0119)	0.413 (0.413)	87.50 (87.50)
C-Flat stats | raw_grad: 2.992526 | g_0: 2.992526 | g_1: 3.753329 | g_2: 4.354829 | final: 3.786251 | e_w_0: 0.050000 | e_w_1_2: 0.092378
[100/157]	0.0898 (0.1093)	0.0125 (0.0138)	0.164 (0.465)	100.00 (86.11)
C-Flat stats | raw_grad: 1.503926 | g_0: 1.503926 | g_1: 2.446028 | g_2: 2.800516 | final: 2.476024 | e_w_0: 0.050000 | e_w_1_2: 0.098018
[156/157]	0.1102 (0.1048)	0.0037 (0.0132)	0.626 (0.466)	87.50 (85.76)
C-Flat stats | raw_grad: 9.022779 | g_0: 9.022779 | g_1: 11.821024 | g_2: 14.438050 | final: 11.809448 | e_w_0: 0.050000 | e_w_1_2: 0.091459
 * Train Acc 85.760
 * Val Acc 82.100, Total time 0.49
 * Val loss 0.525, Total time 0.00
Classifier Optimizer is reset!
reserving basis 6/27; cond: 344754.5, radio:6.336693331832066e-05
reserving basis 99/576; cond: 10322343.0, radio:4.461011121748015e-05
reserving basis 245/576; cond: 751000.25, radio:0.0013068451080471277
reserving basis 255/576; cond: 1184352.625, radio:0.0008390561561100185
reserving basis 294/576; cond: 355191.6875, radio:0.003153360914438963
reserving basis 314/576; cond: 624446.4375, radio:0.001826035906560719
reserving basis 768/1152; cond: 469296.0625, radio:0.0055556511506438255
reserving basis 43/64; cond: 10825.55078125, radio:0.011200698092579842
reserving basis 835/1152; cond: 389791.15625, radio:0.006608678959310055
reserving basis 834/1152; cond: 334021.71875, radio:0.008136427029967308
reserving basis 811/1152; cond: 485234.59375, radio:0.005333151668310165
reserving basis 1559/2304; cond: 971545.4375, radio:0.005013611167669296
reserving basis 99/128; cond: 18592.9609375, radio:0.01415946613997221
reserving basis 1567/2304; cond: 923796.5, radio:0.0052457042038440704
reserving basis 1555/2304; cond: 828261.375, radio:0.005509817507117987
reserving basis 1/2304; cond: 2526534400.0, radio:2.955561351214442e-10
reserving basis 1/4608; cond: 5561237110784.0, radio:1.1025854301837182e-13
reserving basis 197/256; cond: 53772.47265625, radio:0.01017062272876501
reserving basis 6/4608; cond: 1582068793344.0, radio:1.4378376961277084e-11
reserving basis 7/4608; cond: 1959791296512.0, radio:9.408324813664493e-12
computing EWC
validation split name: 1
 * Val Acc 82.100, Total time 0.75
 * Val loss 0.525, Total time 0.00
**************************************************
training split name: 1
 * Val Acc 88.120, Total time 3.10
 * Val loss 0.381, Total time 0.00
**************************************************
====================== 2 =======================
Epoch:0
LR: 5e-05
LR: 0.001
LR: 0.0005
Itr		Time		  Data		  Loss		Acc
[0/157]	2.2202 (2.2202)	0.0111 (0.0111)	2.407 (2.407)	3.12 (3.12)
C-Flat stats | raw_grad: 2.627819 | g_0: 2.627819 | g_1: 2.801220 | g_2: 2.874863 | final: 2.809945 | e_w_0: 0.050000 | e_w_1_2: 0.090041
[100/157]	0.0959 (0.1369)	0.0118 (0.0121)	1.565 (1.838)	59.38 (35.49)
C-Flat stats | raw_grad: 3.196803 | g_0: 3.196803 | g_1: 3.349396 | g_2: 3.693249 | final: 3.350903 | e_w_0: 0.050000 | e_w_1_2: 0.078522
[156/157]	0.2874 (0.1308)	0.0040 (0.0124)	1.734 (1.754)	62.50 (38.16)
C-Flat stats | raw_grad: 6.320955 | g_0: 6.320955 | g_1: 6.383348 | g_2: 7.051820 | final: 6.409472 | e_w_0: 0.050000 | e_w_1_2: 0.068867
 * Train Acc 38.160
 * Val Acc 49.100, Total time 0.54
 * Val loss 1.484, Total time 0.00
Epoch:1
LR: 5e-05
LR: 0.001
LR: 0.0005
Itr		Time		  Data		  Loss		Acc
[0/157]	0.0960 (0.0960)	0.0130 (0.0130)	1.533 (1.533)	62.50 (62.50)
C-Flat stats | raw_grad: 3.833409 | g_0: 3.833409 | g_1: 4.208420 | g_2: 4.597887 | final: 4.223651 | e_w_0: 0.050000 | e_w_1_2: 0.085667
[100/157]	0.1365 (0.1195)	0.0131 (0.0132)	1.476 (1.554)	37.50 (46.23)
C-Flat stats | raw_grad: 3.694036 | g_0: 3.694036 | g_1: 3.926919 | g_2: 4.248969 | final: 3.934833 | e_w_0: 0.050000 | e_w_1_2: 0.080670
[156/157]	0.1069 (0.1197)	0.0043 (0.0134)	1.551 (1.535)	50.00 (47.28)
C-Flat stats | raw_grad: 6.685972 | g_0: 6.685972 | g_1: 7.635412 | g_2: 8.676437 | final: 7.667017 | e_w_0: 0.050000 | e_w_1_2: 0.088602
 * Train Acc 47.280
 * Val Acc 51.500, Total time 0.49
 * Val loss 1.409, Total time 0.00
Epoch:2
LR: 5e-05
LR: 0.001
LR: 0.0005
Itr		Time		  Data		  Loss		Acc
[0/157]	0.1431 (0.1431)	0.0153 (0.0153)	1.394 (1.394)	56.25 (56.25)
C-Flat stats | raw_grad: 3.373276 | g_0: 3.373276 | g_1: 3.745348 | g_2: 4.088233 | final: 3.757882 | e_w_0: 0.050000 | e_w_1_2: 0.087652
[100/157]	0.1324 (0.1164)	0.0282 (0.0133)	1.356 (1.485)	53.12 (48.45)
C-Flat stats | raw_grad: 3.603700 | g_0: 3.603700 | g_1: 4.003933 | g_2: 4.390306 | final: 4.018573 | e_w_0: 0.050000 | e_w_1_2: 0.088091
[156/157]	0.1619 (0.1154)	0.0028 (0.0133)	1.421 (1.479)	62.50 (49.10)
C-Flat stats | raw_grad: 8.115986 | g_0: 8.115986 | g_1: 9.704326 | g_2: 11.059674 | final: 9.736967 | e_w_0: 0.050000 | e_w_1_2: 0.087954
 * Train Acc 49.100
 * Val Acc 53.200, Total time 0.46
 * Val loss 1.346, Total time 0.00
Epoch:3
LR: 5e-05
LR: 0.001
LR: 0.0005
Itr		Time		  Data		  Loss		Acc
[0/157]	0.1088 (0.1088)	0.0116 (0.0116)	1.518 (1.518)	46.88 (46.88)
C-Flat stats | raw_grad: 4.250710 | g_0: 4.250710 | g_1: 4.536736 | g_2: 4.960079 | final: 4.547319 | e_w_0: 0.050000 | e_w_1_2: 0.081112
[100/157]	0.1138 (0.1138)	0.0128 (0.0130)	1.471 (1.467)	46.88 (49.91)
C-Flat stats | raw_grad: 4.186657 | g_0: 4.186657 | g_1: 4.494979 | g_2: 4.897444 | final: 4.507728 | e_w_0: 0.050000 | e_w_1_2: 0.082684
[156/157]	0.1194 (0.1141)	0.0032 (0.0128)	1.356 (1.452)	50.00 (50.68)
C-Flat stats | raw_grad: 6.894459 | g_0: 6.894459 | g_1: 8.098384 | g_2: 9.443723 | final: 8.102950 | e_w_0: 0.050000 | e_w_1_2: 0.089665
 * Train Acc 50.680
 * Val Acc 54.800, Total time 0.41
 * Val loss 1.319, Total time 0.00
Epoch:4
LR: 5e-05
LR: 0.001
LR: 0.0005
Itr		Time		  Data		  Loss		Acc
[0/157]	0.0994 (0.0994)	0.0127 (0.0127)	1.163 (1.163)	62.50 (62.50)
C-Flat stats | raw_grad: 3.563692 | g_0: 3.563692 | g_1: 3.892678 | g_2: 4.300672 | final: 3.901732 | e_w_0: 0.050000 | e_w_1_2: 0.084357
[100/157]	0.0860 (0.1025)	0.0131 (0.0128)	1.640 (1.411)	46.88 (51.64)
C-Flat stats | raw_grad: 4.079443 | g_0: 4.079443 | g_1: 4.365196 | g_2: 4.662430 | final: 4.382870 | e_w_0: 0.050000 | e_w_1_2: 0.081230
[156/157]	0.1220 (0.1004)	0.0043 (0.0126)	1.208 (1.419)	62.50 (51.40)
C-Flat stats | raw_grad: 7.224838 | g_0: 7.224838 | g_1: 8.393883 | g_2: 9.704267 | final: 8.403199 | e_w_0: 0.050000 | e_w_1_2: 0.086377
 * Train Acc 51.400
 * Val Acc 55.700, Total time 0.32
 * Val loss 1.301, Total time 0.00
Epoch:5
LR: 5e-05
LR: 0.001
LR: 0.0005
Itr		Time		  Data		  Loss		Acc
[0/157]	0.0771 (0.0771)	0.0097 (0.0097)	1.324 (1.324)	53.12 (53.12)
C-Flat stats | raw_grad: 4.383984 | g_0: 4.383984 | g_1: 4.803822 | g_2: 5.233781 | final: 4.812644 | e_w_0: 0.050000 | e_w_1_2: 0.085724
[100/157]	0.0960 (0.0976)	0.0123 (0.0119)	1.479 (1.362)	50.00 (54.12)
C-Flat stats | raw_grad: 4.156597 | g_0: 4.156597 | g_1: 4.536067 | g_2: 4.892462 | final: 4.547829 | e_w_0: 0.050000 | e_w_1_2: 0.085598
[156/157]	0.0709 (0.0985)	0.0028 (0.0119)	1.150 (1.379)	75.00 (53.12)
C-Flat stats | raw_grad: 6.238381 | g_0: 6.238381 | g_1: 7.119662 | g_2: 7.995393 | final: 7.150608 | e_w_0: 0.050000 | e_w_1_2: 0.086463
 * Train Acc 53.120
 * Val Acc 56.700, Total time 0.32
 * Val loss 1.276, Total time 0.00
Epoch:6
LR: 2.5e-05
LR: 0.0005
LR: 0.00025
Itr		Time		  Data		  Loss		Acc
[0/157]	0.0832 (0.0832)	0.0096 (0.0096)	1.286 (1.286)	65.62 (65.62)
C-Flat stats | raw_grad: 3.875211 | g_0: 3.875211 | g_1: 4.158788 | g_2: 4.494965 | final: 4.172996 | e_w_0: 0.050000 | e_w_1_2: 0.080698
[100/157]	0.0877 (0.0973)	0.0116 (0.0121)	1.527 (1.362)	46.88 (54.76)
C-Flat stats | raw_grad: 3.999836 | g_0: 3.999836 | g_1: 4.252157 | g_2: 4.582409 | final: 4.261211 | e_w_0: 0.050000 | e_w_1_2: 0.080866
[156/157]	0.0838 (0.0986)	0.0032 (0.0121)	1.353 (1.368)	50.00 (54.04)
C-Flat stats | raw_grad: 8.018226 | g_0: 8.018226 | g_1: 9.590020 | g_2: 10.906795 | final: 9.603312 | e_w_0: 0.050000 | e_w_1_2: 0.089404
 * Train Acc 54.040
 * Val Acc 56.200, Total time 0.35
 * Val loss 1.266, Total time 0.00
Epoch:7
LR: 2.5e-05
LR: 0.0005
LR: 0.00025
Itr		Time		  Data		  Loss		Acc
[0/157]	0.1125 (0.1125)	0.0128 (0.0128)	1.191 (1.191)	68.75 (68.75)
C-Flat stats | raw_grad: 4.285314 | g_0: 4.285314 | g_1: 4.697239 | g_2: 5.262670 | final: 4.717050 | e_w_0: 0.050000 | e_w_1_2: 0.082697
[100/157]	0.1018 (0.0998)	0.0115 (0.0125)	1.374 (1.368)	43.75 (54.42)
C-Flat stats | raw_grad: 3.890109 | g_0: 3.890109 | g_1: 4.217871 | g_2: 4.638576 | final: 4.228862 | e_w_0: 0.050000 | e_w_1_2: 0.084222
[156/157]	0.0881 (0.0994)	0.0041 (0.0121)	1.464 (1.368)	62.50 (53.48)
C-Flat stats | raw_grad: 7.504974 | g_0: 7.504974 | g_1: 8.457256 | g_2: 9.513442 | final: 8.475803 | e_w_0: 0.050000 | e_w_1_2: 0.084785
 * Train Acc 53.480
 * Val Acc 55.900, Total time 0.30
 * Val loss 1.266, Total time 0.00
Epoch:8
LR: 2.5e-05
LR: 0.0005
LR: 0.00025
Itr		Time		  Data		  Loss		Acc
[0/157]	0.0745 (0.0745)	0.0088 (0.0088)	1.339 (1.339)	46.88 (46.88)
C-Flat stats | raw_grad: 3.617731 | g_0: 3.617731 | g_1: 3.856733 | g_2: 4.088891 | final: 3.871195 | e_w_0: 0.050000 | e_w_1_2: 0.081600
[100/157]	0.1424 (0.0990)	0.0179 (0.0126)	1.155 (1.364)	71.88 (53.77)
C-Flat stats | raw_grad: 3.828412 | g_0: 3.828412 | g_1: 4.388359 | g_2: 4.915478 | final: 4.404198 | e_w_0: 0.050000 | e_w_1_2: 0.088707
[156/157]	0.0770 (0.0983)	0.0032 (0.0125)	1.507 (1.359)	62.50 (54.22)
C-Flat stats | raw_grad: 8.021218 | g_0: 8.021218 | g_1: 8.650662 | g_2: 9.688508 | final: 8.672359 | e_w_0: 0.050000 | e_w_1_2: 0.079721
 * Train Acc 54.220
 * Val Acc 57.000, Total time 0.31
 * Val loss 1.254, Total time 0.00
Epoch:9
LR: 2.5e-05
LR: 0.0005
LR: 0.00025
Itr		Time		  Data		  Loss		Acc
[0/157]	0.0925 (0.0925)	0.0105 (0.0105)	1.217 (1.217)	71.88 (71.88)
C-Flat stats | raw_grad: 3.721545 | g_0: 3.721545 | g_1: 4.078582 | g_2: 4.435458 | final: 4.087863 | e_w_0: 0.050000 | e_w_1_2: 0.085041
[100/157]	0.0884 (0.0974)	0.0103 (0.0121)	1.058 (1.353)	62.50 (55.26)
C-Flat stats | raw_grad: 3.648424 | g_0: 3.648424 | g_1: 4.147372 | g_2: 4.459288 | final: 4.165757 | e_w_0: 0.050000 | e_w_1_2: 0.089416
[156/157]	0.0921 (0.0982)	0.0035 (0.0120)	1.304 (1.354)	50.00 (54.88)
C-Flat stats | raw_grad: 8.066653 | g_0: 8.066653 | g_1: 9.307186 | g_2: 10.612743 | final: 9.310423 | e_w_0: 0.050000 | e_w_1_2: 0.087008
 * Train Acc 54.880
 * Val Acc 58.500, Total time 0.45
 * Val loss 1.239, Total time 0.00
Epoch:10
LR: 2.5e-05
LR: 0.0005
LR: 0.00025
Itr		Time		  Data		  Loss		Acc
[0/157]	0.0927 (0.0927)	0.0120 (0.0120)	1.224 (1.224)	65.62 (65.62)
C-Flat stats | raw_grad: 4.121983 | g_0: 4.121983 | g_1: 4.607207 | g_2: 5.061443 | final: 4.623221 | e_w_0: 0.050000 | e_w_1_2: 0.087385
[100/157]	0.1132 (0.1139)	0.0088 (0.0125)	1.513 (1.342)	46.88 (55.63)
C-Flat stats | raw_grad: 4.387003 | g_0: 4.387003 | g_1: 4.671793 | g_2: 5.165724 | final: 4.686716 | e_w_0: 0.050000 | e_w_1_2: 0.081298
[156/157]	0.0872 (0.1163)	0.0040 (0.0129)	1.492 (1.340)	25.00 (55.74)
C-Flat stats | raw_grad: 10.620173 | g_0: 10.620173 | g_1: 11.334164 | g_2: 11.991238 | final: 11.485851 | e_w_0: 0.050000 | e_w_1_2: 0.068867
 * Train Acc 55.740
 * Val Acc 58.800, Total time 0.54
 * Val loss 1.238, Total time 0.00
Epoch:11
LR: 1.25e-05
LR: 0.00025
LR: 0.000125
Itr		Time		  Data		  Loss		Acc
[0/157]	0.1023 (0.1023)	0.0134 (0.0134)	1.334 (1.334)	50.00 (50.00)
C-Flat stats | raw_grad: 4.337943 | g_0: 4.337943 | g_1: 4.741298 | g_2: 5.008452 | final: 4.757614 | e_w_0: 0.050000 | e_w_1_2: 0.086230
[100/157]	0.0966 (0.1183)	0.0131 (0.0129)	1.259 (1.331)	62.50 (55.41)
C-Flat stats | raw_grad: 4.156182 | g_0: 4.156182 | g_1: 4.738032 | g_2: 5.222659 | final: 4.759608 | e_w_0: 0.050000 | e_w_1_2: 0.089391
[156/157]	0.0942 (0.1188)	0.0038 (0.0128)	1.386 (1.329)	37.50 (55.80)
C-Flat stats | raw_grad: 7.737530 | g_0: 7.737530 | g_1: 8.854397 | g_2: 10.063498 | final: 8.877971 | e_w_0: 0.050000 | e_w_1_2: 0.085397
 * Train Acc 55.800
 * Val Acc 58.000, Total time 0.47
 * Val loss 1.226, Total time 0.00
Epoch:12
LR: 1.25e-05
LR: 0.00025
LR: 0.000125
Itr		Time		  Data		  Loss		Acc
[0/157]	0.1022 (0.1022)	0.0121 (0.0121)	1.380 (1.380)	50.00 (50.00)
C-Flat stats | raw_grad: 4.002357 | g_0: 4.002357 | g_1: 4.405606 | g_2: 4.760016 | final: 4.416699 | e_w_0: 0.050000 | e_w_1_2: 0.086544
[100/157]	0.1076 (0.1125)	0.0126 (0.0123)	1.619 (1.345)	37.50 (55.41)
C-Flat stats | raw_grad: 4.320035 | g_0: 4.320035 | g_1: 4.678104 | g_2: 5.029996 | final: 4.689834 | e_w_0: 0.050000 | e_w_1_2: 0.084395
[156/157]	0.1272 (0.1132)	0.0034 (0.0122)	2.089 (1.339)	25.00 (55.34)
C-Flat stats | raw_grad: 8.583756 | g_0: 8.583756 | g_1: 9.029754 | g_2: 10.117805 | final: 9.056664 | e_w_0: 0.050000 | e_w_1_2: 0.075444
 * Train Acc 55.340
 * Val Acc 58.700, Total time 0.50
 * Val loss 1.230, Total time 0.00
Epoch:13
LR: 1.25e-05
LR: 0.00025
LR: 0.000125
Itr		Time		  Data		  Loss		Acc
[0/157]	0.1509 (0.1509)	0.0108 (0.0108)	1.516 (1.516)	50.00 (50.00)
C-Flat stats | raw_grad: 4.109412 | g_0: 4.109412 | g_1: 4.475348 | g_2: 4.927800 | final: 4.490797 | e_w_0: 0.050000 | e_w_1_2: 0.083667
[100/157]	0.1325 (0.1247)	0.0136 (0.0139)	1.315 (1.317)	50.00 (56.37)
C-Flat stats | raw_grad: 4.144647 | g_0: 4.144647 | g_1: 4.584039 | g_2: 4.932697 | final: 4.596142 | e_w_0: 0.050000 | e_w_1_2: 0.086690
[156/157]	0.1415 (0.1225)	0.0038 (0.0138)	1.379 (1.322)	50.00 (56.42)
C-Flat stats | raw_grad: 9.016190 | g_0: 9.016190 | g_1: 10.769424 | g_2: 12.193336 | final: 10.812980 | e_w_0: 0.050000 | e_w_1_2: 0.088826
 * Train Acc 56.420
 * Val Acc 58.200, Total time 0.50
 * Val loss 1.223, Total time 0.00
Epoch:14
LR: 1.25e-05
LR: 0.00025
LR: 0.000125
Itr		Time		  Data		  Loss		Acc
[0/157]	0.1353 (0.1353)	0.0114 (0.0114)	1.312 (1.312)	53.12 (53.12)
C-Flat stats | raw_grad: 4.510380 | g_0: 4.510380 | g_1: 4.938489 | g_2: 5.496772 | final: 4.945918 | e_w_0: 0.050000 | e_w_1_2: 0.085060
[100/157]	0.1289 (0.1157)	0.0156 (0.0131)	1.429 (1.317)	43.75 (56.00)
C-Flat stats | raw_grad: 4.163058 | g_0: 4.163058 | g_1: 4.464014 | g_2: 4.778000 | final: 4.474705 | e_w_0: 0.050000 | e_w_1_2: 0.082723
[156/157]	0.1430 (0.1155)	0.0038 (0.0129)	1.116 (1.318)	62.50 (56.24)
C-Flat stats | raw_grad: 7.078876 | g_0: 7.078876 | g_1: 8.083706 | g_2: 8.826509 | final: 8.110430 | e_w_0: 0.050000 | e_w_1_2: 0.087619
 * Train Acc 56.240
 * Val Acc 59.200, Total time 0.52
 * Val loss 1.228, Total time 0.00
Classifier Optimizer is reset!
reserving basis 6/27; cond: 363733.59375, radio:6.114322604844347e-05
reserving basis 96/576; cond: 10160865.0, radio:4.42583768744953e-05
reserving basis 241/576; cond: 746390.5, radio:0.0013047043466940522
reserving basis 255/576; cond: 1140256.5, radio:0.0008674267446622252
reserving basis 287/576; cond: 366003.46875, radio:0.0030639127362519503
reserving basis 315/576; cond: 603329.375, radio:0.0019041794585064054
reserving basis 788/1152; cond: 430645.40625, radio:0.0060981325805187225
reserving basis 44/64; cond: 10453.51953125, radio:0.012226426042616367
reserving basis 845/1152; cond: 366052.09375, radio:0.007056456059217453
reserving basis 844/1152; cond: 315184.0, radio:0.008647490292787552
reserving basis 845/1152; cond: 417644.78125, radio:0.006223253905773163
reserving basis 1720/2304; cond: 714865.125, radio:0.006949960719794035
reserving basis 99/128; cond: 17979.173828125, radio:0.014439882710576057
reserving basis 1750/2304; cond: 644327.6875, radio:0.007572419010102749
reserving basis 1728/2304; cond: 591690.6875, radio:0.007923992350697517
reserving basis 967/2304; cond: 2730334.75, radio:0.0012649591080844402
reserving basis 17/4608; cond: 1954078336.0, radio:3.507301826743969e-08
reserving basis 203/256; cond: 45360.890625, radio:0.011651665903627872
reserving basis 2/4608; cond: 7667661824.0, radio:8.402636364479577e-10
reserving basis 3/4608; cond: 15711280128.0, radio:6.259579521383785e-10
computing EWC
validation split name: 1
 * Val Acc 80.100, Total time 0.80
 * Val loss 0.575, Total time 0.00
**************************************************
training split name: 1
 * Val Acc 87.320, Total time 3.10
 * Val loss 0.390, Total time 0.00
**************************************************
validation split name: 2
 * Val Acc 59.200, Total time 0.48
 * Val loss 1.228, Total time 0.00
**************************************************
training split name: 2
 * Val Acc 57.580, Total time 3.22
 * Val loss 1.280, Total time 0.00
**************************************************
====================== 3 =======================
Epoch:0
LR: 5e-05
LR: 0.001
LR: 0.0005
Itr		Time		  Data		  Loss		Acc
[0/157]	3.5901 (3.5901)	0.0123 (0.0123)	2.374 (2.374)	0.00 (0.00)
C-Flat stats | raw_grad: 2.773226 | g_0: 2.773226 | g_1: 2.959852 | g_2: 3.047281 | final: 2.969683 | e_w_0: 0.050000 | e_w_1_2: 0.089433
[100/157]	0.1412 (0.1568)	0.0097 (0.0133)	1.495 (1.700)	43.75 (43.47)
C-Flat stats | raw_grad: 3.502796 | g_0: 3.502796 | g_1: 3.816405 | g_2: 4.120434 | final: 3.827270 | e_w_0: 0.050000 | e_w_1_2: 0.084486
[156/157]	0.1952 (0.1422)	0.0031 (0.0130)	1.829 (1.601)	25.00 (46.98)
C-Flat stats | raw_grad: 7.594230 | g_0: 7.594230 | g_1: 8.209751 | g_2: 9.413759 | final: 8.223069 | e_w_0: 0.050000 | e_w_1_2: 0.080770
 * Train Acc 46.980
 * Val Acc 57.100, Total time 0.46
 * Val loss 1.287, Total time 0.00
Epoch:1
LR: 5e-05
LR: 0.001
LR: 0.0005
Itr		Time		  Data		  Loss		Acc
[0/157]	0.1199 (0.1199)	0.0120 (0.0120)	1.243 (1.243)	59.38 (59.38)
C-Flat stats | raw_grad: 3.132998 | g_0: 3.132998 | g_1: 3.468078 | g_2: 3.864365 | final: 3.480048 | e_w_0: 0.050000 | e_w_1_2: 0.085965
[100/157]	0.1358 (0.1155)	0.0116 (0.0123)	1.277 (1.379)	59.38 (55.11)
C-Flat stats | raw_grad: 3.806409 | g_0: 3.806409 | g_1: 4.462996 | g_2: 5.049873 | final: 4.494821 | e_w_0: 0.050000 | e_w_1_2: 0.091880
[156/157]	0.1058 (0.1176)	0.0039 (0.0126)	1.041 (1.356)	75.00 (55.32)
C-Flat stats | raw_grad: 6.425132 | g_0: 6.425132 | g_1: 7.443151 | g_2: 8.634503 | final: 7.472153 | e_w_0: 0.050000 | e_w_1_2: 0.087344
 * Train Acc 55.320
 * Val Acc 58.300, Total time 0.57
 * Val loss 1.249, Total time 0.00
Epoch:2
LR: 5e-05
LR: 0.001
LR: 0.0005
Itr		Time		  Data		  Loss		Acc
[0/157]	0.1500 (0.1500)	0.0115 (0.0115)	1.113 (1.113)	56.25 (56.25)
C-Flat stats | raw_grad: 3.413052 | g_0: 3.413052 | g_1: 3.821196 | g_2: 4.320363 | final: 3.849186 | e_w_0: 0.050000 | e_w_1_2: 0.087133
[100/157]	0.1277 (0.1151)	0.0189 (0.0130)	1.097 (1.307)	65.62 (55.88)
C-Flat stats | raw_grad: 3.371487 | g_0: 3.371487 | g_1: 3.678262 | g_2: 4.022494 | final: 3.691348 | e_w_0: 0.050000 | e_w_1_2: 0.082646
[156/157]	0.0923 (0.1141)	0.0038 (0.0131)	1.177 (1.299)	62.50 (56.56)
C-Flat stats | raw_grad: 7.299689 | g_0: 7.299689 | g_1: 8.296576 | g_2: 10.033358 | final: 8.333143 | e_w_0: 0.050000 | e_w_1_2: 0.079950
 * Train Acc 56.560
 * Val Acc 60.700, Total time 0.51
 * Val loss 1.179, Total time 0.00
Epoch:3
LR: 5e-05
LR: 0.001
LR: 0.0005
Itr		Time		  Data		  Loss		Acc
[0/157]	0.1634 (0.1634)	0.0091 (0.0091)	1.295 (1.295)	46.88 (46.88)
C-Flat stats | raw_grad: 3.843494 | g_0: 3.843494 | g_1: 4.229596 | g_2: 4.651512 | final: 4.240674 | e_w_0: 0.050000 | e_w_1_2: 0.084013
[100/157]	0.1144 (0.1078)	0.0269 (0.0127)	1.352 (1.272)	62.50 (57.89)
C-Flat stats | raw_grad: 4.589635 | g_0: 4.589635 | g_1: 4.996851 | g_2: 5.707067 | final: 5.005367 | e_w_0: 0.050000 | e_w_1_2: 0.082221
[156/157]	0.0729 (0.1055)	0.0040 (0.0124)	1.426 (1.271)	50.00 (57.74)
C-Flat stats | raw_grad: 8.654588 | g_0: 8.654588 | g_1: 9.093979 | g_2: 10.598537 | final: 9.109478 | e_w_0: 0.050000 | e_w_1_2: 0.075316
 * Train Acc 57.740
 * Val Acc 61.200, Total time 0.31
 * Val loss 1.154, Total time 0.00
Epoch:4
LR: 5e-05
LR: 0.001
LR: 0.0005
Itr		Time		  Data		  Loss		Acc
[0/157]	0.1118 (0.1118)	0.0121 (0.0121)	1.092 (1.092)	62.50 (62.50)
C-Flat stats | raw_grad: 3.297908 | g_0: 3.297908 | g_1: 3.807981 | g_2: 4.159703 | final: 3.828581 | e_w_0: 0.050000 | e_w_1_2: 0.089748
[100/157]	0.1119 (0.1115)	0.0088 (0.0129)	1.145 (1.256)	62.50 (58.38)
C-Flat stats | raw_grad: 4.166696 | g_0: 4.166696 | g_1: 4.701804 | g_2: 5.140413 | final: 4.721875 | e_w_0: 0.050000 | e_w_1_2: 0.089130
[156/157]	0.1227 (0.1136)	0.0041 (0.0130)	1.206 (1.251)	62.50 (58.92)
C-Flat stats | raw_grad: 7.200386 | g_0: 7.200386 | g_1: 8.508973 | g_2: 9.827121 | final: 8.543725 | e_w_0: 0.050000 | e_w_1_2: 0.088948
 * Train Acc 58.920
 * Val Acc 61.800, Total time 0.50
 * Val loss 1.147, Total time 0.00
Epoch:5
LR: 5e-05
LR: 0.001
LR: 0.0005
Itr		Time		  Data		  Loss		Acc
[0/157]	0.1101 (0.1101)	0.0096 (0.0096)	1.230 (1.230)	56.25 (56.25)
C-Flat stats | raw_grad: 4.154181 | g_0: 4.154181 | g_1: 4.525283 | g_2: 4.991840 | final: 4.535892 | e_w_0: 0.050000 | e_w_1_2: 0.084267
[100/157]	0.0927 (0.1003)	0.0096 (0.0126)	1.601 (1.242)	53.12 (59.68)
C-Flat stats | raw_grad: 3.922867 | g_0: 3.922867 | g_1: 4.137226 | g_2: 4.593292 | final: 4.143343 | e_w_0: 0.050000 | e_w_1_2: 0.079553
[156/157]	0.0795 (0.1017)	0.0028 (0.0125)	1.591 (1.228)	25.00 (60.02)
C-Flat stats | raw_grad: 8.606944 | g_0: 8.606944 | g_1: 9.785419 | g_2: 11.402283 | final: 9.802464 | e_w_0: 0.050000 | e_w_1_2: 0.087217
 * Train Acc 60.020
 * Val Acc 61.900, Total time 0.42
 * Val loss 1.127, Total time 0.00
Epoch:6
LR: 2.5e-05
LR: 0.0005
LR: 0.00025
Itr		Time		  Data		  Loss		Acc
[0/157]	0.0820 (0.0820)	0.0112 (0.0112)	1.167 (1.167)	56.25 (56.25)
C-Flat stats | raw_grad: 4.366635 | g_0: 4.366635 | g_1: 4.998507 | g_2: 5.764190 | final: 5.019137 | e_w_0: 0.050000 | e_w_1_2: 0.088204
[100/157]	0.1235 (0.1030)	0.0128 (0.0129)	1.304 (1.220)	56.25 (60.46)
C-Flat stats | raw_grad: 4.464844 | g_0: 4.464844 | g_1: 4.910631 | g_2: 5.363979 | final: 4.929865 | e_w_0: 0.050000 | e_w_1_2: 0.084553
[156/157]	0.0973 (0.1024)	0.0037 (0.0126)	1.159 (1.217)	75.00 (60.38)
C-Flat stats | raw_grad: 7.136790 | g_0: 7.136790 | g_1: 9.255639 | g_2: 11.402788 | final: 9.285352 | e_w_0: 0.050000 | e_w_1_2: 0.091978
 * Train Acc 60.380
 * Val Acc 61.900, Total time 0.44
 * Val loss 1.128, Total time 0.00
Epoch:7
LR: 2.5e-05
LR: 0.0005
LR: 0.00025
Itr		Time		  Data		  Loss		Acc
[0/157]	0.0881 (0.0881)	0.0117 (0.0117)	0.940 (0.940)	71.88 (71.88)
C-Flat stats | raw_grad: 3.701325 | g_0: 3.701325 | g_1: 4.215522 | g_2: 4.784924 | final: 4.226966 | e_w_0: 0.050000 | e_w_1_2: 0.087539
[100/157]	0.1069 (0.1061)	0.0118 (0.0137)	0.927 (1.213)	71.88 (60.37)
C-Flat stats | raw_grad: 3.598292 | g_0: 3.598292 | g_1: 4.224905 | g_2: 4.711512 | final: 4.253094 | e_w_0: 0.050000 | e_w_1_2: 0.090709
[156/157]	0.0788 (0.1033)	0.0029 (0.0131)	0.910 (1.202)	87.50 (61.24)
C-Flat stats | raw_grad: 6.455792 | g_0: 6.455792 | g_1: 8.453092 | g_2: 9.900940 | final: 8.499922 | e_w_0: 0.050000 | e_w_1_2: 0.093480
 * Train Acc 61.240
 * Val Acc 62.400, Total time 0.35
 * Val loss 1.104, Total time 0.00
Epoch:8
LR: 2.5e-05
LR: 0.0005
LR: 0.00025
Itr		Time		  Data		  Loss		Acc
[0/157]	0.0937 (0.0937)	0.0123 (0.0123)	1.091 (1.091)	65.62 (65.62)
C-Flat stats | raw_grad: 3.849495 | g_0: 3.849495 | g_1: 4.288129 | g_2: 4.743603 | final: 4.305049 | e_w_0: 0.050000 | e_w_1_2: 0.085300
[100/157]	0.0808 (0.0973)	0.0119 (0.0117)	1.213 (1.214)	68.75 (60.06)
C-Flat stats | raw_grad: 4.526854 | g_0: 4.526854 | g_1: 5.162633 | g_2: 5.667230 | final: 5.181016 | e_w_0: 0.050000 | e_w_1_2: 0.090249
[156/157]	0.0916 (0.0988)	0.0045 (0.0120)	1.435 (1.206)	50.00 (60.22)
C-Flat stats | raw_grad: 8.848043 | g_0: 8.848043 | g_1: 9.733484 | g_2: 11.469687 | final: 9.748655 | e_w_0: 0.050000 | e_w_1_2: 0.078625
 * Train Acc 60.220
 * Val Acc 62.800, Total time 0.36
 * Val loss 1.110, Total time 0.00
Epoch:9
LR: 2.5e-05
LR: 0.0005
LR: 0.00025
Itr		Time		  Data		  Loss		Acc
[0/157]	0.0936 (0.0936)	0.0121 (0.0121)	1.444 (1.444)	46.88 (46.88)
C-Flat stats | raw_grad: 4.430321 | g_0: 4.430321 | g_1: 4.905843 | g_2: 5.613977 | final: 4.917979 | e_w_0: 0.050000 | e_w_1_2: 0.085293
[100/157]	0.0833 (0.1001)	0.0116 (0.0124)	1.275 (1.184)	53.12 (62.07)
C-Flat stats | raw_grad: 4.412657 | g_0: 4.412657 | g_1: 4.970942 | g_2: 5.649047 | final: 4.986358 | e_w_0: 0.050000 | e_w_1_2: 0.087296
[156/157]	0.0917 (0.1007)	0.0038 (0.0124)	1.345 (1.189)	50.00 (61.70)
C-Flat stats | raw_grad: 9.925422 | g_0: 9.925422 | g_1: 11.142441 | g_2: 12.713433 | final: 11.179916 | e_w_0: 0.050000 | e_w_1_2: 0.082950
 * Train Acc 61.700
 * Val Acc 63.100, Total time 0.35
 * Val loss 1.105, Total time 0.00
Epoch:10
LR: 2.5e-05
LR: 0.0005
LR: 0.00025
Itr		Time		  Data		  Loss		Acc
[0/157]	0.1201 (0.1201)	0.0122 (0.0122)	1.136 (1.136)	62.50 (62.50)
C-Flat stats | raw_grad: 3.772770 | g_0: 3.772770 | g_1: 4.160125 | g_2: 4.517694 | final: 4.176919 | e_w_0: 0.050000 | e_w_1_2: 0.083285
[100/157]	0.1106 (0.1039)	0.0111 (0.0129)	1.415 (1.181)	50.00 (60.89)
C-Flat stats | raw_grad: 4.636064 | g_0: 4.636064 | g_1: 5.010239 | g_2: 5.619043 | final: 5.027872 | e_w_0: 0.050000 | e_w_1_2: 0.080624
[156/157]	0.0789 (0.1037)	0.0044 (0.0126)	0.941 (1.175)	75.00 (61.76)
C-Flat stats | raw_grad: 5.651121 | g_0: 5.651121 | g_1: 6.998446 | g_2: 8.118108 | final: 7.076999 | e_w_0: 0.050000 | e_w_1_2: 0.092756
 * Train Acc 61.760
 * Val Acc 63.000, Total time 0.46
 * Val loss 1.093, Total time 0.00
Epoch:11
LR: 1.25e-05
LR: 0.00025
LR: 0.000125
Itr		Time		  Data		  Loss		Acc
[0/157]	0.1048 (0.1048)	0.0103 (0.0103)	1.335 (1.335)	56.25 (56.25)
C-Flat stats | raw_grad: 4.425722 | g_0: 4.425722 | g_1: 4.861398 | g_2: 5.619731 | final: 4.885688 | e_w_0: 0.050000 | e_w_1_2: 0.082479
[100/157]	0.1052 (0.1147)	0.0092 (0.0124)	1.270 (1.162)	46.88 (62.22)
C-Flat stats | raw_grad: 4.186263 | g_0: 4.186263 | g_1: 4.605150 | g_2: 5.120488 | final: 4.633582 | e_w_0: 0.050000 | e_w_1_2: 0.083491
[156/157]	0.1103 (0.1143)	0.0039 (0.0123)	1.591 (1.170)	50.00 (61.50)
C-Flat stats | raw_grad: 9.483027 | g_0: 9.483027 | g_1: 11.760263 | g_2: 14.013163 | final: 11.770266 | e_w_0: 0.050000 | e_w_1_2: 0.091227
 * Train Acc 61.500
 * Val Acc 62.700, Total time 0.56
 * Val loss 1.097, Total time 0.00
Epoch:12
LR: 1.25e-05
LR: 0.00025
LR: 0.000125
Itr		Time		  Data		  Loss		Acc
[0/157]	0.0967 (0.0967)	0.0119 (0.0119)	1.003 (1.003)	62.50 (62.50)
C-Flat stats | raw_grad: 4.044628 | g_0: 4.044628 | g_1: 4.652974 | g_2: 5.208532 | final: 4.675064 | e_w_0: 0.050000 | e_w_1_2: 0.088534
[100/157]	0.0851 (0.1088)	0.0115 (0.0127)	1.052 (1.164)	62.50 (62.00)
C-Flat stats | raw_grad: 3.803898 | g_0: 3.803898 | g_1: 4.412752 | g_2: 4.944723 | final: 4.442644 | e_w_0: 0.050000 | e_w_1_2: 0.090123
[156/157]	0.0866 (0.1058)	0.0040 (0.0133)	1.212 (1.168)	75.00 (61.80)
C-Flat stats | raw_grad: 6.921469 | g_0: 6.921469 | g_1: 7.800669 | g_2: 8.933363 | final: 7.836360 | e_w_0: 0.050000 | e_w_1_2: 0.084043
 * Train Acc 61.800
 * Val Acc 62.800, Total time 0.37
 * Val loss 1.085, Total time 0.00
Epoch:13
LR: 1.25e-05
LR: 0.00025
LR: 0.000125
Itr		Time		  Data		  Loss		Acc
[0/157]	0.0871 (0.0871)	0.0119 (0.0119)	1.167 (1.167)	62.50 (62.50)
C-Flat stats | raw_grad: 3.836956 | g_0: 3.836956 | g_1: 4.419014 | g_2: 5.129238 | final: 4.456793 | e_w_0: 0.050000 | e_w_1_2: 0.089803
[100/157]	0.1481 (0.1147)	0.0191 (0.0129)	1.048 (1.169)	65.62 (62.22)
C-Flat stats | raw_grad: 3.859990 | g_0: 3.859990 | g_1: 4.353685 | g_2: 4.978406 | final: 4.365585 | e_w_0: 0.050000 | e_w_1_2: 0.087753
[156/157]	0.1430 (0.1160)	0.0039 (0.0127)	1.713 (1.171)	25.00 (61.86)
C-Flat stats | raw_grad: 9.529768 | g_0: 9.529768 | g_1: 10.431183 | g_2: 11.988851 | final: 10.462885 | e_w_0: 0.050000 | e_w_1_2: 0.081305
 * Train Acc 61.860
 * Val Acc 63.400, Total time 0.46
 * Val loss 1.075, Total time 0.00
Epoch:14
LR: 1.25e-05
LR: 0.00025
LR: 0.000125
Itr		Time		  Data		  Loss		Acc
[0/157]	0.1043 (0.1043)	0.0104 (0.0104)	1.188 (1.188)	65.62 (65.62)
C-Flat stats | raw_grad: 3.666747 | g_0: 3.666747 | g_1: 3.981851 | g_2: 4.247443 | final: 3.998518 | e_w_0: 0.050000 | e_w_1_2: 0.081742
[100/157]	0.1017 (0.1169)	0.0127 (0.0130)	1.034 (1.168)	75.00 (61.51)
C-Flat stats | raw_grad: 3.477006 | g_0: 3.477006 | g_1: 3.938341 | g_2: 4.389891 | final: 3.960350 | e_w_0: 0.050000 | e_w_1_2: 0.086583
[156/157]	0.1301 (0.1168)	0.0038 (0.0128)	1.174 (1.163)	62.50 (61.98)
C-Flat stats | raw_grad: 8.157136 | g_0: 8.157136 | g_1: 10.268294 | g_2: 11.408969 | final: 10.317798 | e_w_0: 0.050000 | e_w_1_2: 0.093939
 * Train Acc 61.980
 * Val Acc 63.600, Total time 0.42
 * Val loss 1.082, Total time 0.00
Classifier Optimizer is reset!
reserving basis 5/27; cond: 396635.0625, radio:3.821456266450696e-05
reserving basis 93/576; cond: 10983476.0, radio:3.947709410567768e-05
reserving basis 231/576; cond: 804629.1875, radio:0.0011689611710608006
reserving basis 253/576; cond: 1179165.25, radio:0.000832925143186003
reserving basis 289/576; cond: 367671.0, radio:0.003044428303837776
reserving basis 311/576; cond: 619545.5625, radio:0.0018217075848951936
reserving basis 774/1152; cond: 451955.5625, radio:0.005783709231764078
reserving basis 44/64; cond: 10709.0302734375, radio:0.01220269687473774
reserving basis 833/1152; cond: 380540.46875, radio:0.0067775072529911995
reserving basis 837/1152; cond: 319772.3125, radio:0.008488439954817295
reserving basis 844/1152; cond: 417359.65625, radio:0.006221124902367592
reserving basis 1757/2304; cond: 666843.875, radio:0.007439501583576202
reserving basis 99/128; cond: 17347.5, radio:0.014532486908137798
reserving basis 1792/2304; cond: 589296.6875, radio:0.008181077428162098
reserving basis 1762/2304; cond: 553206.875, radio:0.008489574305713177
reserving basis 1320/2304; cond: 1527121.25, radio:0.0029273026157170534
reserving basis 447/4608; cond: 29041306.0, radio:6.118252349551767e-05
reserving basis 205/256; cond: 43613.21875, radio:0.012072221376001835
reserving basis 572/4608; cond: 22778510.0, radio:9.448861237615347e-05
reserving basis 1/4608; cond: 362089568.0, radio:1.4580109342077208e-09
computing EWC
validation split name: 1
 * Val Acc 80.200, Total time 0.69
 * Val loss 0.585, Total time 0.00
**************************************************
training split name: 1
 * Val Acc 86.740, Total time 3.34
 * Val loss 0.403, Total time 0.00
**************************************************
validation split name: 2
 * Val Acc 56.900, Total time 0.58
 * Val loss 1.252, Total time 0.00
**************************************************
training split name: 2
 * Val Acc 55.360, Total time 2.85
 * Val loss 1.289, Total time 0.00
**************************************************
validation split name: 3
 * Val Acc 63.600, Total time 0.46
 * Val loss 1.082, Total time 0.00
**************************************************
training split name: 3
 * Val Acc 63.920, Total time 2.82
 * Val loss 1.104, Total time 0.00
**************************************************
OrderedDict([('1', OrderedDict([('1', 82.1), ('2', 80.1), ('3', 80.2)])), ('2', OrderedDict([('2', 59.2), ('3', 56.9)])), ('3', OrderedDict([('3', 63.6)]))])
Task 1 average acc: 82.1
Task 1 backward transfer: 0
Task 2 average acc: 69.65
Task 2 backward transfer: -2.0
Task 3 average acc: 66.89999999999999
Task 3 backward transfer: -2.099999999999998
===Summary of experiment repeats: 1 / 1 ===
The last avg acc of all repeats: [66.9]
The last bwt of all repeats: [-2.1]
acc mean: 66.89999999999999 acc std: 0.0
bwt mean: -2.099999999999998 bwt std: 0.0
