Files already downloaded and verified
Files already downloaded and verified
split_boundaries: [0, 10, 20, 30, 40, 50, 60, 70, 80, 90, 100]
{'1': [0, 1, 2, 3, 4, 5, 6, 7, 8, 9], '2': [10, 11, 12, 13, 14, 15, 16, 17, 18, 19], '3': [20, 21, 22, 23, 24, 25, 26, 27, 28, 29], '4': [30, 31, 32, 33, 34, 35, 36, 37, 38, 39], '5': [40, 41, 42, 43, 44, 45, 46, 47, 48, 49], '6': [50, 51, 52, 53, 54, 55, 56, 57, 58, 59], '7': [60, 61, 62, 63, 64, 65, 66, 67, 68, 69], '8': [70, 71, 72, 73, 74, 75, 76, 77, 78, 79], '9': [80, 81, 82, 83, 84, 85, 86, 87, 88, 89], '10': [90, 91, 92, 93, 94, 95, 96, 97, 98, 99]}
{'model_lr': 0.0001, 'momentum': 0, 'model_weight_decay': 5e-05, 'schedule': [5, 10, 15], 'model_type': 'resnet', 'model_name': 'resnet18', 'model_weights': None, 'out_dim': {'1': 10, '2': 10, '3': 10, '4': 10, '5': 10, '6': 10, '7': 10, '8': 10, '9': 10, '10': 10}, 'model_optimizer': 'Adam', 'print_freq': 100.0, 'gpu': True, 'with_head': False, 'reset_model_opt': True, 'reg_coef': 100.0, 'head_lr': 0.001, 'svd_lr': 5e-05, 'bn_lr': 0.0005, 'svd_thres': 10.0, 'gamma': 0.5, 'dataset_name': 'CIFAR100_10_10', 'use_cflat': True, 'cflat_rho': 0.05, 'cflat_lambda': 0.02, 'cflat_eps': 1e-12, 'cflat_adaptive': False, 'cflat_bn_mode': 'disable_running_stats', 'cflat_on_total_loss': False, 'cflat_debug': True, 'max_train_batches': 0, 'max_eval_batches': 0}
#param of model:11218340
Task order: ['1', '2', '3']
====================== 1 =======================
Epoch:0
LR: 0.0001
LR: 0.001
LR: 0.0005
Itr		Time		  Data		  Loss		Acc
/home/moshiling/miniconda3/envs/torch118/lib/python3.10/site-packages/torch/optim/lr_scheduler.py:143: UserWarning: Detected call of `lr_scheduler.step()` before `optimizer.step()`. In PyTorch 1.1.0 and later, you should call them in the opposite order: `optimizer.step()` before `lr_scheduler.step()`.  Failure to do this will result in PyTorch skipping the first value of the learning rate schedule. See more details at https://pytorch.org/docs/stable/optim.html#how-to-adjust-learning-rate
  warnings.warn("Detected call of `lr_scheduler.step()` before `optimizer.step()`. "
/home/moshiling/miniconda3/envs/torch118/lib/python3.10/site-packages/torch/optim/lr_scheduler.py:156: UserWarning: The epoch parameter in `scheduler.step()` was not necessary and is being deprecated where possible. Please use `scheduler.step()` to step the scheduler. During the deprecation, if epoch is different from None, the closed form is used instead of the new chainable form, where available. Please open an issue if you are unable to replicate your use case: https://github.com/pytorch/pytorch/issues/new/choose.
  warnings.warn(EPOCH_DEPRECATION_WARNING, UserWarning)
[0/157]	3.0057 (3.0057)	0.0118 (0.0118)	2.446 (2.446)	3.12 (3.12)
C-Flat stats | raw_grad: 5.392705 | g_0: 5.392705 | g_1: 5.373481 | g_2: 5.614957 | final: 5.379713 | e_w_0: 0.050000 | e_w_1_2: 0.066449
[100/157]	0.0770 (0.1132)	0.0096 (0.0092)	1.983 (1.899)	28.12 (33.14)
C-Flat stats | raw_grad: 3.757593 | g_0: 3.757593 | g_1: 3.963380 | g_2: 4.470095 | final: 3.966043 | e_w_0: 0.050000 | e_w_1_2: 0.077057
[156/157]	0.2361 (0.1035)	0.0027 (0.0091)	2.061 (1.808)	25.00 (37.14)
C-Flat stats | raw_grad: 7.421406 | g_0: 7.421406 | g_1: 8.491208 | g_2: 10.962260 | final: 8.466463 | e_w_0: 0.050000 | e_w_1_2: 0.084612
 * Train Acc 37.140
 * Val Acc 47.600, Total time 0.42
 * Val loss 1.552, Total time 0.00
Epoch:1
LR: 0.0001
LR: 0.001
LR: 0.0005
Itr		Time		  Data		  Loss		Acc
[0/157]	0.0840 (0.0840)	0.0097 (0.0097)	1.674 (1.674)	53.12 (53.12)
C-Flat stats | raw_grad: 3.509323 | g_0: 3.509323 | g_1: 3.620280 | g_2: 4.164357 | final: 3.627979 | e_w_0: 0.050000 | e_w_1_2: 0.071188
[100/157]	0.0746 (0.0855)	0.0090 (0.0095)	1.323 (1.507)	56.25 (49.50)
C-Flat stats | raw_grad: 3.252881 | g_0: 3.252881 | g_1: 3.494183 | g_2: 3.965984 | final: 3.497714 | e_w_0: 0.050000 | e_w_1_2: 0.079036
[156/157]	0.0968 (0.0852)	0.0035 (0.0094)	0.907 (1.466)	62.50 (50.46)
C-Flat stats | raw_grad: 6.473940 | g_0: 6.473940 | g_1: 6.637276 | g_2: 7.324347 | final: 6.664684 | e_w_0: 0.050000 | e_w_1_2: 0.066206
 * Train Acc 50.460
 * Val Acc 59.200, Total time 0.45
 * Val loss 1.219, Total time 0.00
Epoch:2
LR: 0.0001
LR: 0.001
LR: 0.0005
Itr		Time		  Data		  Loss		Acc
[0/157]	0.0814 (0.0814)	0.0091 (0.0091)	1.223 (1.223)	62.50 (62.50)
C-Flat stats | raw_grad: 4.492892 | g_0: 4.492892 | g_1: 5.014407 | g_2: 5.787217 | final: 5.016217 | e_w_0: 0.050000 | e_w_1_2: 0.085274
[100/157]	0.0812 (0.0848)	0.0100 (0.0095)	1.278 (1.279)	50.00 (58.48)
C-Flat stats | raw_grad: 4.228915 | g_0: 4.228915 | g_1: 4.540286 | g_2: 5.338302 | final: 4.532872 | e_w_0: 0.050000 | e_w_1_2: 0.081664
[156/157]	0.0794 (0.0858)	0.0037 (0.0096)	1.074 (1.279)	75.00 (58.04)
C-Flat stats | raw_grad: 4.343864 | g_0: 4.343864 | g_1: 4.672088 | g_2: 5.197026 | final: 4.681499 | e_w_0: 0.050000 | e_w_1_2: 0.079003
 * Train Acc 58.040
 * Val Acc 62.000, Total time 0.53
 * Val loss 1.085, Total time 0.00
Epoch:3
LR: 0.0001
LR: 0.001
LR: 0.0005
Itr		Time		  Data		  Loss		Acc
[0/157]	0.1023 (0.1023)	0.0103 (0.0103)	1.397 (1.397)	43.75 (43.75)
C-Flat stats | raw_grad: 3.596540 | g_0: 3.596540 | g_1: 3.935847 | g_2: 4.414820 | final: 3.936411 | e_w_0: 0.050000 | e_w_1_2: 0.085853
[100/157]	0.0788 (0.0853)	0.0095 (0.0095)	1.249 (1.117)	59.38 (62.47)
C-Flat stats | raw_grad: 4.136677 | g_0: 4.136677 | g_1: 4.670792 | g_2: 5.656249 | final: 4.676938 | e_w_0: 0.050000 | e_w_1_2: 0.087956
[156/157]	0.0742 (0.0867)	0.0047 (0.0096)	1.248 (1.105)	75.00 (63.36)
C-Flat stats | raw_grad: 8.142037 | g_0: 8.142037 | g_1: 9.587703 | g_2: 11.624231 | final: 9.590852 | e_w_0: 0.050000 | e_w_1_2: 0.085878
 * Train Acc 63.360
 * Val Acc 67.900, Total time 0.50
 * Val loss 0.951, Total time 0.00
Epoch:4
LR: 0.0001
LR: 0.001
LR: 0.0005
Itr		Time		  Data		  Loss		Acc
[0/157]	0.1066 (0.1066)	0.0104 (0.0104)	1.068 (1.068)	65.62 (65.62)
C-Flat stats | raw_grad: 3.521133 | g_0: 3.521133 | g_1: 4.066842 | g_2: 5.010708 | final: 4.061184 | e_w_0: 0.050000 | e_w_1_2: 0.087237
[100/157]	0.0635 (0.0862)	0.0087 (0.0095)	1.087 (1.000)	56.25 (66.43)
C-Flat stats | raw_grad: 4.599377 | g_0: 4.599377 | g_1: 4.828597 | g_2: 5.619500 | final: 4.834707 | e_w_0: 0.050000 | e_w_1_2: 0.076068
[156/157]	0.0749 (0.0879)	0.0026 (0.0097)	1.007 (0.978)	75.00 (67.10)
C-Flat stats | raw_grad: 6.922179 | g_0: 6.922179 | g_1: 7.650489 | g_2: 9.164762 | final: 7.667511 | e_w_0: 0.050000 | e_w_1_2: 0.079985
 * Train Acc 67.100
 * Val Acc 72.400, Total time 0.45
 * Val loss 0.833, Total time 0.00
Epoch:5
LR: 0.0001
LR: 0.001
LR: 0.0005
Itr		Time		  Data		  Loss		Acc
[0/157]	0.0836 (0.0836)	0.0089 (0.0089)	0.764 (0.764)	71.88 (71.88)
C-Flat stats | raw_grad: 3.532307 | g_0: 3.532307 | g_1: 4.249968 | g_2: 5.227732 | final: 4.270567 | e_w_0: 0.050000 | e_w_1_2: 0.091846
[100/157]	0.1099 (0.0878)	0.0125 (0.0098)	0.852 (0.838)	68.75 (72.46)
C-Flat stats | raw_grad: 4.037280 | g_0: 4.037280 | g_1: 4.639274 | g_2: 5.266842 | final: 4.643379 | e_w_0: 0.050000 | e_w_1_2: 0.088845
[156/157]	0.0773 (0.0876)	0.0026 (0.0097)	0.770 (0.819)	62.50 (73.16)
C-Flat stats | raw_grad: 7.286959 | g_0: 7.286959 | g_1: 9.805392 | g_2: 11.278057 | final: 9.821028 | e_w_0: 0.050000 | e_w_1_2: 0.094858
 * Train Acc 73.160
 * Val Acc 73.900, Total time 0.48
 * Val loss 0.739, Total time 0.00
Epoch:6
LR: 5e-05
LR: 0.0005
LR: 0.00025
Itr		Time		  Data		  Loss		Acc
[0/157]	0.0984 (0.0984)	0.0114 (0.0114)	0.704 (0.704)	81.25 (81.25)
C-Flat stats | raw_grad: 3.203061 | g_0: 3.203061 | g_1: 3.572600 | g_2: 4.011240 | final: 3.578816 | e_w_0: 0.050000 | e_w_1_2: 0.084024
[100/157]	0.0807 (0.0839)	0.0109 (0.0093)	0.665 (0.741)	75.00 (75.90)
C-Flat stats | raw_grad: 3.858936 | g_0: 3.858936 | g_1: 4.245432 | g_2: 5.607138 | final: 4.237427 | e_w_0: 0.050000 | e_w_1_2: 0.080864
[156/157]	0.0826 (0.0852)	0.0026 (0.0095)	0.662 (0.747)	75.00 (75.30)
C-Flat stats | raw_grad: 7.085867 | g_0: 7.085867 | g_1: 9.302735 | g_2: 10.803961 | final: 9.326269 | e_w_0: 0.050000 | e_w_1_2: 0.093572
 * Train Acc 75.300
 * Val Acc 75.700, Total time 0.46
 * Val loss 0.711, Total time 0.00
Epoch:7
LR: 5e-05
LR: 0.0005
LR: 0.00025
Itr		Time		  Data		  Loss		Acc
[0/157]	0.0789 (0.0789)	0.0089 (0.0089)	0.611 (0.611)	81.25 (81.25)
C-Flat stats | raw_grad: 3.552781 | g_0: 3.552781 | g_1: 4.270635 | g_2: 4.728531 | final: 4.281806 | e_w_0: 0.050000 | e_w_1_2: 0.088496
[100/157]	0.1125 (0.0875)	0.0093 (0.0100)	0.622 (0.668)	78.12 (78.28)
C-Flat stats | raw_grad: 3.824131 | g_0: 3.824131 | g_1: 4.794812 | g_2: 5.777276 | final: 4.801552 | e_w_0: 0.050000 | e_w_1_2: 0.093460
[156/157]	0.0779 (0.0847)	0.0028 (0.0099)	0.980 (0.691)	87.50 (77.68)
C-Flat stats | raw_grad: 8.656866 | g_0: 8.656866 | g_1: 10.354962 | g_2: 12.084663 | final: 10.343753 | e_w_0: 0.050000 | e_w_1_2: 0.089448
 * Train Acc 77.680
 * Val Acc 75.800, Total time 0.42
 * Val loss 0.654, Total time 0.00
Epoch:8
LR: 5e-05
LR: 0.0005
LR: 0.00025
Itr		Time		  Data		  Loss		Acc
[0/157]	0.0870 (0.0870)	0.0115 (0.0115)	0.760 (0.760)	75.00 (75.00)
C-Flat stats | raw_grad: 3.527056 | g_0: 3.527056 | g_1: 3.870071 | g_2: 4.557552 | final: 3.874027 | e_w_0: 0.050000 | e_w_1_2: 0.084127
[100/157]	0.0831 (0.0860)	0.0115 (0.0101)	0.435 (0.657)	93.75 (78.06)
C-Flat stats | raw_grad: 3.093229 | g_0: 3.093229 | g_1: 4.167052 | g_2: 4.807480 | final: 4.184288 | e_w_0: 0.050000 | e_w_1_2: 0.094293
[156/157]	0.0881 (0.0849)	0.0029 (0.0100)	1.203 (0.651)	62.50 (78.52)
C-Flat stats | raw_grad: 8.500691 | g_0: 8.500691 | g_1: 10.041130 | g_2: 11.353502 | final: 10.044021 | e_w_0: 0.050000 | e_w_1_2: 0.089630
 * Train Acc 78.520
 * Val Acc 78.300, Total time 0.42
 * Val loss 0.623, Total time 0.00
Epoch:9
LR: 5e-05
LR: 0.0005
LR: 0.00025
Itr		Time		  Data		  Loss		Acc
[0/157]	0.0879 (0.0879)	0.0094 (0.0094)	0.674 (0.674)	71.88 (71.88)
C-Flat stats | raw_grad: 4.655247 | g_0: 4.655247 | g_1: 5.662055 | g_2: 6.608954 | final: 5.661433 | e_w_0: 0.050000 | e_w_1_2: 0.090727
[100/157]	0.0613 (0.0780)	0.0089 (0.0100)	0.582 (0.611)	75.00 (80.11)
C-Flat stats | raw_grad: 3.705550 | g_0: 3.705550 | g_1: 4.115938 | g_2: 4.700378 | final: 4.118485 | e_w_0: 0.050000 | e_w_1_2: 0.084217
[156/157]	0.0713 (0.0745)	0.0038 (0.0099)	1.069 (0.616)	62.50 (80.06)
C-Flat stats | raw_grad: 11.020743 | g_0: 11.020743 | g_1: 10.294937 | g_2: 8.746789 | final: 10.353786 | e_w_0: 0.050000 | e_w_1_2: 0.067068
 * Train Acc 80.060
 * Val Acc 78.900, Total time 0.29
 * Val loss 0.593, Total time 0.00
Epoch:10
LR: 5e-05
LR: 0.0005
LR: 0.00025
Itr		Time		  Data		  Loss		Acc
[0/157]	0.0688 (0.0688)	0.0093 (0.0093)	0.530 (0.530)	81.25 (81.25)
C-Flat stats | raw_grad: 3.825114 | g_0: 3.825114 | g_1: 4.454436 | g_2: 5.389085 | final: 4.456450 | e_w_0: 0.050000 | e_w_1_2: 0.084765
[100/157]	0.0626 (0.0679)	0.0087 (0.0097)	0.746 (0.547)	68.75 (82.24)
C-Flat stats | raw_grad: 4.775201 | g_0: 4.775201 | g_1: 5.597608 | g_2: 6.802022 | final: 5.590956 | e_w_0: 0.050000 | e_w_1_2: 0.090196
[156/157]	0.0551 (0.0675)	0.0027 (0.0095)	0.588 (0.552)	87.50 (81.98)
C-Flat stats | raw_grad: 7.476418 | g_0: 7.476418 | g_1: 10.942929 | g_2: 12.069912 | final: 10.925205 | e_w_0: 0.050000 | e_w_1_2: 0.095571
 * Train Acc 81.980
 * Val Acc 81.000, Total time 0.27
 * Val loss 0.562, Total time 0.00
Epoch:11
LR: 2.5e-05
LR: 0.00025
LR: 0.000125
Itr		Time		  Data		  Loss		Acc
[0/157]	0.0637 (0.0637)	0.0089 (0.0089)	0.529 (0.529)	87.50 (87.50)
C-Flat stats | raw_grad: 3.034155 | g_0: 3.034155 | g_1: 3.544640 | g_2: 4.038230 | final: 3.554512 | e_w_0: 0.050000 | e_w_1_2: 0.089349
[100/157]	0.0639 (0.0673)	0.0087 (0.0094)	0.551 (0.512)	81.25 (83.51)
C-Flat stats | raw_grad: 3.538816 | g_0: 3.538816 | g_1: 4.409496 | g_2: 5.034834 | final: 4.417532 | e_w_0: 0.050000 | e_w_1_2: 0.092616
[156/157]	0.0645 (0.0679)	0.0029 (0.0094)	0.549 (0.513)	87.50 (83.44)
C-Flat stats | raw_grad: 7.376211 | g_0: 7.376211 | g_1: 9.050262 | g_2: 11.189123 | final: 9.052871 | e_w_0: 0.050000 | e_w_1_2: 0.087501
 * Train Acc 83.440
 * Val Acc 80.300, Total time 0.29
 * Val loss 0.556, Total time 0.00
Epoch:12
LR: 2.5e-05
LR: 0.00025
LR: 0.000125
Itr		Time		  Data		  Loss		Acc
[0/157]	0.0697 (0.0697)	0.0089 (0.0089)	0.453 (0.453)	81.25 (81.25)
C-Flat stats | raw_grad: 3.309253 | g_0: 3.309253 | g_1: 4.444430 | g_2: 5.073179 | final: 4.460993 | e_w_0: 0.050000 | e_w_1_2: 0.095284
[100/157]	0.0630 (0.0705)	0.0104 (0.0099)	0.393 (0.505)	90.62 (84.19)
C-Flat stats | raw_grad: 3.583500 | g_0: 3.583500 | g_1: 4.708153 | g_2: 5.118173 | final: 4.711241 | e_w_0: 0.050000 | e_w_1_2: 0.094288
[156/157]	0.0558 (0.0691)	0.0028 (0.0097)	1.095 (0.495)	62.50 (84.64)
C-Flat stats | raw_grad: 10.471197 | g_0: 10.471197 | g_1: 12.705818 | g_2: 15.888014 | final: 12.666590 | e_w_0: 0.050000 | e_w_1_2: 0.089380
 * Train Acc 84.640
 * Val Acc 81.800, Total time 0.29
 * Val loss 0.532, Total time 0.00
Epoch:13
LR: 2.5e-05
LR: 0.00025
LR: 0.000125
Itr		Time		  Data		  Loss		Acc
[0/157]	0.0623 (0.0623)	0.0096 (0.0096)	0.580 (0.580)	81.25 (81.25)
C-Flat stats | raw_grad: 5.089576 | g_0: 5.089576 | g_1: 5.642983 | g_2: 6.824837 | final: 5.657133 | e_w_0: 0.050000 | e_w_1_2: 0.079507
[100/157]	0.0676 (0.0653)	0.0090 (0.0093)	0.592 (0.480)	78.12 (84.53)
C-Flat stats | raw_grad: 3.873890 | g_0: 3.873890 | g_1: 4.735019 | g_2: 5.477216 | final: 4.744042 | e_w_0: 0.050000 | e_w_1_2: 0.091073
[156/157]	0.0539 (0.0655)	0.0027 (0.0093)	0.697 (0.481)	62.50 (84.62)
C-Flat stats | raw_grad: 8.527456 | g_0: 8.527456 | g_1: 11.285533 | g_2: 14.177409 | final: 11.286004 | e_w_0: 0.050000 | e_w_1_2: 0.094269
 * Train Acc 84.620
 * Val Acc 80.200, Total time 0.32
 * Val loss 0.559, Total time 0.00
Epoch:14
LR: 2.5e-05
LR: 0.00025
LR: 0.000125
Itr		Time		  Data		  Loss		Acc
[0/157]	0.0731 (0.0731)	0.0112 (0.0112)	0.410 (0.410)	87.50 (87.50)
C-Flat stats | raw_grad: 2.982458 | g_0: 2.982458 | g_1: 3.612237 | g_2: 4.261427 | final: 3.627010 | e_w_0: 0.050000 | e_w_1_2: 0.090170
[100/157]	0.0790 (0.0723)	0.0088 (0.0099)	0.163 (0.462)	100.00 (85.83)
C-Flat stats | raw_grad: 1.484616 | g_0: 1.484616 | g_1: 2.398103 | g_2: 2.875639 | final: 2.409087 | e_w_0: 0.050000 | e_w_1_2: 0.098168
[156/157]	0.0780 (0.0760)	0.0026 (0.0098)	0.602 (0.462)	75.00 (85.50)
C-Flat stats | raw_grad: 8.958057 | g_0: 8.958057 | g_1: 11.528325 | g_2: 14.085860 | final: 11.528283 | e_w_0: 0.050000 | e_w_1_2: 0.091078
 * Train Acc 85.500
 * Val Acc 82.400, Total time 0.44
 * Val loss 0.519, Total time 0.00
Classifier Optimizer is reset!
reserving basis 6/27; cond: 344754.5, radio:6.336693331832066e-05
reserving basis 97/576; cond: 10524949.0, radio:4.3157939217053354e-05
reserving basis 241/576; cond: 760651.75, radio:0.001272709108889103
reserving basis 249/576; cond: 1227256.875, radio:0.0007958071655593812
reserving basis 301/576; cond: 340097.59375, radio:0.0033385094720870256
reserving basis 314/576; cond: 631071.25, radio:0.0018105051713064313
reserving basis 771/1152; cond: 471522.75, radio:0.0055242436937987804
reserving basis 44/64; cond: 10594.802734375, radio:0.011940295808017254
reserving basis 829/1152; cond: 395669.3125, radio:0.006524806842207909
reserving basis 828/1152; cond: 340338.84375, radio:0.007984613068401814
reserving basis 802/1152; cond: 501107.125, radio:0.005156443454325199
reserving basis 1545/2304; cond: 986348.9375, radio:0.004899127408862114
reserving basis 99/128; cond: 18768.458984375, radio:0.01406523585319519
reserving basis 1553/2304; cond: 931854.5, radio:0.005140766501426697
reserving basis 1549/2304; cond: 829573.375, radio:0.005520288832485676
reserving basis 51/2304; cond: 374764352.0, radio:6.251985382732528e-07
reserving basis 2/4608; cond: 19136667189248.0, radio:2.741157723983728e-13
reserving basis 197/256; cond: 55283.8515625, radio:0.010025294497609138
reserving basis 5/4608; cond: 1831857946624.0, radio:9.50870458760189e-12
reserving basis 14/4608; cond: 726679289856.0, radio:5.3748235029349445e-11
computing EWC
validation split name: 1
 * Val Acc 82.400, Total time 0.32
 * Val loss 0.519, Total time 0.00
**************************************************
training split name: 1
 * Val Acc 88.180, Total time 1.81
 * Val loss 0.377, Total time 0.00
**************************************************
====================== 2 =======================
Epoch:0
LR: 5e-05
LR: 0.001
LR: 0.0005
Itr		Time		  Data		  Loss		Acc
[0/157]	1.7021 (1.7021)	0.0091 (0.0091)	2.399 (2.399)	3.12 (3.12)
C-Flat stats | raw_grad: 2.633926 | g_0: 2.633926 | g_1: 2.808331 | g_2: 2.883924 | final: 2.811826 | e_w_0: 0.050000 | e_w_1_2: 0.090027
[100/157]	0.1082 (0.0981)	0.0114 (0.0095)	1.531 (1.837)	59.38 (35.80)
C-Flat stats | raw_grad: 3.267509 | g_0: 3.267509 | g_1: 3.416508 | g_2: 3.818099 | final: 3.416961 | e_w_0: 0.050000 | e_w_1_2: 0.078399
[156/157]	0.1223 (0.0979)	0.0028 (0.0093)	1.764 (1.754)	50.00 (38.40)
C-Flat stats | raw_grad: 6.497959 | g_0: 6.497959 | g_1: 6.661221 | g_2: 7.388359 | final: 6.671813 | e_w_0: 0.050000 | e_w_1_2: 0.072214
 * Train Acc 38.400
 * Val Acc 49.200, Total time 0.37
 * Val loss 1.483, Total time 0.00
Epoch:1
LR: 5e-05
LR: 0.001
LR: 0.0005
Itr		Time		  Data		  Loss		Acc
[0/157]	0.0971 (0.0971)	0.0092 (0.0092)	1.505 (1.505)	62.50 (62.50)
C-Flat stats | raw_grad: 3.902498 | g_0: 3.902498 | g_1: 4.284000 | g_2: 4.744512 | final: 4.289908 | e_w_0: 0.050000 | e_w_1_2: 0.085020
[100/157]	0.1027 (0.1003)	0.0125 (0.0099)	1.483 (1.551)	40.62 (45.79)
C-Flat stats | raw_grad: 3.804128 | g_0: 3.804128 | g_1: 4.059843 | g_2: 4.453641 | final: 4.061692 | e_w_0: 0.050000 | e_w_1_2: 0.081512
[156/157]	0.1135 (0.0985)	0.0029 (0.0096)	1.587 (1.533)	50.00 (46.88)
C-Flat stats | raw_grad: 6.964139 | g_0: 6.964139 | g_1: 8.056798 | g_2: 9.194915 | final: 8.067550 | e_w_0: 0.050000 | e_w_1_2: 0.089396
 * Train Acc 46.880
 * Val Acc 50.400, Total time 0.52
 * Val loss 1.409, Total time 0.00
Epoch:2
LR: 5e-05
LR: 0.001
LR: 0.0005
Itr		Time		  Data		  Loss		Acc
[0/157]	0.1090 (0.1090)	0.0091 (0.0091)	1.399 (1.399)	50.00 (50.00)
C-Flat stats | raw_grad: 3.491858 | g_0: 3.491858 | g_1: 3.842556 | g_2: 4.218990 | final: 3.846447 | e_w_0: 0.050000 | e_w_1_2: 0.085892
[100/157]	0.1031 (0.0974)	0.0121 (0.0096)	1.357 (1.485)	56.25 (48.98)
C-Flat stats | raw_grad: 3.660249 | g_0: 3.660249 | g_1: 4.107303 | g_2: 4.448652 | final: 4.113333 | e_w_0: 0.050000 | e_w_1_2: 0.089383
[156/157]	0.1664 (0.0976)	0.0035 (0.0095)	1.388 (1.480)	62.50 (49.16)
C-Flat stats | raw_grad: 7.882947 | g_0: 7.882947 | g_1: 9.352477 | g_2: 10.685516 | final: 9.373968 | e_w_0: 0.050000 | e_w_1_2: 0.088018
 * Train Acc 49.160
 * Val Acc 53.400, Total time 0.50
 * Val loss 1.347, Total time 0.00
Epoch:3
LR: 5e-05
LR: 0.001
LR: 0.0005
Itr		Time		  Data		  Loss		Acc
[0/157]	0.1069 (0.1069)	0.0111 (0.0111)	1.493 (1.493)	50.00 (50.00)
C-Flat stats | raw_grad: 4.264163 | g_0: 4.264163 | g_1: 4.622119 | g_2: 5.069743 | final: 4.625645 | e_w_0: 0.050000 | e_w_1_2: 0.083975
[100/157]	0.0887 (0.0971)	0.0127 (0.0097)	1.504 (1.466)	53.12 (49.35)
C-Flat stats | raw_grad: 4.430860 | g_0: 4.430860 | g_1: 4.732697 | g_2: 5.122868 | final: 4.737391 | e_w_0: 0.050000 | e_w_1_2: 0.080861
[156/157]	0.0774 (0.0981)	0.0026 (0.0099)	1.407 (1.451)	37.50 (49.74)
C-Flat stats | raw_grad: 7.071642 | g_0: 7.071642 | g_1: 8.173166 | g_2: 9.435834 | final: 8.175916 | e_w_0: 0.050000 | e_w_1_2: 0.088142
 * Train Acc 49.740
 * Val Acc 54.500, Total time 0.47
 * Val loss 1.322, Total time 0.00
Epoch:4
LR: 5e-05
LR: 0.001
LR: 0.0005
Itr		Time		  Data		  Loss		Acc
[0/157]	0.1133 (0.1133)	0.0094 (0.0094)	1.166 (1.166)	65.62 (65.62)
C-Flat stats | raw_grad: 3.563454 | g_0: 3.563454 | g_1: 3.907978 | g_2: 4.314610 | final: 3.911067 | e_w_0: 0.050000 | e_w_1_2: 0.084790
[100/157]	0.0916 (0.0996)	0.0089 (0.0098)	1.598 (1.411)	46.88 (51.52)
C-Flat stats | raw_grad: 4.129469 | g_0: 4.129469 | g_1: 4.459803 | g_2: 4.824963 | final: 4.466205 | e_w_0: 0.050000 | e_w_1_2: 0.082245
[156/157]	0.1106 (0.0993)	0.0035 (0.0098)	1.255 (1.420)	62.50 (51.42)
C-Flat stats | raw_grad: 7.289210 | g_0: 7.289210 | g_1: 8.316916 | g_2: 9.614189 | final: 8.319102 | e_w_0: 0.050000 | e_w_1_2: 0.084607
 * Train Acc 51.420
 * Val Acc 55.600, Total time 0.45
 * Val loss 1.303, Total time 0.00
Epoch:5
LR: 5e-05
LR: 0.001
LR: 0.0005
Itr		Time		  Data		  Loss		Acc
[0/157]	0.0920 (0.0920)	0.0090 (0.0090)	1.318 (1.318)	53.12 (53.12)
C-Flat stats | raw_grad: 4.507378 | g_0: 4.507378 | g_1: 4.947971 | g_2: 5.347656 | final: 4.952853 | e_w_0: 0.050000 | e_w_1_2: 0.085118
[100/157]	0.0782 (0.1012)	0.0089 (0.0101)	1.485 (1.365)	50.00 (53.99)
C-Flat stats | raw_grad: 4.249560 | g_0: 4.249560 | g_1: 4.583786 | g_2: 5.010616 | final: 4.587505 | e_w_0: 0.050000 | e_w_1_2: 0.083339
[156/157]	0.0616 (0.1010)	0.0026 (0.0101)	1.171 (1.382)	75.00 (52.70)
C-Flat stats | raw_grad: 6.548411 | g_0: 6.548411 | g_1: 7.546634 | g_2: 8.439158 | final: 7.561719 | e_w_0: 0.050000 | e_w_1_2: 0.087539
 * Train Acc 52.700
 * Val Acc 57.000, Total time 0.45
 * Val loss 1.276, Total time 0.00
Epoch:6
LR: 2.5e-05
LR: 0.0005
LR: 0.00025
Itr		Time		  Data		  Loss		Acc
[0/157]	0.1091 (0.1091)	0.0089 (0.0089)	1.293 (1.293)	59.38 (59.38)
C-Flat stats | raw_grad: 3.965290 | g_0: 3.965290 | g_1: 4.224977 | g_2: 4.621810 | final: 4.229874 | e_w_0: 0.050000 | e_w_1_2: 0.079629
[100/157]	0.0862 (0.0935)	0.0090 (0.0095)	1.519 (1.364)	50.00 (54.61)
C-Flat stats | raw_grad: 4.058565 | g_0: 4.058565 | g_1: 4.380991 | g_2: 4.748774 | final: 4.384687 | e_w_0: 0.050000 | e_w_1_2: 0.082670
[156/157]	0.0987 (0.0945)	0.0028 (0.0096)	1.352 (1.370)	50.00 (54.04)
C-Flat stats | raw_grad: 7.809870 | g_0: 7.809870 | g_1: 9.531627 | g_2: 10.663191 | final: 9.536334 | e_w_0: 0.050000 | e_w_1_2: 0.091433
 * Train Acc 54.040
 * Val Acc 56.900, Total time 0.35
 * Val loss 1.268, Total time 0.00
Epoch:7
LR: 2.5e-05
LR: 0.0005
LR: 0.00025
Itr		Time		  Data		  Loss		Acc
[0/157]	0.0987 (0.0987)	0.0091 (0.0091)	1.174 (1.174)	71.88 (71.88)
C-Flat stats | raw_grad: 4.333237 | g_0: 4.333237 | g_1: 4.797343 | g_2: 5.413329 | final: 4.804471 | e_w_0: 0.050000 | e_w_1_2: 0.083779
[100/157]	0.1055 (0.1011)	0.0112 (0.0108)	1.378 (1.372)	43.75 (53.71)
C-Flat stats | raw_grad: 4.021533 | g_0: 4.021533 | g_1: 4.376643 | g_2: 4.822369 | final: 4.381355 | e_w_0: 0.050000 | e_w_1_2: 0.084487
[156/157]	0.0870 (0.1011)	0.0032 (0.0106)	1.438 (1.369)	62.50 (53.04)
C-Flat stats | raw_grad: 7.185143 | g_0: 7.185143 | g_1: 8.372970 | g_2: 9.335877 | final: 8.381658 | e_w_0: 0.050000 | e_w_1_2: 0.087908
 * Train Acc 53.040
 * Val Acc 55.500, Total time 0.51
 * Val loss 1.270, Total time 0.00
Epoch:8
LR: 2.5e-05
LR: 0.0005
LR: 0.00025
Itr		Time		  Data		  Loss		Acc
[0/157]	0.1084 (0.1084)	0.0088 (0.0088)	1.303 (1.303)	53.12 (53.12)
C-Flat stats | raw_grad: 3.643301 | g_0: 3.643301 | g_1: 3.903445 | g_2: 4.159109 | final: 3.909230 | e_w_0: 0.050000 | e_w_1_2: 0.082245
[100/157]	0.0841 (0.0991)	0.0085 (0.0098)	1.181 (1.368)	71.88 (53.31)
C-Flat stats | raw_grad: 3.816473 | g_0: 3.816473 | g_1: 4.346711 | g_2: 4.859946 | final: 4.352671 | e_w_0: 0.050000 | e_w_1_2: 0.088438
[156/157]	0.1167 (0.1008)	0.0025 (0.0100)	1.535 (1.362)	62.50 (53.94)
C-Flat stats | raw_grad: 7.777989 | g_0: 7.777989 | g_1: 8.435080 | g_2: 9.370476 | final: 8.446411 | e_w_0: 0.050000 | e_w_1_2: 0.080521
 * Train Acc 53.940
 * Val Acc 57.600, Total time 0.51
 * Val loss 1.257, Total time 0.00
Epoch:9
LR: 2.5e-05
LR: 0.0005
LR: 0.00025
Itr		Time		  Data		  Loss		Acc
[0/157]	0.1522 (0.1522)	0.0124 (0.0124)	1.212 (1.212)	68.75 (68.75)
C-Flat stats | raw_grad: 3.735247 | g_0: 3.735247 | g_1: 4.172584 | g_2: 4.505922 | final: 4.177314 | e_w_0: 0.050000 | e_w_1_2: 0.087836
[100/157]	0.1161 (0.1031)	0.0112 (0.0100)	1.068 (1.358)	56.25 (55.51)
C-Flat stats | raw_grad: 3.671692 | g_0: 3.671692 | g_1: 4.169703 | g_2: 4.501453 | final: 4.175849 | e_w_0: 0.050000 | e_w_1_2: 0.089346
[156/157]	0.0927 (0.1029)	0.0026 (0.0100)	1.241 (1.357)	62.50 (55.14)
C-Flat stats | raw_grad: 7.621695 | g_0: 7.621695 | g_1: 9.002018 | g_2: 10.264871 | final: 9.010676 | e_w_0: 0.050000 | e_w_1_2: 0.088466
 * Train Acc 55.140
 * Val Acc 58.100, Total time 0.30
 * Val loss 1.239, Total time 0.00
Epoch:10
LR: 2.5e-05
LR: 0.0005
LR: 0.00025
Itr		Time		  Data		  Loss		Acc
[0/157]	0.0882 (0.0882)	0.0097 (0.0097)	1.207 (1.207)	59.38 (59.38)
C-Flat stats | raw_grad: 4.202741 | g_0: 4.202741 | g_1: 4.778866 | g_2: 5.266934 | final: 4.785718 | e_w_0: 0.050000 | e_w_1_2: 0.089032
[100/157]	0.1070 (0.1007)	0.0108 (0.0104)	1.490 (1.344)	43.75 (54.64)
C-Flat stats | raw_grad: 4.347731 | g_0: 4.347731 | g_1: 4.668285 | g_2: 5.165786 | final: 4.674612 | e_w_0: 0.050000 | e_w_1_2: 0.083048
[156/157]	0.0954 (0.1000)	0.0030 (0.0103)	1.500 (1.342)	37.50 (54.84)
C-Flat stats | raw_grad: 10.705944 | g_0: 10.705944 | g_1: 11.372766 | g_2: 12.467588 | final: 11.415630 | e_w_0: 0.050000 | e_w_1_2: 0.068919
 * Train Acc 54.840
 * Val Acc 57.800, Total time 0.46
 * Val loss 1.238, Total time 0.00
Epoch:11
LR: 1.25e-05
LR: 0.00025
LR: 0.000125
Itr		Time		  Data		  Loss		Acc
[0/157]	0.1275 (0.1275)	0.0098 (0.0098)	1.321 (1.321)	50.00 (50.00)
C-Flat stats | raw_grad: 4.322686 | g_0: 4.322686 | g_1: 4.703326 | g_2: 4.946728 | final: 4.711598 | e_w_0: 0.050000 | e_w_1_2: 0.084340
[100/157]	0.0781 (0.0960)	0.0093 (0.0100)	1.268 (1.332)	59.38 (55.23)
C-Flat stats | raw_grad: 4.334518 | g_0: 4.334518 | g_1: 4.839000 | g_2: 5.384123 | final: 4.845313 | e_w_0: 0.050000 | e_w_1_2: 0.086193
[156/157]	0.0965 (0.0933)	0.0031 (0.0102)	1.372 (1.330)	50.00 (55.68)
C-Flat stats | raw_grad: 7.651745 | g_0: 7.651745 | g_1: 8.788076 | g_2: 10.056085 | final: 8.795413 | e_w_0: 0.050000 | e_w_1_2: 0.085375
 * Train Acc 55.680
 * Val Acc 58.500, Total time 0.30
 * Val loss 1.226, Total time 0.00
Epoch:12
LR: 1.25e-05
LR: 0.00025
LR: 0.000125
Itr		Time		  Data		  Loss		Acc
[0/157]	0.0955 (0.0955)	0.0124 (0.0124)	1.385 (1.385)	56.25 (56.25)
C-Flat stats | raw_grad: 4.133035 | g_0: 4.133035 | g_1: 4.565364 | g_2: 4.996852 | final: 4.570537 | e_w_0: 0.050000 | e_w_1_2: 0.085905
[100/157]	0.0812 (0.0778)	0.0085 (0.0098)	1.627 (1.344)	37.50 (55.54)
C-Flat stats | raw_grad: 4.317696 | g_0: 4.317696 | g_1: 4.693075 | g_2: 5.055341 | final: 4.697261 | e_w_0: 0.050000 | e_w_1_2: 0.084043
[156/157]	0.0932 (0.0834)	0.0041 (0.0101)	2.050 (1.339)	12.50 (55.44)
C-Flat stats | raw_grad: 8.546231 | g_0: 8.546231 | g_1: 9.342453 | g_2: 10.588711 | final: 9.343784 | e_w_0: 0.050000 | e_w_1_2: 0.082657
 * Train Acc 55.440
 * Val Acc 58.500, Total time 0.33
 * Val loss 1.231, Total time 0.00
Epoch:13
LR: 1.25e-05
LR: 0.00025
LR: 0.000125
Itr		Time		  Data		  Loss		Acc
[0/157]	0.0725 (0.0725)	0.0095 (0.0095)	1.522 (1.522)	50.00 (50.00)
C-Flat stats | raw_grad: 4.306850 | g_0: 4.306850 | g_1: 4.696579 | g_2: 5.200838 | final: 4.702345 | e_w_0: 0.050000 | e_w_1_2: 0.083294
[100/157]	0.0732 (0.0836)	0.0089 (0.0105)	1.318 (1.320)	59.38 (56.19)
C-Flat stats | raw_grad: 4.096180 | g_0: 4.096180 | g_1: 4.497540 | g_2: 4.835791 | final: 4.502750 | e_w_0: 0.050000 | e_w_1_2: 0.085519
[156/157]	0.0687 (0.0841)	0.0026 (0.0105)	1.306 (1.322)	62.50 (56.26)
C-Flat stats | raw_grad: 8.894305 | g_0: 8.894305 | g_1: 10.977862 | g_2: 12.656159 | final: 10.989779 | e_w_0: 0.050000 | e_w_1_2: 0.090709
 * Train Acc 56.260
 * Val Acc 59.000, Total time 0.28
 * Val loss 1.223, Total time 0.00
Epoch:14
LR: 1.25e-05
LR: 0.00025
LR: 0.000125
Itr		Time		  Data		  Loss		Acc
[0/157]	0.0786 (0.0786)	0.0115 (0.0115)	1.291 (1.291)	53.12 (53.12)
C-Flat stats | raw_grad: 4.465345 | g_0: 4.465345 | g_1: 4.856319 | g_2: 5.385790 | final: 4.859084 | e_w_0: 0.050000 | e_w_1_2: 0.084000
[100/157]	0.0837 (0.0843)	0.0086 (0.0102)	1.461 (1.319)	40.62 (55.88)
C-Flat stats | raw_grad: 4.272781 | g_0: 4.272781 | g_1: 4.579870 | g_2: 4.856866 | final: 4.584771 | e_w_0: 0.050000 | e_w_1_2: 0.082412
[156/157]	0.0651 (0.0818)	0.0027 (0.0099)	1.104 (1.319)	62.50 (55.82)
C-Flat stats | raw_grad: 7.008590 | g_0: 7.008590 | g_1: 8.032946 | g_2: 8.816584 | final: 8.041939 | e_w_0: 0.050000 | e_w_1_2: 0.087374
 * Train Acc 55.820
 * Val Acc 58.300, Total time 0.26
 * Val loss 1.230, Total time 0.00
Classifier Optimizer is reset!
reserving basis 6/27; cond: 363733.59375, radio:6.114322604844347e-05
reserving basis 99/576; cond: 9985002.0, radio:4.6681023377459496e-05
reserving basis 238/576; cond: 755763.8125, radio:0.0012794822687283158
reserving basis 250/576; cond: 1170023.125, radio:0.0008297114400193095
reserving basis 295/576; cond: 349537.9375, radio:0.003268422791734338
reserving basis 312/576; cond: 615263.625, radio:0.0018495804397389293
reserving basis 790/1152; cond: 430837.1875, radio:0.0060569108463823795
reserving basis 43/64; cond: 10401.240234375, radio:0.011427178978919983
reserving basis 834/1152; cond: 377389.5625, radio:0.006861891131848097
reserving basis 832/1152; cond: 326635.46875, radio:0.008354587480425835
reserving basis 829/1152; cond: 446477.6875, radio:0.005886310711503029
reserving basis 1739/2304; cond: 686887.25, radio:0.007135150488466024
reserving basis 99/128; cond: 18199.923828125, radio:0.014357377775013447
reserving basis 1748/2304; cond: 643367.9375, radio:0.0075506288558244705
reserving basis 1712/2304; cond: 607732.375, radio:0.007796186488121748
reserving basis 976/2304; cond: 2666913.5, radio:0.0012930379016324878
reserving basis 3/4608; cond: 4376979456.0, radio:2.3284956185420924e-09
reserving basis 202/256; cond: 46721.7421875, radio:0.011308006010949612
reserving basis 5/4608; cond: 2927532544.0, radio:4.565753553009699e-09
reserving basis 9/4608; cond: 3805076992.0, radio:6.537622887492489e-09
computing EWC
validation split name: 1
 * Val Acc 80.600, Total time 0.38
 * Val loss 0.569, Total time 0.00
**************************************************
training split name: 1
 * Val Acc 87.580, Total time 1.86
 * Val loss 0.383, Total time 0.00
**************************************************
validation split name: 2
 * Val Acc 58.300, Total time 0.26
 * Val loss 1.230, Total time 0.00
**************************************************
training split name: 2
 * Val Acc 57.500, Total time 1.87
 * Val loss 1.279, Total time 0.00
**************************************************
====================== 3 =======================
Epoch:0
LR: 5e-05
LR: 0.001
LR: 0.0005
Itr		Time		  Data		  Loss		Acc
[0/157]	0.9351 (0.9351)	0.0091 (0.0091)	2.363 (2.363)	3.12 (3.12)
C-Flat stats | raw_grad: 2.769972 | g_0: 2.769972 | g_1: 2.954888 | g_2: 3.044940 | final: 2.958812 | e_w_0: 0.050000 | e_w_1_2: 0.089088
[100/157]	0.0699 (0.0911)	0.0084 (0.0099)	1.492 (1.697)	46.88 (43.66)
C-Flat stats | raw_grad: 3.519064 | g_0: 3.519064 | g_1: 3.863158 | g_2: 4.192228 | final: 3.866568 | e_w_0: 0.050000 | e_w_1_2: 0.086460
[156/157]	0.1179 (0.0864)	0.0027 (0.0098)	1.850 (1.599)	25.00 (47.00)
C-Flat stats | raw_grad: 7.558586 | g_0: 7.558586 | g_1: 8.198807 | g_2: 9.475240 | final: 8.200283 | e_w_0: 0.050000 | e_w_1_2: 0.081966
 * Train Acc 47.000
 * Val Acc 57.800, Total time 0.28
 * Val loss 1.283, Total time 0.00
Epoch:1
LR: 5e-05
LR: 0.001
LR: 0.0005
Itr		Time		  Data		  Loss		Acc
[0/157]	0.0700 (0.0700)	0.0090 (0.0090)	1.264 (1.264)	59.38 (59.38)
C-Flat stats | raw_grad: 3.333410 | g_0: 3.333410 | g_1: 3.646456 | g_2: 4.068530 | final: 3.649022 | e_w_0: 0.050000 | e_w_1_2: 0.083137
[100/157]	0.0832 (0.0808)	0.0113 (0.0098)	1.281 (1.379)	59.38 (55.11)
C-Flat stats | raw_grad: 3.762103 | g_0: 3.762103 | g_1: 4.344750 | g_2: 4.834084 | final: 4.356950 | e_w_0: 0.050000 | e_w_1_2: 0.091318
[156/157]	0.0744 (0.0832)	0.0030 (0.0099)	1.022 (1.355)	75.00 (55.34)
C-Flat stats | raw_grad: 6.094139 | g_0: 6.094139 | g_1: 7.295460 | g_2: 8.417274 | final: 7.308919 | e_w_0: 0.050000 | e_w_1_2: 0.090458
 * Train Acc 55.340
 * Val Acc 58.200, Total time 0.34
 * Val loss 1.246, Total time 0.00
Epoch:2
LR: 5e-05
LR: 0.001
LR: 0.0005
Itr		Time		  Data		  Loss		Acc
[0/157]	0.0894 (0.0894)	0.0092 (0.0092)	1.116 (1.116)	56.25 (56.25)
C-Flat stats | raw_grad: 3.417784 | g_0: 3.417784 | g_1: 3.811470 | g_2: 4.249399 | final: 3.818197 | e_w_0: 0.050000 | e_w_1_2: 0.087811
[100/157]	0.0963 (0.0804)	0.0093 (0.0097)	1.122 (1.307)	65.62 (56.06)
C-Flat stats | raw_grad: 3.518120 | g_0: 3.518120 | g_1: 3.872034 | g_2: 4.300293 | final: 3.875064 | e_w_0: 0.050000 | e_w_1_2: 0.084454
[156/157]	0.0826 (0.0817)	0.0030 (0.0097)	1.155 (1.299)	75.00 (56.44)
C-Flat stats | raw_grad: 7.390387 | g_0: 7.390387 | g_1: 8.298988 | g_2: 9.961794 | final: 8.311422 | e_w_0: 0.050000 | e_w_1_2: 0.079952
 * Train Acc 56.440
 * Val Acc 61.400, Total time 0.29
 * Val loss 1.176, Total time 0.00
Epoch:3
LR: 5e-05
LR: 0.001
LR: 0.0005
Itr		Time		  Data		  Loss		Acc
[0/157]	0.0788 (0.0788)	0.0088 (0.0088)	1.289 (1.289)	43.75 (43.75)
C-Flat stats | raw_grad: 3.945544 | g_0: 3.945544 | g_1: 4.307100 | g_2: 4.699996 | final: 4.313218 | e_w_0: 0.050000 | e_w_1_2: 0.083096
[100/157]	0.0833 (0.0827)	0.0102 (0.0098)	1.361 (1.271)	59.38 (57.77)
C-Flat stats | raw_grad: 4.735042 | g_0: 4.735042 | g_1: 5.216502 | g_2: 6.041641 | final: 5.210018 | e_w_0: 0.050000 | e_w_1_2: 0.083854
[156/157]	0.0915 (0.0862)	0.0029 (0.0098)	1.396 (1.271)	50.00 (57.64)
C-Flat stats | raw_grad: 8.645738 | g_0: 8.645738 | g_1: 9.161190 | g_2: 10.397281 | final: 9.173685 | e_w_0: 0.050000 | e_w_1_2: 0.076065
 * Train Acc 57.640
 * Val Acc 61.500, Total time 0.36
 * Val loss 1.155, Total time 0.00
Epoch:4
LR: 5e-05
LR: 0.001
LR: 0.0005
Itr		Time		  Data		  Loss		Acc
[0/157]	0.1152 (0.1152)	0.0090 (0.0090)	1.104 (1.104)	62.50 (62.50)
C-Flat stats | raw_grad: 3.307215 | g_0: 3.307215 | g_1: 3.733952 | g_2: 4.041912 | final: 3.743410 | e_w_0: 0.050000 | e_w_1_2: 0.086820
[100/157]	0.1262 (0.1026)	0.0119 (0.0096)	1.135 (1.255)	65.62 (58.38)
C-Flat stats | raw_grad: 4.261853 | g_0: 4.261853 | g_1: 4.793643 | g_2: 5.244281 | final: 4.802595 | e_w_0: 0.050000 | e_w_1_2: 0.088441
[156/157]	0.0919 (0.1041)	0.0043 (0.0098)	1.238 (1.251)	62.50 (58.74)
C-Flat stats | raw_grad: 7.108700 | g_0: 7.108700 | g_1: 8.538741 | g_2: 9.819011 | final: 8.554070 | e_w_0: 0.050000 | e_w_1_2: 0.090089
 * Train Acc 58.740
 * Val Acc 61.800, Total time 0.49
 * Val loss 1.141, Total time 0.00
Epoch:5
LR: 5e-05
LR: 0.001
LR: 0.0005
Itr		Time		  Data		  Loss		Acc
[0/157]	0.0918 (0.0918)	0.0099 (0.0099)	1.236 (1.236)	59.38 (59.38)
C-Flat stats | raw_grad: 4.223235 | g_0: 4.223235 | g_1: 4.619559 | g_2: 5.117530 | final: 4.624437 | e_w_0: 0.050000 | e_w_1_2: 0.083992
[100/157]	0.0785 (0.1008)	0.0089 (0.0100)	1.589 (1.244)	50.00 (59.62)
C-Flat stats | raw_grad: 4.022750 | g_0: 4.022750 | g_1: 4.308525 | g_2: 4.894132 | final: 4.310139 | e_w_0: 0.050000 | e_w_1_2: 0.080920
[156/157]	0.1163 (0.0994)	0.0034 (0.0098)	1.655 (1.230)	25.00 (60.02)
C-Flat stats | raw_grad: 8.777275 | g_0: 8.777275 | g_1: 9.950914 | g_2: 11.671603 | final: 9.948590 | e_w_0: 0.050000 | e_w_1_2: 0.087705
 * Train Acc 60.020
 * Val Acc 62.500, Total time 0.39
 * Val loss 1.125, Total time 0.00
Epoch:6
LR: 2.5e-05
LR: 0.0005
LR: 0.00025
Itr		Time		  Data		  Loss		Acc
[0/157]	0.1059 (0.1059)	0.0090 (0.0090)	1.150 (1.150)	59.38 (59.38)
C-Flat stats | raw_grad: 4.332625 | g_0: 4.332625 | g_1: 4.954999 | g_2: 5.632113 | final: 4.962895 | e_w_0: 0.050000 | e_w_1_2: 0.087958
[100/157]	0.1154 (0.0967)	0.0090 (0.0098)	1.299 (1.219)	56.25 (60.71)
C-Flat stats | raw_grad: 4.531290 | g_0: 4.531290 | g_1: 5.046314 | g_2: 5.590812 | final: 5.051184 | e_w_0: 0.050000 | e_w_1_2: 0.087411
[156/157]	0.0925 (0.0973)	0.0031 (0.0098)	1.123 (1.216)	62.50 (60.54)
C-Flat stats | raw_grad: 7.210240 | g_0: 7.210240 | g_1: 9.528060 | g_2: 11.676408 | final: 9.538324 | e_w_0: 0.050000 | e_w_1_2: 0.091914
 * Train Acc 60.540
 * Val Acc 62.300, Total time 0.47
 * Val loss 1.123, Total time 0.00
Epoch:7
LR: 2.5e-05
LR: 0.0005
LR: 0.00025
Itr		Time		  Data		  Loss		Acc
[0/157]	0.0905 (0.0905)	0.0090 (0.0090)	0.920 (0.920)	75.00 (75.00)
C-Flat stats | raw_grad: 3.678756 | g_0: 3.678756 | g_1: 4.211246 | g_2: 4.731527 | final: 4.216190 | e_w_0: 0.050000 | e_w_1_2: 0.087888
[100/157]	0.1020 (0.0986)	0.0087 (0.0098)	0.914 (1.212)	75.00 (60.37)
C-Flat stats | raw_grad: 3.632579 | g_0: 3.632579 | g_1: 4.386783 | g_2: 4.928651 | final: 4.396944 | e_w_0: 0.050000 | e_w_1_2: 0.092745
[156/157]	0.0722 (0.0972)	0.0032 (0.0097)	0.876 (1.203)	87.50 (60.84)
C-Flat stats | raw_grad: 6.313130 | g_0: 6.313130 | g_1: 8.248676 | g_2: 9.627372 | final: 8.268580 | e_w_0: 0.050000 | e_w_1_2: 0.093458
 * Train Acc 60.840
 * Val Acc 62.900, Total time 0.46
 * Val loss 1.100, Total time 0.00
Epoch:8
LR: 2.5e-05
LR: 0.0005
LR: 0.00025
Itr		Time		  Data		  Loss		Acc
[0/157]	0.1164 (0.1164)	0.0089 (0.0089)	1.114 (1.114)	68.75 (68.75)
C-Flat stats | raw_grad: 4.028937 | g_0: 4.028937 | g_1: 4.490404 | g_2: 5.011510 | final: 4.495342 | e_w_0: 0.050000 | e_w_1_2: 0.085162
[100/157]	0.0927 (0.1040)	0.0092 (0.0103)	1.196 (1.214)	71.88 (60.12)
C-Flat stats | raw_grad: 4.506191 | g_0: 4.506191 | g_1: 5.181310 | g_2: 5.743587 | final: 5.191891 | e_w_0: 0.050000 | e_w_1_2: 0.091020
[156/157]	0.0723 (0.1043)	0.0027 (0.0105)	1.402 (1.204)	62.50 (60.32)
C-Flat stats | raw_grad: 9.245297 | g_0: 9.245297 | g_1: 9.797874 | g_2: 11.513257 | final: 9.819924 | e_w_0: 0.050000 | e_w_1_2: 0.070583
 * Train Acc 60.320
 * Val Acc 63.400, Total time 0.29
 * Val loss 1.108, Total time 0.00
Epoch:9
LR: 2.5e-05
LR: 0.0005
LR: 0.00025
Itr		Time		  Data		  Loss		Acc
[0/157]	0.0884 (0.0884)	0.0106 (0.0106)	1.439 (1.439)	50.00 (50.00)
C-Flat stats | raw_grad: 4.477023 | g_0: 4.477023 | g_1: 4.952135 | g_2: 5.808517 | final: 4.958811 | e_w_0: 0.050000 | e_w_1_2: 0.084467
[100/157]	0.0772 (0.0822)	0.0124 (0.0101)	1.316 (1.186)	50.00 (61.26)
C-Flat stats | raw_grad: 4.508205 | g_0: 4.508205 | g_1: 4.979546 | g_2: 5.697001 | final: 4.985950 | e_w_0: 0.050000 | e_w_1_2: 0.085285
[156/157]	0.0963 (0.0889)	0.0033 (0.0103)	1.260 (1.191)	62.50 (61.04)
C-Flat stats | raw_grad: 9.350537 | g_0: 9.350537 | g_1: 10.834174 | g_2: 12.370418 | final: 10.844661 | e_w_0: 0.050000 | e_w_1_2: 0.086082
 * Train Acc 61.040
 * Val Acc 63.800, Total time 0.27
 * Val loss 1.104, Total time 0.00
Epoch:10
LR: 2.5e-05
LR: 0.0005
LR: 0.00025
Itr		Time		  Data		  Loss		Acc
[0/157]	0.0723 (0.0723)	0.0091 (0.0091)	1.141 (1.141)	65.62 (65.62)
C-Flat stats | raw_grad: 3.841690 | g_0: 3.841690 | g_1: 4.309205 | g_2: 4.810775 | final: 4.313067 | e_w_0: 0.050000 | e_w_1_2: 0.085953
[100/157]	0.0918 (0.0878)	0.0101 (0.0106)	1.403 (1.180)	56.25 (61.57)
C-Flat stats | raw_grad: 4.784838 | g_0: 4.784838 | g_1: 5.229670 | g_2: 5.925069 | final: 5.235990 | e_w_0: 0.050000 | e_w_1_2: 0.081760
[156/157]	0.0656 (0.0875)	0.0028 (0.0106)	0.923 (1.175)	75.00 (62.18)
C-Flat stats | raw_grad: 5.552400 | g_0: 5.552400 | g_1: 6.927118 | g_2: 7.806724 | final: 6.953555 | e_w_0: 0.050000 | e_w_1_2: 0.093400
 * Train Acc 62.180
 * Val Acc 64.100, Total time 0.26
 * Val loss 1.089, Total time 0.00
Epoch:11
LR: 1.25e-05
LR: 0.00025
LR: 0.000125
Itr		Time		  Data		  Loss		Acc
[0/157]	0.0729 (0.0729)	0.0088 (0.0088)	1.341 (1.341)	56.25 (56.25)
C-Flat stats | raw_grad: 4.488259 | g_0: 4.488259 | g_1: 4.956902 | g_2: 5.820340 | final: 4.960830 | e_w_0: 0.050000 | e_w_1_2: 0.083529
[100/157]	0.1352 (0.0896)	0.0181 (0.0099)	1.267 (1.164)	53.12 (62.78)
C-Flat stats | raw_grad: 4.286227 | g_0: 4.286227 | g_1: 4.743414 | g_2: 5.427609 | final: 4.752494 | e_w_0: 0.050000 | e_w_1_2: 0.084438
[156/157]	0.1006 (0.0911)	0.0038 (0.0098)	1.550 (1.172)	50.00 (61.88)
C-Flat stats | raw_grad: 9.153664 | g_0: 9.153664 | g_1: 11.378525 | g_2: 14.019452 | final: 11.386825 | e_w_0: 0.050000 | e_w_1_2: 0.092036
 * Train Acc 61.880
 * Val Acc 63.900, Total time 0.32
 * Val loss 1.093, Total time 0.00
Epoch:12
LR: 1.25e-05
LR: 0.00025
LR: 0.000125
Itr		Time		  Data		  Loss		Acc
[0/157]	0.0775 (0.0775)	0.0104 (0.0104)	1.020 (1.020)	65.62 (65.62)
C-Flat stats | raw_grad: 4.106744 | g_0: 4.106744 | g_1: 4.728938 | g_2: 5.308725 | final: 4.741652 | e_w_0: 0.050000 | e_w_1_2: 0.087410
[100/157]	0.0953 (0.0948)	0.0095 (0.0103)	1.009 (1.166)	68.75 (61.94)
C-Flat stats | raw_grad: 3.678229 | g_0: 3.678229 | g_1: 4.397038 | g_2: 4.950157 | final: 4.415485 | e_w_0: 0.050000 | e_w_1_2: 0.092302
[156/157]	0.0889 (0.0929)	0.0033 (0.0103)	1.238 (1.171)	62.50 (61.42)
C-Flat stats | raw_grad: 7.236342 | g_0: 7.236342 | g_1: 8.170550 | g_2: 9.477986 | final: 8.179312 | e_w_0: 0.050000 | e_w_1_2: 0.084569
 * Train Acc 61.420
 * Val Acc 63.800, Total time 0.29
 * Val loss 1.080, Total time 0.00
Epoch:13
LR: 1.25e-05
LR: 0.00025
LR: 0.000125
Itr		Time		  Data		  Loss		Acc
[0/157]	0.0903 (0.0903)	0.0088 (0.0088)	1.157 (1.157)	59.38 (59.38)
C-Flat stats | raw_grad: 3.771883 | g_0: 3.771883 | g_1: 4.297563 | g_2: 4.958596 | final: 4.312563 | e_w_0: 0.050000 | e_w_1_2: 0.089163
[100/157]	0.0887 (0.0897)	0.0102 (0.0100)	1.052 (1.168)	68.75 (61.88)
C-Flat stats | raw_grad: 3.930387 | g_0: 3.930387 | g_1: 4.452806 | g_2: 5.172912 | final: 4.458623 | e_w_0: 0.050000 | e_w_1_2: 0.086878
[156/157]	0.0862 (0.0917)	0.0028 (0.0099)	1.731 (1.172)	25.00 (61.48)
C-Flat stats | raw_grad: 9.254503 | g_0: 9.254503 | g_1: 10.091789 | g_2: 11.824871 | final: 10.109666 | e_w_0: 0.050000 | e_w_1_2: 0.079766
 * Train Acc 61.480
 * Val Acc 64.300, Total time 0.44
 * Val loss 1.071, Total time 0.00
Epoch:14
LR: 1.25e-05
LR: 0.00025
LR: 0.000125
Itr		Time		  Data		  Loss		Acc
[0/157]	0.0912 (0.0912)	0.0090 (0.0090)	1.224 (1.224)	65.62 (65.62)
C-Flat stats | raw_grad: 3.819978 | g_0: 3.819978 | g_1: 4.107059 | g_2: 4.389617 | final: 4.113688 | e_w_0: 0.050000 | e_w_1_2: 0.078686
[100/157]	0.0860 (0.0872)	0.0112 (0.0099)	1.014 (1.170)	75.00 (61.76)
C-Flat stats | raw_grad: 3.480598 | g_0: 3.480598 | g_1: 3.997509 | g_2: 4.455250 | final: 4.005794 | e_w_0: 0.050000 | e_w_1_2: 0.088361
[156/157]	0.0655 (0.0854)	0.0027 (0.0098)	1.250 (1.163)	50.00 (62.08)
C-Flat stats | raw_grad: 8.726266 | g_0: 8.726266 | g_1: 10.696507 | g_2: 12.183735 | final: 10.703807 | e_w_0: 0.050000 | e_w_1_2: 0.092172
 * Train Acc 62.080
 * Val Acc 63.500, Total time 0.28
 * Val loss 1.078, Total time 0.00
Classifier Optimizer is reset!
reserving basis 5/27; cond: 396635.0625, radio:3.821456266450696e-05
reserving basis 96/576; cond: 10732512.0, radio:4.176323636784218e-05
reserving basis 229/576; cond: 811966.625, radio:0.0011555616511031985
reserving basis 249/576; cond: 1209608.125, radio:0.0008023091941140592
reserving basis 297/576; cond: 351123.4375, radio:0.003245478728786111
reserving basis 309/576; cond: 631887.625, radio:0.0017818730557337403
reserving basis 774/1152; cond: 453319.4375, radio:0.005713279824703932
reserving basis 43/64; cond: 10569.72265625, radio:0.011451110243797302
reserving basis 830/1152; cond: 381677.3125, radio:0.006753676105290651
reserving basis 824/1152; cond: 334430.9375, radio:0.008168451488018036
reserving basis 830/1152; cond: 441486.09375, radio:0.0059159439988434315
reserving basis 1771/2304; cond: 640856.375, radio:0.007582630962133408
reserving basis 99/128; cond: 17799.431640625, radio:0.014445175416767597
reserving basis 1799/2304; cond: 578600.5, radio:0.008260989561676979
reserving basis 1744/2304; cond: 572645.0625, radio:0.00832731556147337
reserving basis 1332/2304; cond: 1496189.875, radio:0.00298894802108407
reserving basis 969/4608; cond: 13898749.0, radio:0.00023025486734695733
reserving basis 204/256; cond: 43878.046875, radio:0.01174593809992075
reserving basis 288/4608; cond: 36554752.0, radio:3.4113760193577036e-05
reserving basis 389/4608; cond: 45416580.0, radio:3.0402148695429787e-05
computing EWC
validation split name: 1
 * Val Acc 80.900, Total time 0.59
 * Val loss 0.579, Total time 0.00
**************************************************
training split name: 1
 * Val Acc 87.120, Total time 2.41
 * Val loss 0.399, Total time 0.00
**************************************************
validation split name: 2
 * Val Acc 56.400, Total time 0.42
 * Val loss 1.250, Total time 0.00
**************************************************
training split name: 2
 * Val Acc 55.080, Total time 2.56
 * Val loss 1.294, Total time 0.00
**************************************************
validation split name: 3
 * Val Acc 63.500, Total time 0.46
 * Val loss 1.078, Total time 0.00
**************************************************
training split name: 3
 * Val Acc 63.900, Total time 2.53
 * Val loss 1.104, Total time 0.00
**************************************************
OrderedDict([('1', OrderedDict([('1', 82.4), ('2', 80.6), ('3', 80.9)])), ('2', OrderedDict([('2', 58.3), ('3', 56.4)])), ('3', OrderedDict([('3', 63.5)]))])
Task 1 average acc: 82.4
Task 1 backward transfer: 0
Task 2 average acc: 69.44999999999999
Task 2 backward transfer: -1.8000000000000114
Task 3 average acc: 66.93333333333334
Task 3 backward transfer: -1.6999999999999993
===Summary of experiment repeats: 1 / 1 ===
The last avg acc of all repeats: [66.93333333]
The last bwt of all repeats: [-1.7]
acc mean: 66.93333333333334 acc std: 0.0
bwt mean: -1.6999999999999993 bwt std: 0.0
