Files already downloaded and verified
Files already downloaded and verified
split_boundaries: [0, 10, 20, 30, 40, 50, 60, 70, 80, 90, 100]
{'1': [0, 1, 2, 3, 4, 5, 6, 7, 8, 9], '2': [10, 11, 12, 13, 14, 15, 16, 17, 18, 19], '3': [20, 21, 22, 23, 24, 25, 26, 27, 28, 29], '4': [30, 31, 32, 33, 34, 35, 36, 37, 38, 39], '5': [40, 41, 42, 43, 44, 45, 46, 47, 48, 49], '6': [50, 51, 52, 53, 54, 55, 56, 57, 58, 59], '7': [60, 61, 62, 63, 64, 65, 66, 67, 68, 69], '8': [70, 71, 72, 73, 74, 75, 76, 77, 78, 79], '9': [80, 81, 82, 83, 84, 85, 86, 87, 88, 89], '10': [90, 91, 92, 93, 94, 95, 96, 97, 98, 99]}
{'model_lr': 0.0001, 'momentum': 0, 'model_weight_decay': 5e-05, 'schedule': [1], 'model_type': 'resnet', 'model_name': 'resnet18', 'model_weights': None, 'out_dim': {'1': 10, '2': 10, '3': 10, '4': 10, '5': 10, '6': 10, '7': 10, '8': 10, '9': 10, '10': 10}, 'model_optimizer': 'Adam', 'print_freq': 1.0, 'gpu': True, 'with_head': False, 'reset_model_opt': True, 'reg_coef': 100.0, 'head_lr': 0.001, 'svd_lr': 5e-05, 'bn_lr': 0.0005, 'svd_thres': 10.0, 'gamma': 0.5, 'dataset_name': 'CIFAR100_10_10', 'use_cflat': True, 'cflat_rho': 0.2, 'cflat_lambda': 0.2, 'cflat_eps': 1e-12, 'cflat_adaptive': False, 'cflat_bn_mode': 'disable_running_stats', 'cflat_debug': True, 'max_train_batches': 2, 'max_eval_batches': 1}
#param of model:11218340
Task order: ['1']
====================== 1 =======================
Epoch:0
LR: 0.0001
LR: 0.001
LR: 0.0005
Itr		Time		  Data		  Loss		Acc
[0/40]	2.0680 (2.0680)	0.1119 (0.1119)	2.342 (2.342)	12.50 (12.50)
C-Flat stats | raw_grad: 2.806322 | g0: 3.435328 | g1: 3.561913 | final: 3.671221 | perturb0: 0.200000 | perturb1: 0.280801
[1/40]	0.1602 (1.1141)	0.0344 (0.0732)	2.283 (2.313)	16.41 (14.45)
C-Flat stats | raw_grad: 2.347823 | g0: 2.835348 | g1: 2.910615 | final: 3.050191 | perturb0: 0.200000 | perturb1: 0.301657
 * Train Acc 14.453
 * Val Acc 0.000, Total time 0.03
 * Val loss 2.301, Total time 0.00
Classifier Optimizer is reset!
reserving basis 6/27; cond: 534415.5625, radio:3.947064760723151e-05
reserving basis 266/576; cond: 18537790.0, radio:5.658302688971162e-05
reserving basis 308/576; cond: 4125927.0, radio:0.00028593585011549294
reserving basis 277/576; cond: 12522028.0, radio:8.56014303280972e-05
reserving basis 256/576; cond: 6194693.5, radio:0.00018333531625103205
reserving basis 266/576; cond: 14674183.0, radio:7.016967720119283e-05
reserving basis 628/1152; cond: 10686072.0, radio:0.0002235309948446229
reserving basis 40/64; cond: 169153.9375, radio:0.0007424828945659101
reserving basis 454/1152; cond: 16719783.0, radio:0.0001275203685509041
reserving basis 730/1152; cond: 3149252.5, radio:0.0007678675465285778
reserving basis 310/1152; cond: 40482020.0, radio:3.5066510463366285e-05
reserving basis 8/2304; cond: 4939759104.0, radio:7.695157400178232e-09
reserving basis 52/128; cond: 899497.5625, radio:0.0002785550896078348
reserving basis 24/2304; cond: 3743431168.0, radio:2.905896501204097e-08
reserving basis 16/2304; cond: 6281044480.0, radio:1.1460826954134973e-08
reserving basis 2/2304; cond: 16428382027776.0, radio:4.022054499348837e-13
reserving basis 14/4608; cond: 13124643061760.0, radio:3.672219646422281e-12
reserving basis 41/256; cond: 9789300.0, radio:2.1999359887558967e-05
reserving basis 4/4608; cond: 2044024194072576.0, radio:8.739730842516075e-15
reserving basis 33/4608; cond: inf, radio:0.0
computing EWC
validation split name: 1
 * Val Acc 0.000, Total time 0.07
 * Val loss 2.301, Total time 0.00
**************************************************
training split name: 1
 * Val Acc 0.000, Total time 0.04
 * Val loss 2.296, Total time 0.00
**************************************************
OrderedDict([('1', OrderedDict([('1', 0.0)]))])
Task 1 average acc: 0.0
Task 1 backward transfer: 0
===Summary of experiment repeats: 1 / 1 ===
The last avg acc of all repeats: [0.]
The last bwt of all repeats: [0.]
acc mean: 0.0 acc std: 0.0
bwt mean: 0.0 bwt std: 0.0
