Files already downloaded and verified
Files already downloaded and verified
split_boundaries: [0, 100]
{'1': [0, 1, 2, 3, 4, 5, 6, 7, 8, 9, 10, 11, 12, 13, 14, 15, 16, 17, 18, 19, 20, 21, 22, 23, 24, 25, 26, 27, 28, 29, 30, 31, 32, 33, 34, 35, 36, 37, 38, 39, 40, 41, 42, 43, 44, 45, 46, 47, 48, 49, 50, 51, 52, 53, 54, 55, 56, 57, 58, 59, 60, 61, 62, 63, 64, 65, 66, 67, 68, 69, 70, 71, 72, 73, 74, 75, 76, 77, 78, 79, 80, 81, 82, 83, 84, 85, 86, 87, 88, 89, 90, 91, 92, 93, 94, 95, 96, 97, 98, 99]}
{'model_lr': 0.0001, 'momentum': 0, 'model_weight_decay': 5e-05, 'schedule': [1], 'model_type': 'resnet', 'model_name': 'resnet18', 'model_weights': None, 'out_dim': {'1': 100}, 'model_optimizer': 'Adam', 'print_freq': 1.0, 'gpu': True, 'with_head': False, 'reset_model_opt': True, 'reg_coef': 100.0, 'head_lr': 0.001, 'svd_lr': 5e-05, 'bn_lr': 0.0005, 'svd_thres': 10.0, 'gamma': 0.5, 'dataset_name': 'CIFAR100_100_100', 'use_cflat': True, 'cflat_rho': 0.02, 'cflat_lambda': 0.02, 'cflat_eps': 1e-12, 'cflat_adaptive': False, 'cflat_bn_mode': 'disable_running_stats', 'cflat_on_total_loss': False, 'cflat_debug': True, 'use_pls_cflat': False, 'pls_cflat_mode': 'projected_layer_selective', 'cflat_target_scope': 'deep_plus_classifier', 'project_before_perturb': False, 'project_after_aggregate': False, 'deep_layer_rule': 'last_stage', 'pls_cflat_debug': False, 'max_train_batches': 1, 'max_eval_batches': 1}
#param of model:11218340
Task order: ['1']
====================== 1 =======================
Epoch:0
LR: 0.0001
LR: 0.001
LR: 0.0005
Itr		Time		  Data		  Loss		Acc
/home/moshiling/miniconda3/envs/torch118/lib/python3.10/site-packages/torch/optim/lr_scheduler.py:143: UserWarning: Detected call of `lr_scheduler.step()` before `optimizer.step()`. In PyTorch 1.1.0 and later, you should call them in the opposite order: `optimizer.step()` before `lr_scheduler.step()`.  Failure to do this will result in PyTorch skipping the first value of the learning rate schedule. See more details at https://pytorch.org/docs/stable/optim.html#how-to-adjust-learning-rate
  warnings.warn("Detected call of `lr_scheduler.step()` before `optimizer.step()`. "
/home/moshiling/miniconda3/envs/torch118/lib/python3.10/site-packages/torch/optim/lr_scheduler.py:156: UserWarning: The epoch parameter in `scheduler.step()` was not necessary and is being deprecated where possible. Please use `scheduler.step()` to step the scheduler. During the deprecation, if epoch is different from None, the closed form is used instead of the new chainable form, where available. Please open an issue if you are unable to replicate your use case: https://github.com/pytorch/pytorch/issues/new/choose.
  warnings.warn(EPOCH_DEPRECATION_WARNING, UserWarning)
Traceback (most recent call last):
  File "/home/moshiling/Adam-NSCL-C-Flat/Adam-NSCL-main/main.py", line 317, in <module>
    acc_table, task_names = run(args)
  File "/home/moshiling/Adam-NSCL-C-Flat/Adam-NSCL-main/main.py", line 130, in run
    agent.train_task(train_loader, val_loader)
  File "/home/moshiling/Adam-NSCL-C-Flat/Adam-NSCL-main/svd_agent/svd_agent.py", line 62, in train_task
    self.train_model(train_loader, val_loader)
  File "/home/moshiling/Adam-NSCL-C-Flat/Adam-NSCL-main/svd_agent/agent.py", line 260, in train_model
    losses, acc = self.train_epoch(train_loader, epoch, count_cls_step)
  File "/home/moshiling/Adam-NSCL-C-Flat/Adam-NSCL-main/svd_agent/agent.py", line 182, in train_epoch
    output, loss_list, cflat_stats = apply_cflat_gradients(
  File "/home/moshiling/Adam-NSCL-C-Flat/Adam-NSCL-main/optim/cflat_utils.py", line 339, in apply_cflat_gradients
    return helper.run(closure=closure, cflat=cflat)
  File "/home/moshiling/Adam-NSCL-C-Flat/Adam-NSCL-main/optim/cflat_utils.py", line 274, in run
    outputs, loss_list = get_grad()
  File "/home/moshiling/Adam-NSCL-C-Flat/Adam-NSCL-main/optim/cflat_utils.py", line 268, in get_grad
    outputs, loss_list = closure()
  File "/home/moshiling/Adam-NSCL-C-Flat/Adam-NSCL-main/svd_agent/agent.py", line 173, in loss_closure
    loss = self.criterion(
  File "/home/moshiling/Adam-NSCL-C-Flat/Adam-NSCL-main/svd_agent/agent.py", line 307, in criterion
    loss = self.cross_entropy(preds, targets, tasks)
  File "/home/moshiling/Adam-NSCL-C-Flat/Adam-NSCL-main/svd_agent/agent.py", line 331, in cross_entropy
    pred = preds['All']
KeyError: 'All'
