Files already downloaded and verified
Files already downloaded and verified
split_boundaries: [0, 10, 20, 30, 40, 50, 60, 70, 80, 90, 100]
{'1': [0, 1, 2, 3, 4, 5, 6, 7, 8, 9], '2': [10, 11, 12, 13, 14, 15, 16, 17, 18, 19], '3': [20, 21, 22, 23, 24, 25, 26, 27, 28, 29], '4': [30, 31, 32, 33, 34, 35, 36, 37, 38, 39], '5': [40, 41, 42, 43, 44, 45, 46, 47, 48, 49], '6': [50, 51, 52, 53, 54, 55, 56, 57, 58, 59], '7': [60, 61, 62, 63, 64, 65, 66, 67, 68, 69], '8': [70, 71, 72, 73, 74, 75, 76, 77, 78, 79], '9': [80, 81, 82, 83, 84, 85, 86, 87, 88, 89], '10': [90, 91, 92, 93, 94, 95, 96, 97, 98, 99]}
{'model_lr': 0.0001, 'momentum': 0, 'model_weight_decay': 5e-05, 'schedule': [1], 'model_type': 'resnet', 'model_name': 'resnet18', 'model_weights': None, 'out_dim': {'1': 10, '2': 10, '3': 10, '4': 10, '5': 10, '6': 10, '7': 10, '8': 10, '9': 10, '10': 10}, 'model_optimizer': 'Adam', 'print_freq': 20.0, 'gpu': True, 'with_head': False, 'reset_model_opt': True, 'reg_coef': 100.0, 'head_lr': 0.001, 'svd_lr': 5e-05, 'bn_lr': 0.0005, 'svd_thres': 10.0, 'gamma': 0.5, 'dataset_name': 'CIFAR100_10_10', 'use_cflat': True, 'cflat_rho': 0.05, 'cflat_lambda': 0.05, 'cflat_eps': 1e-12, 'cflat_adaptive': False, 'cflat_bn_mode': 'disable_running_stats', 'cflat_on_total_loss': False, 'cflat_debug': False, 'max_train_batches': 0, 'max_eval_batches': 0}
#param of model:11218340
Task order: ['1', '2']
====================== 1 =======================
Epoch:0
LR: 0.0001
LR: 0.001
LR: 0.0005
Itr		Time		  Data		  Loss		Acc
[0/40]	1.1976 (1.1976)	0.1213 (0.1213)	2.342 (2.342)	12.50 (12.50)
[20/40]	0.0944 (0.1582)	0.0334 (0.0424)	1.854 (1.988)	32.03 (29.43)
[39/40]	0.2881 (0.1351)	0.0064 (0.0390)	2.129 (1.871)	25.00 (34.12)
 * Train Acc 34.120
 * Val Acc 48.300, Total time 0.26
 * Val loss 1.601, Total time 0.00
Classifier Optimizer is reset!
reserving basis 6/27; cond: 607495.5625, radio:2.9578275643871166e-05
reserving basis 128/576; cond: 32748526.0, radio:1.85858370969072e-05
reserving basis 203/576; cond: 3401216.25, radio:0.0002713498251978308
reserving basis 219/576; cond: 6846394.0, radio:0.00013856445730198175
reserving basis 274/576; cond: 1607643.0, radio:0.0006758669624105096
reserving basis 288/576; cond: 3842591.75, radio:0.0002834573679137975
reserving basis 666/1152; cond: 2705219.25, radio:0.0008951221243478358
reserving basis 42/64; cond: 48618.6875, radio:0.0027845718432217836
reserving basis 673/1152; cond: 2127728.75, radio:0.00115924549754709
reserving basis 730/1152; cond: 1307089.375, radio:0.0019811030942946672
reserving basis 495/1152; cond: 5105535.0, radio:0.00036943581653758883
reserving basis 6/2304; cond: 2616746752.0, radio:6.9905863320229855e-09
reserving basis 94/128; cond: 63629.16015625, radio:0.004280996508896351
reserving basis 20/2304; cond: 1210249344.0, radio:8.249413951944007e-08
reserving basis 43/2304; cond: 568354944.0, radio:3.538321777796227e-07
reserving basis 26/2304; cond: 280267489280.0, radio:3.087279043523239e-10
reserving basis 11/4608; cond: 4222756847616.0, radio:7.1321499053866866e-12
reserving basis 135/256; cond: 483506.21875, radio:0.0010063243098556995
reserving basis 5/4608; cond: 4564908507136.0, radio:3.678069133983275e-12
reserving basis 16/4608; cond: 1811186974720.0, radio:2.961468570372716e-11
computing EWC
validation split name: 1
 * Val Acc 48.300, Total time 0.24
 * Val loss 1.601, Total time 0.00
**************************************************
training split name: 1
 * Val Acc 43.940, Total time 1.75
 * Val loss 1.684, Total time 0.01
**************************************************
====================== 2 =======================
Epoch:0
LR: 5e-05
LR: 0.001
LR: 0.0005
Itr		Time		  Data		  Loss		Acc
[0/40]	0.2657 (0.2657)	0.0427 (0.0427)	2.319 (2.319)	7.81 (7.81)
[20/40]	0.1534 (0.1272)	0.0610 (0.0378)	2.082 (2.186)	20.31 (18.82)
[39/40]	0.0881 (0.1207)	0.0031 (0.0360)	1.792 (2.117)	75.00 (22.24)
 * Train Acc 22.240
 * Val Acc 29.100, Total time 0.21
 * Val loss 1.974, Total time 0.00
Classifier Optimizer is reset!
reserving basis 6/27; cond: 779757.875, radio:2.53653615800431e-05
reserving basis 123/576; cond: 31287204.0, radio:1.8578299204818904e-05
reserving basis 196/576; cond: 3227578.0, radio:0.0002759358030743897
reserving basis 219/576; cond: 6035003.5, radio:0.00015631654241587967
reserving basis 264/576; cond: 1532581.125, radio:0.0006940601160749793
reserving basis 293/576; cond: 3146161.5, radio:0.0003506176290102303
reserving basis 694/1152; cond: 2087332.75, radio:0.0012020423309877515
reserving basis 41/64; cond: 40524.72265625, radio:0.003012567525729537
reserving basis 719/1152; cond: 1567192.625, radio:0.0016534114256501198
reserving basis 748/1152; cond: 1058809.25, radio:0.002570404438301921
reserving basis 682/1152; cond: 2243285.25, radio:0.0010815944988280535
reserving basis 1065/2304; cond: 5652893.5, radio:0.0006860131397843361
reserving basis 96/128; cond: 49274.64453125, radio:0.005307399667799473
reserving basis 1045/2304; cond: 5571801.5, radio:0.0006692282040603459
reserving basis 1085/2304; cond: 4297860.0, radio:0.0008669838425703347
reserving basis 7/2304; cond: 323637477376.0, radio:7.554296077572076e-11
reserving basis 10/4608; cond: 2231853383680.0, radio:1.3895177543299386e-11
reserving basis 178/256; cond: 203061.375, radio:0.0026591885834932327
reserving basis 1/4608; cond: 16071923859456.0, radio:3.7214663588160807e-14
reserving basis 6/4608; cond: 2831101722624.0, radio:6.4989311675256456e-12
computing EWC
validation split name: 1
 * Val Acc 44.900, Total time 0.27
 * Val loss 1.552, Total time 0.00
**************************************************
training split name: 1
 * Val Acc 45.680, Total time 1.55
 * Val loss 1.590, Total time 0.00
**************************************************
validation split name: 2
 * Val Acc 29.100, Total time 0.20
 * Val loss 1.974, Total time 0.00
**************************************************
training split name: 2
 * Val Acc 28.300, Total time 1.62
 * Val loss 1.995, Total time 0.00
**************************************************
OrderedDict([('1', OrderedDict([('1', 48.3), ('2', 44.9)])), ('2', OrderedDict([('2', 29.1)]))])
Task 1 average acc: 48.3
Task 1 backward transfer: 0
Task 2 average acc: 37.0
Task 2 backward transfer: -3.3999999999999986
===Summary of experiment repeats: 1 / 1 ===
The last avg acc of all repeats: [37.]
The last bwt of all repeats: [-3.4]
acc mean: 37.0 acc std: 0.0
bwt mean: -3.3999999999999986 bwt std: 0.0
