Files already downloaded and verified
Files already downloaded and verified
split_boundaries: [0, 10, 20, 30, 40, 50, 60, 70, 80, 90, 100]
{'1': [0, 1, 2, 3, 4, 5, 6, 7, 8, 9], '2': [10, 11, 12, 13, 14, 15, 16, 17, 18, 19], '3': [20, 21, 22, 23, 24, 25, 26, 27, 28, 29], '4': [30, 31, 32, 33, 34, 35, 36, 37, 38, 39], '5': [40, 41, 42, 43, 44, 45, 46, 47, 48, 49], '6': [50, 51, 52, 53, 54, 55, 56, 57, 58, 59], '7': [60, 61, 62, 63, 64, 65, 66, 67, 68, 69], '8': [70, 71, 72, 73, 74, 75, 76, 77, 78, 79], '9': [80, 81, 82, 83, 84, 85, 86, 87, 88, 89], '10': [90, 91, 92, 93, 94, 95, 96, 97, 98, 99]}
{'model_lr': 0.0001, 'momentum': 0, 'model_weight_decay': 5e-05, 'schedule': [5, 10, 15], 'model_type': 'resnet', 'model_name': 'resnet18', 'model_weights': None, 'out_dim': {'1': 10, '2': 10, '3': 10, '4': 10, '5': 10, '6': 10, '7': 10, '8': 10, '9': 10, '10': 10}, 'model_optimizer': 'Adam', 'print_freq': 100.0, 'gpu': True, 'with_head': False, 'reset_model_opt': True, 'reg_coef': 100.0, 'head_lr': 0.001, 'svd_lr': 5e-05, 'bn_lr': 0.0005, 'svd_thres': 10.0, 'gamma': 0.5, 'dataset_name': 'CIFAR100_10_10', 'use_cflat': True, 'cflat_rho': 0.02, 'cflat_lambda': 0.02, 'cflat_eps': 1e-12, 'cflat_adaptive': False, 'cflat_bn_mode': 'disable_running_stats', 'cflat_on_total_loss': False, 'cflat_debug': True, 'use_pls_cflat': False, 'pls_cflat_mode': 'projected_layer_selective', 'cflat_target_scope': 'deep_plus_classifier', 'project_before_perturb': False, 'project_after_aggregate': False, 'deep_layer_rule': 'last_stage', 'pls_cflat_debug': False, 'max_train_batches': 0, 'max_eval_batches': 0}
#param of model:11218340
Task order: ['1', '2', '3']
====================== 1 =======================
Epoch:0
LR: 0.0001
LR: 0.001
LR: 0.0005
Itr		Time		  Data		  Loss		Acc
/home/moshiling/miniconda3/envs/torch118/lib/python3.10/site-packages/torch/optim/lr_scheduler.py:143: UserWarning: Detected call of `lr_scheduler.step()` before `optimizer.step()`. In PyTorch 1.1.0 and later, you should call them in the opposite order: `optimizer.step()` before `lr_scheduler.step()`.  Failure to do this will result in PyTorch skipping the first value of the learning rate schedule. See more details at https://pytorch.org/docs/stable/optim.html#how-to-adjust-learning-rate
  warnings.warn("Detected call of `lr_scheduler.step()` before `optimizer.step()`. "
/home/moshiling/miniconda3/envs/torch118/lib/python3.10/site-packages/torch/optim/lr_scheduler.py:156: UserWarning: The epoch parameter in `scheduler.step()` was not necessary and is being deprecated where possible. Please use `scheduler.step()` to step the scheduler. During the deprecation, if epoch is different from None, the closed form is used instead of the new chainable form, where available. Please open an issue if you are unable to replicate your use case: https://github.com/pytorch/pytorch/issues/new/choose.
  warnings.warn(EPOCH_DEPRECATION_WARNING, UserWarning)
[0/157]	16.8005 (16.8005)	0.0149 (0.0149)	2.446 (2.446)	3.12 (3.12)
C-Flat stats | raw_grad: 5.392705 | projected_target: 5.392705 | g_0: 5.392705 | g_1: 5.366751 | g_2: 5.577079 | final: 5.370629 | e_w_0: 0.020000 | e_w_1_2: 0.026992 | target_ratio: 1.0000
[100/157]	0.1143 (0.3047)	0.0094 (0.0124)	1.927 (1.875)	34.38 (34.34)
C-Flat stats | raw_grad: 5.150021 | projected_target: 5.150021 | g_0: 5.150021 | g_1: 5.256204 | g_2: 5.595438 | final: 5.259901 | e_w_0: 0.020000 | e_w_1_2: 0.029462 | target_ratio: 1.0000
[156/157]	0.6584 (0.2437)	0.0049 (0.0123)	1.946 (1.774)	25.00 (38.06)
C-Flat stats | raw_grad: 9.622877 | projected_target: 9.622877 | g_0: 9.622877 | g_1: 11.065992 | g_2: 12.705937 | final: 11.065989 | e_w_0: 0.020000 | e_w_1_2: 0.035962 | target_ratio: 1.0000
 * Train Acc 38.060
 * Val Acc 47.900, Total time 0.78
 * Val loss 1.594, Total time 0.00
Epoch:1
LR: 0.0001
LR: 0.001
LR: 0.0005
Itr		Time		  Data		  Loss		Acc
[0/157]	0.1134 (0.1134)	0.0101 (0.0101)	1.645 (1.645)	40.62 (40.62)
C-Flat stats | raw_grad: 5.122035 | projected_target: 5.122035 | g_0: 5.122035 | g_1: 4.958473 | g_2: 5.697627 | final: 4.964145 | e_w_0: 0.020000 | e_w_1_2: 0.023947 | target_ratio: 1.0000
[100/157]	0.1146 (0.1222)	0.0112 (0.0120)	1.247 (1.447)	53.12 (51.05)
C-Flat stats | raw_grad: 4.740998 | projected_target: 4.740998 | g_0: 4.740998 | g_1: 4.952500 | g_2: 5.388047 | final: 4.951505 | e_w_0: 0.020000 | e_w_1_2: 0.032001 | target_ratio: 1.0000
[156/157]	0.1095 (0.1230)	0.0034 (0.0120)	0.990 (1.397)	62.50 (52.56)
C-Flat stats | raw_grad: 8.965467 | projected_target: 8.965467 | g_0: 8.965467 | g_1: 9.330696 | g_2: 10.047609 | final: 9.335542 | e_w_0: 0.020000 | e_w_1_2: 0.030874 | target_ratio: 1.0000
 * Train Acc 52.560
 * Val Acc 62.500, Total time 0.79
 * Val loss 1.140, Total time 0.00
Epoch:2
LR: 0.0001
LR: 0.001
LR: 0.0005
Itr		Time		  Data		  Loss		Acc
[0/157]	0.1216 (0.1216)	0.0114 (0.0114)	1.039 (1.039)	65.62 (65.62)
C-Flat stats | raw_grad: 5.327706 | projected_target: 5.327706 | g_0: 5.327706 | g_1: 5.678784 | g_2: 6.074928 | final: 5.684546 | e_w_0: 0.020000 | e_w_1_2: 0.033667 | target_ratio: 1.0000
[100/157]	0.1142 (0.1187)	0.0121 (0.0118)	1.059 (1.193)	65.62 (61.36)
C-Flat stats | raw_grad: 5.252193 | projected_target: 5.252193 | g_0: 5.252193 | g_1: 5.859478 | g_2: 6.196972 | final: 5.860098 | e_w_0: 0.020000 | e_w_1_2: 0.036128 | target_ratio: 1.0000
[156/157]	0.1086 (0.1206)	0.0039 (0.0119)	1.130 (1.198)	62.50 (60.42)
C-Flat stats | raw_grad: 6.199377 | projected_target: 6.199377 | g_0: 6.199377 | g_1: 6.483812 | g_2: 7.064508 | final: 6.489459 | e_w_0: 0.020000 | e_w_1_2: 0.031174 | target_ratio: 1.0000
 * Train Acc 60.420
 * Val Acc 65.600, Total time 0.83
 * Val loss 1.010, Total time 0.00
Epoch:3
LR: 0.0001
LR: 0.001
LR: 0.0005
Itr		Time		  Data		  Loss		Acc
[0/157]	0.1405 (0.1405)	0.0102 (0.0102)	1.373 (1.373)	46.88 (46.88)
C-Flat stats | raw_grad: 4.612061 | projected_target: 4.612061 | g_0: 4.612061 | g_1: 4.793107 | g_2: 5.082697 | final: 4.797828 | e_w_0: 0.020000 | e_w_1_2: 0.032230 | target_ratio: 1.0000
[100/157]	0.1195 (0.1244)	0.0096 (0.0122)	1.116 (1.038)	56.25 (64.94)
C-Flat stats | raw_grad: 5.673725 | projected_target: 5.673725 | g_0: 5.673725 | g_1: 6.087377 | g_2: 6.498654 | final: 6.090936 | e_w_0: 0.020000 | e_w_1_2: 0.034524 | target_ratio: 1.0000
[156/157]	0.1092 (0.1237)	0.0038 (0.0121)	1.107 (1.026)	75.00 (65.48)
C-Flat stats | raw_grad: 11.864327 | projected_target: 11.864327 | g_0: 11.864327 | g_1: 13.416811 | g_2: 15.048804 | final: 13.453926 | e_w_0: 0.020000 | e_w_1_2: 0.034607 | target_ratio: 1.0000
 * Train Acc 65.480
 * Val Acc 66.500, Total time 0.77
 * Val loss 0.951, Total time 0.00
Epoch:4
LR: 0.0001
LR: 0.001
LR: 0.0005
Itr		Time		  Data		  Loss		Acc
[0/157]	0.1174 (0.1174)	0.0127 (0.0127)	0.933 (0.933)	65.62 (65.62)
C-Flat stats | raw_grad: 4.356425 | projected_target: 4.356425 | g_0: 4.356425 | g_1: 4.728439 | g_2: 5.088852 | final: 4.735198 | e_w_0: 0.020000 | e_w_1_2: 0.034924 | target_ratio: 1.0000
[100/157]	0.1277 (0.1214)	0.0123 (0.0119)	1.007 (0.929)	59.38 (67.91)
C-Flat stats | raw_grad: 6.104866 | projected_target: 6.104866 | g_0: 6.104866 | g_1: 6.508038 | g_2: 7.167109 | final: 6.507839 | e_w_0: 0.020000 | e_w_1_2: 0.033622 | target_ratio: 1.0000
[156/157]	0.1022 (0.1221)	0.0031 (0.0121)	1.170 (0.909)	62.50 (68.48)
C-Flat stats | raw_grad: 11.717609 | projected_target: 11.717609 | g_0: 11.717609 | g_1: 12.580389 | g_2: 13.931445 | final: 12.580785 | e_w_0: 0.020000 | e_w_1_2: 0.033225 | target_ratio: 1.0000
 * Train Acc 68.480
 * Val Acc 74.500, Total time 0.82
 * Val loss 0.768, Total time 0.00
Epoch:5
LR: 0.0001
LR: 0.001
LR: 0.0005
Itr		Time		  Data		  Loss		Acc
[0/157]	0.1112 (0.1112)	0.0103 (0.0103)	0.628 (0.628)	75.00 (75.00)
C-Flat stats | raw_grad: 4.846385 | projected_target: 4.846385 | g_0: 4.846385 | g_1: 5.930469 | g_2: 6.763718 | final: 5.955184 | e_w_0: 0.020000 | e_w_1_2: 0.037884 | target_ratio: 1.0000
[100/157]	0.1038 (0.1210)	0.0085 (0.0121)	0.816 (0.753)	65.62 (75.19)
C-Flat stats | raw_grad: 5.333493 | projected_target: 5.333493 | g_0: 5.333493 | g_1: 5.849408 | g_2: 6.253830 | final: 5.858056 | e_w_0: 0.020000 | e_w_1_2: 0.035077 | target_ratio: 1.0000
[156/157]	0.1433 (0.1211)	0.0051 (0.0120)	0.786 (0.740)	75.00 (75.50)
C-Flat stats | raw_grad: 10.178991 | projected_target: 10.178991 | g_0: 10.178991 | g_1: 11.402445 | g_2: 12.856492 | final: 11.420208 | e_w_0: 0.020000 | e_w_1_2: 0.035281 | target_ratio: 1.0000
 * Train Acc 75.500
 * Val Acc 76.900, Total time 0.92
 * Val loss 0.686, Total time 0.00
Epoch:6
LR: 5e-05
LR: 0.0005
LR: 0.00025
Itr		Time		  Data		  Loss		Acc
[0/157]	0.1262 (0.1262)	0.0134 (0.0134)	0.575 (0.575)	87.50 (87.50)
C-Flat stats | raw_grad: 4.073233 | projected_target: 4.073233 | g_0: 4.073233 | g_1: 4.365317 | g_2: 4.704544 | final: 4.370304 | e_w_0: 0.020000 | e_w_1_2: 0.033611 | target_ratio: 1.0000
[100/157]	0.1082 (0.1236)	0.0093 (0.0124)	0.603 (0.657)	81.25 (78.59)
C-Flat stats | raw_grad: 5.785433 | projected_target: 5.785433 | g_0: 5.785433 | g_1: 7.228376 | g_2: 8.201904 | final: 7.216290 | e_w_0: 0.020000 | e_w_1_2: 0.037356 | target_ratio: 1.0000
[156/157]	0.1305 (0.1220)	0.0044 (0.0122)	0.649 (0.669)	87.50 (77.82)
C-Flat stats | raw_grad: 10.105711 | projected_target: 10.105711 | g_0: 10.105711 | g_1: 11.842652 | g_2: 12.865073 | final: 11.862721 | e_w_0: 0.020000 | e_w_1_2: 0.036756 | target_ratio: 1.0000
 * Train Acc 77.820
 * Val Acc 77.300, Total time 0.83
 * Val loss 0.669, Total time 0.00
Epoch:7
LR: 5e-05
LR: 0.0005
LR: 0.00025
Itr		Time		  Data		  Loss		Acc
[0/157]	0.1097 (0.1097)	0.0126 (0.0126)	0.526 (0.526)	81.25 (81.25)
C-Flat stats | raw_grad: 4.834375 | projected_target: 4.834375 | g_0: 4.834375 | g_1: 5.479747 | g_2: 5.879272 | final: 5.487758 | e_w_0: 0.020000 | e_w_1_2: 0.036505 | target_ratio: 1.0000
[100/157]	0.1284 (0.1253)	0.0110 (0.0126)	0.535 (0.590)	84.38 (80.51)
C-Flat stats | raw_grad: 5.467871 | projected_target: 5.467871 | g_0: 5.467871 | g_1: 6.664432 | g_2: 7.483969 | final: 6.682958 | e_w_0: 0.020000 | e_w_1_2: 0.038159 | target_ratio: 1.0000
[156/157]	0.1174 (0.1246)	0.0038 (0.0122)	1.015 (0.614)	75.00 (79.66)
C-Flat stats | raw_grad: 13.637046 | projected_target: 13.637046 | g_0: 13.637046 | g_1: 15.310049 | g_2: 16.636868 | final: 15.325899 | e_w_0: 0.020000 | e_w_1_2: 0.035114 | target_ratio: 1.0000
 * Train Acc 79.660
 * Val Acc 77.600, Total time 0.80
 * Val loss 0.619, Total time 0.00
Epoch:8
LR: 5e-05
LR: 0.0005
LR: 0.00025
Itr		Time		  Data		  Loss		Acc
[0/157]	0.1122 (0.1122)	0.0104 (0.0104)	0.760 (0.760)	87.50 (87.50)
C-Flat stats | raw_grad: 5.265872 | projected_target: 5.265872 | g_0: 5.265872 | g_1: 5.524783 | g_2: 6.093410 | final: 5.532158 | e_w_0: 0.020000 | e_w_1_2: 0.031633 | target_ratio: 1.0000
[100/157]	0.1175 (0.1229)	0.0119 (0.0120)	0.363 (0.583)	93.75 (80.32)
C-Flat stats | raw_grad: 4.605448 | projected_target: 4.605448 | g_0: 4.605448 | g_1: 5.784700 | g_2: 6.195131 | final: 5.804637 | e_w_0: 0.020000 | e_w_1_2: 0.038165 | target_ratio: 1.0000
[156/157]	0.1043 (0.1216)	0.0042 (0.0116)	1.345 (0.583)	62.50 (80.52)
C-Flat stats | raw_grad: 13.617598 | projected_target: 13.617598 | g_0: 13.617598 | g_1: 14.149726 | g_2: 15.430302 | final: 14.166327 | e_w_0: 0.020000 | e_w_1_2: 0.030895 | target_ratio: 1.0000
 * Train Acc 80.520
 * Val Acc 78.700, Total time 0.80
 * Val loss 0.602, Total time 0.00
Epoch:9
LR: 5e-05
LR: 0.0005
LR: 0.00025
Itr		Time		  Data		  Loss		Acc
[0/157]	0.1376 (0.1376)	0.0127 (0.0127)	0.616 (0.616)	81.25 (81.25)
C-Flat stats | raw_grad: 6.673277 | projected_target: 6.673277 | g_0: 6.673277 | g_1: 7.069593 | g_2: 7.590693 | final: 7.079701 | e_w_0: 0.020000 | e_w_1_2: 0.031839 | target_ratio: 1.0000
[100/157]	0.1900 (0.1297)	0.0102 (0.0126)	0.555 (0.546)	75.00 (82.15)
C-Flat stats | raw_grad: 4.815271 | projected_target: 4.815271 | g_0: 4.815271 | g_1: 5.393222 | g_2: 5.766414 | final: 5.400935 | e_w_0: 0.020000 | e_w_1_2: 0.036001 | target_ratio: 1.0000
[156/157]	0.1137 (0.1305)	0.0049 (0.0129)	0.987 (0.549)	62.50 (82.02)
C-Flat stats | raw_grad: 16.252085 | projected_target: 16.252085 | g_0: 16.252085 | g_1: 18.828447 | g_2: 20.720211 | final: 18.802595 | e_w_0: 0.020000 | e_w_1_2: 0.035331 | target_ratio: 1.0000
 * Train Acc 82.020
 * Val Acc 80.400, Total time 0.76
 * Val loss 0.566, Total time 0.00
Epoch:10
LR: 5e-05
LR: 0.0005
LR: 0.00025
Itr		Time		  Data		  Loss		Acc
[0/157]	0.1365 (0.1365)	0.0161 (0.0161)	0.401 (0.401)	90.62 (90.62)
C-Flat stats | raw_grad: 5.664241 | projected_target: 5.664241 | g_0: 5.664241 | g_1: 6.566837 | g_2: 7.285792 | final: 6.575089 | e_w_0: 0.020000 | e_w_1_2: 0.036105 | target_ratio: 1.0000
[100/157]	0.1002 (0.1230)	0.0093 (0.0119)	0.665 (0.466)	78.12 (84.84)
C-Flat stats | raw_grad: 7.196451 | projected_target: 7.196451 | g_0: 7.196451 | g_1: 7.793751 | g_2: 8.542172 | final: 7.797954 | e_w_0: 0.020000 | e_w_1_2: 0.033641 | target_ratio: 1.0000
[156/157]	0.1021 (0.1228)	0.0040 (0.0120)	0.587 (0.475)	87.50 (84.22)
C-Flat stats | raw_grad: 14.050594 | projected_target: 14.050594 | g_0: 14.050594 | g_1: 18.222994 | g_2: 19.391930 | final: 18.235609 | e_w_0: 0.020000 | e_w_1_2: 0.038425 | target_ratio: 1.0000
 * Train Acc 84.220
 * Val Acc 83.900, Total time 0.78
 * Val loss 0.517, Total time 0.00
Epoch:11
LR: 2.5e-05
LR: 0.00025
LR: 0.000125
Itr		Time		  Data		  Loss		Acc
[0/157]	0.1113 (0.1113)	0.0126 (0.0126)	0.494 (0.494)	90.62 (90.62)
C-Flat stats | raw_grad: 4.404258 | projected_target: 4.404258 | g_0: 4.404258 | g_1: 4.626657 | g_2: 5.060014 | final: 4.634042 | e_w_0: 0.020000 | e_w_1_2: 0.031849 | target_ratio: 1.0000
[100/157]	0.1197 (0.1234)	0.0120 (0.0122)	0.508 (0.432)	84.38 (85.74)
C-Flat stats | raw_grad: 5.035941 | projected_target: 5.035941 | g_0: 5.035941 | g_1: 6.013614 | g_2: 6.622219 | final: 6.022240 | e_w_0: 0.020000 | e_w_1_2: 0.037142 | target_ratio: 1.0000
[156/157]	0.1307 (0.1234)	0.0059 (0.0121)	0.467 (0.433)	87.50 (85.94)
C-Flat stats | raw_grad: 11.867869 | projected_target: 11.867869 | g_0: 11.867869 | g_1: 13.824273 | g_2: 15.485671 | final: 13.845386 | e_w_0: 0.020000 | e_w_1_2: 0.035998 | target_ratio: 1.0000
 * Train Acc 85.940
 * Val Acc 82.600, Total time 0.79
 * Val loss 0.523, Total time 0.00
Epoch:12
LR: 2.5e-05
LR: 0.00025
LR: 0.000125
Itr		Time		  Data		  Loss		Acc
[0/157]	0.1228 (0.1228)	0.0153 (0.0153)	0.358 (0.358)	87.50 (87.50)
C-Flat stats | raw_grad: 4.312060 | projected_target: 4.312060 | g_0: 4.312060 | g_1: 5.216310 | g_2: 6.090163 | final: 5.235441 | e_w_0: 0.020000 | e_w_1_2: 0.037519 | target_ratio: 1.0000
[100/157]	0.1172 (0.1229)	0.0100 (0.0123)	0.332 (0.423)	90.62 (86.79)
C-Flat stats | raw_grad: 5.309104 | projected_target: 5.309104 | g_0: 5.309104 | g_1: 6.342550 | g_2: 6.749212 | final: 6.345758 | e_w_0: 0.020000 | e_w_1_2: 0.037346 | target_ratio: 1.0000
[156/157]	0.1251 (0.1231)	0.0044 (0.0122)	0.890 (0.416)	75.00 (86.70)
C-Flat stats | raw_grad: 14.525481 | projected_target: 14.525481 | g_0: 14.525481 | g_1: 17.837122 | g_2: 19.910954 | final: 17.874865 | e_w_0: 0.020000 | e_w_1_2: 0.037314 | target_ratio: 1.0000
 * Train Acc 86.700
 * Val Acc 82.900, Total time 0.78
 * Val loss 0.506, Total time 0.00
Epoch:13
LR: 2.5e-05
LR: 0.00025
LR: 0.000125
Itr		Time		  Data		  Loss		Acc
[0/157]	0.1202 (0.1202)	0.0100 (0.0100)	0.433 (0.433)	84.38 (84.38)
C-Flat stats | raw_grad: 6.352408 | projected_target: 6.352408 | g_0: 6.352408 | g_1: 7.401670 | g_2: 8.125930 | final: 7.404056 | e_w_0: 0.020000 | e_w_1_2: 0.036543 | target_ratio: 1.0000
[100/157]	0.1298 (0.1231)	0.0112 (0.0118)	0.515 (0.397)	81.25 (86.91)
C-Flat stats | raw_grad: 5.969650 | projected_target: 5.969650 | g_0: 5.969650 | g_1: 7.023347 | g_2: 7.668276 | final: 7.037418 | e_w_0: 0.020000 | e_w_1_2: 0.036697 | target_ratio: 1.0000
[156/157]	0.1171 (0.1238)	0.0047 (0.0122)	0.773 (0.400)	62.50 (86.88)
C-Flat stats | raw_grad: 15.406434 | projected_target: 15.406434 | g_0: 15.406434 | g_1: 18.766428 | g_2: 20.408365 | final: 18.797775 | e_w_0: 0.020000 | e_w_1_2: 0.037266 | target_ratio: 1.0000
 * Train Acc 86.880
 * Val Acc 82.200, Total time 0.79
 * Val loss 0.542, Total time 0.00
Epoch:14
LR: 2.5e-05
LR: 0.00025
LR: 0.000125
Itr		Time		  Data		  Loss		Acc
[0/157]	0.1270 (0.1270)	0.0126 (0.0126)	0.343 (0.343)	87.50 (87.50)
C-Flat stats | raw_grad: 4.337362 | projected_target: 4.337362 | g_0: 4.337362 | g_1: 5.031985 | g_2: 5.549584 | final: 5.042387 | e_w_0: 0.020000 | e_w_1_2: 0.036503 | target_ratio: 1.0000
[100/157]	0.1123 (0.1230)	0.0115 (0.0122)	0.134 (0.379)	96.88 (87.90)
C-Flat stats | raw_grad: 2.364263 | projected_target: 2.364263 | g_0: 2.364263 | g_1: 3.246192 | g_2: 3.593546 | final: 3.266540 | e_w_0: 0.020000 | e_w_1_2: 0.038563 | target_ratio: 1.0000
[156/157]	0.1147 (0.1214)	0.0036 (0.0120)	0.471 (0.379)	87.50 (87.62)
C-Flat stats | raw_grad: 14.263830 | projected_target: 14.263830 | g_0: 14.263830 | g_1: 16.640860 | g_2: 18.900179 | final: 16.660315 | e_w_0: 0.020000 | e_w_1_2: 0.035624 | target_ratio: 1.0000
 * Train Acc 87.620
 * Val Acc 84.000, Total time 0.81
 * Val loss 0.492, Total time 0.00
Classifier Optimizer is reset!
reserving basis 6/27; cond: 344754.5, radio:6.336693331832066e-05
reserving basis 95/576; cond: 10811160.0, radio:4.12392255384475e-05
reserving basis 266/576; cond: 659223.0625, radio:0.0015382455894723535
reserving basis 242/576; cond: 1286752.5, radio:0.0007548289140686393
reserving basis 323/576; cond: 292100.5625, radio:0.003977010026574135
reserving basis 321/576; cond: 560229.25, radio:0.0020205629989504814
reserving basis 840/1152; cond: 319873.78125, radio:0.00796002522110939
reserving basis 45/64; cond: 9304.8427734375, radio:0.013178598135709763
reserving basis 832/1152; cond: 331452.75, radio:0.008019080385565758
reserving basis 881/1152; cond: 243239.234375, radio:0.01112869568169117
reserving basis 839/1152; cond: 368073.0625, radio:0.007063360419124365
reserving basis 1591/2304; cond: 750019.6875, radio:0.006577938329428434
reserving basis 101/128; cond: 14319.48046875, radio:0.017250770702958107
reserving basis 1618/2304; cond: 684957.875, radio:0.007076121401041746
reserving basis 1607/2304; cond: 672171.9375, radio:0.0070486213080585
reserving basis 129/2304; cond: 113977312.0, radio:4.16850161855109e-06
reserving basis 3/4608; cond: 2785533231104.0, radio:1.9604404905004813e-12
reserving basis 202/256; cond: 45215.375, radio:0.012271557003259659
reserving basis 5/4608; cond: 2954917314560.0, radio:5.876291640782849e-12
reserving basis 17/4608; cond: 479200509952.0, radio:9.285286428628581e-11
computing EWC
validation split name: 1
 * Val Acc 84.000, Total time 0.53
 * Val loss 0.492, Total time 0.00
**************************************************
training split name: 1
 * Val Acc 91.160, Total time 2.26
 * Val loss 0.293, Total time 0.00
**************************************************
====================== 2 =======================
Epoch:0
LR: 5e-05
LR: 0.001
LR: 0.0005
Itr		Time		  Data		  Loss		Acc
[0/157]	5.0178 (5.0178)	0.0115 (0.0115)	2.389 (2.389)	3.12 (3.12)
C-Flat stats | raw_grad: 2.933663 | projected_target: 2.933663 | g_0: 2.933663 | g_1: 3.002562 | g_2: 3.042502 | final: 3.003986 | e_w_0: 0.020000 | e_w_1_2: 0.033091 | target_ratio: 1.0000
[100/157]	0.0944 (0.1563)	0.0098 (0.0119)	1.471 (1.783)	56.25 (37.16)
C-Flat stats | raw_grad: 4.786940 | projected_target: 4.786940 | g_0: 4.786940 | g_1: 4.948825 | g_2: 5.381446 | final: 4.947752 | e_w_0: 0.020000 | e_w_1_2: 0.031490 | target_ratio: 1.0000
[156/157]	0.2287 (0.1380)	0.0037 (0.0120)	1.730 (1.705)	62.50 (39.50)
C-Flat stats | raw_grad: 8.478965 | projected_target: 8.478965 | g_0: 8.478965 | g_1: 8.640007 | g_2: 9.222722 | final: 8.646688 | e_w_0: 0.020000 | e_w_1_2: 0.029552 | target_ratio: 1.0000
 * Train Acc 39.500
 * Val Acc 50.600, Total time 0.38
 * Val loss 1.431, Total time 0.00
Epoch:1
LR: 5e-05
LR: 0.001
LR: 0.0005
Itr		Time		  Data		  Loss		Acc
[0/157]	0.1623 (0.1623)	0.0113 (0.0113)	1.475 (1.475)	56.25 (56.25)
C-Flat stats | raw_grad: 5.445701 | projected_target: 5.445701 | g_0: 5.445701 | g_1: 5.780756 | g_2: 6.112607 | final: 5.785556 | e_w_0: 0.020000 | e_w_1_2: 0.033764 | target_ratio: 1.0000
[100/157]	0.0899 (0.1045)	0.0086 (0.0116)	1.404 (1.520)	50.00 (47.59)
C-Flat stats | raw_grad: 5.739613 | projected_target: 5.739613 | g_0: 5.739613 | g_1: 5.971324 | g_2: 6.317864 | final: 5.973900 | e_w_0: 0.020000 | e_w_1_2: 0.031755 | target_ratio: 1.0000
[156/157]	0.1070 (0.1025)	0.0040 (0.0115)	1.488 (1.498)	37.50 (48.54)
C-Flat stats | raw_grad: 9.596972 | projected_target: 9.596972 | g_0: 9.596972 | g_1: 10.627427 | g_2: 11.371572 | final: 10.635557 | e_w_0: 0.020000 | e_w_1_2: 0.035339 | target_ratio: 1.0000
 * Train Acc 48.540
 * Val Acc 50.400, Total time 0.33
 * Val loss 1.370, Total time 0.00
Epoch:2
LR: 5e-05
LR: 0.001
LR: 0.0005
Itr		Time		  Data		  Loss		Acc
[0/157]	0.0945 (0.0945)	0.0121 (0.0121)	1.311 (1.311)	50.00 (50.00)
C-Flat stats | raw_grad: 5.399371 | projected_target: 5.399371 | g_0: 5.399371 | g_1: 5.819188 | g_2: 6.180734 | final: 5.824327 | e_w_0: 0.020000 | e_w_1_2: 0.034254 | target_ratio: 1.0000
[100/157]	0.1095 (0.1034)	0.0111 (0.0128)	1.334 (1.453)	56.25 (49.20)
C-Flat stats | raw_grad: 5.222386 | projected_target: 5.222386 | g_0: 5.222386 | g_1: 5.614668 | g_2: 5.942568 | final: 5.618557 | e_w_0: 0.020000 | e_w_1_2: 0.034554 | target_ratio: 1.0000
[156/157]	0.1022 (0.1041)	0.0038 (0.0128)	1.277 (1.444)	62.50 (50.00)
C-Flat stats | raw_grad: 11.172122 | projected_target: 11.172122 | g_0: 11.172122 | g_1: 12.477982 | g_2: 13.605819 | final: 12.500315 | e_w_0: 0.020000 | e_w_1_2: 0.034516 | target_ratio: 1.0000
 * Train Acc 50.000
 * Val Acc 53.700, Total time 0.32
 * Val loss 1.304, Total time 0.00
Epoch:3
LR: 5e-05
LR: 0.001
LR: 0.0005
Itr		Time		  Data		  Loss		Acc
[0/157]	0.1291 (0.1291)	0.0110 (0.0110)	1.473 (1.473)	50.00 (50.00)
C-Flat stats | raw_grad: 6.371745 | projected_target: 6.371745 | g_0: 6.371745 | g_1: 6.661674 | g_2: 6.984655 | final: 6.665899 | e_w_0: 0.020000 | e_w_1_2: 0.032248 | target_ratio: 1.0000
[100/157]	0.1153 (0.0994)	0.0111 (0.0113)	1.469 (1.431)	46.88 (50.62)
C-Flat stats | raw_grad: 6.060627 | projected_target: 6.060627 | g_0: 6.060627 | g_1: 6.389920 | g_2: 6.787928 | final: 6.391045 | e_w_0: 0.020000 | e_w_1_2: 0.033162 | target_ratio: 1.0000
[156/157]	0.0983 (0.1002)	0.0042 (0.0114)	1.341 (1.416)	25.00 (51.26)
C-Flat stats | raw_grad: 10.314803 | projected_target: 10.314803 | g_0: 10.314803 | g_1: 11.677444 | g_2: 12.627713 | final: 11.684793 | e_w_0: 0.020000 | e_w_1_2: 0.035674 | target_ratio: 1.0000
 * Train Acc 51.260
 * Val Acc 55.600, Total time 0.35
 * Val loss 1.279, Total time 0.00
Epoch:4
LR: 5e-05
LR: 0.001
LR: 0.0005
Itr		Time		  Data		  Loss		Acc
[0/157]	0.0974 (0.0974)	0.0109 (0.0109)	1.056 (1.056)	68.75 (68.75)
C-Flat stats | raw_grad: 4.989287 | projected_target: 4.989287 | g_0: 4.989287 | g_1: 5.298286 | g_2: 5.662883 | final: 5.301005 | e_w_0: 0.020000 | e_w_1_2: 0.032943 | target_ratio: 1.0000
[100/157]	0.1022 (0.1019)	0.0110 (0.0124)	1.522 (1.374)	50.00 (52.26)
C-Flat stats | raw_grad: 5.938654 | projected_target: 5.938654 | g_0: 5.938654 | g_1: 6.216389 | g_2: 6.658027 | final: 6.219960 | e_w_0: 0.020000 | e_w_1_2: 0.032270 | target_ratio: 1.0000
[156/157]	0.1046 (0.1033)	0.0036 (0.0123)	1.277 (1.384)	50.00 (52.46)
C-Flat stats | raw_grad: 11.139183 | projected_target: 11.139183 | g_0: 11.139183 | g_1: 12.217731 | g_2: 13.173698 | final: 12.225396 | e_w_0: 0.020000 | e_w_1_2: 0.033766 | target_ratio: 1.0000
 * Train Acc 52.460
 * Val Acc 56.100, Total time 0.34
 * Val loss 1.260, Total time 0.00
Epoch:5
LR: 5e-05
LR: 0.001
LR: 0.0005
Itr		Time		  Data		  Loss		Acc
[0/157]	0.0904 (0.0904)	0.0115 (0.0115)	1.247 (1.247)	53.12 (53.12)
C-Flat stats | raw_grad: 6.319466 | projected_target: 6.319466 | g_0: 6.319466 | g_1: 6.742931 | g_2: 7.105565 | final: 6.746263 | e_w_0: 0.020000 | e_w_1_2: 0.034082 | target_ratio: 1.0000
[100/157]	0.1159 (0.1053)	0.0123 (0.0119)	1.430 (1.325)	50.00 (54.80)
C-Flat stats | raw_grad: 5.822106 | projected_target: 5.822106 | g_0: 5.822106 | g_1: 6.111713 | g_2: 6.435145 | final: 6.114564 | e_w_0: 0.020000 | e_w_1_2: 0.032554 | target_ratio: 1.0000
[156/157]	0.0927 (0.1043)	0.0041 (0.0121)	1.111 (1.343)	62.50 (53.78)
C-Flat stats | raw_grad: 9.107264 | projected_target: 9.107264 | g_0: 9.107264 | g_1: 10.207191 | g_2: 11.020261 | final: 10.215142 | e_w_0: 0.020000 | e_w_1_2: 0.035062 | target_ratio: 1.0000
 * Train Acc 53.780
 * Val Acc 58.200, Total time 0.34
 * Val loss 1.235, Total time 0.00
Epoch:6
LR: 2.5e-05
LR: 0.0005
LR: 0.00025
Itr		Time		  Data		  Loss		Acc
[0/157]	0.0907 (0.0907)	0.0131 (0.0131)	1.294 (1.294)	56.25 (56.25)
C-Flat stats | raw_grad: 5.633726 | projected_target: 5.633726 | g_0: 5.633726 | g_1: 5.900342 | g_2: 6.270280 | final: 5.903510 | e_w_0: 0.020000 | e_w_1_2: 0.031888 | target_ratio: 1.0000
[100/157]	0.1045 (0.1016)	0.0111 (0.0129)	1.506 (1.326)	56.25 (55.88)
C-Flat stats | raw_grad: 5.776813 | projected_target: 5.776813 | g_0: 5.776813 | g_1: 6.076122 | g_2: 6.421614 | final: 6.077335 | e_w_0: 0.020000 | e_w_1_2: 0.032923 | target_ratio: 1.0000
[156/157]	0.0710 (0.1008)	0.0041 (0.0126)	1.451 (1.334)	50.00 (54.80)
C-Flat stats | raw_grad: 11.577662 | projected_target: 11.577662 | g_0: 11.577662 | g_1: 12.733393 | g_2: 13.777991 | final: 12.747761 | e_w_0: 0.020000 | e_w_1_2: 0.034291 | target_ratio: 1.0000
 * Train Acc 54.800
 * Val Acc 57.900, Total time 0.32
 * Val loss 1.219, Total time 0.00
Epoch:7
LR: 2.5e-05
LR: 0.0005
LR: 0.00025
Itr		Time		  Data		  Loss		Acc
[0/157]	0.0843 (0.0843)	0.0111 (0.0111)	1.080 (1.080)	75.00 (75.00)
C-Flat stats | raw_grad: 6.137850 | projected_target: 6.137850 | g_0: 6.137850 | g_1: 6.533048 | g_2: 7.062141 | final: 6.539047 | e_w_0: 0.020000 | e_w_1_2: 0.032854 | target_ratio: 1.0000
[100/157]	0.1337 (0.0995)	0.0117 (0.0119)	1.287 (1.331)	46.88 (55.38)
C-Flat stats | raw_grad: 5.448729 | projected_target: 5.448729 | g_0: 5.448729 | g_1: 5.749967 | g_2: 6.105807 | final: 5.751569 | e_w_0: 0.020000 | e_w_1_2: 0.033382 | target_ratio: 1.0000
[156/157]	0.0952 (0.1028)	0.0037 (0.0121)	1.333 (1.333)	62.50 (54.66)
C-Flat stats | raw_grad: 10.418306 | projected_target: 10.418306 | g_0: 10.418306 | g_1: 11.625506 | g_2: 12.536331 | final: 11.639690 | e_w_0: 0.020000 | e_w_1_2: 0.034989 | target_ratio: 1.0000
 * Train Acc 54.660
 * Val Acc 57.300, Total time 0.39
 * Val loss 1.223, Total time 0.00
Epoch:8
LR: 2.5e-05
LR: 0.0005
LR: 0.00025
Itr		Time		  Data		  Loss		Acc
[0/157]	0.0979 (0.0979)	0.0113 (0.0113)	1.326 (1.326)	50.00 (50.00)
C-Flat stats | raw_grad: 5.142056 | projected_target: 5.142056 | g_0: 5.142056 | g_1: 5.336504 | g_2: 5.536707 | final: 5.340739 | e_w_0: 0.020000 | e_w_1_2: 0.031779 | target_ratio: 1.0000
[100/157]	0.1330 (0.1027)	0.0090 (0.0120)	1.129 (1.329)	68.75 (54.49)
C-Flat stats | raw_grad: 5.554001 | projected_target: 5.554001 | g_0: 5.554001 | g_1: 6.040941 | g_2: 6.462200 | final: 6.046116 | e_w_0: 0.020000 | e_w_1_2: 0.034692 | target_ratio: 1.0000
[156/157]	0.0952 (0.1030)	0.0042 (0.0120)	1.383 (1.322)	62.50 (54.94)
C-Flat stats | raw_grad: 11.025029 | projected_target: 11.025029 | g_0: 11.025029 | g_1: 11.546656 | g_2: 12.381790 | final: 11.555238 | e_w_0: 0.020000 | e_w_1_2: 0.031368 | target_ratio: 1.0000
 * Train Acc 54.940
 * Val Acc 58.300, Total time 0.36
 * Val loss 1.207, Total time 0.00
Epoch:9
LR: 2.5e-05
LR: 0.0005
LR: 0.00025
Itr		Time		  Data		  Loss		Acc
[0/157]	0.1048 (0.1048)	0.0195 (0.0195)	1.167 (1.167)	71.88 (71.88)
C-Flat stats | raw_grad: 5.461696 | projected_target: 5.461696 | g_0: 5.461696 | g_1: 5.827754 | g_2: 6.134864 | final: 5.830976 | e_w_0: 0.020000 | e_w_1_2: 0.033972 | target_ratio: 1.0000
[100/157]	0.0793 (0.1005)	0.0092 (0.0118)	1.091 (1.320)	62.50 (55.45)
C-Flat stats | raw_grad: 5.156085 | projected_target: 5.156085 | g_0: 5.156085 | g_1: 5.461226 | g_2: 5.662262 | final: 5.468755 | e_w_0: 0.020000 | e_w_1_2: 0.032550 | target_ratio: 1.0000
