Files already downloaded and verified
Files already downloaded and verified
split_boundaries: [0, 10, 20, 30, 40, 50, 60, 70, 80, 90, 100]
{'1': [0, 1, 2, 3, 4, 5, 6, 7, 8, 9], '2': [10, 11, 12, 13, 14, 15, 16, 17, 18, 19], '3': [20, 21, 22, 23, 24, 25, 26, 27, 28, 29], '4': [30, 31, 32, 33, 34, 35, 36, 37, 38, 39], '5': [40, 41, 42, 43, 44, 45, 46, 47, 48, 49], '6': [50, 51, 52, 53, 54, 55, 56, 57, 58, 59], '7': [60, 61, 62, 63, 64, 65, 66, 67, 68, 69], '8': [70, 71, 72, 73, 74, 75, 76, 77, 78, 79], '9': [80, 81, 82, 83, 84, 85, 86, 87, 88, 89], '10': [90, 91, 92, 93, 94, 95, 96, 97, 98, 99]}
{'model_lr': 0.0001, 'momentum': 0, 'model_weight_decay': 5e-05, 'schedule': [1], 'model_type': 'resnet', 'model_name': 'resnet18', 'model_weights': None, 'out_dim': {'1': 10, '2': 10, '3': 10, '4': 10, '5': 10, '6': 10, '7': 10, '8': 10, '9': 10, '10': 10}, 'model_optimizer': 'Adam', 'print_freq': 1.0, 'gpu': True, 'with_head': False, 'reset_model_opt': True, 'reg_coef': 100.0, 'head_lr': 0.001, 'svd_lr': 5e-05, 'bn_lr': 0.0005, 'svd_thres': 10.0, 'gamma': 0.5, 'dataset_name': 'CIFAR100_10_10', 'use_cflat': True, 'cflat_rho': 0.05, 'cflat_lambda': 0.05, 'cflat_eps': 1e-12, 'cflat_adaptive': False, 'cflat_bn_mode': 'disable_running_stats', 'cflat_on_total_loss': False, 'cflat_debug': True, 'max_train_batches': 2, 'max_eval_batches': 1}
#param of model:11218340
Task order: ['1']
====================== 1 =======================
Epoch:0
LR: 0.0001
LR: 0.001
LR: 0.0005
Itr		Time		  Data		  Loss		Acc
[0/40]	0.9441 (0.9441)	0.0884 (0.0884)	2.342 (2.342)	12.50 (12.50)
C-Flat stats | raw_grad: 2.806322 | g_0: 2.806322 | g_1: 2.854342 | g_2: 3.062590 | final: 2.869094 | e_w_0: 0.050000 | e_w_1_2: 0.067420
[1/40]	0.1317 (0.5379)	0.0371 (0.0627)	2.278 (2.310)	17.97 (15.23)
C-Flat stats | raw_grad: 2.437734 | g_0: 2.437734 | g_1: 2.459922 | g_2: 2.510628 | final: 2.465071 | e_w_0: 0.050000 | e_w_1_2: 0.068683
 * Train Acc 15.234
 * Val Acc 0.781, Total time 0.03
 * Val loss 2.297, Total time 0.00
Classifier Optimizer is reset!
reserving basis 6/27; cond: 534415.5625, radio:3.947064760723151e-05
reserving basis 265/576; cond: 18710124.0, radio:5.614004476228729e-05
reserving basis 304/576; cond: 4299424.0, radio:0.00027202023193240166
reserving basis 274/576; cond: 12707105.0, radio:8.356844045920298e-05
reserving basis 269/576; cond: 5872308.5, radio:0.00019950256682932377
reserving basis 266/576; cond: 14740569.0, radio:7.026452658465132e-05
reserving basis 648/1152; cond: 9996479.0, radio:0.0002396289346506819
reserving basis 40/64; cond: 170101.921875, radio:0.0007445442024618387
reserving basis 445/1152; cond: 17184440.0, radio:0.0001227554603246972
reserving basis 745/1152; cond: 3040762.25, radio:0.0007958126370795071
reserving basis 302/1152; cond: 41620392.0, radio:3.349188409629278e-05
reserving basis 9/2304; cond: 3788742144.0, radio:1.3880752547379416e-08
reserving basis 52/128; cond: 901572.0625, radio:0.000280222506262362
reserving basis 6/2304; cond: 8287341056.0, radio:2.2596213788972364e-09
reserving basis 3/2304; cond: 12496312320.0, radio:8.409255514152392e-10
reserving basis 13/2304; cond: 2284137480192.0, radio:2.36837424671954e-11
reserving basis 11/4608; cond: 20495487467520.0, radio:1.7829113836340116e-12
reserving basis 41/256; cond: 9820277.0, radio:2.2450283722719178e-05
reserving basis 21/4608; cond: 292075056660480.0, radio:2.1532233461518668e-13
reserving basis 27/4608; cond: inf, radio:0.0
computing EWC
validation split name: 1
 * Val Acc 0.781, Total time 0.03
 * Val loss 2.297, Total time 0.00
**************************************************
training split name: 1
 * Val Acc 0.781, Total time 0.04
 * Val loss 2.290, Total time 0.00
**************************************************
OrderedDict([('1', OrderedDict([('1', 0.78125)]))])
Task 1 average acc: 0.78125
Task 1 backward transfer: 0
===Summary of experiment repeats: 1 / 1 ===
The last avg acc of all repeats: [0.78125]
The last bwt of all repeats: [0.]
acc mean: 0.78125 acc std: 0.0
bwt mean: 0.0 bwt std: 0.0
