Files already downloaded and verified
Files already downloaded and verified
split_boundaries: [0, 10, 20, 30, 40, 50, 60, 70, 80, 90, 100]
{'1': [0, 1, 2, 3, 4, 5, 6, 7, 8, 9], '2': [10, 11, 12, 13, 14, 15, 16, 17, 18, 19], '3': [20, 21, 22, 23, 24, 25, 26, 27, 28, 29], '4': [30, 31, 32, 33, 34, 35, 36, 37, 38, 39], '5': [40, 41, 42, 43, 44, 45, 46, 47, 48, 49], '6': [50, 51, 52, 53, 54, 55, 56, 57, 58, 59], '7': [60, 61, 62, 63, 64, 65, 66, 67, 68, 69], '8': [70, 71, 72, 73, 74, 75, 76, 77, 78, 79], '9': [80, 81, 82, 83, 84, 85, 86, 87, 88, 89], '10': [90, 91, 92, 93, 94, 95, 96, 97, 98, 99]}
{'model_lr': 0.0001, 'momentum': 0, 'model_weight_decay': 5e-05, 'schedule': [5, 10, 15], 'model_type': 'resnet', 'model_name': 'resnet18', 'model_weights': None, 'out_dim': {'1': 10, '2': 10, '3': 10, '4': 10, '5': 10, '6': 10, '7': 10, '8': 10, '9': 10, '10': 10}, 'model_optimizer': 'Adam', 'print_freq': 100.0, 'gpu': True, 'with_head': False, 'reset_model_opt': True, 'reg_coef': 100.0, 'head_lr': 0.001, 'svd_lr': 5e-05, 'bn_lr': 0.0005, 'svd_thres': 10.0, 'gamma': 0.5, 'dataset_name': 'CIFAR100_10_10', 'use_cflat': False, 'cflat_rho': 0.2, 'cflat_lambda': 0.2, 'cflat_eps': 1e-12, 'cflat_adaptive': False, 'cflat_bn_mode': 'disable_running_stats', 'cflat_debug': False, 'max_train_batches': 0, 'max_eval_batches': 0}
#param of model:11218340
Task order: ['1', '2', '3']
====================== 1 =======================
Epoch:0
LR: 0.0001
LR: 0.001
LR: 0.0005
Itr		Time		  Data		  Loss		Acc
[0/157]	1.9945 (1.9945)	0.2715 (0.2715)	2.446 (2.446)	3.12 (3.12)
[100/157]	0.0257 (0.0479)	0.0093 (0.0127)	1.930 (1.858)	40.62 (35.52)
[156/157]	0.2189 (0.0419)	0.0028 (0.0116)	1.957 (1.749)	25.00 (39.08)
 * Train Acc 39.080
 * Val Acc 46.500, Total time 0.32
 * Val loss 1.690, Total time 0.00
Epoch:1
LR: 0.0001
LR: 0.001
LR: 0.0005
Itr		Time		  Data		  Loss		Acc
[0/157]	0.0328 (0.0328)	0.0098 (0.0098)	1.626 (1.626)	50.00 (50.00)
[100/157]	0.0246 (0.0267)	0.0095 (0.0100)	1.187 (1.404)	56.25 (52.88)
[156/157]	0.0170 (0.0273)	0.0034 (0.0100)	1.247 (1.350)	62.50 (54.40)
 * Train Acc 54.400
 * Val Acc 60.300, Total time 0.37
 * Val loss 1.221, Total time 0.00
Epoch:2
LR: 0.0001
LR: 0.001
LR: 0.0005
Itr		Time		  Data		  Loss		Acc
[0/157]	0.0276 (0.0276)	0.0091 (0.0091)	1.091 (1.091)	65.62 (65.62)
[100/157]	0.0318 (0.0263)	0.0097 (0.0097)	1.004 (1.146)	68.75 (62.04)
[156/157]	0.0172 (0.0262)	0.0027 (0.0097)	1.122 (1.154)	62.50 (61.62)
 * Train Acc 61.620
 * Val Acc 64.000, Total time 0.29
 * Val loss 1.041, Total time 0.00
Epoch:3
LR: 0.0001
LR: 0.001
LR: 0.0005
Itr		Time		  Data		  Loss		Acc
[0/157]	0.0215 (0.0215)	0.0088 (0.0088)	1.402 (1.402)	40.62 (40.62)
[100/157]	0.0235 (0.0253)	0.0093 (0.0095)	1.052 (1.001)	56.25 (66.18)
[156/157]	0.0173 (0.0254)	0.0029 (0.0095)	0.889 (0.995)	75.00 (66.74)
 * Train Acc 66.740
 * Val Acc 63.700, Total time 0.33
 * Val loss 1.071, Total time 0.00
Epoch:4
LR: 0.0001
LR: 0.001
LR: 0.0005
Itr		Time		  Data		  Loss		Acc
[0/157]	0.0215 (0.0215)	0.0087 (0.0087)	0.891 (0.891)	68.75 (68.75)
[100/157]	0.0257 (0.0247)	0.0089 (0.0093)	1.024 (0.900)	68.75 (69.93)
[156/157]	0.0211 (0.0248)	0.0027 (0.0094)	1.088 (0.888)	50.00 (69.92)
 * Train Acc 69.920
 * Val Acc 73.900, Total time 0.32
 * Val loss 0.813, Total time 0.00
Epoch:5
LR: 0.0001
LR: 0.001
LR: 0.0005
Itr		Time		  Data		  Loss		Acc
[0/157]	0.0235 (0.0235)	0.0092 (0.0092)	0.613 (0.613)	84.38 (84.38)
[100/157]	0.0215 (0.0249)	0.0086 (0.0096)	0.802 (0.720)	68.75 (76.08)
[156/157]	0.0152 (0.0249)	0.0025 (0.0096)	0.782 (0.706)	75.00 (76.34)
 * Train Acc 76.340
 * Val Acc 77.100, Total time 0.27
 * Val loss 0.678, Total time 0.00
Epoch:6
LR: 5e-05
LR: 0.0005
LR: 0.00025
Itr		Time		  Data		  Loss		Acc
[0/157]	0.0214 (0.0214)	0.0088 (0.0088)	0.481 (0.481)	84.38 (84.38)
[100/157]	0.0221 (0.0237)	0.0090 (0.0093)	0.515 (0.615)	93.75 (80.29)
[156/157]	0.0160 (0.0234)	0.0028 (0.0093)	0.559 (0.633)	87.50 (79.20)
 * Train Acc 79.200
 * Val Acc 75.800, Total time 0.31
 * Val loss 0.729, Total time 0.00
Epoch:7
LR: 5e-05
LR: 0.0005
LR: 0.00025
Itr		Time		  Data		  Loss		Acc
[0/157]	0.0339 (0.0339)	0.0116 (0.0116)	0.424 (0.424)	84.38 (84.38)
[100/157]	0.0240 (0.0257)	0.0092 (0.0097)	0.477 (0.551)	84.38 (81.68)
[156/157]	0.0165 (0.0263)	0.0029 (0.0098)	1.013 (0.575)	75.00 (80.68)
 * Train Acc 80.680
 * Val Acc 80.200, Total time 0.35
 * Val loss 0.617, Total time 0.00
Epoch:8
LR: 5e-05
LR: 0.0005
LR: 0.00025
Itr		Time		  Data		  Loss		Acc
[0/157]	0.0240 (0.0240)	0.0087 (0.0087)	0.697 (0.697)	81.25 (81.25)
[100/157]	0.0312 (0.0260)	0.0097 (0.0097)	0.330 (0.563)	90.62 (80.45)
[156/157]	0.0206 (0.0254)	0.0031 (0.0095)	1.698 (0.567)	62.50 (80.64)
 * Train Acc 80.640
 * Val Acc 76.400, Total time 0.32
 * Val loss 0.693, Total time 0.00
Epoch:9
LR: 5e-05
LR: 0.0005
LR: 0.00025
Itr		Time		  Data		  Loss		Acc
[0/157]	0.0256 (0.0256)	0.0087 (0.0087)	0.556 (0.556)	78.12 (78.12)
[100/157]	0.0213 (0.0262)	0.0087 (0.0097)	0.571 (0.524)	75.00 (81.93)
[156/157]	0.0163 (0.0263)	0.0027 (0.0096)	0.918 (0.527)	62.50 (81.88)
 * Train Acc 81.880
 * Val Acc 81.600, Total time 0.31
 * Val loss 0.596, Total time 0.00
Epoch:10
LR: 5e-05
LR: 0.0005
LR: 0.00025
Itr		Time		  Data		  Loss		Acc
[0/157]	0.0289 (0.0289)	0.0094 (0.0094)	0.405 (0.405)	84.38 (84.38)
[100/157]	0.0284 (0.0257)	0.0096 (0.0095)	0.616 (0.420)	75.00 (85.74)
[156/157]	0.0157 (0.0258)	0.0026 (0.0096)	0.795 (0.429)	75.00 (85.66)
 * Train Acc 85.660
 * Val Acc 82.400, Total time 0.32
 * Val loss 0.530, Total time 0.00
Epoch:11
LR: 2.5e-05
LR: 0.00025
LR: 0.000125
Itr		Time		  Data		  Loss		Acc
[0/157]	0.0220 (0.0220)	0.0092 (0.0092)	0.403 (0.403)	93.75 (93.75)
[100/157]	0.0278 (0.0254)	0.0090 (0.0095)	0.400 (0.382)	84.38 (86.79)
[156/157]	0.0181 (0.0251)	0.0027 (0.0094)	0.426 (0.381)	87.50 (87.24)
 * Train Acc 87.240
 * Val Acc 81.300, Total time 0.34
 * Val loss 0.582, Total time 0.00
Epoch:12
LR: 2.5e-05
LR: 0.00025
LR: 0.000125
Itr		Time		  Data		  Loss		Acc
[0/157]	0.0257 (0.0257)	0.0107 (0.0107)	0.315 (0.315)	90.62 (90.62)
[100/157]	0.0240 (0.0259)	0.0091 (0.0097)	0.227 (0.372)	96.88 (87.87)
[156/157]	0.0159 (0.0259)	0.0026 (0.0097)	1.110 (0.366)	50.00 (87.78)
 * Train Acc 87.780
 * Val Acc 82.300, Total time 0.32
 * Val loss 0.545, Total time 0.00
Epoch:13
LR: 2.5e-05
LR: 0.00025
LR: 0.000125
Itr		Time		  Data		  Loss		Acc
[0/157]	0.0277 (0.0277)	0.0088 (0.0088)	0.456 (0.456)	84.38 (84.38)
[100/157]	0.0318 (0.0261)	0.0100 (0.0096)	0.466 (0.354)	81.25 (87.47)
[156/157]	0.0167 (0.0259)	0.0031 (0.0096)	0.999 (0.358)	37.50 (87.26)
 * Train Acc 87.260
 * Val Acc 83.600, Total time 0.32
 * Val loss 0.546, Total time 0.00
Epoch:14
LR: 2.5e-05
LR: 0.00025
LR: 0.000125
Itr		Time		  Data		  Loss		Acc
[0/157]	0.0223 (0.0223)	0.0088 (0.0088)	0.273 (0.273)	87.50 (87.50)
[100/157]	0.0251 (0.0252)	0.0089 (0.0096)	0.076 (0.335)	100.00 (88.86)
[156/157]	0.0150 (0.0252)	0.0027 (0.0095)	0.459 (0.338)	87.50 (88.60)
 * Train Acc 88.600
 * Val Acc 83.100, Total time 0.32
 * Val loss 0.525, Total time 0.00
Classifier Optimizer is reset!
reserving basis 6/27; cond: 344754.5, radio:6.336693331832066e-05
reserving basis 100/576; cond: 10815621.0, radio:4.2665007640607655e-05
reserving basis 233/576; cond: 859990.0, radio:0.0011128104524686933
reserving basis 233/576; cond: 1353521.125, radio:0.0006954482523724437
reserving basis 313/576; cond: 312785.5, radio:0.0036851228214800358
reserving basis 322/576; cond: 551041.9375, radio:0.0020535492803901434
reserving basis 840/1152; cond: 300472.3125, radio:0.00850007589906454
reserving basis 44/64; cond: 10075.53125, radio:0.012446736916899681
reserving basis 888/1152; cond: 232558.53125, radio:0.011057639494538307
reserving basis 903/1152; cond: 188351.953125, radio:0.014326824806630611
reserving basis 866/1152; cond: 287050.59375, radio:0.00914163887500763
reserving basis 1671/2304; cond: 535355.3125, radio:0.009517760016024113
reserving basis 104/128; cond: 11683.322265625, radio:0.021773304790258408
reserving basis 1662/2304; cond: 522512.0625, radio:0.00944255106151104
reserving basis 1662/2304; cond: 534197.6875, radio:0.008897481486201286
reserving basis 128/2304; cond: 91384048.0, radio:4.9341820158588234e-06
reserving basis 2/4608; cond: 4250287734784.0, radio:5.748831315502412e-13
reserving basis 206/256; cond: 37460.41796875, radio:0.01476074755191803
reserving basis 14/4608; cond: 775378763776.0, radio:5.4506819197053247e-11
reserving basis 2/4608; cond: 9183803998208.0, radio:4.2356350089638173e-13
computing EWC
validation split name: 1
 * Val Acc 83.100, Total time 0.32
 * Val loss 0.525, Total time 0.00
**************************************************
training split name: 1
 * Val Acc 92.200, Total time 2.04
 * Val loss 0.231, Total time 0.00
**************************************************
====================== 2 =======================
Epoch:0
LR: 5e-05
LR: 0.001
LR: 0.0005
Itr		Time		  Data		  Loss		Acc
[0/157]	0.0803 (0.0803)	0.0088 (0.0088)	2.419 (2.419)	3.12 (3.12)
[100/157]	0.0313 (0.0374)	0.0089 (0.0103)	1.430 (1.777)	53.12 (37.90)
[156/157]	0.0686 (0.0385)	0.0113 (0.0105)	1.979 (1.708)	62.50 (39.62)
 * Train Acc 39.620
 * Val Acc 49.800, Total time 0.42
 * Val loss 1.449, Total time 0.00
Epoch:1
LR: 5e-05
LR: 0.001
LR: 0.0005
Itr		Time		  Data		  Loss		Acc
[0/157]	0.0466 (0.0466)	0.0113 (0.0113)	1.569 (1.569)	37.50 (37.50)
[100/157]	0.0342 (0.0401)	0.0087 (0.0108)	1.493 (1.529)	50.00 (45.92)
[156/157]	0.0278 (0.0410)	0.0046 (0.0110)	1.250 (1.512)	50.00 (46.76)
 * Train Acc 46.760
 * Val Acc 49.200, Total time 0.37
 * Val loss 1.400, Total time 0.00
Epoch:2
LR: 5e-05
LR: 0.001
LR: 0.0005
Itr		Time		  Data		  Loss		Acc
[0/157]	0.0365 (0.0365)	0.0089 (0.0089)	1.256 (1.256)	59.38 (59.38)
[100/157]	0.0504 (0.0419)	0.0147 (0.0117)	1.269 (1.465)	62.50 (48.11)
[156/157]	0.0239 (0.0416)	0.0028 (0.0115)	1.631 (1.458)	37.50 (48.88)
 * Train Acc 48.880
 * Val Acc 51.500, Total time 0.38
 * Val loss 1.346, Total time 0.00
Epoch:3
LR: 5e-05
LR: 0.001
LR: 0.0005
Itr		Time		  Data		  Loss		Acc
[0/157]	0.0364 (0.0364)	0.0090 (0.0090)	1.602 (1.602)	50.00 (50.00)
[100/157]	0.0546 (0.0388)	0.0094 (0.0105)	1.539 (1.442)	43.75 (49.75)
[156/157]	0.0268 (0.0390)	0.0029 (0.0106)	1.349 (1.436)	37.50 (50.14)
 * Train Acc 50.140
 * Val Acc 54.000, Total time 0.38
 * Val loss 1.302, Total time 0.00
Epoch:4
LR: 5e-05
LR: 0.001
LR: 0.0005
Itr		Time		  Data		  Loss		Acc
[0/157]	0.0487 (0.0487)	0.0090 (0.0090)	1.046 (1.046)	62.50 (62.50)
[100/157]	0.0336 (0.0394)	0.0094 (0.0108)	1.601 (1.394)	50.00 (51.49)
[156/157]	0.0272 (0.0394)	0.0028 (0.0109)	1.347 (1.402)	50.00 (51.22)
 * Train Acc 51.220
 * Val Acc 56.100, Total time 0.34
 * Val loss 1.278, Total time 0.00
Epoch:5
LR: 5e-05
LR: 0.001
LR: 0.0005
Itr		Time		  Data		  Loss		Acc
[0/157]	0.0306 (0.0306)	0.0090 (0.0090)	1.243 (1.243)	53.12 (53.12)
[100/157]	0.0318 (0.0418)	0.0086 (0.0117)	1.425 (1.337)	46.88 (53.96)
[156/157]	0.0275 (0.0406)	0.0046 (0.0113)	1.312 (1.358)	50.00 (53.12)
 * Train Acc 53.120
 * Val Acc 55.700, Total time 0.43
 * Val loss 1.260, Total time 0.00
Epoch:6
LR: 2.5e-05
LR: 0.0005
LR: 0.00025
Itr		Time		  Data		  Loss		Acc
[0/157]	0.0459 (0.0459)	0.0111 (0.0111)	1.305 (1.305)	46.88 (46.88)
[100/157]	0.0363 (0.0427)	0.0107 (0.0118)	1.453 (1.337)	46.88 (54.55)
[156/157]	0.0290 (0.0420)	0.0044 (0.0116)	1.799 (1.345)	37.50 (54.06)
 * Train Acc 54.060
 * Val Acc 56.100, Total time 0.37
 * Val loss 1.241, Total time 0.00
Epoch:7
LR: 2.5e-05
LR: 0.0005
LR: 0.00025
Itr		Time		  Data		  Loss		Acc
[0/157]	0.0353 (0.0353)	0.0088 (0.0088)	1.038 (1.038)	65.62 (65.62)
[100/157]	0.0332 (0.0414)	0.0091 (0.0112)	1.444 (1.339)	43.75 (54.27)
[156/157]	0.0388 (0.0412)	0.0062 (0.0113)	1.492 (1.342)	62.50 (53.56)
 * Train Acc 53.560
 * Val Acc 55.300, Total time 0.43
 * Val loss 1.244, Total time 0.00
Epoch:8
LR: 2.5e-05
LR: 0.0005
LR: 0.00025
Itr		Time		  Data		  Loss		Acc
[0/157]	0.0335 (0.0335)	0.0091 (0.0091)	1.233 (1.233)	53.12 (53.12)
[100/157]	0.0395 (0.0408)	0.0125 (0.0112)	1.138 (1.334)	59.38 (53.84)
[156/157]	0.0255 (0.0405)	0.0037 (0.0109)	1.260 (1.331)	62.50 (54.18)
 * Train Acc 54.180
 * Val Acc 55.700, Total time 0.37
 * Val loss 1.229, Total time 0.00
Epoch:9
LR: 2.5e-05
LR: 0.0005
LR: 0.00025
Itr		Time		  Data		  Loss		Acc
[0/157]	0.0391 (0.0391)	0.0088 (0.0088)	1.134 (1.134)	75.00 (75.00)
[100/157]	0.0387 (0.0426)	0.0102 (0.0113)	1.150 (1.335)	62.50 (54.27)
[156/157]	0.0364 (0.0423)	0.0067 (0.0113)	1.384 (1.335)	62.50 (53.90)
 * Train Acc 53.900
 * Val Acc 57.300, Total time 0.41
 * Val loss 1.212, Total time 0.00
Epoch:10
LR: 2.5e-05
LR: 0.0005
LR: 0.00025
Itr		Time		  Data		  Loss		Acc
[0/157]	0.0469 (0.0469)	0.0091 (0.0091)	1.216 (1.216)	43.75 (43.75)
[100/157]	0.0335 (0.0415)	0.0128 (0.0110)	1.367 (1.293)	50.00 (55.11)
[156/157]	0.0408 (0.0417)	0.0064 (0.0108)	1.273 (1.304)	50.00 (54.96)
 * Train Acc 54.960
 * Val Acc 56.400, Total time 0.37
 * Val loss 1.210, Total time 0.00
Epoch:11
LR: 1.25e-05
LR: 0.00025
LR: 0.000125
Itr		Time		  Data		  Loss		Acc
[0/157]	0.0456 (0.0456)	0.0096 (0.0096)	1.302 (1.302)	46.88 (46.88)
[100/157]	0.0477 (0.0425)	0.0123 (0.0118)	1.227 (1.304)	59.38 (55.35)
[156/157]	0.0362 (0.0415)	0.0037 (0.0113)	1.320 (1.301)	62.50 (55.96)
 * Train Acc 55.960
 * Val Acc 57.100, Total time 0.39
 * Val loss 1.201, Total time 0.00
Epoch:12
LR: 1.25e-05
LR: 0.00025
LR: 0.000125
Itr		Time		  Data		  Loss		Acc
[0/157]	0.0377 (0.0377)	0.0089 (0.0089)	1.342 (1.342)	50.00 (50.00)
[100/157]	0.0384 (0.0396)	0.0107 (0.0107)	1.594 (1.313)	37.50 (54.80)
[156/157]	0.0256 (0.0393)	0.0031 (0.0107)	2.246 (1.308)	25.00 (54.64)
 * Train Acc 54.640
 * Val Acc 57.400, Total time 0.35
 * Val loss 1.200, Total time 0.00
Epoch:13
LR: 1.25e-05
LR: 0.00025
LR: 0.000125
Itr		Time		  Data		  Loss		Acc
[0/157]	0.0313 (0.0313)	0.0087 (0.0087)	1.585 (1.585)	43.75 (43.75)
[100/157]	0.0331 (0.0402)	0.0111 (0.0109)	1.452 (1.272)	46.88 (56.40)
[156/157]	0.0257 (0.0386)	0.0028 (0.0105)	1.419 (1.282)	62.50 (56.26)
 * Train Acc 56.260
 * Val Acc 57.700, Total time 0.29
 * Val loss 1.194, Total time 0.00
Epoch:14
LR: 1.25e-05
LR: 0.00025
LR: 0.000125
Itr		Time		  Data		  Loss		Acc
[0/157]	0.0357 (0.0357)	0.0096 (0.0096)	1.276 (1.276)	56.25 (56.25)
[100/157]	0.0377 (0.0335)	0.0108 (0.0094)	1.459 (1.283)	46.88 (54.73)
[156/157]	0.0263 (0.0344)	0.0027 (0.0097)	0.783 (1.284)	75.00 (54.96)
 * Train Acc 54.960
 * Val Acc 57.300, Total time 0.31
 * Val loss 1.201, Total time 0.00
Classifier Optimizer is reset!
reserving basis 6/27; cond: 363733.59375, radio:6.114322604844347e-05
reserving basis 99/576; cond: 10401917.0, radio:4.3887801439268515e-05
reserving basis 232/576; cond: 822934.3125, radio:0.001155517646111548
reserving basis 233/576; cond: 1298321.625, radio:0.0007238442194648087
reserving basis 313/576; cond: 303633.34375, radio:0.003785854671150446
reserving basis 323/576; cond: 526670.9375, radio:0.002148806117475033
reserving basis 849/1152; cond: 282258.375, radio:0.009061842225492
reserving basis 44/64; cond: 9773.3681640625, radio:0.012790324166417122
reserving basis 895/1152; cond: 220562.921875, radio:0.011633596383035183
reserving basis 913/1152; cond: 177864.640625, radio:0.015112213790416718
reserving basis 895/1152; cond: 252651.265625, radio:0.010408555157482624
reserving basis 1868/2304; cond: 378348.65625, radio:0.013499484397470951
reserving basis 104/128; cond: 11296.4775390625, radio:0.022287428379058838
reserving basis 1869/2304; cond: 361341.59375, radio:0.013676452450454235
reserving basis 1855/2304; cond: 381732.78125, radio:0.012709390372037888
reserving basis 936/2304; cond: 1835867.25, radio:0.0018043636810034513
reserving basis 43/4608; cond: 712610432.0, radio:2.541854087212414e-07
reserving basis 211/256; cond: 32507.23828125, radio:0.016568651422858238
reserving basis 2/4608; cond: 6231586816.0, radio:5.954639004102091e-10
reserving basis 11/4608; cond: 3609129216.0, radio:8.253567607141576e-09
computing EWC
validation split name: 1
 * Val Acc 81.000, Total time 0.36
 * Val loss 0.630, Total time 0.00
**************************************************
training split name: 1
 * Val Acc 90.960, Total time 2.12
 * Val loss 0.252, Total time 0.00
**************************************************
validation split name: 2
 * Val Acc 57.300, Total time 0.34
 * Val loss 1.201, Total time 0.00
**************************************************
training split name: 2
 * Val Acc 57.040, Total time 2.17
 * Val loss 1.245, Total time 0.00
**************************************************
====================== 3 =======================
Epoch:0
LR: 5e-05
LR: 0.001
LR: 0.0005
Itr		Time		  Data		  Loss		Acc
[0/157]	0.0500 (0.0500)	0.0091 (0.0091)	2.390 (2.390)	0.00 (0.00)
[100/157]	0.0358 (0.0375)	0.0108 (0.0102)	1.592 (1.660)	40.62 (42.95)
[156/157]	0.0536 (0.0376)	0.0035 (0.0103)	1.802 (1.566)	25.00 (46.28)
 * Train Acc 46.280
 * Val Acc 54.400, Total time 0.34
 * Val loss 1.328, Total time 0.00
Epoch:1
LR: 5e-05
LR: 0.001
LR: 0.0005
Itr		Time		  Data		  Loss		Acc
[0/157]	0.0436 (0.0436)	0.0094 (0.0094)	1.286 (1.286)	53.12 (53.12)
[100/157]	0.0380 (0.0373)	0.0140 (0.0102)	1.287 (1.388)	65.62 (53.50)
[156/157]	0.0273 (0.0375)	0.0070 (0.0103)	1.012 (1.364)	62.50 (53.94)
 * Train Acc 53.940
 * Val Acc 54.100, Total time 0.39
 * Val loss 1.321, Total time 0.00
Epoch:2
LR: 5e-05
LR: 0.001
LR: 0.0005
Itr		Time		  Data		  Loss		Acc
[0/157]	0.0346 (0.0346)	0.0089 (0.0089)	1.030 (1.030)	62.50 (62.50)
[100/157]	0.0336 (0.0396)	0.0086 (0.0106)	1.083 (1.320)	71.88 (55.04)
[156/157]	0.0314 (0.0406)	0.0037 (0.0108)	1.150 (1.315)	62.50 (55.22)
 * Train Acc 55.220
 * Val Acc 57.400, Total time 0.41
 * Val loss 1.242, Total time 0.00
Epoch:3
LR: 5e-05
LR: 0.001
LR: 0.0005
Itr		Time		  Data		  Loss		Acc
[0/157]	0.0410 (0.0410)	0.0087 (0.0087)	1.305 (1.305)	59.38 (59.38)
[100/157]	0.0336 (0.0394)	0.0110 (0.0110)	1.583 (1.292)	53.12 (56.28)
[156/157]	0.0324 (0.0391)	0.0034 (0.0107)	1.554 (1.290)	50.00 (56.20)
 * Train Acc 56.200
 * Val Acc 57.400, Total time 0.35
 * Val loss 1.238, Total time 0.00
Epoch:4
LR: 5e-05
LR: 0.001
LR: 0.0005
Itr		Time		  Data		  Loss		Acc
[0/157]	0.0414 (0.0414)	0.0100 (0.0100)	1.013 (1.013)	59.38 (59.38)
[100/157]	0.0380 (0.0405)	0.0084 (0.0109)	1.193 (1.262)	59.38 (56.84)
[156/157]	0.0307 (0.0406)	0.0041 (0.0110)	1.171 (1.259)	50.00 (57.42)
 * Train Acc 57.420
 * Val Acc 58.600, Total time 0.36
 * Val loss 1.207, Total time 0.00
Epoch:5
LR: 5e-05
LR: 0.001
LR: 0.0005
Itr		Time		  Data		  Loss		Acc
[0/157]	0.0347 (0.0347)	0.0094 (0.0094)	1.380 (1.380)	46.88 (46.88)
[100/157]	0.0327 (0.0379)	0.0087 (0.0101)	1.528 (1.240)	53.12 (59.00)
[156/157]	0.0474 (0.0377)	0.0028 (0.0101)	1.963 (1.228)	25.00 (59.36)
 * Train Acc 59.360
 * Val Acc 59.000, Total time 0.30
 * Val loss 1.194, Total time 0.00
Epoch:6
LR: 2.5e-05
LR: 0.0005
LR: 0.00025
Itr		Time		  Data		  Loss		Acc
[0/157]	0.0322 (0.0322)	0.0094 (0.0094)	1.182 (1.182)	59.38 (59.38)
[100/157]	0.0381 (0.0362)	0.0099 (0.0100)	1.333 (1.230)	46.88 (58.32)
[156/157]	0.0355 (0.0376)	0.0054 (0.0103)	1.387 (1.223)	62.50 (58.44)
 * Train Acc 58.440
 * Val Acc 58.500, Total time 0.38
 * Val loss 1.197, Total time 0.00
Epoch:7
LR: 2.5e-05
LR: 0.0005
LR: 0.00025
Itr		Time		  Data		  Loss		Acc
[0/157]	0.0347 (0.0347)	0.0090 (0.0090)	0.871 (0.871)	65.62 (65.62)
[100/157]	0.0320 (0.0419)	0.0089 (0.0114)	0.830 (1.230)	71.88 (59.13)
[156/157]	0.0286 (0.0410)	0.0042 (0.0113)	0.769 (1.209)	75.00 (59.68)
 * Train Acc 59.680
 * Val Acc 59.900, Total time 0.36
 * Val loss 1.168, Total time 0.00
Epoch:8
LR: 2.5e-05
LR: 0.0005
LR: 0.00025
Itr		Time		  Data		  Loss		Acc
[0/157]	0.0311 (0.0311)	0.0088 (0.0088)	1.014 (1.014)	62.50 (62.50)
[100/157]	0.0358 (0.0404)	0.0111 (0.0110)	1.210 (1.229)	59.38 (59.19)
[156/157]	0.0291 (0.0407)	0.0033 (0.0111)	1.378 (1.209)	50.00 (59.74)
 * Train Acc 59.740
 * Val Acc 60.100, Total time 0.36
 * Val loss 1.183, Total time 0.00
Epoch:9
LR: 2.5e-05
LR: 0.0005
LR: 0.00025
Itr		Time		  Data		  Loss		Acc
[0/157]	0.0434 (0.0434)	0.0095 (0.0095)	1.421 (1.421)	43.75 (43.75)
[100/157]	0.0368 (0.0392)	0.0104 (0.0107)	1.333 (1.180)	50.00 (60.52)
[156/157]	0.0280 (0.0392)	0.0036 (0.0108)	1.106 (1.183)	62.50 (60.78)
 * Train Acc 60.780
 * Val Acc 59.100, Total time 0.36
 * Val loss 1.176, Total time 0.00
Epoch:10
LR: 2.5e-05
LR: 0.0005
LR: 0.00025
Itr		Time		  Data		  Loss		Acc
[0/157]	0.0418 (0.0418)	0.0089 (0.0089)	1.168 (1.168)	65.62 (65.62)
[100/157]	0.0575 (0.0400)	0.0311 (0.0108)	1.321 (1.178)	40.62 (60.46)
[156/157]	0.0375 (0.0401)	0.0045 (0.0108)	0.745 (1.166)	87.50 (60.86)
 * Train Acc 60.860
 * Val Acc 61.300, Total time 0.44
 * Val loss 1.145, Total time 0.00
Epoch:11
LR: 1.25e-05
LR: 0.00025
LR: 0.000125
Itr		Time		  Data		  Loss		Acc
[0/157]	0.0466 (0.0466)	0.0103 (0.0103)	1.252 (1.252)	62.50 (62.50)
[100/157]	0.0391 (0.0407)	0.0130 (0.0112)	1.246 (1.149)	65.62 (61.94)
[156/157]	0.0303 (0.0401)	0.0030 (0.0108)	1.293 (1.169)	25.00 (61.16)
 * Train Acc 61.160
 * Val Acc 60.600, Total time 0.38
 * Val loss 1.153, Total time 0.00
Epoch:12
LR: 1.25e-05
LR: 0.00025
LR: 0.000125
Itr		Time		  Data		  Loss		Acc
[0/157]	0.0309 (0.0309)	0.0087 (0.0087)	1.026 (1.026)	71.88 (71.88)
[100/157]	0.0359 (0.0382)	0.0096 (0.0105)	1.040 (1.153)	59.38 (60.80)
[156/157]	0.0342 (0.0388)	0.0043 (0.0106)	1.333 (1.160)	62.50 (60.58)
 * Train Acc 60.580
 * Val Acc 62.400, Total time 0.37
 * Val loss 1.136, Total time 0.00
Epoch:13
LR: 1.25e-05
LR: 0.00025
LR: 0.000125
Itr		Time		  Data		  Loss		Acc
[0/157]	0.0314 (0.0314)	0.0087 (0.0087)	1.148 (1.148)	65.62 (65.62)
[100/157]	0.0354 (0.0391)	0.0096 (0.0109)	0.975 (1.155)	68.75 (61.36)
[156/157]	0.0325 (0.0387)	0.0053 (0.0106)	1.417 (1.155)	50.00 (61.32)
 * Train Acc 61.320
 * Val Acc 62.400, Total time 0.36
 * Val loss 1.128, Total time 0.00
Epoch:14
LR: 1.25e-05
LR: 0.00025
LR: 0.000125
Itr		Time		  Data		  Loss		Acc
[0/157]	0.0339 (0.0339)	0.0106 (0.0106)	1.312 (1.312)	62.50 (62.50)
[100/157]	0.0351 (0.0395)	0.0092 (0.0110)	0.935 (1.163)	78.12 (60.58)
[156/157]	0.0281 (0.0388)	0.0049 (0.0107)	1.599 (1.156)	25.00 (61.28)
 * Train Acc 61.280
 * Val Acc 61.700, Total time 0.38
 * Val loss 1.136, Total time 0.00
Classifier Optimizer is reset!
reserving basis 5/27; cond: 396635.0625, radio:3.821456266450696e-05
reserving basis 96/576; cond: 11360348.0, radio:3.915889101335779e-05
reserving basis 227/576; cond: 868574.875, radio:0.0010775082046166062
reserving basis 229/576; cond: 1362525.0, radio:0.0006813167128711939
reserving basis 308/576; cond: 316080.6875, radio:0.003600526135414839
reserving basis 319/576; cond: 543946.8125, radio:0.0020561411511152983
reserving basis 839/1152; cond: 294650.4375, radio:0.008710958994925022
reserving basis 44/64; cond: 9874.76171875, radio:0.01282566413283348
reserving basis 889/1152; cond: 226707.625, radio:0.011366334743797779
reserving basis 912/1152; cond: 177765.96875, radio:0.015006865374743938
reserving basis 899/1152; cond: 249553.0, radio:0.010500047355890274
reserving basis 1907/2304; cond: 348202.3125, radio:0.0143470149487257
reserving basis 104/128; cond: 11295.0673828125, radio:0.02247331477701664
reserving basis 1915/2304; cond: 326517.9375, radio:0.014715174213051796
reserving basis 1895/2304; cond: 352149.46875, radio:0.01358403917402029
reserving basis 1236/2304; cond: 1120457.75, radio:0.003858218900859356
reserving basis 1286/4608; cond: 6314074.5, radio:0.0006123171770013869
reserving basis 212/256; cond: 30879.2421875, radio:0.016943778842687607
reserving basis 1271/4608; cond: 7843074.0, radio:0.0004901025095023215
reserving basis 968/4608; cond: 22473904.0, radio:0.00012327524018473923
computing EWC
validation split name: 1
 * Val Acc 82.200, Total time 0.29
 * Val loss 0.636, Total time 0.00
**************************************************
training split name: 1
 * Val Acc 90.660, Total time 1.95
 * Val loss 0.263, Total time 0.00
**************************************************
validation split name: 2
 * Val Acc 56.300, Total time 0.30
 * Val loss 1.242, Total time 0.00
**************************************************
training split name: 2
 * Val Acc 55.220, Total time 2.12
 * Val loss 1.273, Total time 0.00
**************************************************
validation split name: 3
 * Val Acc 61.700, Total time 0.33
 * Val loss 1.136, Total time 0.00
**************************************************
training split name: 3
 * Val Acc 63.380, Total time 1.99
 * Val loss 1.090, Total time 0.00
**************************************************
OrderedDict([('1', OrderedDict([('1', 83.1), ('2', 81.0), ('3', 82.2)])), ('2', OrderedDict([('2', 57.3), ('3', 56.3)])), ('3', OrderedDict([('3', 61.7)]))])
Task 1 average acc: 83.1
Task 1 backward transfer: 0
Task 2 average acc: 69.15
Task 2 backward transfer: -2.0999999999999943
Task 3 average acc: 66.73333333333333
Task 3 backward transfer: -0.9499999999999957
===Summary of experiment repeats: 1 / 1 ===
The last avg acc of all repeats: [66.73333333]
The last bwt of all repeats: [-0.95]
acc mean: 66.73333333333333 acc std: 0.0
bwt mean: -0.9499999999999957 bwt std: 0.0
