Files already downloaded and verified
Files already downloaded and verified
split_boundaries: [0, 10, 20, 30, 40, 50, 60, 70, 80, 90, 100]
{'1': [0, 1, 2, 3, 4, 5, 6, 7, 8, 9], '2': [10, 11, 12, 13, 14, 15, 16, 17, 18, 19], '3': [20, 21, 22, 23, 24, 25, 26, 27, 28, 29], '4': [30, 31, 32, 33, 34, 35, 36, 37, 38, 39], '5': [40, 41, 42, 43, 44, 45, 46, 47, 48, 49], '6': [50, 51, 52, 53, 54, 55, 56, 57, 58, 59], '7': [60, 61, 62, 63, 64, 65, 66, 67, 68, 69], '8': [70, 71, 72, 73, 74, 75, 76, 77, 78, 79], '9': [80, 81, 82, 83, 84, 85, 86, 87, 88, 89], '10': [90, 91, 92, 93, 94, 95, 96, 97, 98, 99]}
{'model_lr': 0.0001, 'momentum': 0, 'model_weight_decay': 5e-05, 'schedule': [30, 60, 80], 'model_type': 'resnet', 'model_name': 'resnet18', 'model_weights': None, 'out_dim': {'1': 10, '2': 10, '3': 10, '4': 10, '5': 10, '6': 10, '7': 10, '8': 10, '9': 10, '10': 10}, 'model_optimizer': 'Adam', 'print_freq': 50.0, 'gpu': True, 'with_head': False, 'reset_model_opt': True, 'reg_coef': 100.0, 'head_lr': 0.001, 'svd_lr': 5e-05, 'bn_lr': 0.0005, 'svd_thres': 10.0, 'gamma': 0.5, 'dataset_name': 'CIFAR100_10_10', 'use_cflat': False, 'cflat_rho': 0.2, 'cflat_lambda': 0.2, 'cflat_eps': 1e-12, 'cflat_adaptive': False, 'cflat_bn_mode': 'disable_running_stats', 'cflat_debug': False, 'max_train_batches': 0, 'max_eval_batches': 0}
#param of model:11218340
Task order: ['1', '2', '3', '4', '5', '6', '7', '8', '9', '10']
====================== 1 =======================
Epoch:0
LR: 0.0001
LR: 0.001
LR: 0.0005
Itr		Time		  Data		  Loss		Acc
[0/157]	1.1615 (1.1615)	0.0698 (0.0698)	2.446 (2.446)	3.12 (3.12)
[50/157]	0.0342 (0.0489)	0.0125 (0.0111)	1.778 (1.956)	40.62 (29.90)
[100/157]	0.0317 (0.0384)	0.0123 (0.0109)	1.930 (1.858)	40.62 (35.52)
[150/157]	0.0235 (0.0336)	0.0089 (0.0104)	1.766 (1.760)	28.12 (38.66)
[156/157]	0.1402 (0.0341)	0.0030 (0.0103)	1.957 (1.749)	25.00 (39.08)
 * Train Acc 39.080
 * Val Acc 46.500, Total time 0.34
 * Val loss 1.690, Total time 0.00
Epoch:1
LR: 0.0001
LR: 0.001
LR: 0.0005
Itr		Time		  Data		  Loss		Acc
[0/157]	0.0250 (0.0250)	0.0089 (0.0089)	1.626 (1.626)	50.00 (50.00)
[50/157]	0.0299 (0.0253)	0.0094 (0.0100)	1.294 (1.428)	59.38 (51.41)
[100/157]	0.0294 (0.0259)	0.0089 (0.0100)	1.187 (1.404)	56.25 (52.88)
[150/157]	0.0222 (0.0254)	0.0087 (0.0098)	0.970 (1.355)	65.62 (54.22)
[156/157]	0.0211 (0.0252)	0.0030 (0.0098)	1.247 (1.350)	62.50 (54.40)
 * Train Acc 54.400
 * Val Acc 60.300, Total time 0.33
 * Val loss 1.221, Total time 0.00
Epoch:2
LR: 0.0001
LR: 0.001
LR: 0.0005
Itr		Time		  Data		  Loss		Acc
[0/157]	0.0268 (0.0268)	0.0091 (0.0091)	1.091 (1.091)	65.62 (65.62)
[50/157]	0.0216 (0.0237)	0.0085 (0.0089)	1.445 (1.183)	56.25 (61.34)
[100/157]	0.0217 (0.0234)	0.0088 (0.0088)	1.004 (1.146)	68.75 (62.04)
[150/157]	0.0207 (0.0235)	0.0085 (0.0090)	1.008 (1.151)	68.75 (61.82)
[156/157]	0.0155 (0.0235)	0.0026 (0.0089)	1.122 (1.154)	62.50 (61.62)
 * Train Acc 61.620
 * Val Acc 64.000, Total time 0.31
 * Val loss 1.041, Total time 0.00
Epoch:3
LR: 0.0001
LR: 0.001
LR: 0.0005
Itr		Time		  Data		  Loss		Acc
[0/157]	0.0258 (0.0258)	0.0090 (0.0090)	1.402 (1.402)	40.62 (40.62)
[50/157]	0.0221 (0.0229)	0.0086 (0.0087)	1.312 (1.015)	56.25 (65.62)
[100/157]	0.0259 (0.0231)	0.0085 (0.0087)	1.052 (1.001)	56.25 (66.18)
[150/157]	0.0269 (0.0232)	0.0085 (0.0086)	1.121 (0.998)	59.38 (66.64)
[156/157]	0.0214 (0.0233)	0.0031 (0.0086)	0.889 (0.995)	75.00 (66.74)
 * Train Acc 66.740
 * Val Acc 63.700, Total time 0.34
 * Val loss 1.071, Total time 0.00
Epoch:4
LR: 0.0001
LR: 0.001
LR: 0.0005
Itr		Time		  Data		  Loss		Acc
[0/157]	0.0250 (0.0250)	0.0107 (0.0107)	0.891 (0.891)	68.75 (68.75)
[50/157]	0.0256 (0.0288)	0.0102 (0.0113)	0.480 (0.879)	84.38 (70.10)
[100/157]	0.0347 (0.0279)	0.0172 (0.0110)	1.024 (0.900)	68.75 (69.93)
[150/157]	0.0203 (0.0275)	0.0086 (0.0110)	0.805 (0.886)	65.62 (70.05)
[156/157]	0.0143 (0.0272)	0.0025 (0.0108)	1.088 (0.888)	50.00 (69.92)
 * Train Acc 69.920
 * Val Acc 73.900, Total time 0.26
 * Val loss 0.813, Total time 0.00
Epoch:5
LR: 0.0001
LR: 0.001
LR: 0.0005
Itr		Time		  Data		  Loss		Acc
[0/157]	0.0217 (0.0217)	0.0088 (0.0088)	0.613 (0.613)	84.38 (84.38)
[50/157]	0.0216 (0.0226)	0.0087 (0.0093)	0.777 (0.818)	71.88 (72.12)
[100/157]	0.0206 (0.0221)	0.0085 (0.0092)	0.946 (0.812)	68.75 (72.40)
[150/157]	0.0211 (0.0217)	0.0088 (0.0091)	1.080 (0.803)	75.00 (73.08)
[156/157]	0.0168 (0.0217)	0.0030 (0.0091)	0.999 (0.804)	62.50 (73.04)
 * Train Acc 73.040
 * Val Acc 73.200, Total time 0.31
 * Val loss 0.809, Total time 0.00
Epoch:6
LR: 0.0001
LR: 0.001
LR: 0.0005
Itr		Time		  Data		  Loss		Acc
[0/157]	0.0230 (0.0230)	0.0104 (0.0104)	0.511 (0.511)	84.38 (84.38)
[50/157]	0.0233 (0.0234)	0.0087 (0.0096)	0.393 (0.691)	90.62 (76.96)
[100/157]	0.0205 (0.0229)	0.0085 (0.0092)	0.619 (0.717)	84.38 (76.30)
[150/157]	0.0200 (0.0224)	0.0084 (0.0091)	0.603 (0.735)	75.00 (75.31)
[156/157]	0.0146 (0.0223)	0.0025 (0.0090)	0.597 (0.733)	75.00 (75.48)
 * Train Acc 75.480
 * Val Acc 74.900, Total time 0.27
 * Val loss 0.752, Total time 0.00
Epoch:7
LR: 0.0001
LR: 0.001
LR: 0.0005
Itr		Time		  Data		  Loss		Acc
[0/157]	0.0219 (0.0219)	0.0089 (0.0089)	0.459 (0.459)	84.38 (84.38)
[50/157]	0.0204 (0.0216)	0.0085 (0.0087)	0.636 (0.596)	78.12 (79.60)
[100/157]	0.0237 (0.0223)	0.0106 (0.0088)	0.564 (0.625)	71.88 (78.50)
[150/157]	0.0234 (0.0228)	0.0094 (0.0089)	0.651 (0.659)	81.25 (77.57)
[156/157]	0.0222 (0.0229)	0.0046 (0.0089)	1.074 (0.657)	50.00 (77.64)
 * Train Acc 77.640
 * Val Acc 75.300, Total time 0.29
 * Val loss 0.720, Total time 0.00
Epoch:8
LR: 0.0001
LR: 0.001
LR: 0.0005
Itr		Time		  Data		  Loss		Acc
[0/157]	0.0290 (0.0290)	0.0092 (0.0092)	0.940 (0.940)	71.88 (71.88)
[50/157]	0.0215 (0.0242)	0.0087 (0.0091)	0.659 (0.681)	78.12 (76.35)
[100/157]	0.0241 (0.0235)	0.0088 (0.0089)	0.470 (0.645)	81.25 (77.63)
[150/157]	0.0240 (0.0232)	0.0087 (0.0089)	0.940 (0.638)	65.62 (78.33)
[156/157]	0.0158 (0.0231)	0.0026 (0.0089)	1.711 (0.639)	62.50 (78.42)
 * Train Acc 78.420
 * Val Acc 74.100, Total time 0.30
 * Val loss 0.851, Total time 0.00
Epoch:9
LR: 0.0001
LR: 0.001
LR: 0.0005
Itr		Time		  Data		  Loss		Acc
[0/157]	0.0223 (0.0223)	0.0091 (0.0091)	0.601 (0.601)	78.12 (78.12)
[50/157]	0.0213 (0.0230)	0.0094 (0.0091)	0.296 (0.614)	90.62 (78.86)
[100/157]	0.0239 (0.0226)	0.0087 (0.0090)	0.553 (0.588)	78.12 (80.26)
[150/157]	0.0223 (0.0234)	0.0085 (0.0092)	0.419 (0.575)	87.50 (80.77)
[156/157]	0.0152 (0.0233)	0.0027 (0.0091)	0.795 (0.580)	62.50 (80.60)
 * Train Acc 80.600
 * Val Acc 79.700, Total time 0.32
 * Val loss 0.617, Total time 0.00
Epoch:10
LR: 0.0001
LR: 0.001
LR: 0.0005
Itr		Time		  Data		  Loss		Acc
[0/157]	0.0260 (0.0260)	0.0099 (0.0099)	0.342 (0.342)	87.50 (87.50)
[50/157]	0.0283 (0.0259)	0.0095 (0.0093)	0.680 (0.504)	75.00 (83.27)
[100/157]	0.0273 (0.0269)	0.0107 (0.0099)	0.786 (0.499)	78.12 (83.73)
[150/157]	0.0335 (0.0274)	0.0144 (0.0103)	0.289 (0.521)	90.62 (82.64)
[156/157]	0.0243 (0.0275)	0.0057 (0.0104)	1.337 (0.522)	50.00 (82.56)
 * Train Acc 82.560
 * Val Acc 81.200, Total time 0.37
 * Val loss 0.589, Total time 0.00
Epoch:11
LR: 0.0001
LR: 0.001
LR: 0.0005
Itr		Time		  Data		  Loss		Acc
[0/157]	0.0284 (0.0284)	0.0095 (0.0095)	0.479 (0.479)	90.62 (90.62)
[50/157]	0.0225 (0.0261)	0.0095 (0.0104)	0.618 (0.486)	75.00 (82.72)
[100/157]	0.0223 (0.0263)	0.0087 (0.0104)	0.464 (0.486)	81.25 (82.43)
[150/157]	0.0216 (0.0251)	0.0087 (0.0099)	0.469 (0.484)	81.25 (83.15)
[156/157]	0.0154 (0.0250)	0.0026 (0.0098)	0.205 (0.486)	100.00 (83.06)
 * Train Acc 83.060
 * Val Acc 79.700, Total time 0.32
 * Val loss 0.620, Total time 0.00
Epoch:12
LR: 0.0001
LR: 0.001
LR: 0.0005
Itr		Time		  Data		  Loss		Acc
[0/157]	0.0283 (0.0283)	0.0094 (0.0094)	0.422 (0.422)	84.38 (84.38)
[50/157]	0.0326 (0.0236)	0.0092 (0.0090)	0.630 (0.438)	78.12 (85.54)
[100/157]	0.0206 (0.0252)	0.0086 (0.0092)	0.372 (0.446)	87.50 (85.02)
[150/157]	0.0399 (0.0256)	0.0120 (0.0092)	0.554 (0.436)	81.25 (85.39)
[156/157]	0.0236 (0.0255)	0.0025 (0.0092)	1.057 (0.439)	50.00 (85.36)
 * Train Acc 85.360
 * Val Acc 79.000, Total time 0.34
 * Val loss 0.678, Total time 0.00
Epoch:13
LR: 0.0001
LR: 0.001
LR: 0.0005
Itr		Time		  Data		  Loss		Acc
[0/157]	0.0325 (0.0325)	0.0095 (0.0095)	0.492 (0.492)	84.38 (84.38)
[50/157]	0.0280 (0.0270)	0.0107 (0.0096)	0.730 (0.448)	78.12 (83.58)
[100/157]	0.0263 (0.0263)	0.0111 (0.0094)	0.681 (0.450)	71.88 (84.07)
[150/157]	0.0236 (0.0262)	0.0086 (0.0093)	0.559 (0.447)	84.38 (84.44)
[156/157]	0.0190 (0.0261)	0.0029 (0.0093)	1.325 (0.447)	62.50 (84.52)
 * Train Acc 84.520
 * Val Acc 82.600, Total time 0.36
 * Val loss 0.557, Total time 0.00
Epoch:14
LR: 0.0001
LR: 0.001
LR: 0.0005
Itr		Time		  Data		  Loss		Acc
[0/157]	0.0217 (0.0217)	0.0090 (0.0090)	0.195 (0.195)	93.75 (93.75)
[50/157]	0.0228 (0.0266)	0.0088 (0.0092)	0.383 (0.396)	87.50 (86.40)
[100/157]	0.0238 (0.0264)	0.0087 (0.0093)	0.093 (0.397)	100.00 (86.57)
[150/157]	0.0416 (0.0269)	0.0147 (0.0095)	0.408 (0.401)	81.25 (86.40)
[156/157]	0.0255 (0.0268)	0.0045 (0.0094)	0.404 (0.402)	87.50 (86.34)
 * Train Acc 86.340
 * Val Acc 81.600, Total time 0.41
 * Val loss 0.593, Total time 0.00
Epoch:15
LR: 0.0001
LR: 0.001
LR: 0.0005
Itr		Time		  Data		  Loss		Acc
[0/157]	0.0333 (0.0333)	0.0099 (0.0099)	0.487 (0.487)	84.38 (84.38)
[50/157]	0.0210 (0.0264)	0.0086 (0.0093)	0.218 (0.357)	93.75 (88.17)
[100/157]	0.0275 (0.0261)	0.0087 (0.0093)	0.283 (0.371)	90.62 (87.65)
[150/157]	0.0376 (0.0262)	0.0087 (0.0093)	0.364 (0.381)	87.50 (87.25)
[156/157]	0.0269 (0.0262)	0.0032 (0.0092)	0.386 (0.382)	87.50 (87.18)
 * Train Acc 87.180
 * Val Acc 82.100, Total time 0.41
 * Val loss 0.654, Total time 0.00
Epoch:16
LR: 0.0001
LR: 0.001
LR: 0.0005
Itr		Time		  Data		  Loss		Acc
[0/157]	0.0219 (0.0219)	0.0091 (0.0091)	0.220 (0.220)	90.62 (90.62)
[50/157]	0.0269 (0.0267)	0.0093 (0.0095)	0.204 (0.337)	96.88 (88.66)
[100/157]	0.0221 (0.0262)	0.0087 (0.0093)	0.454 (0.329)	87.50 (88.99)
[150/157]	0.0230 (0.0262)	0.0087 (0.0092)	0.339 (0.331)	93.75 (88.99)
[156/157]	0.0165 (0.0261)	0.0028 (0.0092)	0.939 (0.331)	87.50 (89.06)
 * Train Acc 89.060
 * Val Acc 81.000, Total time 0.37
 * Val loss 0.641, Total time 0.00
Epoch:17
LR: 0.0001
LR: 0.001
LR: 0.0005
Itr		Time		  Data		  Loss		Acc
[0/157]	0.0226 (0.0226)	0.0093 (0.0093)	0.323 (0.323)	87.50 (87.50)
[50/157]	0.0265 (0.0260)	0.0091 (0.0093)	0.274 (0.303)	90.62 (89.58)
[100/157]	0.0216 (0.0258)	0.0097 (0.0092)	0.186 (0.318)	93.75 (88.71)
[150/157]	0.0213 (0.0257)	0.0084 (0.0093)	0.275 (0.330)	84.38 (88.35)
[156/157]	0.0198 (0.0257)	0.0026 (0.0092)	0.195 (0.330)	100.00 (88.40)
 * Train Acc 88.400
 * Val Acc 82.700, Total time 0.35
 * Val loss 0.579, Total time 0.00
Epoch:18
LR: 0.0001
LR: 0.001
LR: 0.0005
Itr		Time		  Data		  Loss		Acc
[0/157]	0.0288 (0.0288)	0.0090 (0.0090)	0.312 (0.312)	90.62 (90.62)
[50/157]	0.0234 (0.0263)	0.0088 (0.0091)	0.179 (0.293)	90.62 (90.50)
[100/157]	0.0241 (0.0258)	0.0100 (0.0090)	0.247 (0.294)	90.62 (90.25)
[150/157]	0.0237 (0.0264)	0.0085 (0.0091)	0.342 (0.313)	84.38 (89.51)
[156/157]	0.0142 (0.0263)	0.0026 (0.0091)	0.342 (0.314)	87.50 (89.56)
 * Train Acc 89.560
 * Val Acc 82.900, Total time 0.35
 * Val loss 0.569, Total time 0.00
Epoch:19
LR: 0.0001
LR: 0.001
LR: 0.0005
Itr		Time		  Data		  Loss		Acc
[0/157]	0.0222 (0.0222)	0.0092 (0.0092)	0.335 (0.335)	87.50 (87.50)
[50/157]	0.0262 (0.0251)	0.0087 (0.0089)	0.214 (0.280)	90.62 (90.38)
[100/157]	0.0338 (0.0255)	0.0086 (0.0090)	0.317 (0.274)	84.38 (90.75)
[150/157]	0.0235 (0.0259)	0.0089 (0.0090)	0.308 (0.279)	90.62 (90.56)
[156/157]	0.0203 (0.0258)	0.0026 (0.0090)	0.336 (0.279)	87.50 (90.64)
 * Train Acc 90.640
 * Val Acc 82.900, Total time 0.37
 * Val loss 0.625, Total time 0.00
Epoch:20
LR: 0.0001
LR: 0.001
LR: 0.0005
Itr		Time		  Data		  Loss		Acc
[0/157]	0.0223 (0.0223)	0.0092 (0.0092)	0.301 (0.301)	93.75 (93.75)
[50/157]	0.0262 (0.0262)	0.0086 (0.0092)	0.262 (0.252)	84.38 (91.73)
[100/157]	0.0284 (0.0260)	0.0092 (0.0092)	0.146 (0.254)	96.88 (91.00)
[150/157]	0.0257 (0.0260)	0.0085 (0.0092)	0.265 (0.262)	87.50 (90.73)
[156/157]	0.0172 (0.0259)	0.0026 (0.0091)	0.227 (0.263)	87.50 (90.72)
 * Train Acc 90.720
 * Val Acc 81.600, Total time 0.36
 * Val loss 0.648, Total time 0.00
Epoch:21
LR: 0.0001
LR: 0.001
LR: 0.0005
Itr		Time		  Data		  Loss		Acc
[0/157]	0.0420 (0.0420)	0.0102 (0.0102)	0.130 (0.130)	93.75 (93.75)
[50/157]	0.0220 (0.0251)	0.0095 (0.0091)	0.111 (0.216)	96.88 (92.03)
[100/157]	0.0260 (0.0255)	0.0086 (0.0091)	0.226 (0.229)	93.75 (91.83)
[150/157]	0.0240 (0.0257)	0.0089 (0.0091)	0.244 (0.241)	90.62 (91.39)
[156/157]	0.0153 (0.0256)	0.0025 (0.0091)	0.857 (0.245)	50.00 (91.26)
 * Train Acc 91.260
 * Val Acc 82.000, Total time 0.36
 * Val loss 0.639, Total time 0.00
Epoch:22
LR: 0.0001
LR: 0.001
LR: 0.0005
Itr		Time		  Data		  Loss		Acc
[0/157]	0.0222 (0.0222)	0.0087 (0.0087)	0.396 (0.396)	87.50 (87.50)
[50/157]	0.0236 (0.0256)	0.0087 (0.0090)	0.163 (0.302)	96.88 (88.79)
[100/157]	0.0255 (0.0259)	0.0102 (0.0092)	0.418 (0.288)	78.12 (89.36)
[150/157]	0.0223 (0.0256)	0.0086 (0.0090)	0.441 (0.270)	81.25 (90.11)
[156/157]	0.0303 (0.0257)	0.0039 (0.0090)	0.009 (0.269)	100.00 (90.16)
 * Train Acc 90.160
 * Val Acc 83.500, Total time 0.34
 * Val loss 0.580, Total time 0.00
Epoch:23
LR: 0.0001
LR: 0.001
LR: 0.0005
Itr		Time		  Data		  Loss		Acc
[0/157]	0.0252 (0.0252)	0.0089 (0.0089)	0.157 (0.157)	93.75 (93.75)
[50/157]	0.0278 (0.0250)	0.0085 (0.0091)	0.242 (0.192)	96.88 (93.69)
[100/157]	0.0227 (0.0254)	0.0101 (0.0093)	0.134 (0.214)	96.88 (92.26)
[150/157]	0.0294 (0.0261)	0.0089 (0.0095)	0.203 (0.220)	93.75 (92.20)
[156/157]	0.0230 (0.0262)	0.0047 (0.0095)	0.681 (0.221)	75.00 (92.20)
 * Train Acc 92.200
 * Val Acc 84.300, Total time 0.37
 * Val loss 0.607, Total time 0.00
Epoch:24
LR: 0.0001
LR: 0.001
LR: 0.0005
Itr		Time		  Data		  Loss		Acc
[0/157]	0.0213 (0.0213)	0.0090 (0.0090)	0.547 (0.547)	78.12 (78.12)
[50/157]	0.0227 (0.0266)	0.0106 (0.0094)	0.087 (0.213)	100.00 (92.95)
[100/157]	0.0304 (0.0263)	0.0110 (0.0093)	0.390 (0.244)	87.50 (91.68)
[150/157]	0.0213 (0.0263)	0.0087 (0.0092)	0.161 (0.230)	96.88 (92.16)
[156/157]	0.0153 (0.0263)	0.0026 (0.0092)	0.193 (0.227)	87.50 (92.26)
 * Train Acc 92.260
 * Val Acc 83.600, Total time 0.36
 * Val loss 0.602, Total time 0.00
Epoch:25
LR: 0.0001
LR: 0.001
LR: 0.0005
Itr		Time		  Data		  Loss		Acc
[0/157]	0.0301 (0.0301)	0.0088 (0.0088)	0.283 (0.283)	90.62 (90.62)
[50/157]	0.0233 (0.0257)	0.0088 (0.0090)	0.409 (0.186)	90.62 (93.87)
[100/157]	0.0208 (0.0256)	0.0087 (0.0091)	0.194 (0.199)	93.75 (93.38)
[150/157]	0.0239 (0.0260)	0.0086 (0.0093)	0.490 (0.206)	87.50 (92.92)
[156/157]	0.0162 (0.0261)	0.0031 (0.0094)	0.103 (0.206)	100.00 (92.90)
 * Train Acc 92.900
 * Val Acc 84.200, Total time 0.37
 * Val loss 0.552, Total time 0.00
Epoch:26
LR: 0.0001
LR: 0.001
LR: 0.0005
Itr		Time		  Data		  Loss		Acc
[0/157]	0.0260 (0.0260)	0.0089 (0.0089)	0.139 (0.139)	93.75 (93.75)
[50/157]	0.0241 (0.0259)	0.0087 (0.0091)	0.119 (0.201)	96.88 (93.08)
[100/157]	0.0278 (0.0263)	0.0091 (0.0092)	0.433 (0.201)	84.38 (93.10)
[150/157]	0.0220 (0.0262)	0.0086 (0.0093)	0.272 (0.203)	90.62 (92.98)
[156/157]	0.0152 (0.0262)	0.0029 (0.0092)	0.281 (0.204)	87.50 (92.98)
 * Train Acc 92.980
 * Val Acc 84.400, Total time 0.37
 * Val loss 0.572, Total time 0.00
Epoch:27
LR: 0.0001
LR: 0.001
LR: 0.0005
Itr		Time		  Data		  Loss		Acc
[0/157]	0.0229 (0.0229)	0.0089 (0.0089)	0.195 (0.195)	90.62 (90.62)
[50/157]	0.0228 (0.0278)	0.0101 (0.0096)	0.040 (0.145)	100.00 (95.28)
[100/157]	0.0313 (0.0257)	0.0086 (0.0094)	0.343 (0.153)	87.50 (94.74)
[150/157]	0.0331 (0.0250)	0.0090 (0.0093)	0.151 (0.168)	96.88 (94.21)
[156/157]	0.0160 (0.0248)	0.0025 (0.0092)	0.694 (0.169)	75.00 (94.16)
 * Train Acc 94.160
 * Val Acc 86.000, Total time 0.29
 * Val loss 0.527, Total time 0.00
Epoch:28
LR: 0.0001
LR: 0.001
LR: 0.0005
Itr		Time		  Data		  Loss		Acc
[0/157]	0.0278 (0.0278)	0.0090 (0.0090)	0.138 (0.138)	96.88 (96.88)
[50/157]	0.0207 (0.0234)	0.0087 (0.0089)	0.123 (0.240)	93.75 (91.91)
[100/157]	0.0324 (0.0234)	0.0085 (0.0090)	0.242 (0.219)	93.75 (92.54)
[150/157]	0.0213 (0.0230)	0.0087 (0.0089)	0.121 (0.201)	96.88 (93.23)
[156/157]	0.0149 (0.0230)	0.0027 (0.0089)	0.150 (0.199)	87.50 (93.28)
 * Train Acc 93.280
 * Val Acc 84.800, Total time 0.31
 * Val loss 0.571, Total time 0.00
Epoch:29
LR: 0.0001
LR: 0.001
LR: 0.0005
Itr		Time		  Data		  Loss		Acc
[0/157]	0.0207 (0.0207)	0.0089 (0.0089)	0.189 (0.189)	90.62 (90.62)
[50/157]	0.0249 (0.0226)	0.0088 (0.0090)	0.102 (0.111)	96.88 (96.14)
[100/157]	0.0226 (0.0228)	0.0110 (0.0090)	0.122 (0.137)	96.88 (95.42)
[150/157]	0.0327 (0.0232)	0.0105 (0.0091)	0.284 (0.150)	93.75 (95.01)
[156/157]	0.0259 (0.0232)	0.0026 (0.0090)	0.454 (0.150)	87.50 (95.02)
 * Train Acc 95.020
 * Val Acc 81.700, Total time 0.30
 * Val loss 0.690, Total time 0.00
Epoch:30
LR: 0.0001
LR: 0.001
LR: 0.0005
Itr		Time		  Data		  Loss		Acc
[0/157]	0.0232 (0.0232)	0.0090 (0.0090)	0.120 (0.120)	93.75 (93.75)
[50/157]	0.0270 (0.0248)	0.0087 (0.0092)	0.074 (0.134)	100.00 (95.16)
[100/157]	0.0215 (0.0242)	0.0087 (0.0091)	0.012 (0.111)	100.00 (96.04)
[150/157]	0.0219 (0.0242)	0.0085 (0.0091)	0.045 (0.103)	100.00 (96.59)
[156/157]	0.0159 (0.0242)	0.0027 (0.0090)	0.042 (0.103)	100.00 (96.56)
 * Train Acc 96.560
 * Val Acc 85.700, Total time 0.31
 * Val loss 0.492, Total time 0.00
Epoch:31
LR: 5e-05
LR: 0.0005
LR: 0.00025
Itr		Time		  Data		  Loss		Acc
[0/157]	0.0240 (0.0240)	0.0091 (0.0091)	0.019 (0.019)	100.00 (100.00)
[50/157]	0.0286 (0.0242)	0.0088 (0.0091)	0.061 (0.068)	96.88 (98.10)
[100/157]	0.0231 (0.0245)	0.0086 (0.0092)	0.120 (0.071)	93.75 (97.74)
[150/157]	0.0320 (0.0246)	0.0088 (0.0093)	0.020 (0.069)	100.00 (97.68)
[156/157]	0.0243 (0.0246)	0.0046 (0.0092)	0.423 (0.069)	87.50 (97.68)
 * Train Acc 97.680
 * Val Acc 87.400, Total time 0.31
 * Val loss 0.489, Total time 0.00
Epoch:32
LR: 5e-05
LR: 0.0005
LR: 0.00025
Itr		Time		  Data		  Loss		Acc
[0/157]	0.0259 (0.0259)	0.0106 (0.0106)	0.058 (0.058)	96.88 (96.88)
[50/157]	0.0202 (0.0239)	0.0086 (0.0090)	0.017 (0.057)	100.00 (98.10)
[100/157]	0.0213 (0.0234)	0.0092 (0.0089)	0.074 (0.064)	96.88 (98.05)
[150/157]	0.0213 (0.0237)	0.0085 (0.0091)	0.049 (0.065)	96.88 (97.85)
[156/157]	0.0161 (0.0237)	0.0031 (0.0090)	0.474 (0.067)	75.00 (97.78)
 * Train Acc 97.780
 * Val Acc 88.900, Total time 0.29
 * Val loss 0.463, Total time 0.00
Epoch:33
LR: 5e-05
LR: 0.0005
LR: 0.00025
Itr		Time		  Data		  Loss		Acc
[0/157]	0.0247 (0.0247)	0.0091 (0.0091)	0.011 (0.011)	100.00 (100.00)
[50/157]	0.0240 (0.0248)	0.0092 (0.0092)	0.008 (0.063)	100.00 (98.16)
[100/157]	0.0213 (0.0247)	0.0087 (0.0092)	0.093 (0.068)	96.88 (98.11)
[150/157]	0.0203 (0.0236)	0.0086 (0.0090)	0.137 (0.069)	93.75 (97.99)
[156/157]	0.0157 (0.0235)	0.0026 (0.0090)	0.012 (0.069)	100.00 (98.00)
 * Train Acc 98.000
 * Val Acc 86.700, Total time 0.27
 * Val loss 0.562, Total time 0.00
Epoch:34
LR: 5e-05
LR: 0.0005
LR: 0.00025
Itr		Time		  Data		  Loss		Acc
[0/157]	0.0229 (0.0229)	0.0092 (0.0092)	0.017 (0.017)	100.00 (100.00)
[50/157]	0.0210 (0.0221)	0.0088 (0.0088)	0.092 (0.062)	96.88 (97.79)
[100/157]	0.0239 (0.0226)	0.0103 (0.0090)	0.058 (0.060)	96.88 (97.99)
[150/157]	0.0221 (0.0225)	0.0087 (0.0090)	0.059 (0.062)	96.88 (97.91)
[156/157]	0.0196 (0.0225)	0.0027 (0.0090)	0.023 (0.063)	100.00 (97.90)
 * Train Acc 97.900
 * Val Acc 87.100, Total time 0.30
 * Val loss 0.528, Total time 0.00
Epoch:35
LR: 5e-05
LR: 0.0005
LR: 0.00025
Itr		Time		  Data		  Loss		Acc
[0/157]	0.0219 (0.0219)	0.0090 (0.0090)	0.019 (0.019)	100.00 (100.00)
[50/157]	0.0298 (0.0235)	0.0113 (0.0093)	0.039 (0.052)	100.00 (98.59)
[100/157]	0.0301 (0.0239)	0.0100 (0.0094)	0.009 (0.047)	100.00 (98.51)
[150/157]	0.0210 (0.0238)	0.0087 (0.0094)	0.075 (0.044)	96.88 (98.57)
[156/157]	0.0173 (0.0238)	0.0031 (0.0094)	0.334 (0.044)	75.00 (98.56)
 * Train Acc 98.560
 * Val Acc 86.200, Total time 0.30
 * Val loss 0.527, Total time 0.00
Epoch:36
LR: 5e-05
LR: 0.0005
LR: 0.00025
Itr		Time		  Data		  Loss		Acc
[0/157]	0.0224 (0.0224)	0.0090 (0.0090)	0.026 (0.026)	100.00 (100.00)
[50/157]	0.0207 (0.0223)	0.0086 (0.0088)	0.054 (0.074)	100.00 (97.67)
[100/157]	0.0273 (0.0228)	0.0090 (0.0088)	0.183 (0.060)	96.88 (98.11)
[150/157]	0.0213 (0.0227)	0.0087 (0.0090)	0.081 (0.060)	96.88 (97.99)
[156/157]	0.0167 (0.0227)	0.0027 (0.0089)	0.116 (0.060)	87.50 (97.98)
 * Train Acc 97.980
 * Val Acc 88.000, Total time 0.29
 * Val loss 0.531, Total time 0.00
Epoch:37
LR: 5e-05
LR: 0.0005
LR: 0.00025
Itr		Time		  Data		  Loss		Acc
[0/157]	0.0239 (0.0239)	0.0091 (0.0091)	0.107 (0.107)	96.88 (96.88)
[50/157]	0.0230 (0.0216)	0.0086 (0.0086)	0.065 (0.041)	96.88 (98.90)
[100/157]	0.0201 (0.0214)	0.0086 (0.0087)	0.013 (0.039)	100.00 (98.98)
[150/157]	0.0210 (0.0212)	0.0086 (0.0087)	0.018 (0.039)	100.00 (98.92)
[156/157]	0.0157 (0.0212)	0.0029 (0.0087)	0.158 (0.039)	87.50 (98.92)
 * Train Acc 98.920
 * Val Acc 87.300, Total time 0.27
 * Val loss 0.579, Total time 0.00
Epoch:38
LR: 5e-05
LR: 0.0005
LR: 0.00025
Itr		Time		  Data		  Loss		Acc
[0/157]	0.0217 (0.0217)	0.0089 (0.0089)	0.010 (0.010)	100.00 (100.00)
[50/157]	0.0202 (0.0206)	0.0085 (0.0085)	0.048 (0.045)	96.88 (98.71)
[100/157]	0.0206 (0.0208)	0.0085 (0.0086)	0.082 (0.053)	93.75 (98.33)
[150/157]	0.0208 (0.0209)	0.0086 (0.0087)	0.005 (0.053)	100.00 (98.28)
[156/157]	0.0150 (0.0209)	0.0025 (0.0086)	0.330 (0.055)	87.50 (98.22)
 * Train Acc 98.220
 * Val Acc 86.600, Total time 0.26
 * Val loss 0.580, Total time 0.00
Epoch:39
LR: 5e-05
LR: 0.0005
LR: 0.00025
Itr		Time		  Data		  Loss		Acc
[0/157]	0.0214 (0.0214)	0.0089 (0.0089)	0.008 (0.008)	100.00 (100.00)
[50/157]	0.0220 (0.0212)	0.0100 (0.0088)	0.011 (0.073)	100.00 (97.79)
[100/157]	0.0307 (0.0213)	0.0086 (0.0088)	0.026 (0.068)	100.00 (97.80)
[150/157]	0.0318 (0.0246)	0.0091 (0.0092)	0.033 (0.071)	100.00 (97.56)
[156/157]	0.0164 (0.0248)	0.0025 (0.0092)	0.041 (0.072)	100.00 (97.54)
 * Train Acc 97.540
 * Val Acc 86.000, Total time 0.68
 * Val loss 0.572, Total time 0.00
Epoch:40
LR: 5e-05
LR: 0.0005
LR: 0.00025
Itr		Time		  Data		  Loss		Acc
[0/157]	0.0321 (0.0321)	0.0088 (0.0088)	0.146 (0.146)	96.88 (96.88)
[50/157]	0.0202 (0.0264)	0.0085 (0.0093)	0.032 (0.045)	100.00 (98.47)
[100/157]	0.0341 (0.0291)	0.0100 (0.0096)	0.043 (0.045)	96.88 (98.45)
[150/157]	0.0333 (0.0308)	0.0104 (0.0098)	0.016 (0.046)	100.00 (98.45)
[156/157]	0.0293 (0.0309)	0.0043 (0.0098)	0.002 (0.046)	100.00 (98.44)
 * Train Acc 98.440
 * Val Acc 86.200, Total time 0.62
 * Val loss 0.538, Total time 0.00
Epoch:41
LR: 5e-05
LR: 0.0005
LR: 0.00025
Itr		Time		  Data		  Loss		Acc
[0/157]	0.0344 (0.0344)	0.0095 (0.0095)	0.014 (0.014)	100.00 (100.00)
[50/157]	0.0341 (0.0347)	0.0099 (0.0103)	0.033 (0.050)	100.00 (98.28)
[100/157]	0.0340 (0.0337)	0.0101 (0.0102)	0.015 (0.046)	100.00 (98.36)
[150/157]	0.0341 (0.0339)	0.0101 (0.0102)	0.034 (0.047)	100.00 (98.41)
[156/157]	0.0283 (0.0339)	0.0041 (0.0102)	0.504 (0.049)	87.50 (98.32)
 * Train Acc 98.320
 * Val Acc 86.100, Total time 0.69
 * Val loss 0.653, Total time 0.00
Epoch:42
LR: 5e-05
LR: 0.0005
LR: 0.00025
Itr		Time		  Data		  Loss		Acc
[0/157]	0.0381 (0.0381)	0.0102 (0.0102)	0.010 (0.010)	100.00 (100.00)
[50/157]	0.0328 (0.0345)	0.0100 (0.0103)	0.013 (0.069)	100.00 (97.37)
[100/157]	0.0339 (0.0344)	0.0102 (0.0103)	0.028 (0.069)	100.00 (97.31)
[150/157]	0.0327 (0.0344)	0.0099 (0.0102)	0.063 (0.062)	96.88 (97.74)
[156/157]	0.0284 (0.0343)	0.0042 (0.0102)	0.307 (0.063)	87.50 (97.70)
 * Train Acc 97.700
 * Val Acc 86.000, Total time 0.71
 * Val loss 0.606, Total time 0.00
Epoch:43
LR: 5e-05
LR: 0.0005
LR: 0.00025
Itr		Time		  Data		  Loss		Acc
[0/157]	0.0346 (0.0346)	0.0091 (0.0091)	0.026 (0.026)	100.00 (100.00)
[50/157]	0.0342 (0.0339)	0.0102 (0.0104)	0.023 (0.065)	100.00 (97.98)
[100/157]	0.0342 (0.0342)	0.0101 (0.0104)	0.011 (0.056)	100.00 (98.24)
[150/157]	0.0342 (0.0342)	0.0101 (0.0104)	0.005 (0.055)	100.00 (98.08)
[156/157]	0.0283 (0.0342)	0.0041 (0.0103)	0.001 (0.055)	100.00 (98.08)
 * Train Acc 98.080
 * Val Acc 86.400, Total time 0.70
 * Val loss 0.613, Total time 0.00
Epoch:44
LR: 5e-05
LR: 0.0005
LR: 0.00025
Itr		Time		  Data		  Loss		Acc
[0/157]	0.0286 (0.0286)	0.0098 (0.0098)	0.022 (0.022)	100.00 (100.00)
[50/157]	0.0235 (0.0225)	0.0087 (0.0088)	0.029 (0.037)	100.00 (98.77)
[100/157]	0.0213 (0.0226)	0.0085 (0.0088)	0.011 (0.037)	100.00 (98.86)
[150/157]	0.0242 (0.0224)	0.0096 (0.0089)	0.005 (0.039)	100.00 (98.82)
[156/157]	0.0160 (0.0224)	0.0028 (0.0089)	0.533 (0.039)	87.50 (98.84)
 * Train Acc 98.840
 * Val Acc 86.700, Total time 0.32
 * Val loss 0.585, Total time 0.00
Epoch:45
LR: 5e-05
LR: 0.0005
LR: 0.00025
Itr		Time		  Data		  Loss		Acc
[0/157]	0.0213 (0.0213)	0.0089 (0.0089)	0.030 (0.030)	100.00 (100.00)
[50/157]	0.0203 (0.0211)	0.0085 (0.0087)	0.013 (0.073)	100.00 (97.67)
[100/157]	0.0210 (0.0212)	0.0085 (0.0088)	0.007 (0.063)	100.00 (97.99)
[150/157]	0.0206 (0.0217)	0.0086 (0.0089)	0.062 (0.056)	96.88 (98.14)
[156/157]	0.0170 (0.0216)	0.0029 (0.0089)	0.002 (0.057)	100.00 (98.14)
 * Train Acc 98.140
 * Val Acc 87.500, Total time 0.29
 * Val loss 0.571, Total time 0.00
Epoch:46
LR: 5e-05
LR: 0.0005
LR: 0.00025
Itr		Time		  Data		  Loss		Acc
[0/157]	0.0215 (0.0215)	0.0089 (0.0089)	0.034 (0.034)	100.00 (100.00)
[50/157]	0.0206 (0.0228)	0.0086 (0.0092)	0.101 (0.042)	93.75 (98.71)
[100/157]	0.0230 (0.0231)	0.0086 (0.0094)	0.108 (0.043)	96.88 (98.64)
[150/157]	0.0223 (0.0228)	0.0087 (0.0092)	0.011 (0.049)	100.00 (98.30)
[156/157]	0.0146 (0.0228)	0.0026 (0.0091)	0.667 (0.048)	87.50 (98.34)
 * Train Acc 98.340
 * Val Acc 85.800, Total time 0.28
 * Val loss 0.662, Total time 0.00
Epoch:47
LR: 5e-05
LR: 0.0005
LR: 0.00025
Itr		Time		  Data		  Loss		Acc
[0/157]	0.0256 (0.0256)	0.0088 (0.0088)	0.014 (0.014)	100.00 (100.00)
[50/157]	0.0226 (0.0225)	0.0101 (0.0089)	0.006 (0.070)	100.00 (97.98)
[100/157]	0.0220 (0.0229)	0.0085 (0.0092)	0.054 (0.064)	96.88 (98.08)
[150/157]	0.0236 (0.0226)	0.0100 (0.0091)	0.049 (0.059)	96.88 (98.22)
[156/157]	0.0159 (0.0225)	0.0028 (0.0090)	0.807 (0.061)	75.00 (98.18)
 * Train Acc 98.180
 * Val Acc 86.100, Total time 0.28
 * Val loss 0.641, Total time 0.00
Epoch:48
LR: 5e-05
LR: 0.0005
LR: 0.00025
Itr		Time		  Data		  Loss		Acc
[0/157]	0.0233 (0.0233)	0.0091 (0.0091)	0.016 (0.016)	100.00 (100.00)
[50/157]	0.0207 (0.0233)	0.0085 (0.0094)	0.052 (0.087)	100.00 (97.18)
[100/157]	0.0202 (0.0228)	0.0087 (0.0093)	0.056 (0.077)	96.88 (97.37)
[150/157]	0.0226 (0.0225)	0.0106 (0.0093)	0.006 (0.067)	100.00 (97.68)
[156/157]	0.0170 (0.0225)	0.0030 (0.0092)	0.026 (0.068)	100.00 (97.68)
 * Train Acc 97.680
 * Val Acc 87.500, Total time 0.28
 * Val loss 0.572, Total time 0.00
Epoch:49
LR: 5e-05
LR: 0.0005
LR: 0.00025
Itr		Time		  Data		  Loss		Acc
[0/157]	0.0213 (0.0213)	0.0088 (0.0088)	0.005 (0.005)	100.00 (100.00)
[50/157]	0.0229 (0.0223)	0.0096 (0.0092)	0.038 (0.032)	100.00 (99.08)
[100/157]	0.0238 (0.0216)	0.0100 (0.0090)	0.019 (0.035)	100.00 (98.95)
[150/157]	0.0235 (0.0217)	0.0096 (0.0090)	0.160 (0.035)	96.88 (98.94)
[156/157]	0.0146 (0.0216)	0.0026 (0.0090)	0.013 (0.035)	100.00 (98.96)
 * Train Acc 98.960
 * Val Acc 86.800, Total time 0.27
 * Val loss 0.572, Total time 0.00
Epoch:50
LR: 5e-05
LR: 0.0005
LR: 0.00025
Itr		Time		  Data		  Loss		Acc
[0/157]	0.0227 (0.0227)	0.0088 (0.0088)	0.048 (0.048)	96.88 (96.88)
[50/157]	0.0215 (0.0218)	0.0087 (0.0091)	0.005 (0.028)	100.00 (98.90)
[100/157]	0.0228 (0.0214)	0.0085 (0.0089)	0.019 (0.034)	100.00 (98.76)
[150/157]	0.0209 (0.0228)	0.0087 (0.0095)	0.025 (0.038)	100.00 (98.61)
[156/157]	0.0146 (0.0227)	0.0026 (0.0094)	0.002 (0.037)	100.00 (98.66)
 * Train Acc 98.660
 * Val Acc 87.200, Total time 0.28
 * Val loss 0.595, Total time 0.00
Epoch:51
LR: 5e-05
LR: 0.0005
LR: 0.00025
Itr		Time		  Data		  Loss		Acc
[0/157]	0.0214 (0.0214)	0.0088 (0.0088)	0.008 (0.008)	100.00 (100.00)
[50/157]	0.0257 (0.0225)	0.0086 (0.0087)	0.035 (0.037)	96.88 (98.53)
[100/157]	0.0204 (0.0232)	0.0085 (0.0089)	0.014 (0.031)	100.00 (98.86)
[150/157]	0.0209 (0.0230)	0.0087 (0.0089)	0.028 (0.032)	100.00 (98.86)
[156/157]	0.0143 (0.0230)	0.0026 (0.0089)	1.055 (0.033)	87.50 (98.84)
 * Train Acc 98.840
 * Val Acc 86.800, Total time 0.31
 * Val loss 0.600, Total time 0.00
Epoch:52
LR: 5e-05
LR: 0.0005
LR: 0.00025
Itr		Time		  Data		  Loss		Acc
[0/157]	0.0253 (0.0253)	0.0094 (0.0094)	0.109 (0.109)	96.88 (96.88)
[50/157]	0.0207 (0.0233)	0.0086 (0.0093)	0.042 (0.067)	96.88 (97.73)
[100/157]	0.0205 (0.0229)	0.0085 (0.0091)	0.001 (0.056)	100.00 (98.17)
[150/157]	0.0279 (0.0228)	0.0085 (0.0090)	0.007 (0.048)	100.00 (98.41)
[156/157]	0.0161 (0.0228)	0.0025 (0.0089)	0.029 (0.047)	100.00 (98.44)
 * Train Acc 98.440
 * Val Acc 87.200, Total time 0.31
 * Val loss 0.623, Total time 0.00
Epoch:53
LR: 5e-05
LR: 0.0005
LR: 0.00025
Itr		Time		  Data		  Loss		Acc
[0/157]	0.0239 (0.0239)	0.0089 (0.0089)	0.042 (0.042)	96.88 (96.88)
[50/157]	0.0228 (0.0234)	0.0087 (0.0088)	0.001 (0.033)	100.00 (98.77)
[100/157]	0.0212 (0.0227)	0.0085 (0.0088)	0.074 (0.042)	96.88 (98.58)
[150/157]	0.0215 (0.0226)	0.0087 (0.0089)	0.001 (0.038)	100.00 (98.80)
[156/157]	0.0164 (0.0226)	0.0027 (0.0088)	0.058 (0.039)	100.00 (98.80)
 * Train Acc 98.800
 * Val Acc 87.300, Total time 0.34
 * Val loss 0.610, Total time 0.00
Epoch:54
LR: 5e-05
LR: 0.0005
LR: 0.00025
Itr		Time		  Data		  Loss		Acc
[0/157]	0.0264 (0.0264)	0.0093 (0.0093)	0.003 (0.003)	100.00 (100.00)
[50/157]	0.0251 (0.0263)	0.0093 (0.0093)	0.004 (0.026)	100.00 (99.39)
[100/157]	0.0227 (0.0261)	0.0086 (0.0093)	0.031 (0.032)	100.00 (99.01)
[150/157]	0.0212 (0.0260)	0.0088 (0.0092)	0.004 (0.032)	100.00 (98.99)
[156/157]	0.0158 (0.0259)	0.0026 (0.0092)	0.182 (0.032)	87.50 (98.96)
 * Train Acc 98.960
 * Val Acc 86.600, Total time 0.36
 * Val loss 0.664, Total time 0.00
Epoch:55
LR: 5e-05
LR: 0.0005
LR: 0.00025
Itr		Time		  Data		  Loss		Acc
[0/157]	0.0227 (0.0227)	0.0090 (0.0090)	0.029 (0.029)	96.88 (96.88)
[50/157]	0.0227 (0.0261)	0.0092 (0.0093)	0.115 (0.035)	96.88 (98.71)
[100/157]	0.0328 (0.0265)	0.0153 (0.0094)	0.021 (0.038)	100.00 (98.67)
[150/157]	0.0220 (0.0265)	0.0097 (0.0093)	0.015 (0.039)	100.00 (98.63)
[156/157]	0.0214 (0.0265)	0.0027 (0.0093)	0.020 (0.039)	100.00 (98.64)
 * Train Acc 98.640
 * Val Acc 86.800, Total time 0.36
 * Val loss 0.665, Total time 0.00
Epoch:56
LR: 5e-05
LR: 0.0005
LR: 0.00025
Itr		Time		  Data		  Loss		Acc
[0/157]	0.0312 (0.0312)	0.0089 (0.0089)	0.073 (0.073)	96.88 (96.88)
[50/157]	0.0241 (0.0264)	0.0100 (0.0092)	0.004 (0.036)	100.00 (98.53)
[100/157]	0.0358 (0.0263)	0.0088 (0.0093)	0.045 (0.034)	96.88 (98.95)
[150/157]	0.0414 (0.0267)	0.0085 (0.0093)	0.021 (0.037)	100.00 (98.80)
[156/157]	0.0333 (0.0267)	0.0032 (0.0093)	0.099 (0.037)	100.00 (98.80)
 * Train Acc 98.800
 * Val Acc 85.700, Total time 0.38
 * Val loss 0.671, Total time 0.00
Epoch:57
LR: 5e-05
LR: 0.0005
LR: 0.00025
Itr		Time		  Data		  Loss		Acc
[0/157]	0.0231 (0.0231)	0.0092 (0.0092)	0.018 (0.018)	100.00 (100.00)
[50/157]	0.0229 (0.0274)	0.0097 (0.0100)	0.038 (0.055)	100.00 (97.98)
[100/157]	0.0279 (0.0270)	0.0099 (0.0097)	0.036 (0.053)	100.00 (98.33)
[150/157]	0.0260 (0.0268)	0.0085 (0.0096)	0.012 (0.053)	100.00 (98.37)
[156/157]	0.0290 (0.0268)	0.0026 (0.0095)	0.019 (0.052)	100.00 (98.34)
 * Train Acc 98.340
 * Val Acc 86.300, Total time 0.37
 * Val loss 0.664, Total time 0.00
Epoch:58
LR: 5e-05
LR: 0.0005
LR: 0.00025
Itr		Time		  Data		  Loss		Acc
[0/157]	0.0287 (0.0287)	0.0108 (0.0108)	0.065 (0.065)	96.88 (96.88)
[50/157]	0.0278 (0.0261)	0.0087 (0.0093)	0.031 (0.036)	96.88 (98.71)
[100/157]	0.0312 (0.0263)	0.0097 (0.0094)	0.019 (0.034)	100.00 (98.79)
[150/157]	0.0208 (0.0267)	0.0090 (0.0096)	0.005 (0.036)	100.00 (98.72)
[156/157]	0.0167 (0.0267)	0.0026 (0.0096)	0.001 (0.035)	100.00 (98.72)
 * Train Acc 98.720
 * Val Acc 86.100, Total time 0.36
 * Val loss 0.685, Total time 0.00
Epoch:59
LR: 5e-05
LR: 0.0005
LR: 0.00025
Itr		Time		  Data		  Loss		Acc
[0/157]	0.0263 (0.0263)	0.0109 (0.0109)	0.048 (0.048)	96.88 (96.88)
[50/157]	0.0228 (0.0267)	0.0088 (0.0093)	0.038 (0.027)	96.88 (98.84)
[100/157]	0.0277 (0.0264)	0.0101 (0.0094)	0.029 (0.027)	100.00 (98.98)
[150/157]	0.0270 (0.0262)	0.0110 (0.0093)	0.087 (0.032)	96.88 (98.78)
[156/157]	0.0158 (0.0262)	0.0027 (0.0093)	0.024 (0.032)	100.00 (98.78)
 * Train Acc 98.780
 * Val Acc 87.000, Total time 0.37
 * Val loss 0.651, Total time 0.00
Epoch:60
LR: 5e-05
LR: 0.0005
LR: 0.00025
Itr		Time		  Data		  Loss		Acc
[0/157]	0.0240 (0.0240)	0.0092 (0.0092)	0.090 (0.090)	96.88 (96.88)
[50/157]	0.0288 (0.0268)	0.0087 (0.0093)	0.026 (0.032)	100.00 (98.77)
[100/157]	0.0267 (0.0269)	0.0087 (0.0094)	0.205 (0.027)	96.88 (99.10)
[150/157]	0.0319 (0.0271)	0.0089 (0.0094)	0.003 (0.024)	100.00 (99.17)
[156/157]	0.0147 (0.0271)	0.0026 (0.0094)	0.002 (0.023)	100.00 (99.20)
 * Train Acc 99.200
 * Val Acc 87.300, Total time 0.36
 * Val loss 0.592, Total time 0.00
Epoch:61
LR: 2.5e-05
LR: 0.00025
LR: 0.000125
Itr		Time		  Data		  Loss		Acc
[0/157]	0.0255 (0.0255)	0.0098 (0.0098)	0.002 (0.002)	100.00 (100.00)
[50/157]	0.0249 (0.0261)	0.0084 (0.0090)	0.005 (0.020)	100.00 (99.33)
[100/157]	0.0263 (0.0276)	0.0107 (0.0095)	0.005 (0.021)	100.00 (99.38)
[150/157]	0.0262 (0.0276)	0.0112 (0.0095)	0.104 (0.020)	93.75 (99.40)
[156/157]	0.0205 (0.0274)	0.0040 (0.0095)	0.004 (0.020)	100.00 (99.42)
 * Train Acc 99.420
 * Val Acc 87.700, Total time 0.37
 * Val loss 0.542, Total time 0.00
Epoch:62
LR: 2.5e-05
LR: 0.00025
LR: 0.000125
Itr		Time		  Data		  Loss		Acc
[0/157]	0.0281 (0.0281)	0.0095 (0.0095)	0.005 (0.005)	100.00 (100.00)
[50/157]	0.0266 (0.0266)	0.0088 (0.0097)	0.010 (0.008)	100.00 (99.88)
[100/157]	0.0423 (0.0289)	0.0098 (0.0106)	0.001 (0.009)	100.00 (99.78)
[150/157]	0.0212 (0.0279)	0.0088 (0.0103)	0.003 (0.009)	100.00 (99.77)
[156/157]	0.0148 (0.0277)	0.0028 (0.0102)	0.006 (0.010)	100.00 (99.76)
 * Train Acc 99.760
 * Val Acc 87.900, Total time 0.34
 * Val loss 0.588, Total time 0.00
Epoch:63
LR: 2.5e-05
LR: 0.00025
LR: 0.000125
Itr		Time		  Data		  Loss		Acc
[0/157]	0.0306 (0.0306)	0.0108 (0.0108)	0.016 (0.016)	100.00 (100.00)
[50/157]	0.0215 (0.0260)	0.0086 (0.0091)	0.004 (0.008)	100.00 (99.75)
[100/157]	0.0222 (0.0258)	0.0085 (0.0093)	0.013 (0.008)	100.00 (99.85)
[150/157]	0.0382 (0.0259)	0.0092 (0.0092)	0.002 (0.007)	100.00 (99.83)
[156/157]	0.0159 (0.0257)	0.0040 (0.0092)	0.092 (0.008)	87.50 (99.82)
 * Train Acc 99.820
 * Val Acc 88.800, Total time 0.33
 * Val loss 0.560, Total time 0.00
Epoch:64
LR: 2.5e-05
LR: 0.00025
LR: 0.000125
Itr		Time		  Data		  Loss		Acc
[0/157]	0.0239 (0.0239)	0.0092 (0.0092)	0.000 (0.000)	100.00 (100.00)
[50/157]	0.0282 (0.0255)	0.0086 (0.0092)	0.004 (0.009)	100.00 (99.75)
[100/157]	0.0320 (0.0256)	0.0086 (0.0092)	0.001 (0.010)	100.00 (99.72)
[150/157]	0.0205 (0.0257)	0.0090 (0.0091)	0.023 (0.009)	100.00 (99.79)
[156/157]	0.0143 (0.0256)	0.0026 (0.0091)	0.360 (0.010)	75.00 (99.74)
 * Train Acc 99.740
 * Val Acc 87.900, Total time 0.35
 * Val loss 0.601, Total time 0.00
Epoch:65
LR: 2.5e-05
LR: 0.00025
LR: 0.000125
Itr		Time		  Data		  Loss		Acc
[0/157]	0.0258 (0.0258)	0.0093 (0.0093)	0.010 (0.010)	100.00 (100.00)
[50/157]	0.0431 (0.0297)	0.0102 (0.0106)	0.003 (0.016)	100.00 (99.57)
[100/157]	0.0231 (0.0297)	0.0105 (0.0110)	0.021 (0.015)	100.00 (99.60)
[150/157]	0.0228 (0.0292)	0.0103 (0.0107)	0.000 (0.015)	100.00 (99.54)
[156/157]	0.0218 (0.0292)	0.0032 (0.0107)	0.000 (0.015)	100.00 (99.56)
 * Train Acc 99.560
 * Val Acc 86.800, Total time 0.42
 * Val loss 0.637, Total time 0.00
Epoch:66
LR: 2.5e-05
LR: 0.00025
LR: 0.000125
Itr		Time		  Data		  Loss		Acc
[0/157]	0.0357 (0.0357)	0.0106 (0.0106)	0.001 (0.001)	100.00 (100.00)
[50/157]	0.0209 (0.0283)	0.0086 (0.0101)	0.001 (0.007)	100.00 (99.88)
[100/157]	0.0279 (0.0271)	0.0098 (0.0096)	0.009 (0.008)	100.00 (99.85)
[150/157]	0.0239 (0.0270)	0.0087 (0.0095)	0.164 (0.010)	90.62 (99.69)
[156/157]	0.0261 (0.0271)	0.0041 (0.0095)	0.018 (0.010)	100.00 (99.68)
 * Train Acc 99.680
 * Val Acc 87.800, Total time 0.37
 * Val loss 0.633, Total time 0.00
Epoch:67
LR: 2.5e-05
LR: 0.00025
LR: 0.000125
Itr		Time		  Data		  Loss		Acc
[0/157]	0.0459 (0.0459)	0.0090 (0.0090)	0.000 (0.000)	100.00 (100.00)
[50/157]	0.0215 (0.0261)	0.0084 (0.0092)	0.008 (0.013)	100.00 (99.57)
[100/157]	0.0217 (0.0257)	0.0090 (0.0093)	0.006 (0.012)	100.00 (99.57)
[150/157]	0.0318 (0.0254)	0.0088 (0.0092)	0.002 (0.012)	100.00 (99.57)
[156/157]	0.0230 (0.0252)	0.0030 (0.0092)	0.000 (0.012)	100.00 (99.56)
 * Train Acc 99.560
 * Val Acc 88.300, Total time 0.36
 * Val loss 0.623, Total time 0.00
Epoch:68
LR: 2.5e-05
LR: 0.00025
LR: 0.000125
Itr		Time		  Data		  Loss		Acc
[0/157]	0.0355 (0.0355)	0.0089 (0.0089)	0.003 (0.003)	100.00 (100.00)
[50/157]	0.0274 (0.0257)	0.0115 (0.0092)	0.001 (0.011)	100.00 (99.57)
[100/157]	0.0203 (0.0260)	0.0086 (0.0093)	0.001 (0.011)	100.00 (99.69)
[150/157]	0.0368 (0.0261)	0.0098 (0.0092)	0.014 (0.010)	100.00 (99.73)
[156/157]	0.0270 (0.0260)	0.0027 (0.0092)	0.351 (0.010)	87.50 (99.72)
 * Train Acc 99.720
 * Val Acc 87.800, Total time 0.35
 * Val loss 0.580, Total time 0.00
Epoch:69
LR: 2.5e-05
LR: 0.00025
LR: 0.000125
Itr		Time		  Data		  Loss		Acc
[0/157]	0.0362 (0.0362)	0.0091 (0.0091)	0.002 (0.002)	100.00 (100.00)
[50/157]	0.0289 (0.0270)	0.0096 (0.0093)	0.036 (0.017)	96.88 (99.57)
[100/157]	0.0209 (0.0267)	0.0091 (0.0096)	0.003 (0.012)	100.00 (99.72)
[150/157]	0.0241 (0.0264)	0.0086 (0.0095)	0.009 (0.011)	100.00 (99.75)
[156/157]	0.0223 (0.0265)	0.0030 (0.0094)	0.003 (0.011)	100.00 (99.76)
 * Train Acc 99.760
 * Val Acc 88.100, Total time 0.38
 * Val loss 0.607, Total time 0.00
Epoch:70
LR: 2.5e-05
LR: 0.00025
LR: 0.000125
Itr		Time		  Data		  Loss		Acc
[0/157]	0.0231 (0.0231)	0.0091 (0.0091)	0.027 (0.027)	100.00 (100.00)
[50/157]	0.0261 (0.0264)	0.0096 (0.0094)	0.002 (0.009)	100.00 (99.63)
[100/157]	0.0345 (0.0283)	0.0150 (0.0100)	0.004 (0.013)	100.00 (99.47)
[150/157]	0.0386 (0.0297)	0.0093 (0.0106)	0.005 (0.016)	100.00 (99.44)
[156/157]	0.0199 (0.0297)	0.0041 (0.0105)	0.003 (0.015)	100.00 (99.46)
 * Train Acc 99.460
 * Val Acc 87.600, Total time 0.34
 * Val loss 0.627, Total time 0.00
Epoch:71
LR: 2.5e-05
LR: 0.00025
LR: 0.000125
Itr		Time		  Data		  Loss		Acc
[0/157]	0.0250 (0.0250)	0.0088 (0.0088)	0.004 (0.004)	100.00 (100.00)
[50/157]	0.0214 (0.0264)	0.0085 (0.0089)	0.002 (0.011)	100.00 (99.57)
[100/157]	0.0224 (0.0256)	0.0096 (0.0091)	0.000 (0.010)	100.00 (99.66)
[150/157]	0.0209 (0.0251)	0.0085 (0.0091)	0.000 (0.009)	100.00 (99.73)
[156/157]	0.0196 (0.0250)	0.0028 (0.0090)	0.004 (0.009)	100.00 (99.74)
 * Train Acc 99.740
 * Val Acc 88.400, Total time 0.30
 * Val loss 0.586, Total time 0.00
Epoch:72
LR: 2.5e-05
LR: 0.00025
LR: 0.000125
Itr		Time		  Data		  Loss		Acc
[0/157]	0.0236 (0.0236)	0.0088 (0.0088)	0.005 (0.005)	100.00 (100.00)
[50/157]	0.0202 (0.0234)	0.0087 (0.0091)	0.026 (0.007)	96.88 (99.69)
[100/157]	0.0212 (0.0233)	0.0084 (0.0090)	0.005 (0.007)	100.00 (99.72)
[150/157]	0.0206 (0.0232)	0.0085 (0.0089)	0.048 (0.010)	96.88 (99.57)
[156/157]	0.0138 (0.0232)	0.0025 (0.0089)	0.004 (0.011)	100.00 (99.56)
 * Train Acc 99.560
 * Val Acc 88.100, Total time 0.30
 * Val loss 0.598, Total time 0.00
Epoch:73
LR: 2.5e-05
LR: 0.00025
LR: 0.000125
Itr		Time		  Data		  Loss		Acc
[0/157]	0.0351 (0.0351)	0.0096 (0.0096)	0.006 (0.006)	100.00 (100.00)
[50/157]	0.0328 (0.0327)	0.0115 (0.0119)	0.008 (0.021)	100.00 (99.26)
[100/157]	0.0296 (0.0332)	0.0093 (0.0119)	0.000 (0.016)	100.00 (99.54)
[150/157]	0.0395 (0.0337)	0.0138 (0.0122)	0.002 (0.016)	100.00 (99.50)
[156/157]	0.0222 (0.0335)	0.0028 (0.0121)	0.011 (0.016)	100.00 (99.52)
 * Train Acc 99.520
 * Val Acc 88.700, Total time 0.40
 * Val loss 0.594, Total time 0.00
Epoch:74
LR: 2.5e-05
LR: 0.00025
LR: 0.000125
Itr		Time		  Data		  Loss		Acc
[0/157]	0.0248 (0.0248)	0.0095 (0.0095)	0.002 (0.002)	100.00 (100.00)
[50/157]	0.0227 (0.0265)	0.0088 (0.0095)	0.003 (0.010)	100.00 (99.75)
[100/157]	0.0229 (0.0258)	0.0085 (0.0092)	0.002 (0.009)	100.00 (99.69)
[150/157]	0.0239 (0.0253)	0.0087 (0.0092)	0.003 (0.009)	100.00 (99.73)
[156/157]	0.0224 (0.0254)	0.0029 (0.0092)	0.005 (0.009)	100.00 (99.74)
 * Train Acc 99.740
 * Val Acc 88.700, Total time 0.37
 * Val loss 0.571, Total time 0.00
Epoch:75
LR: 2.5e-05
LR: 0.00025
LR: 0.000125
Itr		Time		  Data		  Loss		Acc
[0/157]	0.0312 (0.0312)	0.0099 (0.0099)	0.053 (0.053)	96.88 (96.88)
[50/157]	0.0224 (0.0269)	0.0093 (0.0093)	0.004 (0.010)	100.00 (99.69)
[100/157]	0.0226 (0.0262)	0.0088 (0.0092)	0.003 (0.010)	100.00 (99.66)
[150/157]	0.0233 (0.0266)	0.0093 (0.0093)	0.001 (0.009)	100.00 (99.69)
[156/157]	0.0264 (0.0266)	0.0029 (0.0092)	0.002 (0.009)	100.00 (99.70)
 * Train Acc 99.700
 * Val Acc 89.000, Total time 0.39
 * Val loss 0.577, Total time 0.00
Epoch:76
LR: 2.5e-05
LR: 0.00025
LR: 0.000125
Itr		Time		  Data		  Loss		Acc
[0/157]	0.0349 (0.0349)	0.0090 (0.0090)	0.001 (0.001)	100.00 (100.00)
[50/157]	0.0223 (0.0260)	0.0087 (0.0088)	0.007 (0.005)	100.00 (99.94)
[100/157]	0.0263 (0.0255)	0.0086 (0.0090)	0.001 (0.006)	100.00 (99.91)
[150/157]	0.0263 (0.0254)	0.0093 (0.0091)	0.004 (0.010)	100.00 (99.73)
[156/157]	0.0152 (0.0253)	0.0028 (0.0090)	0.004 (0.010)	100.00 (99.74)
 * Train Acc 99.740
 * Val Acc 87.900, Total time 0.39
 * Val loss 0.655, Total time 0.00
Epoch:77
LR: 2.5e-05
LR: 0.00025
LR: 0.000125
Itr		Time		  Data		  Loss		Acc
[0/157]	0.0279 (0.0279)	0.0098 (0.0098)	0.056 (0.056)	96.88 (96.88)
[50/157]	0.0269 (0.0273)	0.0092 (0.0095)	0.001 (0.022)	100.00 (99.14)
[100/157]	0.0229 (0.0273)	0.0090 (0.0098)	0.016 (0.020)	100.00 (99.23)
[150/157]	0.0267 (0.0274)	0.0101 (0.0098)	0.001 (0.016)	100.00 (99.42)
[156/157]	0.0211 (0.0274)	0.0032 (0.0098)	0.001 (0.016)	100.00 (99.44)
 * Train Acc 99.440
 * Val Acc 86.900, Total time 0.36
 * Val loss 0.658, Total time 0.00
Epoch:78
LR: 2.5e-05
LR: 0.00025
LR: 0.000125
Itr		Time		  Data		  Loss		Acc
[0/157]	0.0288 (0.0288)	0.0092 (0.0092)	0.006 (0.006)	100.00 (100.00)
[50/157]	0.0319 (0.0260)	0.0140 (0.0096)	0.005 (0.009)	100.00 (99.75)
[100/157]	0.0239 (0.0250)	0.0098 (0.0095)	0.000 (0.011)	100.00 (99.72)
[150/157]	0.0307 (0.0252)	0.0090 (0.0096)	0.003 (0.009)	100.00 (99.79)
[156/157]	0.0194 (0.0252)	0.0036 (0.0095)	0.004 (0.009)	100.00 (99.78)
 * Train Acc 99.780
 * Val Acc 88.600, Total time 0.33
 * Val loss 0.617, Total time 0.00
Epoch:79
LR: 2.5e-05
LR: 0.00025
LR: 0.000125
Itr		Time		  Data		  Loss		Acc
[0/157]	0.0228 (0.0228)	0.0090 (0.0090)	0.002 (0.002)	100.00 (100.00)
[50/157]	0.0215 (0.0245)	0.0088 (0.0093)	0.002 (0.012)	100.00 (99.51)
[100/157]	0.0248 (0.0240)	0.0089 (0.0091)	0.001 (0.010)	100.00 (99.69)
[150/157]	0.0214 (0.0241)	0.0089 (0.0091)	0.002 (0.009)	100.00 (99.69)
[156/157]	0.0157 (0.0240)	0.0027 (0.0091)	0.048 (0.009)	100.00 (99.68)
 * Train Acc 99.680
 * Val Acc 88.600, Total time 0.31
 * Val loss 0.666, Total time 0.00
Classifier Optimizer is reset!
reserving basis 5/27; cond: 337918.21875, radio:4.225933662382886e-05
reserving basis 76/576; cond: 10640502.0, radio:3.419735003262758e-05
reserving basis 252/576; cond: 669438.0625, radio:0.0014579257695004344
reserving basis 246/576; cond: 1004906.5, radio:0.0009533576085232198
reserving basis 326/576; cond: 251726.15625, radio:0.004647552035748959
reserving basis 316/576; cond: 433929.0, radio:0.0026186571922153234
reserving basis 839/1152; cond: 256986.796875, radio:0.010131395421922207
reserving basis 43/64; cond: 8107.279296875, radio:0.014811670407652855
reserving basis 869/1152; cond: 231107.09375, radio:0.011241047643125057
reserving basis 781/1152; cond: 291059.125, radio:0.009899812750518322
reserving basis 802/1152; cond: 313546.15625, radio:0.008400585502386093
reserving basis 1618/2304; cond: 554857.4375, radio:0.008995028212666512
reserving basis 102/128; cond: 11784.638671875, radio:0.022713279351592064
reserving basis 1539/2304; cond: 586737.75, radio:0.007931826636195183
reserving basis 1432/2304; cond: 687883.0625, radio:0.006514430046081543
reserving basis 124/2304; cond: 89182960.0, radio:4.840774636249989e-06
reserving basis 1/4608; cond: 28624233168896.0, radio:2.1051304755913443e-14
reserving basis 198/256; cond: 43487.29296875, radio:0.01323754247277975
reserving basis 6/4608; cond: 1169888772096.0, radio:1.0584846367456269e-11
reserving basis 7/4608; cond: 2635843502080.0, radio:7.533708032414488e-12
computing EWC
validation split name: 1
 * Val Acc 88.600, Total time 0.33
 * Val loss 0.666, Total time 0.00
**************************************************
training split name: 1
 * Val Acc 99.940, Total time 1.96
 * Val loss 0.003, Total time 0.00
**************************************************
====================== 2 =======================
Epoch:0
LR: 5e-05
LR: 0.001
LR: 0.0005
Itr		Time		  Data		  Loss		Acc
[0/157]	0.0747 (0.0747)	0.0086 (0.0086)	2.425 (2.425)	12.50 (12.50)
[50/157]	0.0274 (0.0315)	0.0083 (0.0086)	1.474 (1.882)	50.00 (34.74)
[100/157]	0.0310 (0.0306)	0.0084 (0.0086)	1.480 (1.710)	40.62 (40.01)
[150/157]	0.0274 (0.0302)	0.0084 (0.0086)	1.723 (1.637)	37.50 (42.74)
[156/157]	0.1663 (0.0310)	0.0030 (0.0086)	1.817 (1.630)	50.00 (43.12)
 * Train Acc 43.120
 * Val Acc 49.000, Total time 0.28
 * Val loss 1.353, Total time 0.00
Epoch:1
LR: 5e-05
LR: 0.001
LR: 0.0005
Itr		Time		  Data		  Loss		Acc
[0/157]	0.0355 (0.0355)	0.0092 (0.0092)	1.536 (1.536)	43.75 (43.75)
[50/157]	0.0368 (0.0319)	0.0086 (0.0090)	1.240 (1.450)	56.25 (49.02)
[100/157]	0.0296 (0.0317)	0.0083 (0.0089)	1.435 (1.442)	50.00 (49.66)
[150/157]	0.0297 (0.0321)	0.0086 (0.0090)	1.323 (1.417)	56.25 (50.37)
[156/157]	0.0292 (0.0322)	0.0030 (0.0090)	1.364 (1.413)	62.50 (50.46)
 * Train Acc 50.460
 * Val Acc 53.500, Total time 0.37
 * Val loss 1.277, Total time 0.00
Epoch:2
LR: 5e-05
LR: 0.001
LR: 0.0005
Itr		Time		  Data		  Loss		Acc
[0/157]	0.0405 (0.0405)	0.0091 (0.0091)	1.402 (1.402)	53.12 (53.12)
[50/157]	0.0388 (0.0376)	0.0105 (0.0103)	1.558 (1.408)	37.50 (49.94)
[100/157]	0.0327 (0.0368)	0.0097 (0.0102)	1.405 (1.370)	50.00 (52.69)
[150/157]	0.0376 (0.0367)	0.0095 (0.0102)	1.284 (1.366)	53.12 (52.52)
[156/157]	0.0359 (0.0368)	0.0042 (0.0102)	1.252 (1.359)	75.00 (53.00)
 * Train Acc 53.000
 * Val Acc 57.000, Total time 0.37
 * Val loss 1.208, Total time 0.00
Epoch:3
LR: 5e-05
LR: 0.001
LR: 0.0005
Itr		Time		  Data		  Loss		Acc
[0/157]	0.0374 (0.0374)	0.0085 (0.0085)	0.942 (0.942)	59.38 (59.38)
[50/157]	0.0459 (0.0372)	0.0088 (0.0107)	1.571 (1.302)	43.75 (54.72)
[100/157]	0.0346 (0.0364)	0.0090 (0.0104)	1.198 (1.306)	56.25 (54.86)
[150/157]	0.0471 (0.0364)	0.0136 (0.0104)	1.267 (1.305)	65.62 (55.17)
[156/157]	0.0264 (0.0362)	0.0032 (0.0103)	1.229 (1.303)	62.50 (55.40)
 * Train Acc 55.400
 * Val Acc 57.400, Total time 0.39
 * Val loss 1.171, Total time 0.00
Epoch:4
LR: 5e-05
LR: 0.001
LR: 0.0005
Itr		Time		  Data		  Loss		Acc
[0/157]	0.0322 (0.0322)	0.0088 (0.0088)	0.990 (0.990)	71.88 (71.88)
[50/157]	0.0428 (0.0391)	0.0149 (0.0112)	0.908 (1.278)	71.88 (55.33)
[100/157]	0.0411 (0.0385)	0.0088 (0.0110)	1.058 (1.281)	56.25 (56.22)
[150/157]	0.0304 (0.0378)	0.0085 (0.0107)	1.168 (1.282)	68.75 (56.23)
[156/157]	0.0272 (0.0375)	0.0051 (0.0107)	1.245 (1.279)	50.00 (56.20)
 * Train Acc 56.200
 * Val Acc 56.000, Total time 0.35
 * Val loss 1.158, Total time 0.00
Epoch:5
LR: 5e-05
LR: 0.001
LR: 0.0005
Itr		Time		  Data		  Loss		Acc
[0/157]	0.0289 (0.0289)	0.0085 (0.0085)	0.935 (0.935)	71.88 (71.88)
[50/157]	0.0507 (0.0384)	0.0095 (0.0107)	1.465 (1.273)	56.25 (55.21)
[100/157]	0.0459 (0.0380)	0.0165 (0.0106)	1.123 (1.279)	53.12 (55.79)
[150/157]	0.0421 (0.0387)	0.0096 (0.0108)	1.339 (1.257)	59.38 (56.58)
[156/157]	0.0318 (0.0386)	0.0045 (0.0108)	1.002 (1.260)	62.50 (56.50)
 * Train Acc 56.500
 * Val Acc 58.300, Total time 0.43
 * Val loss 1.115, Total time 0.00
Epoch:6
LR: 5e-05
LR: 0.001
LR: 0.0005
Itr		Time		  Data		  Loss		Acc
[0/157]	0.0338 (0.0338)	0.0089 (0.0089)	1.173 (1.173)	65.62 (65.62)
[50/157]	0.0343 (0.0383)	0.0112 (0.0101)	1.144 (1.238)	62.50 (57.84)
[100/157]	0.0385 (0.0378)	0.0123 (0.0103)	1.323 (1.228)	65.62 (58.42)
[150/157]	0.0322 (0.0377)	0.0111 (0.0103)	1.183 (1.240)	59.38 (58.13)
[156/157]	0.0264 (0.0375)	0.0054 (0.0102)	2.203 (1.243)	50.00 (57.92)
 * Train Acc 57.920
 * Val Acc 59.800, Total time 0.36
 * Val loss 1.122, Total time 0.00
Epoch:7
LR: 5e-05
LR: 0.001
LR: 0.0005
Itr		Time		  Data		  Loss		Acc
[0/157]	0.0362 (0.0362)	0.0086 (0.0086)	0.952 (0.952)	78.12 (78.12)
[50/157]	0.0494 (0.0379)	0.0088 (0.0105)	1.086 (1.202)	62.50 (58.21)
[100/157]	0.0311 (0.0376)	0.0086 (0.0106)	1.252 (1.226)	53.12 (58.23)
[150/157]	0.0370 (0.0385)	0.0121 (0.0108)	1.458 (1.229)	40.62 (58.09)
[156/157]	0.0308 (0.0383)	0.0034 (0.0107)	2.383 (1.235)	50.00 (58.02)
 * Train Acc 58.020
 * Val Acc 59.600, Total time 0.37
 * Val loss 1.089, Total time 0.00
Epoch:8
LR: 5e-05
LR: 0.001
LR: 0.0005
Itr		Time		  Data		  Loss		Acc
[0/157]	0.0331 (0.0331)	0.0087 (0.0087)	1.066 (1.066)	65.62 (65.62)
[50/157]	0.0452 (0.0454)	0.0090 (0.0121)	1.056 (1.207)	68.75 (58.70)
[100/157]	0.0369 (0.0444)	0.0100 (0.0118)	1.129 (1.201)	59.38 (58.85)
[150/157]	0.0542 (0.0431)	0.0142 (0.0115)	1.184 (1.222)	53.12 (58.90)
[156/157]	0.0269 (0.0428)	0.0030 (0.0114)	2.140 (1.220)	37.50 (58.98)
 * Train Acc 58.980
 * Val Acc 60.400, Total time 0.38
 * Val loss 1.086, Total time 0.00
Epoch:9
LR: 5e-05
LR: 0.001
LR: 0.0005
Itr		Time		  Data		  Loss		Acc
[0/157]	0.0337 (0.0337)	0.0090 (0.0090)	0.905 (0.905)	71.88 (71.88)
[50/157]	0.0463 (0.0400)	0.0135 (0.0107)	1.303 (1.255)	50.00 (56.37)
[100/157]	0.0503 (0.0404)	0.0103 (0.0108)	0.910 (1.209)	65.62 (59.10)
[150/157]	0.0417 (0.0405)	0.0115 (0.0107)	1.306 (1.194)	53.12 (59.52)
[156/157]	0.0446 (0.0407)	0.0057 (0.0107)	0.775 (1.193)	87.50 (59.60)
 * Train Acc 59.600
 * Val Acc 61.800, Total time 0.37
 * Val loss 1.061, Total time 0.00
Epoch:10
LR: 5e-05
LR: 0.001
LR: 0.0005
Itr		Time		  Data		  Loss		Acc
[0/157]	0.0421 (0.0421)	0.0095 (0.0095)	1.479 (1.479)	56.25 (56.25)
[50/157]	0.0407 (0.0410)	0.0102 (0.0110)	1.085 (1.224)	71.88 (58.95)
[100/157]	0.0356 (0.0409)	0.0150 (0.0111)	1.384 (1.198)	50.00 (59.68)
[150/157]	0.0346 (0.0399)	0.0086 (0.0108)	1.483 (1.189)	46.88 (60.22)
[156/157]	0.0328 (0.0397)	0.0028 (0.0107)	1.532 (1.185)	62.50 (60.38)
 * Train Acc 60.380
 * Val Acc 62.800, Total time 0.35
 * Val loss 1.036, Total time 0.00
Epoch:11
LR: 5e-05
LR: 0.001
LR: 0.0005
Itr		Time		  Data		  Loss		Acc
[0/157]	0.0299 (0.0299)	0.0088 (0.0088)	1.214 (1.214)	62.50 (62.50)
[50/157]	0.0351 (0.0350)	0.0087 (0.0098)	1.276 (1.162)	56.25 (61.52)
[100/157]	0.0374 (0.0367)	0.0094 (0.0101)	1.090 (1.167)	53.12 (60.77)
[150/157]	0.0432 (0.0382)	0.0149 (0.0104)	1.251 (1.187)	62.50 (60.10)
[156/157]	0.0302 (0.0384)	0.0032 (0.0104)	0.969 (1.191)	62.50 (59.88)
 * Train Acc 59.880
 * Val Acc 62.700, Total time 0.42
 * Val loss 1.029, Total time 0.00
Epoch:12
LR: 5e-05
LR: 0.001
LR: 0.0005
Itr		Time		  Data		  Loss		Acc
[0/157]	0.0494 (0.0494)	0.0097 (0.0097)	1.081 (1.081)	62.50 (62.50)
[50/157]	0.0348 (0.0429)	0.0104 (0.0113)	1.234 (1.163)	56.25 (60.54)
[100/157]	0.0434 (0.0425)	0.0105 (0.0114)	1.244 (1.168)	59.38 (60.71)
[150/157]	0.0497 (0.0429)	0.0152 (0.0113)	1.375 (1.156)	46.88 (61.49)
[156/157]	0.0330 (0.0429)	0.0045 (0.0112)	0.818 (1.157)	87.50 (61.42)
 * Train Acc 61.420
 * Val Acc 63.400, Total time 0.40
 * Val loss 1.012, Total time 0.00
Epoch:13
LR: 5e-05
LR: 0.001
LR: 0.0005
Itr		Time		  Data		  Loss		Acc
[0/157]	0.0471 (0.0471)	0.0101 (0.0101)	1.263 (1.263)	59.38 (59.38)
[50/157]	0.0469 (0.0400)	0.0110 (0.0110)	1.122 (1.180)	62.50 (59.74)
[100/157]	0.0525 (0.0422)	0.0118 (0.0117)	1.016 (1.161)	65.62 (61.23)
[150/157]	0.0341 (0.0428)	0.0095 (0.0117)	1.188 (1.156)	62.50 (61.28)
[156/157]	0.0284 (0.0427)	0.0053 (0.0116)	0.999 (1.157)	62.50 (61.18)
 * Train Acc 61.180
 * Val Acc 61.700, Total time 0.39
 * Val loss 1.032, Total time 0.00
Epoch:14
LR: 5e-05
LR: 0.001
LR: 0.0005
Itr		Time		  Data		  Loss		Acc
[0/157]	0.0514 (0.0514)	0.0173 (0.0173)	1.203 (1.203)	65.62 (65.62)
[50/157]	0.0360 (0.0389)	0.0091 (0.0105)	1.286 (1.117)	53.12 (63.60)
[100/157]	0.0429 (0.0378)	0.0106 (0.0104)	1.206 (1.130)	56.25 (62.38)
[150/157]	0.0309 (0.0385)	0.0093 (0.0105)	1.323 (1.140)	50.00 (62.11)
[156/157]	0.0310 (0.0385)	0.0032 (0.0104)	0.678 (1.142)	87.50 (62.06)
 * Train Acc 62.060
 * Val Acc 62.700, Total time 0.36
 * Val loss 1.004, Total time 0.00
Epoch:15
LR: 5e-05
LR: 0.001
LR: 0.0005
Itr		Time		  Data		  Loss		Acc
[0/157]	0.0413 (0.0413)	0.0090 (0.0090)	1.450 (1.450)	53.12 (53.12)
[50/157]	0.0408 (0.0391)	0.0112 (0.0109)	1.043 (1.111)	68.75 (62.56)
[100/157]	0.0323 (0.0376)	0.0098 (0.0107)	1.267 (1.129)	71.88 (62.41)
[150/157]	0.0386 (0.0386)	0.0133 (0.0108)	1.105 (1.131)	59.38 (62.31)
[156/157]	0.0343 (0.0388)	0.0036 (0.0107)	0.874 (1.135)	62.50 (62.10)
 * Train Acc 62.100
 * Val Acc 64.500, Total time 0.34
 * Val loss 0.997, Total time 0.00
Epoch:16
LR: 5e-05
LR: 0.001
LR: 0.0005
Itr		Time		  Data		  Loss		Acc
[0/157]	0.0382 (0.0382)	0.0094 (0.0094)	1.023 (1.023)	53.12 (53.12)
[50/157]	0.0411 (0.0365)	0.0123 (0.0104)	1.156 (1.125)	56.25 (63.11)
[100/157]	0.0360 (0.0356)	0.0089 (0.0100)	1.387 (1.132)	65.62 (62.10)
[150/157]	0.0307 (0.0349)	0.0088 (0.0099)	0.946 (1.135)	65.62 (62.19)
[156/157]	0.0306 (0.0349)	0.0040 (0.0099)	1.142 (1.130)	62.50 (62.24)
 * Train Acc 62.240
 * Val Acc 65.000, Total time 0.34
 * Val loss 1.019, Total time 0.00
Epoch:17
LR: 5e-05
LR: 0.001
LR: 0.0005
Itr		Time		  Data		  Loss		Acc
[0/157]	0.0344 (0.0344)	0.0088 (0.0088)	1.193 (1.193)	53.12 (53.12)
[50/157]	0.0358 (0.0345)	0.0098 (0.0093)	0.928 (1.126)	68.75 (61.46)
[100/157]	0.0431 (0.0368)	0.0145 (0.0099)	0.722 (1.117)	75.00 (62.35)
[150/157]	0.0337 (0.0374)	0.0114 (0.0103)	1.361 (1.117)	46.88 (62.73)
[156/157]	0.0381 (0.0376)	0.0036 (0.0103)	1.708 (1.119)	37.50 (62.56)
 * Train Acc 62.560
 * Val Acc 64.600, Total time 0.35
 * Val loss 0.978, Total time 0.00
Epoch:18
LR: 5e-05
LR: 0.001
LR: 0.0005
Itr		Time		  Data		  Loss		Acc
[0/157]	0.0414 (0.0414)	0.0104 (0.0104)	1.091 (1.091)	62.50 (62.50)
[50/157]	0.0330 (0.0388)	0.0108 (0.0112)	0.958 (1.107)	65.62 (62.44)
[100/157]	0.0363 (0.0371)	0.0100 (0.0105)	0.946 (1.115)	65.62 (62.75)
[150/157]	0.0456 (0.0368)	0.0179 (0.0106)	0.961 (1.106)	59.38 (63.29)
[156/157]	0.0297 (0.0367)	0.0040 (0.0105)	0.835 (1.105)	87.50 (63.26)
 * Train Acc 63.260
 * Val Acc 65.700, Total time 0.34
 * Val loss 0.989, Total time 0.00
Epoch:19
LR: 5e-05
LR: 0.001
LR: 0.0005
Itr		Time		  Data		  Loss		Acc
[0/157]	0.0374 (0.0374)	0.0094 (0.0094)	1.096 (1.096)	53.12 (53.12)
[50/157]	0.0383 (0.0369)	0.0133 (0.0103)	0.994 (1.097)	68.75 (62.38)
[100/157]	0.0324 (0.0376)	0.0093 (0.0106)	1.078 (1.101)	59.38 (62.84)
[150/157]	0.0311 (0.0379)	0.0090 (0.0105)	0.762 (1.096)	78.12 (63.35)
[156/157]	0.0246 (0.0377)	0.0028 (0.0105)	1.555 (1.100)	62.50 (63.30)
 * Train Acc 63.300
 * Val Acc 64.800, Total time 0.31
 * Val loss 0.978, Total time 0.00
Epoch:20
LR: 5e-05
LR: 0.001
LR: 0.0005
Itr		Time		  Data		  Loss		Acc
[0/157]	0.0325 (0.0325)	0.0088 (0.0088)	1.109 (1.109)	59.38 (59.38)
[50/157]	0.0321 (0.0369)	0.0100 (0.0106)	0.804 (1.121)	78.12 (62.13)
[100/157]	0.0339 (0.0358)	0.0102 (0.0103)	1.078 (1.097)	59.38 (63.24)
[150/157]	0.0362 (0.0362)	0.0113 (0.0103)	1.087 (1.095)	71.88 (63.47)
[156/157]	0.0313 (0.0362)	0.0055 (0.0103)	1.297 (1.094)	75.00 (63.50)
 * Train Acc 63.500
 * Val Acc 64.500, Total time 0.35
 * Val loss 0.972, Total time 0.00
Epoch:21
LR: 5e-05
LR: 0.001
LR: 0.0005
Itr		Time		  Data		  Loss		Acc
[0/157]	0.0431 (0.0431)	0.0096 (0.0096)	1.259 (1.259)	53.12 (53.12)
[50/157]	0.0563 (0.0378)	0.0191 (0.0103)	1.047 (1.076)	59.38 (64.28)
[100/157]	0.0394 (0.0377)	0.0097 (0.0104)	1.131 (1.084)	56.25 (64.08)
