Files already downloaded and verified
Files already downloaded and verified
split_boundaries: [0, 10, 20, 30, 40, 50, 60, 70, 80, 90, 100]
{'1': [0, 1, 2, 3, 4, 5, 6, 7, 8, 9], '2': [10, 11, 12, 13, 14, 15, 16, 17, 18, 19], '3': [20, 21, 22, 23, 24, 25, 26, 27, 28, 29], '4': [30, 31, 32, 33, 34, 35, 36, 37, 38, 39], '5': [40, 41, 42, 43, 44, 45, 46, 47, 48, 49], '6': [50, 51, 52, 53, 54, 55, 56, 57, 58, 59], '7': [60, 61, 62, 63, 64, 65, 66, 67, 68, 69], '8': [70, 71, 72, 73, 74, 75, 76, 77, 78, 79], '9': [80, 81, 82, 83, 84, 85, 86, 87, 88, 89], '10': [90, 91, 92, 93, 94, 95, 96, 97, 98, 99]}
{'model_lr': 0.0001, 'momentum': 0, 'model_weight_decay': 5e-05, 'schedule': [1], 'model_type': 'resnet', 'model_name': 'resnet18', 'model_weights': None, 'out_dim': {'1': 10, '2': 10, '3': 10, '4': 10, '5': 10, '6': 10, '7': 10, '8': 10, '9': 10, '10': 10}, 'model_optimizer': 'Adam', 'print_freq': 1.0, 'gpu': True, 'with_head': False, 'reset_model_opt': True, 'reg_coef': 100.0, 'head_lr': 0.001, 'svd_lr': 5e-05, 'bn_lr': 0.0005, 'svd_thres': 10.0, 'gamma': 0.5, 'dataset_name': 'CIFAR100_10_10', 'use_cflat': True, 'cflat_rho': 0.0, 'cflat_lambda': 0.0, 'cflat_eps': 1e-12, 'cflat_adaptive': False, 'cflat_bn_mode': 'disable_running_stats', 'cflat_debug': True, 'max_train_batches': 2, 'max_eval_batches': 1}
#param of model:11218340
Task order: ['1']
====================== 1 =======================
Epoch:0
LR: 0.0001
LR: 0.001
LR: 0.0005
Itr		Time		  Data		  Loss		Acc
[0/40]	1.7306 (1.7306)	0.0964 (0.0964)	2.342 (2.342)	12.50 (12.50)
C-Flat stats | raw_grad: 2.806322 | g0: 2.806322 | g1: 0.000000 | final: 2.806322 | perturb0: 0.000000 | perturb1: 0.000000
[1/40]	0.1701 (0.9503)	0.0356 (0.0660)	2.272 (2.307)	17.19 (14.84)
C-Flat stats | raw_grad: 2.466141 | g0: 2.466141 | g1: 0.000000 | final: 2.466141 | perturb0: 0.000000 | perturb1: 0.000000
 * Train Acc 14.844
 * Val Acc 3.906, Total time 0.03
 * Val loss 2.294, Total time 0.00
Classifier Optimizer is reset!
reserving basis 6/27; cond: 534415.5625, radio:3.947064760723151e-05
reserving basis 265/576; cond: 18629154.0, radio:5.617199349217117e-05
reserving basis 305/576; cond: 4300578.0, radio:0.0002745748497545719
reserving basis 275/576; cond: 12698776.0, radio:8.404301479458809e-05
reserving basis 268/576; cond: 5894229.5, radio:0.00019698860705830157
reserving basis 265/576; cond: 14819250.0, radio:6.946313806110993e-05
reserving basis 647/1152; cond: 10070516.0, radio:0.00023724994389340281
reserving basis 40/64; cond: 173003.9375, radio:0.0007410630350932479
reserving basis 460/1152; cond: 16512241.0, radio:0.00012989614333491772
reserving basis 742/1152; cond: 3105486.5, radio:0.0007788233342580497
reserving basis 307/1152; cond: 40995920.0, radio:3.443081732257269e-05
reserving basis 17/2304; cond: 2758729984.0, radio:3.0280439489160926e-08
reserving basis 52/128; cond: 891466.5625, radio:0.00027987975045107305
reserving basis 15/2304; cond: 5248819200.0, radio:1.295984830562702e-08
reserving basis 2/2304; cond: 93998858240.0, radio:5.30360998174384e-11
reserving basis 12/2304; cond: 4356001759232.0, radio:9.515162095741214e-12
reserving basis 3/4608; cond: 150312060977152.0, radio:3.6243594524242376e-14
reserving basis 46/256; cond: 8717585.0, radio:2.6873965907725506e-05
reserving basis 13/4608; cond: 677610883383296.0, radio:9.308839235468852e-14
reserving basis 37/4608; cond: inf, radio:0.0
computing EWC
validation split name: 1
 * Val Acc 3.906, Total time 0.03
 * Val loss 2.294, Total time 0.00
**************************************************
training split name: 1
 * Val Acc 3.906, Total time 0.04
 * Val loss 2.287, Total time 0.00
**************************************************
OrderedDict([('1', OrderedDict([('1', 3.90625)]))])
Task 1 average acc: 3.90625
Task 1 backward transfer: 0
===Summary of experiment repeats: 1 / 1 ===
The last avg acc of all repeats: [3.90625]
The last bwt of all repeats: [0.]
acc mean: 3.90625 acc std: 0.0
bwt mean: 0.0 bwt std: 0.0
